[2025-05-09T10:00:57.041+0000] {processor.py:161} INFO - Started process (PID=70) to work on /opt/airflow/dags/from airflow import DAG.py
[2025-05-09T10:00:57.051+0000] {processor.py:830} INFO - Processing file /opt/airflow/dags/from airflow import DAG.py for tasks to queue
[2025-05-09T10:00:57.067+0000] {logging_mixin.py:188} INFO - [2025-05-09T10:00:57.065+0000] {dagbag.py:538} INFO - Filling up the DagBag from /opt/airflow/dags/from airflow import DAG.py
[2025-05-09T10:00:57.154+0000] {processor.py:840} INFO - DAG(s) 'provision_infra' retrieved from /opt/airflow/dags/from airflow import DAG.py
[2025-05-09T10:00:58.253+0000] {logging_mixin.py:188} INFO - [2025-05-09T10:00:58.251+0000] {override.py:1769} INFO - Created Permission View: can delete on DAG:provision_infra
[2025-05-09T10:00:58.300+0000] {logging_mixin.py:188} INFO - [2025-05-09T10:00:58.300+0000] {override.py:1769} INFO - Created Permission View: can read on DAG:provision_infra
[2025-05-09T10:00:58.325+0000] {logging_mixin.py:188} INFO - [2025-05-09T10:00:58.324+0000] {override.py:1769} INFO - Created Permission View: can edit on DAG:provision_infra
[2025-05-09T10:00:58.327+0000] {logging_mixin.py:188} INFO - [2025-05-09T10:00:58.326+0000] {dag.py:3036} INFO - Sync 1 DAGs
[2025-05-09T10:00:58.441+0000] {logging_mixin.py:188} INFO - [2025-05-09T10:00:58.440+0000] {dag.py:3058} INFO - Creating ORM DAG for provision_infra
[2025-05-09T10:00:58.446+0000] {logging_mixin.py:188} INFO - [2025-05-09T10:00:58.444+0000] {dag.py:3823} INFO - Setting next_dagrun for provision_infra to None, run_after=None
[2025-05-09T10:00:58.652+0000] {processor.py:183} INFO - Processing /opt/airflow/dags/from airflow import DAG.py took 1.692 seconds
[2025-05-09T10:01:29.258+0000] {processor.py:161} INFO - Started process (PID=126) to work on /opt/airflow/dags/from airflow import DAG.py
[2025-05-09T10:01:29.262+0000] {processor.py:830} INFO - Processing file /opt/airflow/dags/from airflow import DAG.py for tasks to queue
[2025-05-09T10:01:29.265+0000] {logging_mixin.py:188} INFO - [2025-05-09T10:01:29.265+0000] {dagbag.py:538} INFO - Filling up the DagBag from /opt/airflow/dags/from airflow import DAG.py
[2025-05-09T10:01:29.292+0000] {processor.py:840} INFO - DAG(s) 'provision_infra' retrieved from /opt/airflow/dags/from airflow import DAG.py
[2025-05-09T10:01:29.338+0000] {logging_mixin.py:188} INFO - [2025-05-09T10:01:29.338+0000] {dag.py:3036} INFO - Sync 1 DAGs
[2025-05-09T10:01:29.371+0000] {logging_mixin.py:188} INFO - [2025-05-09T10:01:29.370+0000] {dag.py:3823} INFO - Setting next_dagrun for provision_infra to None, run_after=None
[2025-05-09T10:01:29.410+0000] {processor.py:183} INFO - Processing /opt/airflow/dags/from airflow import DAG.py took 0.164 seconds
[2025-05-09T10:01:59.922+0000] {processor.py:161} INFO - Started process (PID=180) to work on /opt/airflow/dags/from airflow import DAG.py
[2025-05-09T10:01:59.925+0000] {processor.py:830} INFO - Processing file /opt/airflow/dags/from airflow import DAG.py for tasks to queue
[2025-05-09T10:01:59.931+0000] {logging_mixin.py:188} INFO - [2025-05-09T10:01:59.930+0000] {dagbag.py:538} INFO - Filling up the DagBag from /opt/airflow/dags/from airflow import DAG.py
[2025-05-09T10:01:59.968+0000] {processor.py:840} INFO - DAG(s) 'provision_infra' retrieved from /opt/airflow/dags/from airflow import DAG.py
[2025-05-09T10:02:00.006+0000] {logging_mixin.py:188} INFO - [2025-05-09T10:02:00.006+0000] {dag.py:3036} INFO - Sync 1 DAGs
[2025-05-09T10:02:00.045+0000] {logging_mixin.py:188} INFO - [2025-05-09T10:02:00.044+0000] {dag.py:3823} INFO - Setting next_dagrun for provision_infra to None, run_after=None
[2025-05-09T10:02:00.091+0000] {processor.py:183} INFO - Processing /opt/airflow/dags/from airflow import DAG.py took 0.179 seconds
[2025-05-09T10:02:30.287+0000] {processor.py:161} INFO - Started process (PID=236) to work on /opt/airflow/dags/from airflow import DAG.py
[2025-05-09T10:02:30.293+0000] {processor.py:830} INFO - Processing file /opt/airflow/dags/from airflow import DAG.py for tasks to queue
[2025-05-09T10:02:30.304+0000] {logging_mixin.py:188} INFO - [2025-05-09T10:02:30.302+0000] {dagbag.py:538} INFO - Filling up the DagBag from /opt/airflow/dags/from airflow import DAG.py
[2025-05-09T10:02:30.402+0000] {processor.py:840} INFO - DAG(s) 'provision_infra' retrieved from /opt/airflow/dags/from airflow import DAG.py
[2025-05-09T10:02:30.495+0000] {logging_mixin.py:188} INFO - [2025-05-09T10:02:30.494+0000] {dag.py:3036} INFO - Sync 1 DAGs
[2025-05-09T10:02:30.564+0000] {logging_mixin.py:188} INFO - [2025-05-09T10:02:30.563+0000] {dag.py:3823} INFO - Setting next_dagrun for provision_infra to None, run_after=None
[2025-05-09T10:02:30.666+0000] {processor.py:183} INFO - Processing /opt/airflow/dags/from airflow import DAG.py took 0.395 seconds
[2025-05-09T10:03:00.824+0000] {processor.py:161} INFO - Started process (PID=292) to work on /opt/airflow/dags/from airflow import DAG.py
[2025-05-09T10:03:00.829+0000] {processor.py:830} INFO - Processing file /opt/airflow/dags/from airflow import DAG.py for tasks to queue
[2025-05-09T10:03:00.838+0000] {logging_mixin.py:188} INFO - [2025-05-09T10:03:00.837+0000] {dagbag.py:538} INFO - Filling up the DagBag from /opt/airflow/dags/from airflow import DAG.py
[2025-05-09T10:03:00.902+0000] {processor.py:840} INFO - DAG(s) 'provision_infra' retrieved from /opt/airflow/dags/from airflow import DAG.py
[2025-05-09T10:03:00.945+0000] {logging_mixin.py:188} INFO - [2025-05-09T10:03:00.944+0000] {dag.py:3036} INFO - Sync 1 DAGs
[2025-05-09T10:03:00.973+0000] {logging_mixin.py:188} INFO - [2025-05-09T10:03:00.973+0000] {dag.py:3823} INFO - Setting next_dagrun for provision_infra to None, run_after=None
[2025-05-09T10:03:01.023+0000] {processor.py:183} INFO - Processing /opt/airflow/dags/from airflow import DAG.py took 0.217 seconds
[2025-05-09T10:03:31.617+0000] {processor.py:161} INFO - Started process (PID=348) to work on /opt/airflow/dags/from airflow import DAG.py
[2025-05-09T10:03:31.619+0000] {processor.py:830} INFO - Processing file /opt/airflow/dags/from airflow import DAG.py for tasks to queue
[2025-05-09T10:03:31.622+0000] {logging_mixin.py:188} INFO - [2025-05-09T10:03:31.622+0000] {dagbag.py:538} INFO - Filling up the DagBag from /opt/airflow/dags/from airflow import DAG.py
[2025-05-09T10:03:31.648+0000] {processor.py:840} INFO - DAG(s) 'provision_infra' retrieved from /opt/airflow/dags/from airflow import DAG.py
[2025-05-09T10:03:31.679+0000] {logging_mixin.py:188} INFO - [2025-05-09T10:03:31.679+0000] {dag.py:3036} INFO - Sync 1 DAGs
[2025-05-09T10:03:31.703+0000] {logging_mixin.py:188} INFO - [2025-05-09T10:03:31.702+0000] {dag.py:3823} INFO - Setting next_dagrun for provision_infra to None, run_after=None
[2025-05-09T10:03:31.748+0000] {processor.py:183} INFO - Processing /opt/airflow/dags/from airflow import DAG.py took 0.137 seconds
[2025-05-09T10:04:02.028+0000] {processor.py:161} INFO - Started process (PID=404) to work on /opt/airflow/dags/from airflow import DAG.py
[2025-05-09T10:04:02.031+0000] {processor.py:830} INFO - Processing file /opt/airflow/dags/from airflow import DAG.py for tasks to queue
[2025-05-09T10:04:02.037+0000] {logging_mixin.py:188} INFO - [2025-05-09T10:04:02.036+0000] {dagbag.py:538} INFO - Filling up the DagBag from /opt/airflow/dags/from airflow import DAG.py
[2025-05-09T10:04:02.074+0000] {processor.py:840} INFO - DAG(s) 'provision_infra' retrieved from /opt/airflow/dags/from airflow import DAG.py
[2025-05-09T10:04:02.112+0000] {logging_mixin.py:188} INFO - [2025-05-09T10:04:02.112+0000] {dag.py:3036} INFO - Sync 1 DAGs
[2025-05-09T10:04:02.132+0000] {logging_mixin.py:188} INFO - [2025-05-09T10:04:02.132+0000] {dag.py:3823} INFO - Setting next_dagrun for provision_infra to None, run_after=None
[2025-05-09T10:04:02.190+0000] {processor.py:183} INFO - Processing /opt/airflow/dags/from airflow import DAG.py took 0.172 seconds
[2025-05-09T10:04:32.639+0000] {processor.py:161} INFO - Started process (PID=460) to work on /opt/airflow/dags/from airflow import DAG.py
[2025-05-09T10:04:32.642+0000] {processor.py:830} INFO - Processing file /opt/airflow/dags/from airflow import DAG.py for tasks to queue
[2025-05-09T10:04:32.646+0000] {logging_mixin.py:188} INFO - [2025-05-09T10:04:32.645+0000] {dagbag.py:538} INFO - Filling up the DagBag from /opt/airflow/dags/from airflow import DAG.py
[2025-05-09T10:04:32.677+0000] {processor.py:840} INFO - DAG(s) 'provision_infra' retrieved from /opt/airflow/dags/from airflow import DAG.py
[2025-05-09T10:04:32.725+0000] {logging_mixin.py:188} INFO - [2025-05-09T10:04:32.724+0000] {dag.py:3036} INFO - Sync 1 DAGs
[2025-05-09T10:04:32.769+0000] {logging_mixin.py:188} INFO - [2025-05-09T10:04:32.769+0000] {dag.py:3823} INFO - Setting next_dagrun for provision_infra to None, run_after=None
[2025-05-09T10:04:32.817+0000] {processor.py:183} INFO - Processing /opt/airflow/dags/from airflow import DAG.py took 0.186 seconds
[2025-05-09T10:05:03.452+0000] {processor.py:161} INFO - Started process (PID=516) to work on /opt/airflow/dags/from airflow import DAG.py
[2025-05-09T10:05:03.457+0000] {processor.py:830} INFO - Processing file /opt/airflow/dags/from airflow import DAG.py for tasks to queue
[2025-05-09T10:05:03.467+0000] {logging_mixin.py:188} INFO - [2025-05-09T10:05:03.466+0000] {dagbag.py:538} INFO - Filling up the DagBag from /opt/airflow/dags/from airflow import DAG.py
[2025-05-09T10:05:03.536+0000] {processor.py:840} INFO - DAG(s) 'provision_infra' retrieved from /opt/airflow/dags/from airflow import DAG.py
[2025-05-09T10:05:03.612+0000] {logging_mixin.py:188} INFO - [2025-05-09T10:05:03.611+0000] {dag.py:3036} INFO - Sync 1 DAGs
[2025-05-09T10:05:03.671+0000] {logging_mixin.py:188} INFO - [2025-05-09T10:05:03.670+0000] {dag.py:3823} INFO - Setting next_dagrun for provision_infra to None, run_after=None
[2025-05-09T10:05:03.760+0000] {processor.py:183} INFO - Processing /opt/airflow/dags/from airflow import DAG.py took 0.321 seconds
[2025-05-09T10:05:31.553+0000] {processor.py:161} INFO - Started process (PID=566) to work on /opt/airflow/dags/from airflow import DAG.py
[2025-05-09T10:05:31.555+0000] {processor.py:830} INFO - Processing file /opt/airflow/dags/from airflow import DAG.py for tasks to queue
[2025-05-09T10:05:31.559+0000] {logging_mixin.py:188} INFO - [2025-05-09T10:05:31.558+0000] {dagbag.py:538} INFO - Filling up the DagBag from /opt/airflow/dags/from airflow import DAG.py
[2025-05-09T10:05:31.598+0000] {processor.py:840} INFO - DAG(s) 'provision_infra' retrieved from /opt/airflow/dags/from airflow import DAG.py
[2025-05-09T10:05:31.893+0000] {logging_mixin.py:188} INFO - [2025-05-09T10:05:31.892+0000] {dag.py:3036} INFO - Sync 1 DAGs
[2025-05-09T10:05:31.961+0000] {logging_mixin.py:188} INFO - [2025-05-09T10:05:31.960+0000] {dag.py:3823} INFO - Setting next_dagrun for provision_infra to None, run_after=None
[2025-05-09T10:05:32.106+0000] {processor.py:183} INFO - Processing /opt/airflow/dags/from airflow import DAG.py took 0.558 seconds
[2025-05-09T10:06:02.343+0000] {processor.py:161} INFO - Started process (PID=622) to work on /opt/airflow/dags/from airflow import DAG.py
[2025-05-09T10:06:02.345+0000] {processor.py:830} INFO - Processing file /opt/airflow/dags/from airflow import DAG.py for tasks to queue
[2025-05-09T10:06:02.349+0000] {logging_mixin.py:188} INFO - [2025-05-09T10:06:02.349+0000] {dagbag.py:538} INFO - Filling up the DagBag from /opt/airflow/dags/from airflow import DAG.py
[2025-05-09T10:06:02.375+0000] {processor.py:840} INFO - DAG(s) 'provision_infra' retrieved from /opt/airflow/dags/from airflow import DAG.py
[2025-05-09T10:06:02.404+0000] {logging_mixin.py:188} INFO - [2025-05-09T10:06:02.403+0000] {dag.py:3036} INFO - Sync 1 DAGs
[2025-05-09T10:06:02.424+0000] {logging_mixin.py:188} INFO - [2025-05-09T10:06:02.424+0000] {dag.py:3823} INFO - Setting next_dagrun for provision_infra to None, run_after=None
[2025-05-09T10:06:02.457+0000] {processor.py:183} INFO - Processing /opt/airflow/dags/from airflow import DAG.py took 0.120 seconds
[2025-05-09T10:06:33.433+0000] {processor.py:161} INFO - Started process (PID=678) to work on /opt/airflow/dags/from airflow import DAG.py
[2025-05-09T10:06:33.439+0000] {processor.py:830} INFO - Processing file /opt/airflow/dags/from airflow import DAG.py for tasks to queue
[2025-05-09T10:06:33.448+0000] {logging_mixin.py:188} INFO - [2025-05-09T10:06:33.446+0000] {dagbag.py:538} INFO - Filling up the DagBag from /opt/airflow/dags/from airflow import DAG.py
[2025-05-09T10:06:33.512+0000] {processor.py:840} INFO - DAG(s) 'provision_infra' retrieved from /opt/airflow/dags/from airflow import DAG.py
[2025-05-09T10:06:33.591+0000] {logging_mixin.py:188} INFO - [2025-05-09T10:06:33.590+0000] {dag.py:3036} INFO - Sync 1 DAGs
[2025-05-09T10:06:33.657+0000] {logging_mixin.py:188} INFO - [2025-05-09T10:06:33.656+0000] {dag.py:3823} INFO - Setting next_dagrun for provision_infra to None, run_after=None
[2025-05-09T10:06:33.746+0000] {processor.py:183} INFO - Processing /opt/airflow/dags/from airflow import DAG.py took 0.330 seconds
[2025-05-09T10:06:46.902+0000] {processor.py:161} INFO - Started process (PID=707) to work on /opt/airflow/dags/from airflow import DAG.py
[2025-05-09T10:06:46.904+0000] {processor.py:830} INFO - Processing file /opt/airflow/dags/from airflow import DAG.py for tasks to queue
[2025-05-09T10:06:46.908+0000] {logging_mixin.py:188} INFO - [2025-05-09T10:06:46.908+0000] {dagbag.py:538} INFO - Filling up the DagBag from /opt/airflow/dags/from airflow import DAG.py
[2025-05-09T10:06:46.958+0000] {processor.py:840} INFO - DAG(s) 'provision_infra' retrieved from /opt/airflow/dags/from airflow import DAG.py
[2025-05-09T10:06:46.993+0000] {logging_mixin.py:188} INFO - [2025-05-09T10:06:46.993+0000] {dag.py:3036} INFO - Sync 1 DAGs
[2025-05-09T10:06:47.024+0000] {logging_mixin.py:188} INFO - [2025-05-09T10:06:47.023+0000] {dag.py:3823} INFO - Setting next_dagrun for provision_infra to None, run_after=None
[2025-05-09T10:06:47.067+0000] {processor.py:183} INFO - Processing /opt/airflow/dags/from airflow import DAG.py took 0.170 seconds
[2025-05-09T10:09:00.047+0000] {processor.py:161} INFO - Started process (PID=67) to work on /opt/airflow/dags/from airflow import DAG.py
[2025-05-09T10:09:00.087+0000] {processor.py:830} INFO - Processing file /opt/airflow/dags/from airflow import DAG.py for tasks to queue
[2025-05-09T10:09:00.139+0000] {logging_mixin.py:188} INFO - [2025-05-09T10:09:00.136+0000] {dagbag.py:538} INFO - Filling up the DagBag from /opt/airflow/dags/from airflow import DAG.py
[2025-05-09T10:09:00.321+0000] {processor.py:840} INFO - DAG(s) 'provision_infra' retrieved from /opt/airflow/dags/from airflow import DAG.py
[2025-05-09T10:09:01.524+0000] {logging_mixin.py:188} INFO - [2025-05-09T10:09:01.524+0000] {dag.py:3036} INFO - Sync 1 DAGs
[2025-05-09T10:09:01.603+0000] {logging_mixin.py:188} INFO - [2025-05-09T10:09:01.602+0000] {dag.py:3823} INFO - Setting next_dagrun for provision_infra to None, run_after=None
[2025-05-09T10:09:01.698+0000] {processor.py:183} INFO - Processing /opt/airflow/dags/from airflow import DAG.py took 1.786 seconds
[2025-05-09T10:09:31.965+0000] {processor.py:161} INFO - Started process (PID=122) to work on /opt/airflow/dags/from airflow import DAG.py
[2025-05-09T10:09:31.973+0000] {processor.py:830} INFO - Processing file /opt/airflow/dags/from airflow import DAG.py for tasks to queue
[2025-05-09T10:09:31.985+0000] {logging_mixin.py:188} INFO - [2025-05-09T10:09:31.984+0000] {dagbag.py:538} INFO - Filling up the DagBag from /opt/airflow/dags/from airflow import DAG.py
[2025-05-09T10:09:32.266+0000] {processor.py:840} INFO - DAG(s) 'provision_infra' retrieved from /opt/airflow/dags/from airflow import DAG.py
[2025-05-09T10:09:32.414+0000] {logging_mixin.py:188} INFO - [2025-05-09T10:09:32.414+0000] {dag.py:3036} INFO - Sync 1 DAGs
[2025-05-09T10:09:32.557+0000] {logging_mixin.py:188} INFO - [2025-05-09T10:09:32.556+0000] {dag.py:3823} INFO - Setting next_dagrun for provision_infra to None, run_after=None
[2025-05-09T10:09:32.720+0000] {processor.py:183} INFO - Processing /opt/airflow/dags/from airflow import DAG.py took 0.786 seconds
[2025-05-09T10:10:03.681+0000] {processor.py:161} INFO - Started process (PID=177) to work on /opt/airflow/dags/from airflow import DAG.py
[2025-05-09T10:10:03.777+0000] {processor.py:830} INFO - Processing file /opt/airflow/dags/from airflow import DAG.py for tasks to queue
[2025-05-09T10:10:03.782+0000] {logging_mixin.py:188} INFO - [2025-05-09T10:10:03.781+0000] {dagbag.py:538} INFO - Filling up the DagBag from /opt/airflow/dags/from airflow import DAG.py
[2025-05-09T10:10:03.870+0000] {processor.py:840} INFO - DAG(s) 'provision_infra' retrieved from /opt/airflow/dags/from airflow import DAG.py
[2025-05-09T10:10:03.973+0000] {logging_mixin.py:188} INFO - [2025-05-09T10:10:03.972+0000] {dag.py:3036} INFO - Sync 1 DAGs
[2025-05-09T10:10:04.062+0000] {logging_mixin.py:188} INFO - [2025-05-09T10:10:04.056+0000] {dag.py:3823} INFO - Setting next_dagrun for provision_infra to None, run_after=None
[2025-05-09T10:10:04.215+0000] {processor.py:183} INFO - Processing /opt/airflow/dags/from airflow import DAG.py took 0.554 seconds
[2025-05-09T10:10:35.353+0000] {processor.py:161} INFO - Started process (PID=233) to work on /opt/airflow/dags/from airflow import DAG.py
[2025-05-09T10:10:35.358+0000] {processor.py:830} INFO - Processing file /opt/airflow/dags/from airflow import DAG.py for tasks to queue
[2025-05-09T10:10:35.369+0000] {logging_mixin.py:188} INFO - [2025-05-09T10:10:35.367+0000] {dagbag.py:538} INFO - Filling up the DagBag from /opt/airflow/dags/from airflow import DAG.py
[2025-05-09T10:10:35.457+0000] {processor.py:840} INFO - DAG(s) 'provision_infra' retrieved from /opt/airflow/dags/from airflow import DAG.py
[2025-05-09T10:10:35.518+0000] {logging_mixin.py:188} INFO - [2025-05-09T10:10:35.518+0000] {dag.py:3036} INFO - Sync 1 DAGs
[2025-05-09T10:10:35.545+0000] {logging_mixin.py:188} INFO - [2025-05-09T10:10:35.544+0000] {dag.py:3823} INFO - Setting next_dagrun for provision_infra to None, run_after=None
[2025-05-09T10:10:35.585+0000] {processor.py:183} INFO - Processing /opt/airflow/dags/from airflow import DAG.py took 0.248 seconds
[2025-05-09T10:11:06.206+0000] {processor.py:161} INFO - Started process (PID=289) to work on /opt/airflow/dags/from airflow import DAG.py
[2025-05-09T10:11:06.208+0000] {processor.py:830} INFO - Processing file /opt/airflow/dags/from airflow import DAG.py for tasks to queue
[2025-05-09T10:11:06.212+0000] {logging_mixin.py:188} INFO - [2025-05-09T10:11:06.211+0000] {dagbag.py:538} INFO - Filling up the DagBag from /opt/airflow/dags/from airflow import DAG.py
[2025-05-09T10:11:06.244+0000] {processor.py:840} INFO - DAG(s) 'provision_infra' retrieved from /opt/airflow/dags/from airflow import DAG.py
[2025-05-09T10:11:06.293+0000] {logging_mixin.py:188} INFO - [2025-05-09T10:11:06.292+0000] {dag.py:3036} INFO - Sync 1 DAGs
[2025-05-09T10:11:06.332+0000] {logging_mixin.py:188} INFO - [2025-05-09T10:11:06.331+0000] {dag.py:3823} INFO - Setting next_dagrun for provision_infra to None, run_after=None
[2025-05-09T10:11:06.388+0000] {processor.py:183} INFO - Processing /opt/airflow/dags/from airflow import DAG.py took 0.192 seconds
[2025-05-09T10:11:37.185+0000] {processor.py:161} INFO - Started process (PID=345) to work on /opt/airflow/dags/from airflow import DAG.py
[2025-05-09T10:11:37.261+0000] {processor.py:830} INFO - Processing file /opt/airflow/dags/from airflow import DAG.py for tasks to queue
[2025-05-09T10:11:37.268+0000] {logging_mixin.py:188} INFO - [2025-05-09T10:11:37.267+0000] {dagbag.py:538} INFO - Filling up the DagBag from /opt/airflow/dags/from airflow import DAG.py
[2025-05-09T10:11:37.481+0000] {processor.py:840} INFO - DAG(s) 'provision_infra' retrieved from /opt/airflow/dags/from airflow import DAG.py
[2025-05-09T10:11:37.516+0000] {logging_mixin.py:188} INFO - [2025-05-09T10:11:37.515+0000] {dag.py:3036} INFO - Sync 1 DAGs
[2025-05-09T10:11:37.536+0000] {logging_mixin.py:188} INFO - [2025-05-09T10:11:37.536+0000] {dag.py:3823} INFO - Setting next_dagrun for provision_infra to None, run_after=None
[2025-05-09T10:11:37.652+0000] {processor.py:183} INFO - Processing /opt/airflow/dags/from airflow import DAG.py took 0.474 seconds
[2025-05-09T10:12:08.436+0000] {processor.py:161} INFO - Started process (PID=401) to work on /opt/airflow/dags/from airflow import DAG.py
[2025-05-09T10:12:08.441+0000] {processor.py:830} INFO - Processing file /opt/airflow/dags/from airflow import DAG.py for tasks to queue
[2025-05-09T10:12:08.449+0000] {logging_mixin.py:188} INFO - [2025-05-09T10:12:08.447+0000] {dagbag.py:538} INFO - Filling up the DagBag from /opt/airflow/dags/from airflow import DAG.py
[2025-05-09T10:12:08.522+0000] {processor.py:840} INFO - DAG(s) 'provision_infra' retrieved from /opt/airflow/dags/from airflow import DAG.py
[2025-05-09T10:12:08.570+0000] {logging_mixin.py:188} INFO - [2025-05-09T10:12:08.569+0000] {dag.py:3036} INFO - Sync 1 DAGs
[2025-05-09T10:12:08.603+0000] {logging_mixin.py:188} INFO - [2025-05-09T10:12:08.603+0000] {dag.py:3823} INFO - Setting next_dagrun for provision_infra to None, run_after=None
[2025-05-09T10:12:08.667+0000] {processor.py:183} INFO - Processing /opt/airflow/dags/from airflow import DAG.py took 0.248 seconds
[2025-05-09T10:12:39.211+0000] {processor.py:161} INFO - Started process (PID=457) to work on /opt/airflow/dags/from airflow import DAG.py
[2025-05-09T10:12:39.214+0000] {processor.py:830} INFO - Processing file /opt/airflow/dags/from airflow import DAG.py for tasks to queue
[2025-05-09T10:12:39.221+0000] {logging_mixin.py:188} INFO - [2025-05-09T10:12:39.219+0000] {dagbag.py:538} INFO - Filling up the DagBag from /opt/airflow/dags/from airflow import DAG.py
[2025-05-09T10:12:39.254+0000] {processor.py:840} INFO - DAG(s) 'provision_infra' retrieved from /opt/airflow/dags/from airflow import DAG.py
[2025-05-09T10:12:39.306+0000] {logging_mixin.py:188} INFO - [2025-05-09T10:12:39.306+0000] {dag.py:3036} INFO - Sync 1 DAGs
[2025-05-09T10:12:39.345+0000] {logging_mixin.py:188} INFO - [2025-05-09T10:12:39.345+0000] {dag.py:3823} INFO - Setting next_dagrun for provision_infra to None, run_after=None
[2025-05-09T10:12:39.399+0000] {processor.py:183} INFO - Processing /opt/airflow/dags/from airflow import DAG.py took 0.195 seconds
[2025-05-09T10:13:09.952+0000] {processor.py:161} INFO - Started process (PID=513) to work on /opt/airflow/dags/from airflow import DAG.py
[2025-05-09T10:13:09.958+0000] {processor.py:830} INFO - Processing file /opt/airflow/dags/from airflow import DAG.py for tasks to queue
[2025-05-09T10:13:09.969+0000] {logging_mixin.py:188} INFO - [2025-05-09T10:13:09.968+0000] {dagbag.py:538} INFO - Filling up the DagBag from /opt/airflow/dags/from airflow import DAG.py
[2025-05-09T10:13:10.058+0000] {processor.py:840} INFO - DAG(s) 'provision_infra' retrieved from /opt/airflow/dags/from airflow import DAG.py
[2025-05-09T10:13:10.165+0000] {logging_mixin.py:188} INFO - [2025-05-09T10:13:10.164+0000] {dag.py:3036} INFO - Sync 1 DAGs
[2025-05-09T10:13:10.246+0000] {logging_mixin.py:188} INFO - [2025-05-09T10:13:10.245+0000] {dag.py:3823} INFO - Setting next_dagrun for provision_infra to None, run_after=None
[2025-05-09T10:13:10.388+0000] {processor.py:183} INFO - Processing /opt/airflow/dags/from airflow import DAG.py took 0.456 seconds
[2025-05-09T10:13:40.958+0000] {processor.py:161} INFO - Started process (PID=569) to work on /opt/airflow/dags/from airflow import DAG.py
[2025-05-09T10:13:40.965+0000] {processor.py:830} INFO - Processing file /opt/airflow/dags/from airflow import DAG.py for tasks to queue
[2025-05-09T10:13:40.980+0000] {logging_mixin.py:188} INFO - [2025-05-09T10:13:40.979+0000] {dagbag.py:538} INFO - Filling up the DagBag from /opt/airflow/dags/from airflow import DAG.py
[2025-05-09T10:13:41.079+0000] {processor.py:840} INFO - DAG(s) 'provision_infra' retrieved from /opt/airflow/dags/from airflow import DAG.py
[2025-05-09T10:13:41.198+0000] {logging_mixin.py:188} INFO - [2025-05-09T10:13:41.197+0000] {dag.py:3036} INFO - Sync 1 DAGs
[2025-05-09T10:13:41.221+0000] {logging_mixin.py:188} INFO - [2025-05-09T10:13:41.220+0000] {dag.py:3823} INFO - Setting next_dagrun for provision_infra to None, run_after=None
[2025-05-09T10:13:41.263+0000] {processor.py:183} INFO - Processing /opt/airflow/dags/from airflow import DAG.py took 0.329 seconds
[2025-05-09T10:14:11.613+0000] {processor.py:161} INFO - Started process (PID=625) to work on /opt/airflow/dags/from airflow import DAG.py
[2025-05-09T10:14:11.619+0000] {processor.py:830} INFO - Processing file /opt/airflow/dags/from airflow import DAG.py for tasks to queue
[2025-05-09T10:14:11.632+0000] {logging_mixin.py:188} INFO - [2025-05-09T10:14:11.630+0000] {dagbag.py:538} INFO - Filling up the DagBag from /opt/airflow/dags/from airflow import DAG.py
[2025-05-09T10:14:11.709+0000] {processor.py:840} INFO - DAG(s) 'provision_infra' retrieved from /opt/airflow/dags/from airflow import DAG.py
[2025-05-09T10:14:11.829+0000] {logging_mixin.py:188} INFO - [2025-05-09T10:14:11.828+0000] {dag.py:3036} INFO - Sync 1 DAGs
[2025-05-09T10:14:11.908+0000] {logging_mixin.py:188} INFO - [2025-05-09T10:14:11.907+0000] {dag.py:3823} INFO - Setting next_dagrun for provision_infra to None, run_after=None
[2025-05-09T10:14:12.005+0000] {processor.py:183} INFO - Processing /opt/airflow/dags/from airflow import DAG.py took 0.414 seconds
