[2025-05-09T10:01:19.929+0000] {processor.py:161} INFO - Started process (PID=115) to work on /home/airflow/.local/lib/python3.8/site-packages/airflow/example_dags/example_external_task_marker_dag.py
[2025-05-09T10:01:20.005+0000] {processor.py:830} INFO - Processing file /home/airflow/.local/lib/python3.8/site-packages/airflow/example_dags/example_external_task_marker_dag.py for tasks to queue
[2025-05-09T10:01:20.087+0000] {logging_mixin.py:188} INFO - [2025-05-09T10:01:20.085+0000] {dagbag.py:538} INFO - Filling up the DagBag from /home/airflow/.local/lib/python3.8/site-packages/airflow/example_dags/example_external_task_marker_dag.py
[2025-05-09T10:01:20.206+0000] {processor.py:840} INFO - DAG(s) 'example_external_task_marker_child', 'example_external_task_marker_parent' retrieved from /home/airflow/.local/lib/python3.8/site-packages/airflow/example_dags/example_external_task_marker_dag.py
[2025-05-09T10:01:21.347+0000] {logging_mixin.py:188} INFO - [2025-05-09T10:01:21.347+0000] {dag.py:3036} INFO - Sync 2 DAGs
[2025-05-09T10:01:21.445+0000] {logging_mixin.py:188} INFO - [2025-05-09T10:01:21.445+0000] {dag.py:3823} INFO - Setting next_dagrun for example_external_task_marker_child to None, run_after=None
[2025-05-09T10:01:21.464+0000] {logging_mixin.py:188} INFO - [2025-05-09T10:01:21.463+0000] {dag.py:3823} INFO - Setting next_dagrun for example_external_task_marker_parent to None, run_after=None
[2025-05-09T10:01:21.609+0000] {processor.py:183} INFO - Processing /home/airflow/.local/lib/python3.8/site-packages/airflow/example_dags/example_external_task_marker_dag.py took 1.805 seconds
[2025-05-09T10:01:51.956+0000] {processor.py:161} INFO - Started process (PID=165) to work on /home/airflow/.local/lib/python3.8/site-packages/airflow/example_dags/example_external_task_marker_dag.py
[2025-05-09T10:01:51.958+0000] {processor.py:830} INFO - Processing file /home/airflow/.local/lib/python3.8/site-packages/airflow/example_dags/example_external_task_marker_dag.py for tasks to queue
[2025-05-09T10:01:51.962+0000] {logging_mixin.py:188} INFO - [2025-05-09T10:01:51.962+0000] {dagbag.py:538} INFO - Filling up the DagBag from /home/airflow/.local/lib/python3.8/site-packages/airflow/example_dags/example_external_task_marker_dag.py
[2025-05-09T10:01:51.973+0000] {processor.py:840} INFO - DAG(s) 'example_external_task_marker_parent', 'example_external_task_marker_child' retrieved from /home/airflow/.local/lib/python3.8/site-packages/airflow/example_dags/example_external_task_marker_dag.py
[2025-05-09T10:01:52.217+0000] {logging_mixin.py:188} INFO - [2025-05-09T10:01:52.217+0000] {dag.py:3036} INFO - Sync 2 DAGs
[2025-05-09T10:01:52.242+0000] {logging_mixin.py:188} INFO - [2025-05-09T10:01:52.242+0000] {dag.py:3823} INFO - Setting next_dagrun for example_external_task_marker_child to None, run_after=None
[2025-05-09T10:01:52.249+0000] {logging_mixin.py:188} INFO - [2025-05-09T10:01:52.249+0000] {dag.py:3823} INFO - Setting next_dagrun for example_external_task_marker_parent to None, run_after=None
[2025-05-09T10:01:52.287+0000] {processor.py:183} INFO - Processing /home/airflow/.local/lib/python3.8/site-packages/airflow/example_dags/example_external_task_marker_dag.py took 0.336 seconds
[2025-05-09T10:02:22.478+0000] {processor.py:161} INFO - Started process (PID=221) to work on /home/airflow/.local/lib/python3.8/site-packages/airflow/example_dags/example_external_task_marker_dag.py
[2025-05-09T10:02:22.481+0000] {processor.py:830} INFO - Processing file /home/airflow/.local/lib/python3.8/site-packages/airflow/example_dags/example_external_task_marker_dag.py for tasks to queue
[2025-05-09T10:02:22.486+0000] {logging_mixin.py:188} INFO - [2025-05-09T10:02:22.485+0000] {dagbag.py:538} INFO - Filling up the DagBag from /home/airflow/.local/lib/python3.8/site-packages/airflow/example_dags/example_external_task_marker_dag.py
[2025-05-09T10:02:22.503+0000] {processor.py:840} INFO - DAG(s) 'example_external_task_marker_child', 'example_external_task_marker_parent' retrieved from /home/airflow/.local/lib/python3.8/site-packages/airflow/example_dags/example_external_task_marker_dag.py
[2025-05-09T10:02:22.590+0000] {logging_mixin.py:188} INFO - [2025-05-09T10:02:22.589+0000] {dag.py:3036} INFO - Sync 2 DAGs
[2025-05-09T10:02:22.669+0000] {logging_mixin.py:188} INFO - [2025-05-09T10:02:22.668+0000] {dag.py:3823} INFO - Setting next_dagrun for example_external_task_marker_child to None, run_after=None
[2025-05-09T10:02:22.686+0000] {logging_mixin.py:188} INFO - [2025-05-09T10:02:22.686+0000] {dag.py:3823} INFO - Setting next_dagrun for example_external_task_marker_parent to None, run_after=None
[2025-05-09T10:02:22.765+0000] {processor.py:183} INFO - Processing /home/airflow/.local/lib/python3.8/site-packages/airflow/example_dags/example_external_task_marker_dag.py took 0.296 seconds
[2025-05-09T10:02:53.174+0000] {processor.py:161} INFO - Started process (PID=277) to work on /home/airflow/.local/lib/python3.8/site-packages/airflow/example_dags/example_external_task_marker_dag.py
[2025-05-09T10:02:53.177+0000] {processor.py:830} INFO - Processing file /home/airflow/.local/lib/python3.8/site-packages/airflow/example_dags/example_external_task_marker_dag.py for tasks to queue
[2025-05-09T10:02:53.182+0000] {logging_mixin.py:188} INFO - [2025-05-09T10:02:53.181+0000] {dagbag.py:538} INFO - Filling up the DagBag from /home/airflow/.local/lib/python3.8/site-packages/airflow/example_dags/example_external_task_marker_dag.py
[2025-05-09T10:02:53.199+0000] {processor.py:840} INFO - DAG(s) 'example_external_task_marker_child', 'example_external_task_marker_parent' retrieved from /home/airflow/.local/lib/python3.8/site-packages/airflow/example_dags/example_external_task_marker_dag.py
[2025-05-09T10:02:53.264+0000] {logging_mixin.py:188} INFO - [2025-05-09T10:02:53.263+0000] {dag.py:3036} INFO - Sync 2 DAGs
[2025-05-09T10:02:53.300+0000] {logging_mixin.py:188} INFO - [2025-05-09T10:02:53.300+0000] {dag.py:3823} INFO - Setting next_dagrun for example_external_task_marker_child to None, run_after=None
[2025-05-09T10:02:53.310+0000] {logging_mixin.py:188} INFO - [2025-05-09T10:02:53.310+0000] {dag.py:3823} INFO - Setting next_dagrun for example_external_task_marker_parent to None, run_after=None
[2025-05-09T10:02:53.355+0000] {processor.py:183} INFO - Processing /home/airflow/.local/lib/python3.8/site-packages/airflow/example_dags/example_external_task_marker_dag.py took 0.190 seconds
[2025-05-09T10:03:23.652+0000] {processor.py:161} INFO - Started process (PID=333) to work on /home/airflow/.local/lib/python3.8/site-packages/airflow/example_dags/example_external_task_marker_dag.py
[2025-05-09T10:03:23.667+0000] {processor.py:830} INFO - Processing file /home/airflow/.local/lib/python3.8/site-packages/airflow/example_dags/example_external_task_marker_dag.py for tasks to queue
[2025-05-09T10:03:23.673+0000] {logging_mixin.py:188} INFO - [2025-05-09T10:03:23.672+0000] {dagbag.py:538} INFO - Filling up the DagBag from /home/airflow/.local/lib/python3.8/site-packages/airflow/example_dags/example_external_task_marker_dag.py
[2025-05-09T10:03:23.695+0000] {processor.py:840} INFO - DAG(s) 'example_external_task_marker_child', 'example_external_task_marker_parent' retrieved from /home/airflow/.local/lib/python3.8/site-packages/airflow/example_dags/example_external_task_marker_dag.py
[2025-05-09T10:03:23.741+0000] {logging_mixin.py:188} INFO - [2025-05-09T10:03:23.741+0000] {dag.py:3036} INFO - Sync 2 DAGs
[2025-05-09T10:03:23.765+0000] {logging_mixin.py:188} INFO - [2025-05-09T10:03:23.765+0000] {dag.py:3823} INFO - Setting next_dagrun for example_external_task_marker_child to None, run_after=None
[2025-05-09T10:03:23.771+0000] {logging_mixin.py:188} INFO - [2025-05-09T10:03:23.771+0000] {dag.py:3823} INFO - Setting next_dagrun for example_external_task_marker_parent to None, run_after=None
[2025-05-09T10:03:23.801+0000] {processor.py:183} INFO - Processing /home/airflow/.local/lib/python3.8/site-packages/airflow/example_dags/example_external_task_marker_dag.py took 0.169 seconds
[2025-05-09T10:03:54.287+0000] {processor.py:161} INFO - Started process (PID=389) to work on /home/airflow/.local/lib/python3.8/site-packages/airflow/example_dags/example_external_task_marker_dag.py
[2025-05-09T10:03:54.294+0000] {processor.py:830} INFO - Processing file /home/airflow/.local/lib/python3.8/site-packages/airflow/example_dags/example_external_task_marker_dag.py for tasks to queue
[2025-05-09T10:03:54.304+0000] {logging_mixin.py:188} INFO - [2025-05-09T10:03:54.302+0000] {dagbag.py:538} INFO - Filling up the DagBag from /home/airflow/.local/lib/python3.8/site-packages/airflow/example_dags/example_external_task_marker_dag.py
[2025-05-09T10:03:54.342+0000] {processor.py:840} INFO - DAG(s) 'example_external_task_marker_child', 'example_external_task_marker_parent' retrieved from /home/airflow/.local/lib/python3.8/site-packages/airflow/example_dags/example_external_task_marker_dag.py
[2025-05-09T10:03:54.462+0000] {logging_mixin.py:188} INFO - [2025-05-09T10:03:54.461+0000] {dag.py:3036} INFO - Sync 2 DAGs
[2025-05-09T10:03:54.523+0000] {logging_mixin.py:188} INFO - [2025-05-09T10:03:54.522+0000] {dag.py:3823} INFO - Setting next_dagrun for example_external_task_marker_child to None, run_after=None
[2025-05-09T10:03:54.539+0000] {logging_mixin.py:188} INFO - [2025-05-09T10:03:54.538+0000] {dag.py:3823} INFO - Setting next_dagrun for example_external_task_marker_parent to None, run_after=None
[2025-05-09T10:03:54.623+0000] {processor.py:183} INFO - Processing /home/airflow/.local/lib/python3.8/site-packages/airflow/example_dags/example_external_task_marker_dag.py took 0.356 seconds
[2025-05-09T10:04:24.839+0000] {processor.py:161} INFO - Started process (PID=444) to work on /home/airflow/.local/lib/python3.8/site-packages/airflow/example_dags/example_external_task_marker_dag.py
[2025-05-09T10:04:24.846+0000] {processor.py:830} INFO - Processing file /home/airflow/.local/lib/python3.8/site-packages/airflow/example_dags/example_external_task_marker_dag.py for tasks to queue
[2025-05-09T10:04:24.863+0000] {logging_mixin.py:188} INFO - [2025-05-09T10:04:24.861+0000] {dagbag.py:538} INFO - Filling up the DagBag from /home/airflow/.local/lib/python3.8/site-packages/airflow/example_dags/example_external_task_marker_dag.py
[2025-05-09T10:04:25.005+0000] {processor.py:840} INFO - DAG(s) 'example_external_task_marker_child', 'example_external_task_marker_parent' retrieved from /home/airflow/.local/lib/python3.8/site-packages/airflow/example_dags/example_external_task_marker_dag.py
[2025-05-09T10:04:25.456+0000] {logging_mixin.py:188} INFO - [2025-05-09T10:04:25.455+0000] {dag.py:3036} INFO - Sync 2 DAGs
[2025-05-09T10:04:25.495+0000] {logging_mixin.py:188} INFO - [2025-05-09T10:04:25.495+0000] {dag.py:3823} INFO - Setting next_dagrun for example_external_task_marker_child to None, run_after=None
[2025-05-09T10:04:25.508+0000] {logging_mixin.py:188} INFO - [2025-05-09T10:04:25.508+0000] {dag.py:3823} INFO - Setting next_dagrun for example_external_task_marker_parent to None, run_after=None
[2025-05-09T10:04:25.559+0000] {processor.py:183} INFO - Processing /home/airflow/.local/lib/python3.8/site-packages/airflow/example_dags/example_external_task_marker_dag.py took 0.741 seconds
[2025-05-09T10:04:56.080+0000] {processor.py:161} INFO - Started process (PID=501) to work on /home/airflow/.local/lib/python3.8/site-packages/airflow/example_dags/example_external_task_marker_dag.py
[2025-05-09T10:04:56.085+0000] {processor.py:830} INFO - Processing file /home/airflow/.local/lib/python3.8/site-packages/airflow/example_dags/example_external_task_marker_dag.py for tasks to queue
[2025-05-09T10:04:56.093+0000] {logging_mixin.py:188} INFO - [2025-05-09T10:04:56.092+0000] {dagbag.py:538} INFO - Filling up the DagBag from /home/airflow/.local/lib/python3.8/site-packages/airflow/example_dags/example_external_task_marker_dag.py
[2025-05-09T10:04:56.108+0000] {processor.py:840} INFO - DAG(s) 'example_external_task_marker_child', 'example_external_task_marker_parent' retrieved from /home/airflow/.local/lib/python3.8/site-packages/airflow/example_dags/example_external_task_marker_dag.py
[2025-05-09T10:04:56.163+0000] {logging_mixin.py:188} INFO - [2025-05-09T10:04:56.163+0000] {dag.py:3036} INFO - Sync 2 DAGs
[2025-05-09T10:04:56.193+0000] {logging_mixin.py:188} INFO - [2025-05-09T10:04:56.193+0000] {dag.py:3823} INFO - Setting next_dagrun for example_external_task_marker_child to None, run_after=None
[2025-05-09T10:04:56.200+0000] {logging_mixin.py:188} INFO - [2025-05-09T10:04:56.200+0000] {dag.py:3823} INFO - Setting next_dagrun for example_external_task_marker_parent to None, run_after=None
[2025-05-09T10:04:56.239+0000] {processor.py:183} INFO - Processing /home/airflow/.local/lib/python3.8/site-packages/airflow/example_dags/example_external_task_marker_dag.py took 0.183 seconds
[2025-05-09T10:05:26.727+0000] {processor.py:161} INFO - Started process (PID=557) to work on /home/airflow/.local/lib/python3.8/site-packages/airflow/example_dags/example_external_task_marker_dag.py
[2025-05-09T10:05:26.732+0000] {processor.py:830} INFO - Processing file /home/airflow/.local/lib/python3.8/site-packages/airflow/example_dags/example_external_task_marker_dag.py for tasks to queue
[2025-05-09T10:05:26.745+0000] {logging_mixin.py:188} INFO - [2025-05-09T10:05:26.743+0000] {dagbag.py:538} INFO - Filling up the DagBag from /home/airflow/.local/lib/python3.8/site-packages/airflow/example_dags/example_external_task_marker_dag.py
[2025-05-09T10:05:26.790+0000] {processor.py:840} INFO - DAG(s) 'example_external_task_marker_parent', 'example_external_task_marker_child' retrieved from /home/airflow/.local/lib/python3.8/site-packages/airflow/example_dags/example_external_task_marker_dag.py
[2025-05-09T10:05:26.924+0000] {logging_mixin.py:188} INFO - [2025-05-09T10:05:26.923+0000] {dag.py:3036} INFO - Sync 2 DAGs
[2025-05-09T10:05:26.973+0000] {logging_mixin.py:188} INFO - [2025-05-09T10:05:26.972+0000] {dag.py:3823} INFO - Setting next_dagrun for example_external_task_marker_child to None, run_after=None
[2025-05-09T10:05:26.981+0000] {logging_mixin.py:188} INFO - [2025-05-09T10:05:26.981+0000] {dag.py:3823} INFO - Setting next_dagrun for example_external_task_marker_parent to None, run_after=None
[2025-05-09T10:05:27.020+0000] {processor.py:183} INFO - Processing /home/airflow/.local/lib/python3.8/site-packages/airflow/example_dags/example_external_task_marker_dag.py took 0.315 seconds
[2025-05-09T10:05:57.617+0000] {processor.py:161} INFO - Started process (PID=613) to work on /home/airflow/.local/lib/python3.8/site-packages/airflow/example_dags/example_external_task_marker_dag.py
[2025-05-09T10:05:57.622+0000] {processor.py:830} INFO - Processing file /home/airflow/.local/lib/python3.8/site-packages/airflow/example_dags/example_external_task_marker_dag.py for tasks to queue
[2025-05-09T10:05:57.634+0000] {logging_mixin.py:188} INFO - [2025-05-09T10:05:57.633+0000] {dagbag.py:538} INFO - Filling up the DagBag from /home/airflow/.local/lib/python3.8/site-packages/airflow/example_dags/example_external_task_marker_dag.py
[2025-05-09T10:05:57.673+0000] {processor.py:840} INFO - DAG(s) 'example_external_task_marker_parent', 'example_external_task_marker_child' retrieved from /home/airflow/.local/lib/python3.8/site-packages/airflow/example_dags/example_external_task_marker_dag.py
[2025-05-09T10:05:57.803+0000] {logging_mixin.py:188} INFO - [2025-05-09T10:05:57.802+0000] {dag.py:3036} INFO - Sync 2 DAGs
[2025-05-09T10:05:57.852+0000] {logging_mixin.py:188} INFO - [2025-05-09T10:05:57.852+0000] {dag.py:3823} INFO - Setting next_dagrun for example_external_task_marker_child to None, run_after=None
[2025-05-09T10:05:57.864+0000] {logging_mixin.py:188} INFO - [2025-05-09T10:05:57.863+0000] {dag.py:3823} INFO - Setting next_dagrun for example_external_task_marker_parent to None, run_after=None
[2025-05-09T10:05:57.917+0000] {processor.py:183} INFO - Processing /home/airflow/.local/lib/python3.8/site-packages/airflow/example_dags/example_external_task_marker_dag.py took 0.328 seconds
[2025-05-09T10:06:28.502+0000] {processor.py:161} INFO - Started process (PID=675) to work on /home/airflow/.local/lib/python3.8/site-packages/airflow/example_dags/example_external_task_marker_dag.py
[2025-05-09T10:06:28.507+0000] {processor.py:830} INFO - Processing file /home/airflow/.local/lib/python3.8/site-packages/airflow/example_dags/example_external_task_marker_dag.py for tasks to queue
[2025-05-09T10:06:28.517+0000] {logging_mixin.py:188} INFO - [2025-05-09T10:06:28.515+0000] {dagbag.py:538} INFO - Filling up the DagBag from /home/airflow/.local/lib/python3.8/site-packages/airflow/example_dags/example_external_task_marker_dag.py
[2025-05-09T10:06:28.549+0000] {processor.py:840} INFO - DAG(s) 'example_external_task_marker_parent', 'example_external_task_marker_child' retrieved from /home/airflow/.local/lib/python3.8/site-packages/airflow/example_dags/example_external_task_marker_dag.py
[2025-05-09T10:06:28.673+0000] {logging_mixin.py:188} INFO - [2025-05-09T10:06:28.672+0000] {dag.py:3036} INFO - Sync 2 DAGs
[2025-05-09T10:06:28.750+0000] {logging_mixin.py:188} INFO - [2025-05-09T10:06:28.749+0000] {dag.py:3823} INFO - Setting next_dagrun for example_external_task_marker_child to None, run_after=None
[2025-05-09T10:06:28.770+0000] {logging_mixin.py:188} INFO - [2025-05-09T10:06:28.769+0000] {dag.py:3823} INFO - Setting next_dagrun for example_external_task_marker_parent to None, run_after=None
[2025-05-09T10:06:28.901+0000] {processor.py:183} INFO - Processing /home/airflow/.local/lib/python3.8/site-packages/airflow/example_dags/example_external_task_marker_dag.py took 0.416 seconds
[2025-05-09T10:09:26.541+0000] {processor.py:161} INFO - Started process (PID=106) to work on /home/airflow/.local/lib/python3.8/site-packages/airflow/example_dags/example_external_task_marker_dag.py
[2025-05-09T10:09:26.543+0000] {processor.py:830} INFO - Processing file /home/airflow/.local/lib/python3.8/site-packages/airflow/example_dags/example_external_task_marker_dag.py for tasks to queue
[2025-05-09T10:09:26.548+0000] {logging_mixin.py:188} INFO - [2025-05-09T10:09:26.547+0000] {dagbag.py:538} INFO - Filling up the DagBag from /home/airflow/.local/lib/python3.8/site-packages/airflow/example_dags/example_external_task_marker_dag.py
[2025-05-09T10:09:26.563+0000] {processor.py:840} INFO - DAG(s) 'example_external_task_marker_parent', 'example_external_task_marker_child' retrieved from /home/airflow/.local/lib/python3.8/site-packages/airflow/example_dags/example_external_task_marker_dag.py
[2025-05-09T10:09:26.854+0000] {logging_mixin.py:188} INFO - [2025-05-09T10:09:26.853+0000] {dag.py:3036} INFO - Sync 2 DAGs
[2025-05-09T10:09:26.882+0000] {logging_mixin.py:188} INFO - [2025-05-09T10:09:26.882+0000] {dag.py:3823} INFO - Setting next_dagrun for example_external_task_marker_child to None, run_after=None
[2025-05-09T10:09:26.889+0000] {logging_mixin.py:188} INFO - [2025-05-09T10:09:26.889+0000] {dag.py:3823} INFO - Setting next_dagrun for example_external_task_marker_parent to None, run_after=None
[2025-05-09T10:09:26.939+0000] {processor.py:183} INFO - Processing /home/airflow/.local/lib/python3.8/site-packages/airflow/example_dags/example_external_task_marker_dag.py took 0.404 seconds
[2025-05-09T10:09:57.178+0000] {processor.py:161} INFO - Started process (PID=161) to work on /home/airflow/.local/lib/python3.8/site-packages/airflow/example_dags/example_external_task_marker_dag.py
[2025-05-09T10:09:57.252+0000] {processor.py:830} INFO - Processing file /home/airflow/.local/lib/python3.8/site-packages/airflow/example_dags/example_external_task_marker_dag.py for tasks to queue
[2025-05-09T10:09:57.274+0000] {logging_mixin.py:188} INFO - [2025-05-09T10:09:57.272+0000] {dagbag.py:538} INFO - Filling up the DagBag from /home/airflow/.local/lib/python3.8/site-packages/airflow/example_dags/example_external_task_marker_dag.py
[2025-05-09T10:09:57.387+0000] {processor.py:840} INFO - DAG(s) 'example_external_task_marker_parent', 'example_external_task_marker_child' retrieved from /home/airflow/.local/lib/python3.8/site-packages/airflow/example_dags/example_external_task_marker_dag.py
[2025-05-09T10:09:57.463+0000] {logging_mixin.py:188} INFO - [2025-05-09T10:09:57.463+0000] {dag.py:3036} INFO - Sync 2 DAGs
[2025-05-09T10:09:57.492+0000] {logging_mixin.py:188} INFO - [2025-05-09T10:09:57.491+0000] {dag.py:3823} INFO - Setting next_dagrun for example_external_task_marker_child to None, run_after=None
[2025-05-09T10:09:57.500+0000] {logging_mixin.py:188} INFO - [2025-05-09T10:09:57.499+0000] {dag.py:3823} INFO - Setting next_dagrun for example_external_task_marker_parent to None, run_after=None
[2025-05-09T10:09:57.666+0000] {processor.py:183} INFO - Processing /home/airflow/.local/lib/python3.8/site-packages/airflow/example_dags/example_external_task_marker_dag.py took 0.501 seconds
[2025-05-09T10:10:28.246+0000] {processor.py:161} INFO - Started process (PID=218) to work on /home/airflow/.local/lib/python3.8/site-packages/airflow/example_dags/example_external_task_marker_dag.py
[2025-05-09T10:10:28.248+0000] {processor.py:830} INFO - Processing file /home/airflow/.local/lib/python3.8/site-packages/airflow/example_dags/example_external_task_marker_dag.py for tasks to queue
[2025-05-09T10:10:28.251+0000] {logging_mixin.py:188} INFO - [2025-05-09T10:10:28.251+0000] {dagbag.py:538} INFO - Filling up the DagBag from /home/airflow/.local/lib/python3.8/site-packages/airflow/example_dags/example_external_task_marker_dag.py
[2025-05-09T10:10:28.260+0000] {processor.py:840} INFO - DAG(s) 'example_external_task_marker_child', 'example_external_task_marker_parent' retrieved from /home/airflow/.local/lib/python3.8/site-packages/airflow/example_dags/example_external_task_marker_dag.py
[2025-05-09T10:10:28.314+0000] {logging_mixin.py:188} INFO - [2025-05-09T10:10:28.314+0000] {dag.py:3036} INFO - Sync 2 DAGs
[2025-05-09T10:10:28.349+0000] {logging_mixin.py:188} INFO - [2025-05-09T10:10:28.349+0000] {dag.py:3823} INFO - Setting next_dagrun for example_external_task_marker_child to None, run_after=None
[2025-05-09T10:10:28.360+0000] {logging_mixin.py:188} INFO - [2025-05-09T10:10:28.359+0000] {dag.py:3823} INFO - Setting next_dagrun for example_external_task_marker_parent to None, run_after=None
[2025-05-09T10:10:28.454+0000] {processor.py:183} INFO - Processing /home/airflow/.local/lib/python3.8/site-packages/airflow/example_dags/example_external_task_marker_dag.py took 0.213 seconds
[2025-05-09T10:10:59.619+0000] {processor.py:161} INFO - Started process (PID=280) to work on /home/airflow/.local/lib/python3.8/site-packages/airflow/example_dags/example_external_task_marker_dag.py
[2025-05-09T10:10:59.625+0000] {processor.py:830} INFO - Processing file /home/airflow/.local/lib/python3.8/site-packages/airflow/example_dags/example_external_task_marker_dag.py for tasks to queue
[2025-05-09T10:10:59.630+0000] {logging_mixin.py:188} INFO - [2025-05-09T10:10:59.629+0000] {dagbag.py:538} INFO - Filling up the DagBag from /home/airflow/.local/lib/python3.8/site-packages/airflow/example_dags/example_external_task_marker_dag.py
[2025-05-09T10:10:59.654+0000] {processor.py:840} INFO - DAG(s) 'example_external_task_marker_child', 'example_external_task_marker_parent' retrieved from /home/airflow/.local/lib/python3.8/site-packages/airflow/example_dags/example_external_task_marker_dag.py
[2025-05-09T10:10:59.726+0000] {logging_mixin.py:188} INFO - [2025-05-09T10:10:59.725+0000] {dag.py:3036} INFO - Sync 2 DAGs
[2025-05-09T10:10:59.786+0000] {logging_mixin.py:188} INFO - [2025-05-09T10:10:59.785+0000] {dag.py:3823} INFO - Setting next_dagrun for example_external_task_marker_child to None, run_after=None
[2025-05-09T10:10:59.807+0000] {logging_mixin.py:188} INFO - [2025-05-09T10:10:59.806+0000] {dag.py:3823} INFO - Setting next_dagrun for example_external_task_marker_parent to None, run_after=None
[2025-05-09T10:10:59.889+0000] {processor.py:183} INFO - Processing /home/airflow/.local/lib/python3.8/site-packages/airflow/example_dags/example_external_task_marker_dag.py took 0.283 seconds
[2025-05-09T10:11:30.144+0000] {processor.py:161} INFO - Started process (PID=336) to work on /home/airflow/.local/lib/python3.8/site-packages/airflow/example_dags/example_external_task_marker_dag.py
[2025-05-09T10:11:30.146+0000] {processor.py:830} INFO - Processing file /home/airflow/.local/lib/python3.8/site-packages/airflow/example_dags/example_external_task_marker_dag.py for tasks to queue
[2025-05-09T10:11:30.149+0000] {logging_mixin.py:188} INFO - [2025-05-09T10:11:30.149+0000] {dagbag.py:538} INFO - Filling up the DagBag from /home/airflow/.local/lib/python3.8/site-packages/airflow/example_dags/example_external_task_marker_dag.py
[2025-05-09T10:11:30.160+0000] {processor.py:840} INFO - DAG(s) 'example_external_task_marker_parent', 'example_external_task_marker_child' retrieved from /home/airflow/.local/lib/python3.8/site-packages/airflow/example_dags/example_external_task_marker_dag.py
[2025-05-09T10:11:30.203+0000] {logging_mixin.py:188} INFO - [2025-05-09T10:11:30.203+0000] {dag.py:3036} INFO - Sync 2 DAGs
[2025-05-09T10:11:30.226+0000] {logging_mixin.py:188} INFO - [2025-05-09T10:11:30.225+0000] {dag.py:3823} INFO - Setting next_dagrun for example_external_task_marker_child to None, run_after=None
[2025-05-09T10:11:30.232+0000] {logging_mixin.py:188} INFO - [2025-05-09T10:11:30.232+0000] {dag.py:3823} INFO - Setting next_dagrun for example_external_task_marker_parent to None, run_after=None
[2025-05-09T10:11:30.264+0000] {processor.py:183} INFO - Processing /home/airflow/.local/lib/python3.8/site-packages/airflow/example_dags/example_external_task_marker_dag.py took 0.125 seconds
[2025-05-09T10:12:00.465+0000] {processor.py:161} INFO - Started process (PID=392) to work on /home/airflow/.local/lib/python3.8/site-packages/airflow/example_dags/example_external_task_marker_dag.py
[2025-05-09T10:12:00.467+0000] {processor.py:830} INFO - Processing file /home/airflow/.local/lib/python3.8/site-packages/airflow/example_dags/example_external_task_marker_dag.py for tasks to queue
[2025-05-09T10:12:00.470+0000] {logging_mixin.py:188} INFO - [2025-05-09T10:12:00.470+0000] {dagbag.py:538} INFO - Filling up the DagBag from /home/airflow/.local/lib/python3.8/site-packages/airflow/example_dags/example_external_task_marker_dag.py
[2025-05-09T10:12:00.481+0000] {processor.py:840} INFO - DAG(s) 'example_external_task_marker_child', 'example_external_task_marker_parent' retrieved from /home/airflow/.local/lib/python3.8/site-packages/airflow/example_dags/example_external_task_marker_dag.py
[2025-05-09T10:12:00.525+0000] {logging_mixin.py:188} INFO - [2025-05-09T10:12:00.525+0000] {dag.py:3036} INFO - Sync 2 DAGs
[2025-05-09T10:12:00.548+0000] {logging_mixin.py:188} INFO - [2025-05-09T10:12:00.547+0000] {dag.py:3823} INFO - Setting next_dagrun for example_external_task_marker_child to None, run_after=None
[2025-05-09T10:12:00.554+0000] {logging_mixin.py:188} INFO - [2025-05-09T10:12:00.554+0000] {dag.py:3823} INFO - Setting next_dagrun for example_external_task_marker_parent to None, run_after=None
[2025-05-09T10:12:00.583+0000] {processor.py:183} INFO - Processing /home/airflow/.local/lib/python3.8/site-packages/airflow/example_dags/example_external_task_marker_dag.py took 0.123 seconds
[2025-05-09T10:12:31.779+0000] {processor.py:161} INFO - Started process (PID=448) to work on /home/airflow/.local/lib/python3.8/site-packages/airflow/example_dags/example_external_task_marker_dag.py
[2025-05-09T10:12:31.789+0000] {processor.py:830} INFO - Processing file /home/airflow/.local/lib/python3.8/site-packages/airflow/example_dags/example_external_task_marker_dag.py for tasks to queue
[2025-05-09T10:12:31.801+0000] {logging_mixin.py:188} INFO - [2025-05-09T10:12:31.799+0000] {dagbag.py:538} INFO - Filling up the DagBag from /home/airflow/.local/lib/python3.8/site-packages/airflow/example_dags/example_external_task_marker_dag.py
[2025-05-09T10:12:31.837+0000] {processor.py:840} INFO - DAG(s) 'example_external_task_marker_parent', 'example_external_task_marker_child' retrieved from /home/airflow/.local/lib/python3.8/site-packages/airflow/example_dags/example_external_task_marker_dag.py
[2025-05-09T10:12:31.948+0000] {logging_mixin.py:188} INFO - [2025-05-09T10:12:31.947+0000] {dag.py:3036} INFO - Sync 2 DAGs
[2025-05-09T10:12:32.010+0000] {logging_mixin.py:188} INFO - [2025-05-09T10:12:32.009+0000] {dag.py:3823} INFO - Setting next_dagrun for example_external_task_marker_child to None, run_after=None
[2025-05-09T10:12:32.027+0000] {logging_mixin.py:188} INFO - [2025-05-09T10:12:32.027+0000] {dag.py:3823} INFO - Setting next_dagrun for example_external_task_marker_parent to None, run_after=None
[2025-05-09T10:12:32.122+0000] {processor.py:183} INFO - Processing /home/airflow/.local/lib/python3.8/site-packages/airflow/example_dags/example_external_task_marker_dag.py took 0.360 seconds
[2025-05-09T10:13:02.543+0000] {processor.py:161} INFO - Started process (PID=504) to work on /home/airflow/.local/lib/python3.8/site-packages/airflow/example_dags/example_external_task_marker_dag.py
[2025-05-09T10:13:02.546+0000] {processor.py:830} INFO - Processing file /home/airflow/.local/lib/python3.8/site-packages/airflow/example_dags/example_external_task_marker_dag.py for tasks to queue
[2025-05-09T10:13:02.549+0000] {logging_mixin.py:188} INFO - [2025-05-09T10:13:02.549+0000] {dagbag.py:538} INFO - Filling up the DagBag from /home/airflow/.local/lib/python3.8/site-packages/airflow/example_dags/example_external_task_marker_dag.py
[2025-05-09T10:13:02.563+0000] {processor.py:840} INFO - DAG(s) 'example_external_task_marker_parent', 'example_external_task_marker_child' retrieved from /home/airflow/.local/lib/python3.8/site-packages/airflow/example_dags/example_external_task_marker_dag.py
[2025-05-09T10:13:02.619+0000] {logging_mixin.py:188} INFO - [2025-05-09T10:13:02.617+0000] {dag.py:3036} INFO - Sync 2 DAGs
[2025-05-09T10:13:02.650+0000] {logging_mixin.py:188} INFO - [2025-05-09T10:13:02.649+0000] {dag.py:3823} INFO - Setting next_dagrun for example_external_task_marker_child to None, run_after=None
[2025-05-09T10:13:02.661+0000] {logging_mixin.py:188} INFO - [2025-05-09T10:13:02.660+0000] {dag.py:3823} INFO - Setting next_dagrun for example_external_task_marker_parent to None, run_after=None
[2025-05-09T10:13:02.707+0000] {processor.py:183} INFO - Processing /home/airflow/.local/lib/python3.8/site-packages/airflow/example_dags/example_external_task_marker_dag.py took 0.173 seconds
[2025-05-09T10:13:33.355+0000] {processor.py:161} INFO - Started process (PID=560) to work on /home/airflow/.local/lib/python3.8/site-packages/airflow/example_dags/example_external_task_marker_dag.py
[2025-05-09T10:13:33.363+0000] {processor.py:830} INFO - Processing file /home/airflow/.local/lib/python3.8/site-packages/airflow/example_dags/example_external_task_marker_dag.py for tasks to queue
[2025-05-09T10:13:33.376+0000] {logging_mixin.py:188} INFO - [2025-05-09T10:13:33.374+0000] {dagbag.py:538} INFO - Filling up the DagBag from /home/airflow/.local/lib/python3.8/site-packages/airflow/example_dags/example_external_task_marker_dag.py
[2025-05-09T10:13:33.413+0000] {processor.py:840} INFO - DAG(s) 'example_external_task_marker_child', 'example_external_task_marker_parent' retrieved from /home/airflow/.local/lib/python3.8/site-packages/airflow/example_dags/example_external_task_marker_dag.py
[2025-05-09T10:13:33.530+0000] {logging_mixin.py:188} INFO - [2025-05-09T10:13:33.529+0000] {dag.py:3036} INFO - Sync 2 DAGs
[2025-05-09T10:13:33.599+0000] {logging_mixin.py:188} INFO - [2025-05-09T10:13:33.598+0000] {dag.py:3823} INFO - Setting next_dagrun for example_external_task_marker_child to None, run_after=None
[2025-05-09T10:13:33.618+0000] {logging_mixin.py:188} INFO - [2025-05-09T10:13:33.617+0000] {dag.py:3823} INFO - Setting next_dagrun for example_external_task_marker_parent to None, run_after=None
[2025-05-09T10:13:33.697+0000] {processor.py:183} INFO - Processing /home/airflow/.local/lib/python3.8/site-packages/airflow/example_dags/example_external_task_marker_dag.py took 0.364 seconds
[2025-05-09T10:14:04.102+0000] {processor.py:161} INFO - Started process (PID=616) to work on /home/airflow/.local/lib/python3.8/site-packages/airflow/example_dags/example_external_task_marker_dag.py
[2025-05-09T10:14:04.107+0000] {processor.py:830} INFO - Processing file /home/airflow/.local/lib/python3.8/site-packages/airflow/example_dags/example_external_task_marker_dag.py for tasks to queue
[2025-05-09T10:14:04.117+0000] {logging_mixin.py:188} INFO - [2025-05-09T10:14:04.115+0000] {dagbag.py:538} INFO - Filling up the DagBag from /home/airflow/.local/lib/python3.8/site-packages/airflow/example_dags/example_external_task_marker_dag.py
[2025-05-09T10:14:04.150+0000] {processor.py:840} INFO - DAG(s) 'example_external_task_marker_child', 'example_external_task_marker_parent' retrieved from /home/airflow/.local/lib/python3.8/site-packages/airflow/example_dags/example_external_task_marker_dag.py
[2025-05-09T10:14:04.326+0000] {logging_mixin.py:188} INFO - [2025-05-09T10:14:04.325+0000] {dag.py:3036} INFO - Sync 2 DAGs
[2025-05-09T10:14:04.387+0000] {logging_mixin.py:188} INFO - [2025-05-09T10:14:04.386+0000] {dag.py:3823} INFO - Setting next_dagrun for example_external_task_marker_child to None, run_after=None
[2025-05-09T10:14:04.420+0000] {logging_mixin.py:188} INFO - [2025-05-09T10:14:04.419+0000] {dag.py:3823} INFO - Setting next_dagrun for example_external_task_marker_parent to None, run_after=None
[2025-05-09T10:14:04.460+0000] {processor.py:183} INFO - Processing /home/airflow/.local/lib/python3.8/site-packages/airflow/example_dags/example_external_task_marker_dag.py took 0.377 seconds
