[2025-05-09T10:01:15.121+0000] {processor.py:161} INFO - Started process (PID=104) to work on /home/airflow/.local/lib/python3.8/site-packages/airflow/example_dags/example_short_circuit_decorator.py
[2025-05-09T10:01:15.128+0000] {processor.py:830} INFO - Processing file /home/airflow/.local/lib/python3.8/site-packages/airflow/example_dags/example_short_circuit_decorator.py for tasks to queue
[2025-05-09T10:01:15.145+0000] {logging_mixin.py:188} INFO - [2025-05-09T10:01:15.142+0000] {dagbag.py:538} INFO - Filling up the DagBag from /home/airflow/.local/lib/python3.8/site-packages/airflow/example_dags/example_short_circuit_decorator.py
[2025-05-09T10:01:15.221+0000] {processor.py:840} INFO - DAG(s) 'example_short_circuit_decorator' retrieved from /home/airflow/.local/lib/python3.8/site-packages/airflow/example_dags/example_short_circuit_decorator.py
[2025-05-09T10:01:15.414+0000] {logging_mixin.py:188} INFO - [2025-05-09T10:01:15.390+0000] {dag.py:3036} INFO - Sync 1 DAGs
[2025-05-09T10:01:15.811+0000] {logging_mixin.py:188} INFO - [2025-05-09T10:01:15.810+0000] {dag.py:3823} INFO - Setting next_dagrun for example_short_circuit_decorator to 2025-05-08 00:00:00+00:00, run_after=2025-05-09 00:00:00+00:00
[2025-05-09T10:01:16.180+0000] {processor.py:183} INFO - Processing /home/airflow/.local/lib/python3.8/site-packages/airflow/example_dags/example_short_circuit_decorator.py took 1.120 seconds
[2025-05-09T10:01:47.139+0000] {processor.py:161} INFO - Started process (PID=160) to work on /home/airflow/.local/lib/python3.8/site-packages/airflow/example_dags/example_short_circuit_decorator.py
[2025-05-09T10:01:47.142+0000] {processor.py:830} INFO - Processing file /home/airflow/.local/lib/python3.8/site-packages/airflow/example_dags/example_short_circuit_decorator.py for tasks to queue
[2025-05-09T10:01:47.146+0000] {logging_mixin.py:188} INFO - [2025-05-09T10:01:47.145+0000] {dagbag.py:538} INFO - Filling up the DagBag from /home/airflow/.local/lib/python3.8/site-packages/airflow/example_dags/example_short_circuit_decorator.py
[2025-05-09T10:01:47.164+0000] {processor.py:840} INFO - DAG(s) 'example_short_circuit_decorator' retrieved from /home/airflow/.local/lib/python3.8/site-packages/airflow/example_dags/example_short_circuit_decorator.py
[2025-05-09T10:01:47.358+0000] {logging_mixin.py:188} INFO - [2025-05-09T10:01:47.358+0000] {dag.py:3036} INFO - Sync 1 DAGs
[2025-05-09T10:01:47.395+0000] {logging_mixin.py:188} INFO - [2025-05-09T10:01:47.395+0000] {dag.py:3823} INFO - Setting next_dagrun for example_short_circuit_decorator to 2025-05-08 00:00:00+00:00, run_after=2025-05-09 00:00:00+00:00
[2025-05-09T10:01:47.438+0000] {processor.py:183} INFO - Processing /home/airflow/.local/lib/python3.8/site-packages/airflow/example_dags/example_short_circuit_decorator.py took 0.305 seconds
[2025-05-09T10:02:17.731+0000] {processor.py:161} INFO - Started process (PID=216) to work on /home/airflow/.local/lib/python3.8/site-packages/airflow/example_dags/example_short_circuit_decorator.py
[2025-05-09T10:02:17.747+0000] {processor.py:830} INFO - Processing file /home/airflow/.local/lib/python3.8/site-packages/airflow/example_dags/example_short_circuit_decorator.py for tasks to queue
[2025-05-09T10:02:17.755+0000] {logging_mixin.py:188} INFO - [2025-05-09T10:02:17.754+0000] {dagbag.py:538} INFO - Filling up the DagBag from /home/airflow/.local/lib/python3.8/site-packages/airflow/example_dags/example_short_circuit_decorator.py
[2025-05-09T10:02:17.799+0000] {processor.py:840} INFO - DAG(s) 'example_short_circuit_decorator' retrieved from /home/airflow/.local/lib/python3.8/site-packages/airflow/example_dags/example_short_circuit_decorator.py
[2025-05-09T10:02:17.948+0000] {logging_mixin.py:188} INFO - [2025-05-09T10:02:17.947+0000] {dag.py:3036} INFO - Sync 1 DAGs
[2025-05-09T10:02:18.051+0000] {logging_mixin.py:188} INFO - [2025-05-09T10:02:18.050+0000] {dag.py:3823} INFO - Setting next_dagrun for example_short_circuit_decorator to 2025-05-08 00:00:00+00:00, run_after=2025-05-09 00:00:00+00:00
[2025-05-09T10:02:18.136+0000] {processor.py:183} INFO - Processing /home/airflow/.local/lib/python3.8/site-packages/airflow/example_dags/example_short_circuit_decorator.py took 0.421 seconds
[2025-05-09T10:02:48.666+0000] {processor.py:161} INFO - Started process (PID=272) to work on /home/airflow/.local/lib/python3.8/site-packages/airflow/example_dags/example_short_circuit_decorator.py
[2025-05-09T10:02:48.672+0000] {processor.py:830} INFO - Processing file /home/airflow/.local/lib/python3.8/site-packages/airflow/example_dags/example_short_circuit_decorator.py for tasks to queue
[2025-05-09T10:02:48.692+0000] {logging_mixin.py:188} INFO - [2025-05-09T10:02:48.691+0000] {dagbag.py:538} INFO - Filling up the DagBag from /home/airflow/.local/lib/python3.8/site-packages/airflow/example_dags/example_short_circuit_decorator.py
[2025-05-09T10:02:48.734+0000] {processor.py:840} INFO - DAG(s) 'example_short_circuit_decorator' retrieved from /home/airflow/.local/lib/python3.8/site-packages/airflow/example_dags/example_short_circuit_decorator.py
[2025-05-09T10:02:48.786+0000] {logging_mixin.py:188} INFO - [2025-05-09T10:02:48.785+0000] {dag.py:3036} INFO - Sync 1 DAGs
[2025-05-09T10:02:48.864+0000] {logging_mixin.py:188} INFO - [2025-05-09T10:02:48.863+0000] {dag.py:3823} INFO - Setting next_dagrun for example_short_circuit_decorator to 2025-05-08 00:00:00+00:00, run_after=2025-05-09 00:00:00+00:00
[2025-05-09T10:02:48.963+0000] {processor.py:183} INFO - Processing /home/airflow/.local/lib/python3.8/site-packages/airflow/example_dags/example_short_circuit_decorator.py took 0.319 seconds
[2025-05-09T10:03:19.227+0000] {processor.py:161} INFO - Started process (PID=328) to work on /home/airflow/.local/lib/python3.8/site-packages/airflow/example_dags/example_short_circuit_decorator.py
[2025-05-09T10:03:19.233+0000] {processor.py:830} INFO - Processing file /home/airflow/.local/lib/python3.8/site-packages/airflow/example_dags/example_short_circuit_decorator.py for tasks to queue
[2025-05-09T10:03:19.238+0000] {logging_mixin.py:188} INFO - [2025-05-09T10:03:19.237+0000] {dagbag.py:538} INFO - Filling up the DagBag from /home/airflow/.local/lib/python3.8/site-packages/airflow/example_dags/example_short_circuit_decorator.py
[2025-05-09T10:03:19.271+0000] {processor.py:840} INFO - DAG(s) 'example_short_circuit_decorator' retrieved from /home/airflow/.local/lib/python3.8/site-packages/airflow/example_dags/example_short_circuit_decorator.py
[2025-05-09T10:03:19.321+0000] {logging_mixin.py:188} INFO - [2025-05-09T10:03:19.320+0000] {dag.py:3036} INFO - Sync 1 DAGs
[2025-05-09T10:03:19.363+0000] {logging_mixin.py:188} INFO - [2025-05-09T10:03:19.362+0000] {dag.py:3823} INFO - Setting next_dagrun for example_short_circuit_decorator to 2025-05-08 00:00:00+00:00, run_after=2025-05-09 00:00:00+00:00
[2025-05-09T10:03:19.399+0000] {processor.py:183} INFO - Processing /home/airflow/.local/lib/python3.8/site-packages/airflow/example_dags/example_short_circuit_decorator.py took 0.191 seconds
[2025-05-09T10:03:49.504+0000] {processor.py:161} INFO - Started process (PID=384) to work on /home/airflow/.local/lib/python3.8/site-packages/airflow/example_dags/example_short_circuit_decorator.py
[2025-05-09T10:03:49.507+0000] {processor.py:830} INFO - Processing file /home/airflow/.local/lib/python3.8/site-packages/airflow/example_dags/example_short_circuit_decorator.py for tasks to queue
[2025-05-09T10:03:49.511+0000] {logging_mixin.py:188} INFO - [2025-05-09T10:03:49.511+0000] {dagbag.py:538} INFO - Filling up the DagBag from /home/airflow/.local/lib/python3.8/site-packages/airflow/example_dags/example_short_circuit_decorator.py
[2025-05-09T10:03:49.538+0000] {processor.py:840} INFO - DAG(s) 'example_short_circuit_decorator' retrieved from /home/airflow/.local/lib/python3.8/site-packages/airflow/example_dags/example_short_circuit_decorator.py
[2025-05-09T10:03:49.591+0000] {logging_mixin.py:188} INFO - [2025-05-09T10:03:49.591+0000] {dag.py:3036} INFO - Sync 1 DAGs
[2025-05-09T10:03:49.628+0000] {logging_mixin.py:188} INFO - [2025-05-09T10:03:49.627+0000] {dag.py:3823} INFO - Setting next_dagrun for example_short_circuit_decorator to 2025-05-08 00:00:00+00:00, run_after=2025-05-09 00:00:00+00:00
[2025-05-09T10:03:49.660+0000] {processor.py:183} INFO - Processing /home/airflow/.local/lib/python3.8/site-packages/airflow/example_dags/example_short_circuit_decorator.py took 0.168 seconds
[2025-05-09T10:04:19.958+0000] {processor.py:161} INFO - Started process (PID=439) to work on /home/airflow/.local/lib/python3.8/site-packages/airflow/example_dags/example_short_circuit_decorator.py
[2025-05-09T10:04:19.964+0000] {processor.py:830} INFO - Processing file /home/airflow/.local/lib/python3.8/site-packages/airflow/example_dags/example_short_circuit_decorator.py for tasks to queue
[2025-05-09T10:04:19.968+0000] {logging_mixin.py:188} INFO - [2025-05-09T10:04:19.967+0000] {dagbag.py:538} INFO - Filling up the DagBag from /home/airflow/.local/lib/python3.8/site-packages/airflow/example_dags/example_short_circuit_decorator.py
[2025-05-09T10:04:20.001+0000] {processor.py:840} INFO - DAG(s) 'example_short_circuit_decorator' retrieved from /home/airflow/.local/lib/python3.8/site-packages/airflow/example_dags/example_short_circuit_decorator.py
[2025-05-09T10:04:20.055+0000] {logging_mixin.py:188} INFO - [2025-05-09T10:04:20.055+0000] {dag.py:3036} INFO - Sync 1 DAGs
[2025-05-09T10:04:20.136+0000] {logging_mixin.py:188} INFO - [2025-05-09T10:04:20.135+0000] {dag.py:3823} INFO - Setting next_dagrun for example_short_circuit_decorator to 2025-05-08 00:00:00+00:00, run_after=2025-05-09 00:00:00+00:00
[2025-05-09T10:04:20.212+0000] {processor.py:183} INFO - Processing /home/airflow/.local/lib/python3.8/site-packages/airflow/example_dags/example_short_circuit_decorator.py took 0.264 seconds
[2025-05-09T10:04:51.059+0000] {processor.py:161} INFO - Started process (PID=496) to work on /home/airflow/.local/lib/python3.8/site-packages/airflow/example_dags/example_short_circuit_decorator.py
[2025-05-09T10:04:51.061+0000] {processor.py:830} INFO - Processing file /home/airflow/.local/lib/python3.8/site-packages/airflow/example_dags/example_short_circuit_decorator.py for tasks to queue
[2025-05-09T10:04:51.064+0000] {logging_mixin.py:188} INFO - [2025-05-09T10:04:51.064+0000] {dagbag.py:538} INFO - Filling up the DagBag from /home/airflow/.local/lib/python3.8/site-packages/airflow/example_dags/example_short_circuit_decorator.py
[2025-05-09T10:04:51.081+0000] {processor.py:840} INFO - DAG(s) 'example_short_circuit_decorator' retrieved from /home/airflow/.local/lib/python3.8/site-packages/airflow/example_dags/example_short_circuit_decorator.py
[2025-05-09T10:04:51.122+0000] {logging_mixin.py:188} INFO - [2025-05-09T10:04:51.122+0000] {dag.py:3036} INFO - Sync 1 DAGs
[2025-05-09T10:04:51.168+0000] {logging_mixin.py:188} INFO - [2025-05-09T10:04:51.168+0000] {dag.py:3823} INFO - Setting next_dagrun for example_short_circuit_decorator to 2025-05-08 00:00:00+00:00, run_after=2025-05-09 00:00:00+00:00
[2025-05-09T10:04:51.206+0000] {processor.py:183} INFO - Processing /home/airflow/.local/lib/python3.8/site-packages/airflow/example_dags/example_short_circuit_decorator.py took 0.153 seconds
[2025-05-09T10:05:21.783+0000] {processor.py:161} INFO - Started process (PID=552) to work on /home/airflow/.local/lib/python3.8/site-packages/airflow/example_dags/example_short_circuit_decorator.py
[2025-05-09T10:05:21.786+0000] {processor.py:830} INFO - Processing file /home/airflow/.local/lib/python3.8/site-packages/airflow/example_dags/example_short_circuit_decorator.py for tasks to queue
[2025-05-09T10:05:21.790+0000] {logging_mixin.py:188} INFO - [2025-05-09T10:05:21.789+0000] {dagbag.py:538} INFO - Filling up the DagBag from /home/airflow/.local/lib/python3.8/site-packages/airflow/example_dags/example_short_circuit_decorator.py
[2025-05-09T10:05:21.814+0000] {processor.py:840} INFO - DAG(s) 'example_short_circuit_decorator' retrieved from /home/airflow/.local/lib/python3.8/site-packages/airflow/example_dags/example_short_circuit_decorator.py
[2025-05-09T10:05:21.895+0000] {logging_mixin.py:188} INFO - [2025-05-09T10:05:21.894+0000] {dag.py:3036} INFO - Sync 1 DAGs
[2025-05-09T10:05:21.930+0000] {logging_mixin.py:188} INFO - [2025-05-09T10:05:21.929+0000] {dag.py:3823} INFO - Setting next_dagrun for example_short_circuit_decorator to 2025-05-08 00:00:00+00:00, run_after=2025-05-09 00:00:00+00:00
[2025-05-09T10:05:21.960+0000] {processor.py:183} INFO - Processing /home/airflow/.local/lib/python3.8/site-packages/airflow/example_dags/example_short_circuit_decorator.py took 0.184 seconds
[2025-05-09T10:05:52.649+0000] {processor.py:161} INFO - Started process (PID=608) to work on /home/airflow/.local/lib/python3.8/site-packages/airflow/example_dags/example_short_circuit_decorator.py
[2025-05-09T10:05:52.651+0000] {processor.py:830} INFO - Processing file /home/airflow/.local/lib/python3.8/site-packages/airflow/example_dags/example_short_circuit_decorator.py for tasks to queue
[2025-05-09T10:05:52.654+0000] {logging_mixin.py:188} INFO - [2025-05-09T10:05:52.654+0000] {dagbag.py:538} INFO - Filling up the DagBag from /home/airflow/.local/lib/python3.8/site-packages/airflow/example_dags/example_short_circuit_decorator.py
[2025-05-09T10:05:52.671+0000] {processor.py:840} INFO - DAG(s) 'example_short_circuit_decorator' retrieved from /home/airflow/.local/lib/python3.8/site-packages/airflow/example_dags/example_short_circuit_decorator.py
[2025-05-09T10:05:52.713+0000] {logging_mixin.py:188} INFO - [2025-05-09T10:05:52.713+0000] {dag.py:3036} INFO - Sync 1 DAGs
[2025-05-09T10:05:52.753+0000] {logging_mixin.py:188} INFO - [2025-05-09T10:05:52.753+0000] {dag.py:3823} INFO - Setting next_dagrun for example_short_circuit_decorator to 2025-05-08 00:00:00+00:00, run_after=2025-05-09 00:00:00+00:00
[2025-05-09T10:05:52.783+0000] {processor.py:183} INFO - Processing /home/airflow/.local/lib/python3.8/site-packages/airflow/example_dags/example_short_circuit_decorator.py took 0.140 seconds
[2025-05-09T10:06:23.338+0000] {processor.py:161} INFO - Started process (PID=664) to work on /home/airflow/.local/lib/python3.8/site-packages/airflow/example_dags/example_short_circuit_decorator.py
[2025-05-09T10:06:23.344+0000] {processor.py:830} INFO - Processing file /home/airflow/.local/lib/python3.8/site-packages/airflow/example_dags/example_short_circuit_decorator.py for tasks to queue
[2025-05-09T10:06:23.358+0000] {logging_mixin.py:188} INFO - [2025-05-09T10:06:23.356+0000] {dagbag.py:538} INFO - Filling up the DagBag from /home/airflow/.local/lib/python3.8/site-packages/airflow/example_dags/example_short_circuit_decorator.py
[2025-05-09T10:06:23.422+0000] {processor.py:840} INFO - DAG(s) 'example_short_circuit_decorator' retrieved from /home/airflow/.local/lib/python3.8/site-packages/airflow/example_dags/example_short_circuit_decorator.py
[2025-05-09T10:06:23.548+0000] {logging_mixin.py:188} INFO - [2025-05-09T10:06:23.547+0000] {dag.py:3036} INFO - Sync 1 DAGs
[2025-05-09T10:06:23.654+0000] {logging_mixin.py:188} INFO - [2025-05-09T10:06:23.654+0000] {dag.py:3823} INFO - Setting next_dagrun for example_short_circuit_decorator to 2025-05-08 00:00:00+00:00, run_after=2025-05-09 00:00:00+00:00
[2025-05-09T10:06:23.690+0000] {processor.py:183} INFO - Processing /home/airflow/.local/lib/python3.8/site-packages/airflow/example_dags/example_short_circuit_decorator.py took 0.371 seconds
[2025-05-09T10:06:54.006+0000] {processor.py:161} INFO - Started process (PID=720) to work on /home/airflow/.local/lib/python3.8/site-packages/airflow/example_dags/example_short_circuit_decorator.py
[2025-05-09T10:06:54.011+0000] {processor.py:830} INFO - Processing file /home/airflow/.local/lib/python3.8/site-packages/airflow/example_dags/example_short_circuit_decorator.py for tasks to queue
[2025-05-09T10:06:54.034+0000] {logging_mixin.py:188} INFO - [2025-05-09T10:06:54.031+0000] {dagbag.py:538} INFO - Filling up the DagBag from /home/airflow/.local/lib/python3.8/site-packages/airflow/example_dags/example_short_circuit_decorator.py
[2025-05-09T10:06:54.214+0000] {processor.py:840} INFO - DAG(s) 'example_short_circuit_decorator' retrieved from /home/airflow/.local/lib/python3.8/site-packages/airflow/example_dags/example_short_circuit_decorator.py
[2025-05-09T10:06:54.336+0000] {logging_mixin.py:188} INFO - [2025-05-09T10:06:54.335+0000] {dag.py:3036} INFO - Sync 1 DAGs
[2025-05-09T10:06:54.471+0000] {logging_mixin.py:188} INFO - [2025-05-09T10:06:54.471+0000] {dag.py:3823} INFO - Setting next_dagrun for example_short_circuit_decorator to 2025-05-08 00:00:00+00:00, run_after=2025-05-09 00:00:00+00:00
[2025-05-09T10:06:54.607+0000] {processor.py:183} INFO - Processing /home/airflow/.local/lib/python3.8/site-packages/airflow/example_dags/example_short_circuit_decorator.py took 0.608 seconds
[2025-05-09T10:09:24.982+0000] {processor.py:161} INFO - Started process (PID=101) to work on /home/airflow/.local/lib/python3.8/site-packages/airflow/example_dags/example_short_circuit_decorator.py
[2025-05-09T10:09:24.984+0000] {processor.py:830} INFO - Processing file /home/airflow/.local/lib/python3.8/site-packages/airflow/example_dags/example_short_circuit_decorator.py for tasks to queue
[2025-05-09T10:09:24.988+0000] {logging_mixin.py:188} INFO - [2025-05-09T10:09:24.987+0000] {dagbag.py:538} INFO - Filling up the DagBag from /home/airflow/.local/lib/python3.8/site-packages/airflow/example_dags/example_short_circuit_decorator.py
[2025-05-09T10:09:25.020+0000] {processor.py:840} INFO - DAG(s) 'example_short_circuit_decorator' retrieved from /home/airflow/.local/lib/python3.8/site-packages/airflow/example_dags/example_short_circuit_decorator.py
[2025-05-09T10:09:25.284+0000] {logging_mixin.py:188} INFO - [2025-05-09T10:09:25.283+0000] {dag.py:3036} INFO - Sync 1 DAGs
[2025-05-09T10:09:25.347+0000] {logging_mixin.py:188} INFO - [2025-05-09T10:09:25.346+0000] {dag.py:3823} INFO - Setting next_dagrun for example_short_circuit_decorator to 2025-05-08 00:00:00+00:00, run_after=2025-05-09 00:00:00+00:00
[2025-05-09T10:09:25.399+0000] {processor.py:183} INFO - Processing /home/airflow/.local/lib/python3.8/site-packages/airflow/example_dags/example_short_circuit_decorator.py took 0.427 seconds
[2025-05-09T10:09:56.054+0000] {processor.py:161} INFO - Started process (PID=156) to work on /home/airflow/.local/lib/python3.8/site-packages/airflow/example_dags/example_short_circuit_decorator.py
[2025-05-09T10:09:56.056+0000] {processor.py:830} INFO - Processing file /home/airflow/.local/lib/python3.8/site-packages/airflow/example_dags/example_short_circuit_decorator.py for tasks to queue
[2025-05-09T10:09:56.059+0000] {logging_mixin.py:188} INFO - [2025-05-09T10:09:56.059+0000] {dagbag.py:538} INFO - Filling up the DagBag from /home/airflow/.local/lib/python3.8/site-packages/airflow/example_dags/example_short_circuit_decorator.py
[2025-05-09T10:09:56.075+0000] {processor.py:840} INFO - DAG(s) 'example_short_circuit_decorator' retrieved from /home/airflow/.local/lib/python3.8/site-packages/airflow/example_dags/example_short_circuit_decorator.py
[2025-05-09T10:09:56.175+0000] {logging_mixin.py:188} INFO - [2025-05-09T10:09:56.174+0000] {dag.py:3036} INFO - Sync 1 DAGs
[2025-05-09T10:09:56.282+0000] {logging_mixin.py:188} INFO - [2025-05-09T10:09:56.281+0000] {dag.py:3823} INFO - Setting next_dagrun for example_short_circuit_decorator to 2025-05-08 00:00:00+00:00, run_after=2025-05-09 00:00:00+00:00
[2025-05-09T10:09:56.334+0000] {processor.py:183} INFO - Processing /home/airflow/.local/lib/python3.8/site-packages/airflow/example_dags/example_short_circuit_decorator.py took 0.285 seconds
[2025-05-09T10:10:27.056+0000] {processor.py:161} INFO - Started process (PID=213) to work on /home/airflow/.local/lib/python3.8/site-packages/airflow/example_dags/example_short_circuit_decorator.py
[2025-05-09T10:10:27.058+0000] {processor.py:830} INFO - Processing file /home/airflow/.local/lib/python3.8/site-packages/airflow/example_dags/example_short_circuit_decorator.py for tasks to queue
[2025-05-09T10:10:27.063+0000] {logging_mixin.py:188} INFO - [2025-05-09T10:10:27.062+0000] {dagbag.py:538} INFO - Filling up the DagBag from /home/airflow/.local/lib/python3.8/site-packages/airflow/example_dags/example_short_circuit_decorator.py
[2025-05-09T10:10:27.080+0000] {processor.py:840} INFO - DAG(s) 'example_short_circuit_decorator' retrieved from /home/airflow/.local/lib/python3.8/site-packages/airflow/example_dags/example_short_circuit_decorator.py
[2025-05-09T10:10:27.123+0000] {logging_mixin.py:188} INFO - [2025-05-09T10:10:27.123+0000] {dag.py:3036} INFO - Sync 1 DAGs
[2025-05-09T10:10:27.163+0000] {logging_mixin.py:188} INFO - [2025-05-09T10:10:27.162+0000] {dag.py:3823} INFO - Setting next_dagrun for example_short_circuit_decorator to 2025-05-08 00:00:00+00:00, run_after=2025-05-09 00:00:00+00:00
[2025-05-09T10:10:27.198+0000] {processor.py:183} INFO - Processing /home/airflow/.local/lib/python3.8/site-packages/airflow/example_dags/example_short_circuit_decorator.py took 0.149 seconds
[2025-05-09T10:10:58.252+0000] {processor.py:161} INFO - Started process (PID=269) to work on /home/airflow/.local/lib/python3.8/site-packages/airflow/example_dags/example_short_circuit_decorator.py
[2025-05-09T10:10:58.255+0000] {processor.py:830} INFO - Processing file /home/airflow/.local/lib/python3.8/site-packages/airflow/example_dags/example_short_circuit_decorator.py for tasks to queue
[2025-05-09T10:10:58.259+0000] {logging_mixin.py:188} INFO - [2025-05-09T10:10:58.258+0000] {dagbag.py:538} INFO - Filling up the DagBag from /home/airflow/.local/lib/python3.8/site-packages/airflow/example_dags/example_short_circuit_decorator.py
[2025-05-09T10:10:58.287+0000] {processor.py:840} INFO - DAG(s) 'example_short_circuit_decorator' retrieved from /home/airflow/.local/lib/python3.8/site-packages/airflow/example_dags/example_short_circuit_decorator.py
[2025-05-09T10:10:58.353+0000] {logging_mixin.py:188} INFO - [2025-05-09T10:10:58.352+0000] {dag.py:3036} INFO - Sync 1 DAGs
[2025-05-09T10:10:58.461+0000] {logging_mixin.py:188} INFO - [2025-05-09T10:10:58.459+0000] {dag.py:3823} INFO - Setting next_dagrun for example_short_circuit_decorator to 2025-05-08 00:00:00+00:00, run_after=2025-05-09 00:00:00+00:00
[2025-05-09T10:10:58.525+0000] {processor.py:183} INFO - Processing /home/airflow/.local/lib/python3.8/site-packages/airflow/example_dags/example_short_circuit_decorator.py took 0.284 seconds
[2025-05-09T10:11:28.796+0000] {processor.py:161} INFO - Started process (PID=324) to work on /home/airflow/.local/lib/python3.8/site-packages/airflow/example_dags/example_short_circuit_decorator.py
[2025-05-09T10:11:28.809+0000] {processor.py:830} INFO - Processing file /home/airflow/.local/lib/python3.8/site-packages/airflow/example_dags/example_short_circuit_decorator.py for tasks to queue
[2025-05-09T10:11:28.827+0000] {logging_mixin.py:188} INFO - [2025-05-09T10:11:28.826+0000] {dagbag.py:538} INFO - Filling up the DagBag from /home/airflow/.local/lib/python3.8/site-packages/airflow/example_dags/example_short_circuit_decorator.py
[2025-05-09T10:11:28.906+0000] {processor.py:840} INFO - DAG(s) 'example_short_circuit_decorator' retrieved from /home/airflow/.local/lib/python3.8/site-packages/airflow/example_dags/example_short_circuit_decorator.py
[2025-05-09T10:11:29.028+0000] {logging_mixin.py:188} INFO - [2025-05-09T10:11:29.027+0000] {dag.py:3036} INFO - Sync 1 DAGs
[2025-05-09T10:11:29.085+0000] {logging_mixin.py:188} INFO - [2025-05-09T10:11:29.084+0000] {dag.py:3823} INFO - Setting next_dagrun for example_short_circuit_decorator to 2025-05-08 00:00:00+00:00, run_after=2025-05-09 00:00:00+00:00
[2025-05-09T10:11:29.145+0000] {processor.py:183} INFO - Processing /home/airflow/.local/lib/python3.8/site-packages/airflow/example_dags/example_short_circuit_decorator.py took 0.355 seconds
[2025-05-09T10:11:59.237+0000] {processor.py:161} INFO - Started process (PID=380) to work on /home/airflow/.local/lib/python3.8/site-packages/airflow/example_dags/example_short_circuit_decorator.py
[2025-05-09T10:11:59.241+0000] {processor.py:830} INFO - Processing file /home/airflow/.local/lib/python3.8/site-packages/airflow/example_dags/example_short_circuit_decorator.py for tasks to queue
[2025-05-09T10:11:59.250+0000] {logging_mixin.py:188} INFO - [2025-05-09T10:11:59.249+0000] {dagbag.py:538} INFO - Filling up the DagBag from /home/airflow/.local/lib/python3.8/site-packages/airflow/example_dags/example_short_circuit_decorator.py
[2025-05-09T10:11:59.283+0000] {processor.py:840} INFO - DAG(s) 'example_short_circuit_decorator' retrieved from /home/airflow/.local/lib/python3.8/site-packages/airflow/example_dags/example_short_circuit_decorator.py
[2025-05-09T10:11:59.354+0000] {logging_mixin.py:188} INFO - [2025-05-09T10:11:59.354+0000] {dag.py:3036} INFO - Sync 1 DAGs
[2025-05-09T10:11:59.395+0000] {logging_mixin.py:188} INFO - [2025-05-09T10:11:59.395+0000] {dag.py:3823} INFO - Setting next_dagrun for example_short_circuit_decorator to 2025-05-08 00:00:00+00:00, run_after=2025-05-09 00:00:00+00:00
[2025-05-09T10:11:59.427+0000] {processor.py:183} INFO - Processing /home/airflow/.local/lib/python3.8/site-packages/airflow/example_dags/example_short_circuit_decorator.py took 0.205 seconds
[2025-05-09T10:12:29.745+0000] {processor.py:161} INFO - Started process (PID=442) to work on /home/airflow/.local/lib/python3.8/site-packages/airflow/example_dags/example_short_circuit_decorator.py
[2025-05-09T10:12:29.748+0000] {processor.py:830} INFO - Processing file /home/airflow/.local/lib/python3.8/site-packages/airflow/example_dags/example_short_circuit_decorator.py for tasks to queue
[2025-05-09T10:12:29.755+0000] {logging_mixin.py:188} INFO - [2025-05-09T10:12:29.754+0000] {dagbag.py:538} INFO - Filling up the DagBag from /home/airflow/.local/lib/python3.8/site-packages/airflow/example_dags/example_short_circuit_decorator.py
[2025-05-09T10:12:29.792+0000] {processor.py:840} INFO - DAG(s) 'example_short_circuit_decorator' retrieved from /home/airflow/.local/lib/python3.8/site-packages/airflow/example_dags/example_short_circuit_decorator.py
[2025-05-09T10:12:29.892+0000] {logging_mixin.py:188} INFO - [2025-05-09T10:12:29.891+0000] {dag.py:3036} INFO - Sync 1 DAGs
[2025-05-09T10:12:29.991+0000] {logging_mixin.py:188} INFO - [2025-05-09T10:12:29.990+0000] {dag.py:3823} INFO - Setting next_dagrun for example_short_circuit_decorator to 2025-05-08 00:00:00+00:00, run_after=2025-05-09 00:00:00+00:00
[2025-05-09T10:12:30.093+0000] {processor.py:183} INFO - Processing /home/airflow/.local/lib/python3.8/site-packages/airflow/example_dags/example_short_circuit_decorator.py took 0.357 seconds
[2025-05-09T10:13:00.756+0000] {processor.py:161} INFO - Started process (PID=498) to work on /home/airflow/.local/lib/python3.8/site-packages/airflow/example_dags/example_short_circuit_decorator.py
[2025-05-09T10:13:00.758+0000] {processor.py:830} INFO - Processing file /home/airflow/.local/lib/python3.8/site-packages/airflow/example_dags/example_short_circuit_decorator.py for tasks to queue
[2025-05-09T10:13:00.761+0000] {logging_mixin.py:188} INFO - [2025-05-09T10:13:00.761+0000] {dagbag.py:538} INFO - Filling up the DagBag from /home/airflow/.local/lib/python3.8/site-packages/airflow/example_dags/example_short_circuit_decorator.py
[2025-05-09T10:13:00.785+0000] {processor.py:840} INFO - DAG(s) 'example_short_circuit_decorator' retrieved from /home/airflow/.local/lib/python3.8/site-packages/airflow/example_dags/example_short_circuit_decorator.py
[2025-05-09T10:13:00.844+0000] {logging_mixin.py:188} INFO - [2025-05-09T10:13:00.844+0000] {dag.py:3036} INFO - Sync 1 DAGs
[2025-05-09T10:13:00.909+0000] {logging_mixin.py:188} INFO - [2025-05-09T10:13:00.908+0000] {dag.py:3823} INFO - Setting next_dagrun for example_short_circuit_decorator to 2025-05-08 00:00:00+00:00, run_after=2025-05-09 00:00:00+00:00
[2025-05-09T10:13:00.967+0000] {processor.py:183} INFO - Processing /home/airflow/.local/lib/python3.8/site-packages/airflow/example_dags/example_short_circuit_decorator.py took 0.216 seconds
[2025-05-09T10:13:31.798+0000] {processor.py:161} INFO - Started process (PID=554) to work on /home/airflow/.local/lib/python3.8/site-packages/airflow/example_dags/example_short_circuit_decorator.py
[2025-05-09T10:13:31.805+0000] {processor.py:830} INFO - Processing file /home/airflow/.local/lib/python3.8/site-packages/airflow/example_dags/example_short_circuit_decorator.py for tasks to queue
[2025-05-09T10:13:31.816+0000] {logging_mixin.py:188} INFO - [2025-05-09T10:13:31.814+0000] {dagbag.py:538} INFO - Filling up the DagBag from /home/airflow/.local/lib/python3.8/site-packages/airflow/example_dags/example_short_circuit_decorator.py
[2025-05-09T10:13:31.886+0000] {processor.py:840} INFO - DAG(s) 'example_short_circuit_decorator' retrieved from /home/airflow/.local/lib/python3.8/site-packages/airflow/example_dags/example_short_circuit_decorator.py
[2025-05-09T10:13:32.042+0000] {logging_mixin.py:188} INFO - [2025-05-09T10:13:32.040+0000] {dag.py:3036} INFO - Sync 1 DAGs
[2025-05-09T10:13:32.194+0000] {logging_mixin.py:188} INFO - [2025-05-09T10:13:32.192+0000] {dag.py:3823} INFO - Setting next_dagrun for example_short_circuit_decorator to 2025-05-08 00:00:00+00:00, run_after=2025-05-09 00:00:00+00:00
[2025-05-09T10:13:32.338+0000] {processor.py:183} INFO - Processing /home/airflow/.local/lib/python3.8/site-packages/airflow/example_dags/example_short_circuit_decorator.py took 0.559 seconds
[2025-05-09T10:14:03.192+0000] {processor.py:161} INFO - Started process (PID=610) to work on /home/airflow/.local/lib/python3.8/site-packages/airflow/example_dags/example_short_circuit_decorator.py
[2025-05-09T10:14:03.199+0000] {processor.py:830} INFO - Processing file /home/airflow/.local/lib/python3.8/site-packages/airflow/example_dags/example_short_circuit_decorator.py for tasks to queue
[2025-05-09T10:14:03.214+0000] {logging_mixin.py:188} INFO - [2025-05-09T10:14:03.212+0000] {dagbag.py:538} INFO - Filling up the DagBag from /home/airflow/.local/lib/python3.8/site-packages/airflow/example_dags/example_short_circuit_decorator.py
[2025-05-09T10:14:03.286+0000] {processor.py:840} INFO - DAG(s) 'example_short_circuit_decorator' retrieved from /home/airflow/.local/lib/python3.8/site-packages/airflow/example_dags/example_short_circuit_decorator.py
[2025-05-09T10:14:03.372+0000] {logging_mixin.py:188} INFO - [2025-05-09T10:14:03.372+0000] {dag.py:3036} INFO - Sync 1 DAGs
[2025-05-09T10:14:03.428+0000] {logging_mixin.py:188} INFO - [2025-05-09T10:14:03.427+0000] {dag.py:3823} INFO - Setting next_dagrun for example_short_circuit_decorator to 2025-05-08 00:00:00+00:00, run_after=2025-05-09 00:00:00+00:00
[2025-05-09T10:14:03.462+0000] {processor.py:183} INFO - Processing /home/airflow/.local/lib/python3.8/site-packages/airflow/example_dags/example_short_circuit_decorator.py took 0.294 seconds
