[2025-05-09T10:01:14.575+0000] {processor.py:161} INFO - Started process (PID=103) to work on /home/airflow/.local/lib/python3.8/site-packages/airflow/example_dags/example_complex.py
[2025-05-09T10:01:14.607+0000] {processor.py:830} INFO - Processing file /home/airflow/.local/lib/python3.8/site-packages/airflow/example_dags/example_complex.py for tasks to queue
[2025-05-09T10:01:14.631+0000] {logging_mixin.py:188} INFO - [2025-05-09T10:01:14.623+0000] {dagbag.py:538} INFO - Filling up the DagBag from /home/airflow/.local/lib/python3.8/site-packages/airflow/example_dags/example_complex.py
[2025-05-09T10:01:14.932+0000] {processor.py:840} INFO - DAG(s) 'example_complex' retrieved from /home/airflow/.local/lib/python3.8/site-packages/airflow/example_dags/example_complex.py
[2025-05-09T10:01:15.005+0000] {logging_mixin.py:188} INFO - [2025-05-09T10:01:15.004+0000] {dag.py:3036} INFO - Sync 1 DAGs
[2025-05-09T10:01:15.060+0000] {logging_mixin.py:188} INFO - [2025-05-09T10:01:15.059+0000] {dag.py:3823} INFO - Setting next_dagrun for example_complex to None, run_after=None
[2025-05-09T10:01:15.190+0000] {processor.py:183} INFO - Processing /home/airflow/.local/lib/python3.8/site-packages/airflow/example_dags/example_complex.py took 0.635 seconds
[2025-05-09T10:01:45.721+0000] {processor.py:161} INFO - Started process (PID=159) to work on /home/airflow/.local/lib/python3.8/site-packages/airflow/example_dags/example_complex.py
[2025-05-09T10:01:45.728+0000] {processor.py:830} INFO - Processing file /home/airflow/.local/lib/python3.8/site-packages/airflow/example_dags/example_complex.py for tasks to queue
[2025-05-09T10:01:45.741+0000] {logging_mixin.py:188} INFO - [2025-05-09T10:01:45.739+0000] {dagbag.py:538} INFO - Filling up the DagBag from /home/airflow/.local/lib/python3.8/site-packages/airflow/example_dags/example_complex.py
[2025-05-09T10:01:45.783+0000] {processor.py:840} INFO - DAG(s) 'example_complex' retrieved from /home/airflow/.local/lib/python3.8/site-packages/airflow/example_dags/example_complex.py
[2025-05-09T10:01:46.035+0000] {logging_mixin.py:188} INFO - [2025-05-09T10:01:46.034+0000] {dag.py:3036} INFO - Sync 1 DAGs
[2025-05-09T10:01:46.076+0000] {logging_mixin.py:188} INFO - [2025-05-09T10:01:46.075+0000] {dag.py:3823} INFO - Setting next_dagrun for example_complex to None, run_after=None
[2025-05-09T10:01:46.148+0000] {processor.py:183} INFO - Processing /home/airflow/.local/lib/python3.8/site-packages/airflow/example_dags/example_complex.py took 0.452 seconds
[2025-05-09T10:02:16.368+0000] {processor.py:161} INFO - Started process (PID=215) to work on /home/airflow/.local/lib/python3.8/site-packages/airflow/example_dags/example_complex.py
[2025-05-09T10:02:16.374+0000] {processor.py:830} INFO - Processing file /home/airflow/.local/lib/python3.8/site-packages/airflow/example_dags/example_complex.py for tasks to queue
[2025-05-09T10:02:16.384+0000] {logging_mixin.py:188} INFO - [2025-05-09T10:02:16.382+0000] {dagbag.py:538} INFO - Filling up the DagBag from /home/airflow/.local/lib/python3.8/site-packages/airflow/example_dags/example_complex.py
[2025-05-09T10:02:16.432+0000] {processor.py:840} INFO - DAG(s) 'example_complex' retrieved from /home/airflow/.local/lib/python3.8/site-packages/airflow/example_dags/example_complex.py
[2025-05-09T10:02:16.492+0000] {logging_mixin.py:188} INFO - [2025-05-09T10:02:16.491+0000] {dag.py:3036} INFO - Sync 1 DAGs
[2025-05-09T10:02:16.515+0000] {logging_mixin.py:188} INFO - [2025-05-09T10:02:16.515+0000] {dag.py:3823} INFO - Setting next_dagrun for example_complex to None, run_after=None
[2025-05-09T10:02:16.558+0000] {processor.py:183} INFO - Processing /home/airflow/.local/lib/python3.8/site-packages/airflow/example_dags/example_complex.py took 0.215 seconds
[2025-05-09T10:02:46.657+0000] {processor.py:161} INFO - Started process (PID=270) to work on /home/airflow/.local/lib/python3.8/site-packages/airflow/example_dags/example_complex.py
[2025-05-09T10:02:46.661+0000] {processor.py:830} INFO - Processing file /home/airflow/.local/lib/python3.8/site-packages/airflow/example_dags/example_complex.py for tasks to queue
[2025-05-09T10:02:46.669+0000] {logging_mixin.py:188} INFO - [2025-05-09T10:02:46.668+0000] {dagbag.py:538} INFO - Filling up the DagBag from /home/airflow/.local/lib/python3.8/site-packages/airflow/example_dags/example_complex.py
[2025-05-09T10:02:46.739+0000] {processor.py:840} INFO - DAG(s) 'example_complex' retrieved from /home/airflow/.local/lib/python3.8/site-packages/airflow/example_dags/example_complex.py
[2025-05-09T10:02:46.847+0000] {logging_mixin.py:188} INFO - [2025-05-09T10:02:46.846+0000] {dag.py:3036} INFO - Sync 1 DAGs
[2025-05-09T10:02:46.903+0000] {logging_mixin.py:188} INFO - [2025-05-09T10:02:46.903+0000] {dag.py:3823} INFO - Setting next_dagrun for example_complex to None, run_after=None
[2025-05-09T10:02:46.986+0000] {processor.py:183} INFO - Processing /home/airflow/.local/lib/python3.8/site-packages/airflow/example_dags/example_complex.py took 0.340 seconds
[2025-05-09T10:03:17.167+0000] {processor.py:161} INFO - Started process (PID=326) to work on /home/airflow/.local/lib/python3.8/site-packages/airflow/example_dags/example_complex.py
[2025-05-09T10:03:17.180+0000] {processor.py:830} INFO - Processing file /home/airflow/.local/lib/python3.8/site-packages/airflow/example_dags/example_complex.py for tasks to queue
[2025-05-09T10:03:17.184+0000] {logging_mixin.py:188} INFO - [2025-05-09T10:03:17.183+0000] {dagbag.py:538} INFO - Filling up the DagBag from /home/airflow/.local/lib/python3.8/site-packages/airflow/example_dags/example_complex.py
[2025-05-09T10:03:17.215+0000] {processor.py:840} INFO - DAG(s) 'example_complex' retrieved from /home/airflow/.local/lib/python3.8/site-packages/airflow/example_dags/example_complex.py
[2025-05-09T10:03:17.346+0000] {logging_mixin.py:188} INFO - [2025-05-09T10:03:17.345+0000] {dag.py:3036} INFO - Sync 1 DAGs
[2025-05-09T10:03:17.405+0000] {logging_mixin.py:188} INFO - [2025-05-09T10:03:17.404+0000] {dag.py:3823} INFO - Setting next_dagrun for example_complex to None, run_after=None
[2025-05-09T10:03:17.503+0000] {processor.py:183} INFO - Processing /home/airflow/.local/lib/python3.8/site-packages/airflow/example_dags/example_complex.py took 0.343 seconds
[2025-05-09T10:03:48.370+0000] {processor.py:161} INFO - Started process (PID=382) to work on /home/airflow/.local/lib/python3.8/site-packages/airflow/example_dags/example_complex.py
[2025-05-09T10:03:48.383+0000] {processor.py:830} INFO - Processing file /home/airflow/.local/lib/python3.8/site-packages/airflow/example_dags/example_complex.py for tasks to queue
[2025-05-09T10:03:48.390+0000] {logging_mixin.py:188} INFO - [2025-05-09T10:03:48.389+0000] {dagbag.py:538} INFO - Filling up the DagBag from /home/airflow/.local/lib/python3.8/site-packages/airflow/example_dags/example_complex.py
[2025-05-09T10:03:48.449+0000] {processor.py:840} INFO - DAG(s) 'example_complex' retrieved from /home/airflow/.local/lib/python3.8/site-packages/airflow/example_dags/example_complex.py
[2025-05-09T10:03:48.602+0000] {logging_mixin.py:188} INFO - [2025-05-09T10:03:48.602+0000] {dag.py:3036} INFO - Sync 1 DAGs
[2025-05-09T10:03:48.634+0000] {logging_mixin.py:188} INFO - [2025-05-09T10:03:48.633+0000] {dag.py:3823} INFO - Setting next_dagrun for example_complex to None, run_after=None
[2025-05-09T10:03:48.678+0000] {processor.py:183} INFO - Processing /home/airflow/.local/lib/python3.8/site-packages/airflow/example_dags/example_complex.py took 0.322 seconds
[2025-05-09T10:04:18.749+0000] {processor.py:161} INFO - Started process (PID=438) to work on /home/airflow/.local/lib/python3.8/site-packages/airflow/example_dags/example_complex.py
[2025-05-09T10:04:18.751+0000] {processor.py:830} INFO - Processing file /home/airflow/.local/lib/python3.8/site-packages/airflow/example_dags/example_complex.py for tasks to queue
[2025-05-09T10:04:18.758+0000] {logging_mixin.py:188} INFO - [2025-05-09T10:04:18.757+0000] {dagbag.py:538} INFO - Filling up the DagBag from /home/airflow/.local/lib/python3.8/site-packages/airflow/example_dags/example_complex.py
[2025-05-09T10:04:18.810+0000] {processor.py:840} INFO - DAG(s) 'example_complex' retrieved from /home/airflow/.local/lib/python3.8/site-packages/airflow/example_dags/example_complex.py
[2025-05-09T10:04:18.941+0000] {logging_mixin.py:188} INFO - [2025-05-09T10:04:18.940+0000] {dag.py:3036} INFO - Sync 1 DAGs
[2025-05-09T10:04:18.997+0000] {logging_mixin.py:188} INFO - [2025-05-09T10:04:18.996+0000] {dag.py:3823} INFO - Setting next_dagrun for example_complex to None, run_after=None
[2025-05-09T10:04:19.064+0000] {processor.py:183} INFO - Processing /home/airflow/.local/lib/python3.8/site-packages/airflow/example_dags/example_complex.py took 0.323 seconds
[2025-05-09T10:04:49.939+0000] {processor.py:161} INFO - Started process (PID=494) to work on /home/airflow/.local/lib/python3.8/site-packages/airflow/example_dags/example_complex.py
[2025-05-09T10:04:49.942+0000] {processor.py:830} INFO - Processing file /home/airflow/.local/lib/python3.8/site-packages/airflow/example_dags/example_complex.py for tasks to queue
[2025-05-09T10:04:49.947+0000] {logging_mixin.py:188} INFO - [2025-05-09T10:04:49.946+0000] {dagbag.py:538} INFO - Filling up the DagBag from /home/airflow/.local/lib/python3.8/site-packages/airflow/example_dags/example_complex.py
[2025-05-09T10:04:49.995+0000] {processor.py:840} INFO - DAG(s) 'example_complex' retrieved from /home/airflow/.local/lib/python3.8/site-packages/airflow/example_dags/example_complex.py
[2025-05-09T10:04:50.083+0000] {logging_mixin.py:188} INFO - [2025-05-09T10:04:50.082+0000] {dag.py:3036} INFO - Sync 1 DAGs
[2025-05-09T10:04:50.112+0000] {logging_mixin.py:188} INFO - [2025-05-09T10:04:50.111+0000] {dag.py:3823} INFO - Setting next_dagrun for example_complex to None, run_after=None
[2025-05-09T10:04:50.151+0000] {processor.py:183} INFO - Processing /home/airflow/.local/lib/python3.8/site-packages/airflow/example_dags/example_complex.py took 0.218 seconds
[2025-05-09T10:05:20.626+0000] {processor.py:161} INFO - Started process (PID=550) to work on /home/airflow/.local/lib/python3.8/site-packages/airflow/example_dags/example_complex.py
[2025-05-09T10:05:20.628+0000] {processor.py:830} INFO - Processing file /home/airflow/.local/lib/python3.8/site-packages/airflow/example_dags/example_complex.py for tasks to queue
[2025-05-09T10:05:20.633+0000] {logging_mixin.py:188} INFO - [2025-05-09T10:05:20.633+0000] {dagbag.py:538} INFO - Filling up the DagBag from /home/airflow/.local/lib/python3.8/site-packages/airflow/example_dags/example_complex.py
[2025-05-09T10:05:20.652+0000] {processor.py:840} INFO - DAG(s) 'example_complex' retrieved from /home/airflow/.local/lib/python3.8/site-packages/airflow/example_dags/example_complex.py
[2025-05-09T10:05:20.711+0000] {logging_mixin.py:188} INFO - [2025-05-09T10:05:20.710+0000] {dag.py:3036} INFO - Sync 1 DAGs
[2025-05-09T10:05:20.740+0000] {logging_mixin.py:188} INFO - [2025-05-09T10:05:20.739+0000] {dag.py:3823} INFO - Setting next_dagrun for example_complex to None, run_after=None
[2025-05-09T10:05:20.783+0000] {processor.py:183} INFO - Processing /home/airflow/.local/lib/python3.8/site-packages/airflow/example_dags/example_complex.py took 0.163 seconds
[2025-05-09T10:05:51.508+0000] {processor.py:161} INFO - Started process (PID=606) to work on /home/airflow/.local/lib/python3.8/site-packages/airflow/example_dags/example_complex.py
[2025-05-09T10:05:51.516+0000] {processor.py:830} INFO - Processing file /home/airflow/.local/lib/python3.8/site-packages/airflow/example_dags/example_complex.py for tasks to queue
[2025-05-09T10:05:51.523+0000] {logging_mixin.py:188} INFO - [2025-05-09T10:05:51.522+0000] {dagbag.py:538} INFO - Filling up the DagBag from /home/airflow/.local/lib/python3.8/site-packages/airflow/example_dags/example_complex.py
[2025-05-09T10:05:51.551+0000] {processor.py:840} INFO - DAG(s) 'example_complex' retrieved from /home/airflow/.local/lib/python3.8/site-packages/airflow/example_dags/example_complex.py
[2025-05-09T10:05:51.613+0000] {logging_mixin.py:188} INFO - [2025-05-09T10:05:51.612+0000] {dag.py:3036} INFO - Sync 1 DAGs
[2025-05-09T10:05:51.635+0000] {logging_mixin.py:188} INFO - [2025-05-09T10:05:51.635+0000] {dag.py:3823} INFO - Setting next_dagrun for example_complex to None, run_after=None
[2025-05-09T10:05:51.668+0000] {processor.py:183} INFO - Processing /home/airflow/.local/lib/python3.8/site-packages/airflow/example_dags/example_complex.py took 0.181 seconds
[2025-05-09T10:06:22.073+0000] {processor.py:161} INFO - Started process (PID=662) to work on /home/airflow/.local/lib/python3.8/site-packages/airflow/example_dags/example_complex.py
[2025-05-09T10:06:22.076+0000] {processor.py:830} INFO - Processing file /home/airflow/.local/lib/python3.8/site-packages/airflow/example_dags/example_complex.py for tasks to queue
[2025-05-09T10:06:22.082+0000] {logging_mixin.py:188} INFO - [2025-05-09T10:06:22.081+0000] {dagbag.py:538} INFO - Filling up the DagBag from /home/airflow/.local/lib/python3.8/site-packages/airflow/example_dags/example_complex.py
[2025-05-09T10:06:22.110+0000] {processor.py:840} INFO - DAG(s) 'example_complex' retrieved from /home/airflow/.local/lib/python3.8/site-packages/airflow/example_dags/example_complex.py
[2025-05-09T10:06:22.170+0000] {logging_mixin.py:188} INFO - [2025-05-09T10:06:22.170+0000] {dag.py:3036} INFO - Sync 1 DAGs
[2025-05-09T10:06:22.200+0000] {logging_mixin.py:188} INFO - [2025-05-09T10:06:22.200+0000] {dag.py:3823} INFO - Setting next_dagrun for example_complex to None, run_after=None
[2025-05-09T10:06:22.238+0000] {processor.py:183} INFO - Processing /home/airflow/.local/lib/python3.8/site-packages/airflow/example_dags/example_complex.py took 0.173 seconds
[2025-05-09T10:06:52.790+0000] {processor.py:161} INFO - Started process (PID=719) to work on /home/airflow/.local/lib/python3.8/site-packages/airflow/example_dags/example_complex.py
[2025-05-09T10:06:52.792+0000] {processor.py:830} INFO - Processing file /home/airflow/.local/lib/python3.8/site-packages/airflow/example_dags/example_complex.py for tasks to queue
[2025-05-09T10:06:52.799+0000] {logging_mixin.py:188} INFO - [2025-05-09T10:06:52.798+0000] {dagbag.py:538} INFO - Filling up the DagBag from /home/airflow/.local/lib/python3.8/site-packages/airflow/example_dags/example_complex.py
[2025-05-09T10:06:52.829+0000] {processor.py:840} INFO - DAG(s) 'example_complex' retrieved from /home/airflow/.local/lib/python3.8/site-packages/airflow/example_dags/example_complex.py
[2025-05-09T10:06:52.910+0000] {logging_mixin.py:188} INFO - [2025-05-09T10:06:52.909+0000] {dag.py:3036} INFO - Sync 1 DAGs
[2025-05-09T10:06:52.945+0000] {logging_mixin.py:188} INFO - [2025-05-09T10:06:52.945+0000] {dag.py:3823} INFO - Setting next_dagrun for example_complex to None, run_after=None
[2025-05-09T10:06:53.007+0000] {processor.py:183} INFO - Processing /home/airflow/.local/lib/python3.8/site-packages/airflow/example_dags/example_complex.py took 0.226 seconds
[2025-05-09T10:09:24.940+0000] {processor.py:161} INFO - Started process (PID=100) to work on /home/airflow/.local/lib/python3.8/site-packages/airflow/example_dags/example_complex.py
[2025-05-09T10:09:24.942+0000] {processor.py:830} INFO - Processing file /home/airflow/.local/lib/python3.8/site-packages/airflow/example_dags/example_complex.py for tasks to queue
[2025-05-09T10:09:24.946+0000] {logging_mixin.py:188} INFO - [2025-05-09T10:09:24.946+0000] {dagbag.py:538} INFO - Filling up the DagBag from /home/airflow/.local/lib/python3.8/site-packages/airflow/example_dags/example_complex.py
[2025-05-09T10:09:24.989+0000] {processor.py:840} INFO - DAG(s) 'example_complex' retrieved from /home/airflow/.local/lib/python3.8/site-packages/airflow/example_dags/example_complex.py
[2025-05-09T10:09:25.293+0000] {logging_mixin.py:188} INFO - [2025-05-09T10:09:25.293+0000] {dag.py:3036} INFO - Sync 1 DAGs
[2025-05-09T10:09:25.321+0000] {logging_mixin.py:188} INFO - [2025-05-09T10:09:25.321+0000] {dag.py:3823} INFO - Setting next_dagrun for example_complex to None, run_after=None
[2025-05-09T10:09:25.372+0000] {processor.py:183} INFO - Processing /home/airflow/.local/lib/python3.8/site-packages/airflow/example_dags/example_complex.py took 0.438 seconds
[2025-05-09T10:09:55.830+0000] {processor.py:161} INFO - Started process (PID=155) to work on /home/airflow/.local/lib/python3.8/site-packages/airflow/example_dags/example_complex.py
[2025-05-09T10:09:55.834+0000] {processor.py:830} INFO - Processing file /home/airflow/.local/lib/python3.8/site-packages/airflow/example_dags/example_complex.py for tasks to queue
[2025-05-09T10:09:55.842+0000] {logging_mixin.py:188} INFO - [2025-05-09T10:09:55.842+0000] {dagbag.py:538} INFO - Filling up the DagBag from /home/airflow/.local/lib/python3.8/site-packages/airflow/example_dags/example_complex.py
[2025-05-09T10:09:55.879+0000] {processor.py:840} INFO - DAG(s) 'example_complex' retrieved from /home/airflow/.local/lib/python3.8/site-packages/airflow/example_dags/example_complex.py
[2025-05-09T10:09:55.954+0000] {logging_mixin.py:188} INFO - [2025-05-09T10:09:55.954+0000] {dag.py:3036} INFO - Sync 1 DAGs
[2025-05-09T10:09:55.979+0000] {logging_mixin.py:188} INFO - [2025-05-09T10:09:55.979+0000] {dag.py:3823} INFO - Setting next_dagrun for example_complex to None, run_after=None
[2025-05-09T10:09:56.012+0000] {processor.py:183} INFO - Processing /home/airflow/.local/lib/python3.8/site-packages/airflow/example_dags/example_complex.py took 0.189 seconds
[2025-05-09T10:10:26.841+0000] {processor.py:161} INFO - Started process (PID=212) to work on /home/airflow/.local/lib/python3.8/site-packages/airflow/example_dags/example_complex.py
[2025-05-09T10:10:26.844+0000] {processor.py:830} INFO - Processing file /home/airflow/.local/lib/python3.8/site-packages/airflow/example_dags/example_complex.py for tasks to queue
[2025-05-09T10:10:26.848+0000] {logging_mixin.py:188} INFO - [2025-05-09T10:10:26.848+0000] {dagbag.py:538} INFO - Filling up the DagBag from /home/airflow/.local/lib/python3.8/site-packages/airflow/example_dags/example_complex.py
[2025-05-09T10:10:26.875+0000] {processor.py:840} INFO - DAG(s) 'example_complex' retrieved from /home/airflow/.local/lib/python3.8/site-packages/airflow/example_dags/example_complex.py
[2025-05-09T10:10:26.943+0000] {logging_mixin.py:188} INFO - [2025-05-09T10:10:26.942+0000] {dag.py:3036} INFO - Sync 1 DAGs
[2025-05-09T10:10:26.966+0000] {logging_mixin.py:188} INFO - [2025-05-09T10:10:26.966+0000] {dag.py:3823} INFO - Setting next_dagrun for example_complex to None, run_after=None
[2025-05-09T10:10:27.006+0000] {processor.py:183} INFO - Processing /home/airflow/.local/lib/python3.8/site-packages/airflow/example_dags/example_complex.py took 0.174 seconds
[2025-05-09T10:10:57.497+0000] {processor.py:161} INFO - Started process (PID=268) to work on /home/airflow/.local/lib/python3.8/site-packages/airflow/example_dags/example_complex.py
[2025-05-09T10:10:57.504+0000] {processor.py:830} INFO - Processing file /home/airflow/.local/lib/python3.8/site-packages/airflow/example_dags/example_complex.py for tasks to queue
[2025-05-09T10:10:57.514+0000] {logging_mixin.py:188} INFO - [2025-05-09T10:10:57.513+0000] {dagbag.py:538} INFO - Filling up the DagBag from /home/airflow/.local/lib/python3.8/site-packages/airflow/example_dags/example_complex.py
[2025-05-09T10:10:57.625+0000] {processor.py:840} INFO - DAG(s) 'example_complex' retrieved from /home/airflow/.local/lib/python3.8/site-packages/airflow/example_dags/example_complex.py
[2025-05-09T10:10:57.995+0000] {logging_mixin.py:188} INFO - [2025-05-09T10:10:57.995+0000] {dag.py:3036} INFO - Sync 1 DAGs
[2025-05-09T10:10:58.043+0000] {logging_mixin.py:188} INFO - [2025-05-09T10:10:58.042+0000] {dag.py:3823} INFO - Setting next_dagrun for example_complex to None, run_after=None
[2025-05-09T10:10:58.175+0000] {processor.py:183} INFO - Processing /home/airflow/.local/lib/python3.8/site-packages/airflow/example_dags/example_complex.py took 0.698 seconds
[2025-05-09T10:11:28.679+0000] {processor.py:161} INFO - Started process (PID=323) to work on /home/airflow/.local/lib/python3.8/site-packages/airflow/example_dags/example_complex.py
[2025-05-09T10:11:28.706+0000] {processor.py:830} INFO - Processing file /home/airflow/.local/lib/python3.8/site-packages/airflow/example_dags/example_complex.py for tasks to queue
[2025-05-09T10:11:28.738+0000] {logging_mixin.py:188} INFO - [2025-05-09T10:11:28.712+0000] {dagbag.py:538} INFO - Filling up the DagBag from /home/airflow/.local/lib/python3.8/site-packages/airflow/example_dags/example_complex.py
[2025-05-09T10:11:28.850+0000] {processor.py:840} INFO - DAG(s) 'example_complex' retrieved from /home/airflow/.local/lib/python3.8/site-packages/airflow/example_dags/example_complex.py
[2025-05-09T10:11:29.029+0000] {logging_mixin.py:188} INFO - [2025-05-09T10:11:29.029+0000] {dag.py:3036} INFO - Sync 1 DAGs
[2025-05-09T10:11:29.070+0000] {logging_mixin.py:188} INFO - [2025-05-09T10:11:29.069+0000] {dag.py:3823} INFO - Setting next_dagrun for example_complex to None, run_after=None
[2025-05-09T10:11:29.125+0000] {processor.py:183} INFO - Processing /home/airflow/.local/lib/python3.8/site-packages/airflow/example_dags/example_complex.py took 0.457 seconds
[2025-05-09T10:11:59.231+0000] {processor.py:161} INFO - Started process (PID=379) to work on /home/airflow/.local/lib/python3.8/site-packages/airflow/example_dags/example_complex.py
[2025-05-09T10:11:59.236+0000] {processor.py:830} INFO - Processing file /home/airflow/.local/lib/python3.8/site-packages/airflow/example_dags/example_complex.py for tasks to queue
[2025-05-09T10:11:59.244+0000] {logging_mixin.py:188} INFO - [2025-05-09T10:11:59.243+0000] {dagbag.py:538} INFO - Filling up the DagBag from /home/airflow/.local/lib/python3.8/site-packages/airflow/example_dags/example_complex.py
[2025-05-09T10:11:59.285+0000] {processor.py:840} INFO - DAG(s) 'example_complex' retrieved from /home/airflow/.local/lib/python3.8/site-packages/airflow/example_dags/example_complex.py
[2025-05-09T10:11:59.375+0000] {logging_mixin.py:188} INFO - [2025-05-09T10:11:59.374+0000] {dag.py:3036} INFO - Sync 1 DAGs
[2025-05-09T10:11:59.396+0000] {logging_mixin.py:188} INFO - [2025-05-09T10:11:59.396+0000] {dag.py:3823} INFO - Setting next_dagrun for example_complex to None, run_after=None
[2025-05-09T10:11:59.428+0000] {processor.py:183} INFO - Processing /home/airflow/.local/lib/python3.8/site-packages/airflow/example_dags/example_complex.py took 0.207 seconds
[2025-05-09T10:12:29.547+0000] {processor.py:161} INFO - Started process (PID=441) to work on /home/airflow/.local/lib/python3.8/site-packages/airflow/example_dags/example_complex.py
[2025-05-09T10:12:29.548+0000] {processor.py:830} INFO - Processing file /home/airflow/.local/lib/python3.8/site-packages/airflow/example_dags/example_complex.py for tasks to queue
[2025-05-09T10:12:29.553+0000] {logging_mixin.py:188} INFO - [2025-05-09T10:12:29.552+0000] {dagbag.py:538} INFO - Filling up the DagBag from /home/airflow/.local/lib/python3.8/site-packages/airflow/example_dags/example_complex.py
[2025-05-09T10:12:29.573+0000] {processor.py:840} INFO - DAG(s) 'example_complex' retrieved from /home/airflow/.local/lib/python3.8/site-packages/airflow/example_dags/example_complex.py
[2025-05-09T10:12:29.626+0000] {logging_mixin.py:188} INFO - [2025-05-09T10:12:29.626+0000] {dag.py:3036} INFO - Sync 1 DAGs
[2025-05-09T10:12:29.647+0000] {logging_mixin.py:188} INFO - [2025-05-09T10:12:29.647+0000] {dag.py:3823} INFO - Setting next_dagrun for example_complex to None, run_after=None
[2025-05-09T10:12:29.703+0000] {processor.py:183} INFO - Processing /home/airflow/.local/lib/python3.8/site-packages/airflow/example_dags/example_complex.py took 0.161 seconds
[2025-05-09T10:13:00.525+0000] {processor.py:161} INFO - Started process (PID=497) to work on /home/airflow/.local/lib/python3.8/site-packages/airflow/example_dags/example_complex.py
[2025-05-09T10:13:00.529+0000] {processor.py:830} INFO - Processing file /home/airflow/.local/lib/python3.8/site-packages/airflow/example_dags/example_complex.py for tasks to queue
[2025-05-09T10:13:00.556+0000] {logging_mixin.py:188} INFO - [2025-05-09T10:13:00.555+0000] {dagbag.py:538} INFO - Filling up the DagBag from /home/airflow/.local/lib/python3.8/site-packages/airflow/example_dags/example_complex.py
[2025-05-09T10:13:00.581+0000] {processor.py:840} INFO - DAG(s) 'example_complex' retrieved from /home/airflow/.local/lib/python3.8/site-packages/airflow/example_dags/example_complex.py
[2025-05-09T10:13:00.642+0000] {logging_mixin.py:188} INFO - [2025-05-09T10:13:00.642+0000] {dag.py:3036} INFO - Sync 1 DAGs
[2025-05-09T10:13:00.665+0000] {logging_mixin.py:188} INFO - [2025-05-09T10:13:00.665+0000] {dag.py:3823} INFO - Setting next_dagrun for example_complex to None, run_after=None
[2025-05-09T10:13:00.702+0000] {processor.py:183} INFO - Processing /home/airflow/.local/lib/python3.8/site-packages/airflow/example_dags/example_complex.py took 0.185 seconds
[2025-05-09T10:13:31.352+0000] {processor.py:161} INFO - Started process (PID=553) to work on /home/airflow/.local/lib/python3.8/site-packages/airflow/example_dags/example_complex.py
[2025-05-09T10:13:31.355+0000] {processor.py:830} INFO - Processing file /home/airflow/.local/lib/python3.8/site-packages/airflow/example_dags/example_complex.py for tasks to queue
[2025-05-09T10:13:31.358+0000] {logging_mixin.py:188} INFO - [2025-05-09T10:13:31.357+0000] {dagbag.py:538} INFO - Filling up the DagBag from /home/airflow/.local/lib/python3.8/site-packages/airflow/example_dags/example_complex.py
[2025-05-09T10:13:31.378+0000] {processor.py:840} INFO - DAG(s) 'example_complex' retrieved from /home/airflow/.local/lib/python3.8/site-packages/airflow/example_dags/example_complex.py
[2025-05-09T10:13:31.438+0000] {logging_mixin.py:188} INFO - [2025-05-09T10:13:31.437+0000] {dag.py:3036} INFO - Sync 1 DAGs
[2025-05-09T10:13:31.499+0000] {logging_mixin.py:188} INFO - [2025-05-09T10:13:31.498+0000] {dag.py:3823} INFO - Setting next_dagrun for example_complex to None, run_after=None
[2025-05-09T10:13:31.629+0000] {processor.py:183} INFO - Processing /home/airflow/.local/lib/python3.8/site-packages/airflow/example_dags/example_complex.py took 0.283 seconds
[2025-05-09T10:14:02.112+0000] {processor.py:161} INFO - Started process (PID=609) to work on /home/airflow/.local/lib/python3.8/site-packages/airflow/example_dags/example_complex.py
[2025-05-09T10:14:02.114+0000] {processor.py:830} INFO - Processing file /home/airflow/.local/lib/python3.8/site-packages/airflow/example_dags/example_complex.py for tasks to queue
[2025-05-09T10:14:02.118+0000] {logging_mixin.py:188} INFO - [2025-05-09T10:14:02.117+0000] {dagbag.py:538} INFO - Filling up the DagBag from /home/airflow/.local/lib/python3.8/site-packages/airflow/example_dags/example_complex.py
[2025-05-09T10:14:02.139+0000] {processor.py:840} INFO - DAG(s) 'example_complex' retrieved from /home/airflow/.local/lib/python3.8/site-packages/airflow/example_dags/example_complex.py
[2025-05-09T10:14:02.215+0000] {logging_mixin.py:188} INFO - [2025-05-09T10:14:02.214+0000] {dag.py:3036} INFO - Sync 1 DAGs
[2025-05-09T10:14:02.253+0000] {logging_mixin.py:188} INFO - [2025-05-09T10:14:02.253+0000] {dag.py:3823} INFO - Setting next_dagrun for example_complex to None, run_after=None
[2025-05-09T10:14:02.306+0000] {processor.py:183} INFO - Processing /home/airflow/.local/lib/python3.8/site-packages/airflow/example_dags/example_complex.py took 0.200 seconds
