[2025-05-09T10:01:15.735+0000] {processor.py:161} INFO - Started process (PID=105) to work on /home/airflow/.local/lib/python3.8/site-packages/airflow/example_dags/example_branch_operator.py
[2025-05-09T10:01:15.751+0000] {processor.py:830} INFO - Processing file /home/airflow/.local/lib/python3.8/site-packages/airflow/example_dags/example_branch_operator.py for tasks to queue
[2025-05-09T10:01:15.796+0000] {logging_mixin.py:188} INFO - [2025-05-09T10:01:15.775+0000] {dagbag.py:538} INFO - Filling up the DagBag from /home/airflow/.local/lib/python3.8/site-packages/airflow/example_dags/example_branch_operator.py
[2025-05-09T10:01:16.512+0000] {processor.py:840} INFO - DAG(s) 'example_branch_operator' retrieved from /home/airflow/.local/lib/python3.8/site-packages/airflow/example_dags/example_branch_operator.py
[2025-05-09T10:01:16.863+0000] {logging_mixin.py:188} INFO - [2025-05-09T10:01:16.862+0000] {dag.py:3036} INFO - Sync 1 DAGs
[2025-05-09T10:01:17.363+0000] {logging_mixin.py:188} INFO - [2025-05-09T10:01:17.360+0000] {dag.py:3823} INFO - Setting next_dagrun for example_branch_operator to 2025-05-08 00:00:00+00:00, run_after=2025-05-09 00:00:00+00:00
[2025-05-09T10:01:17.487+0000] {processor.py:183} INFO - Processing /home/airflow/.local/lib/python3.8/site-packages/airflow/example_dags/example_branch_operator.py took 1.859 seconds
[2025-05-09T10:01:48.287+0000] {processor.py:161} INFO - Started process (PID=161) to work on /home/airflow/.local/lib/python3.8/site-packages/airflow/example_dags/example_branch_operator.py
[2025-05-09T10:01:48.291+0000] {processor.py:830} INFO - Processing file /home/airflow/.local/lib/python3.8/site-packages/airflow/example_dags/example_branch_operator.py for tasks to queue
[2025-05-09T10:01:48.297+0000] {logging_mixin.py:188} INFO - [2025-05-09T10:01:48.296+0000] {dagbag.py:538} INFO - Filling up the DagBag from /home/airflow/.local/lib/python3.8/site-packages/airflow/example_dags/example_branch_operator.py
[2025-05-09T10:01:48.346+0000] {processor.py:840} INFO - DAG(s) 'example_branch_operator' retrieved from /home/airflow/.local/lib/python3.8/site-packages/airflow/example_dags/example_branch_operator.py
[2025-05-09T10:01:48.672+0000] {logging_mixin.py:188} INFO - [2025-05-09T10:01:48.671+0000] {dag.py:3036} INFO - Sync 1 DAGs
[2025-05-09T10:01:48.754+0000] {logging_mixin.py:188} INFO - [2025-05-09T10:01:48.754+0000] {dag.py:3823} INFO - Setting next_dagrun for example_branch_operator to 2025-05-08 00:00:00+00:00, run_after=2025-05-09 00:00:00+00:00
[2025-05-09T10:01:48.848+0000] {processor.py:183} INFO - Processing /home/airflow/.local/lib/python3.8/site-packages/airflow/example_dags/example_branch_operator.py took 0.570 seconds
[2025-05-09T10:02:19.313+0000] {processor.py:161} INFO - Started process (PID=217) to work on /home/airflow/.local/lib/python3.8/site-packages/airflow/example_dags/example_branch_operator.py
[2025-05-09T10:02:19.319+0000] {processor.py:830} INFO - Processing file /home/airflow/.local/lib/python3.8/site-packages/airflow/example_dags/example_branch_operator.py for tasks to queue
[2025-05-09T10:02:19.329+0000] {logging_mixin.py:188} INFO - [2025-05-09T10:02:19.328+0000] {dagbag.py:538} INFO - Filling up the DagBag from /home/airflow/.local/lib/python3.8/site-packages/airflow/example_dags/example_branch_operator.py
[2025-05-09T10:02:19.412+0000] {processor.py:840} INFO - DAG(s) 'example_branch_operator' retrieved from /home/airflow/.local/lib/python3.8/site-packages/airflow/example_dags/example_branch_operator.py
[2025-05-09T10:02:19.540+0000] {logging_mixin.py:188} INFO - [2025-05-09T10:02:19.539+0000] {dag.py:3036} INFO - Sync 1 DAGs
[2025-05-09T10:02:19.646+0000] {logging_mixin.py:188} INFO - [2025-05-09T10:02:19.645+0000] {dag.py:3823} INFO - Setting next_dagrun for example_branch_operator to 2025-05-08 00:00:00+00:00, run_after=2025-05-09 00:00:00+00:00
[2025-05-09T10:02:19.743+0000] {processor.py:183} INFO - Processing /home/airflow/.local/lib/python3.8/site-packages/airflow/example_dags/example_branch_operator.py took 0.445 seconds
[2025-05-09T10:02:50.129+0000] {processor.py:161} INFO - Started process (PID=273) to work on /home/airflow/.local/lib/python3.8/site-packages/airflow/example_dags/example_branch_operator.py
[2025-05-09T10:02:50.133+0000] {processor.py:830} INFO - Processing file /home/airflow/.local/lib/python3.8/site-packages/airflow/example_dags/example_branch_operator.py for tasks to queue
[2025-05-09T10:02:50.142+0000] {logging_mixin.py:188} INFO - [2025-05-09T10:02:50.141+0000] {dagbag.py:538} INFO - Filling up the DagBag from /home/airflow/.local/lib/python3.8/site-packages/airflow/example_dags/example_branch_operator.py
[2025-05-09T10:02:50.230+0000] {processor.py:840} INFO - DAG(s) 'example_branch_operator' retrieved from /home/airflow/.local/lib/python3.8/site-packages/airflow/example_dags/example_branch_operator.py
[2025-05-09T10:02:50.372+0000] {logging_mixin.py:188} INFO - [2025-05-09T10:02:50.371+0000] {dag.py:3036} INFO - Sync 1 DAGs
[2025-05-09T10:02:50.492+0000] {logging_mixin.py:188} INFO - [2025-05-09T10:02:50.491+0000] {dag.py:3823} INFO - Setting next_dagrun for example_branch_operator to 2025-05-08 00:00:00+00:00, run_after=2025-05-09 00:00:00+00:00
[2025-05-09T10:02:50.583+0000] {processor.py:183} INFO - Processing /home/airflow/.local/lib/python3.8/site-packages/airflow/example_dags/example_branch_operator.py took 0.470 seconds
[2025-05-09T10:03:21.319+0000] {processor.py:161} INFO - Started process (PID=329) to work on /home/airflow/.local/lib/python3.8/site-packages/airflow/example_dags/example_branch_operator.py
[2025-05-09T10:03:21.323+0000] {processor.py:830} INFO - Processing file /home/airflow/.local/lib/python3.8/site-packages/airflow/example_dags/example_branch_operator.py for tasks to queue
[2025-05-09T10:03:21.327+0000] {logging_mixin.py:188} INFO - [2025-05-09T10:03:21.327+0000] {dagbag.py:538} INFO - Filling up the DagBag from /home/airflow/.local/lib/python3.8/site-packages/airflow/example_dags/example_branch_operator.py
[2025-05-09T10:03:21.378+0000] {processor.py:840} INFO - DAG(s) 'example_branch_operator' retrieved from /home/airflow/.local/lib/python3.8/site-packages/airflow/example_dags/example_branch_operator.py
[2025-05-09T10:03:21.430+0000] {logging_mixin.py:188} INFO - [2025-05-09T10:03:21.430+0000] {dag.py:3036} INFO - Sync 1 DAGs
[2025-05-09T10:03:21.482+0000] {logging_mixin.py:188} INFO - [2025-05-09T10:03:21.481+0000] {dag.py:3823} INFO - Setting next_dagrun for example_branch_operator to 2025-05-08 00:00:00+00:00, run_after=2025-05-09 00:00:00+00:00
[2025-05-09T10:03:21.517+0000] {processor.py:183} INFO - Processing /home/airflow/.local/lib/python3.8/site-packages/airflow/example_dags/example_branch_operator.py took 0.211 seconds
[2025-05-09T10:03:51.799+0000] {processor.py:161} INFO - Started process (PID=385) to work on /home/airflow/.local/lib/python3.8/site-packages/airflow/example_dags/example_branch_operator.py
[2025-05-09T10:03:51.806+0000] {processor.py:830} INFO - Processing file /home/airflow/.local/lib/python3.8/site-packages/airflow/example_dags/example_branch_operator.py for tasks to queue
[2025-05-09T10:03:51.814+0000] {logging_mixin.py:188} INFO - [2025-05-09T10:03:51.813+0000] {dagbag.py:538} INFO - Filling up the DagBag from /home/airflow/.local/lib/python3.8/site-packages/airflow/example_dags/example_branch_operator.py
[2025-05-09T10:03:51.904+0000] {processor.py:840} INFO - DAG(s) 'example_branch_operator' retrieved from /home/airflow/.local/lib/python3.8/site-packages/airflow/example_dags/example_branch_operator.py
[2025-05-09T10:03:51.999+0000] {logging_mixin.py:188} INFO - [2025-05-09T10:03:51.999+0000] {dag.py:3036} INFO - Sync 1 DAGs
[2025-05-09T10:03:52.068+0000] {logging_mixin.py:188} INFO - [2025-05-09T10:03:52.068+0000] {dag.py:3823} INFO - Setting next_dagrun for example_branch_operator to 2025-05-08 00:00:00+00:00, run_after=2025-05-09 00:00:00+00:00
[2025-05-09T10:03:52.125+0000] {processor.py:183} INFO - Processing /home/airflow/.local/lib/python3.8/site-packages/airflow/example_dags/example_branch_operator.py took 0.344 seconds
[2025-05-09T10:04:22.305+0000] {processor.py:161} INFO - Started process (PID=441) to work on /home/airflow/.local/lib/python3.8/site-packages/airflow/example_dags/example_branch_operator.py
[2025-05-09T10:04:22.307+0000] {processor.py:830} INFO - Processing file /home/airflow/.local/lib/python3.8/site-packages/airflow/example_dags/example_branch_operator.py for tasks to queue
[2025-05-09T10:04:22.311+0000] {logging_mixin.py:188} INFO - [2025-05-09T10:04:22.311+0000] {dagbag.py:538} INFO - Filling up the DagBag from /home/airflow/.local/lib/python3.8/site-packages/airflow/example_dags/example_branch_operator.py
[2025-05-09T10:04:22.356+0000] {processor.py:840} INFO - DAG(s) 'example_branch_operator' retrieved from /home/airflow/.local/lib/python3.8/site-packages/airflow/example_dags/example_branch_operator.py
[2025-05-09T10:04:22.416+0000] {logging_mixin.py:188} INFO - [2025-05-09T10:04:22.415+0000] {dag.py:3036} INFO - Sync 1 DAGs
[2025-05-09T10:04:22.504+0000] {logging_mixin.py:188} INFO - [2025-05-09T10:04:22.503+0000] {dag.py:3823} INFO - Setting next_dagrun for example_branch_operator to 2025-05-08 00:00:00+00:00, run_after=2025-05-09 00:00:00+00:00
[2025-05-09T10:04:22.600+0000] {processor.py:183} INFO - Processing /home/airflow/.local/lib/python3.8/site-packages/airflow/example_dags/example_branch_operator.py took 0.302 seconds
[2025-05-09T10:04:52.695+0000] {processor.py:161} INFO - Started process (PID=497) to work on /home/airflow/.local/lib/python3.8/site-packages/airflow/example_dags/example_branch_operator.py
[2025-05-09T10:04:52.697+0000] {processor.py:830} INFO - Processing file /home/airflow/.local/lib/python3.8/site-packages/airflow/example_dags/example_branch_operator.py for tasks to queue
[2025-05-09T10:04:52.701+0000] {logging_mixin.py:188} INFO - [2025-05-09T10:04:52.700+0000] {dagbag.py:538} INFO - Filling up the DagBag from /home/airflow/.local/lib/python3.8/site-packages/airflow/example_dags/example_branch_operator.py
[2025-05-09T10:04:52.733+0000] {processor.py:840} INFO - DAG(s) 'example_branch_operator' retrieved from /home/airflow/.local/lib/python3.8/site-packages/airflow/example_dags/example_branch_operator.py
[2025-05-09T10:04:52.800+0000] {logging_mixin.py:188} INFO - [2025-05-09T10:04:52.800+0000] {dag.py:3036} INFO - Sync 1 DAGs
[2025-05-09T10:04:52.852+0000] {logging_mixin.py:188} INFO - [2025-05-09T10:04:52.851+0000] {dag.py:3823} INFO - Setting next_dagrun for example_branch_operator to 2025-05-08 00:00:00+00:00, run_after=2025-05-09 00:00:00+00:00
[2025-05-09T10:04:52.890+0000] {processor.py:183} INFO - Processing /home/airflow/.local/lib/python3.8/site-packages/airflow/example_dags/example_branch_operator.py took 0.203 seconds
[2025-05-09T10:05:23.143+0000] {processor.py:161} INFO - Started process (PID=553) to work on /home/airflow/.local/lib/python3.8/site-packages/airflow/example_dags/example_branch_operator.py
[2025-05-09T10:05:23.147+0000] {processor.py:830} INFO - Processing file /home/airflow/.local/lib/python3.8/site-packages/airflow/example_dags/example_branch_operator.py for tasks to queue
[2025-05-09T10:05:23.152+0000] {logging_mixin.py:188} INFO - [2025-05-09T10:05:23.151+0000] {dagbag.py:538} INFO - Filling up the DagBag from /home/airflow/.local/lib/python3.8/site-packages/airflow/example_dags/example_branch_operator.py
[2025-05-09T10:05:23.208+0000] {processor.py:840} INFO - DAG(s) 'example_branch_operator' retrieved from /home/airflow/.local/lib/python3.8/site-packages/airflow/example_dags/example_branch_operator.py
[2025-05-09T10:05:23.326+0000] {logging_mixin.py:188} INFO - [2025-05-09T10:05:23.325+0000] {dag.py:3036} INFO - Sync 1 DAGs
[2025-05-09T10:05:23.428+0000] {logging_mixin.py:188} INFO - [2025-05-09T10:05:23.427+0000] {dag.py:3823} INFO - Setting next_dagrun for example_branch_operator to 2025-05-08 00:00:00+00:00, run_after=2025-05-09 00:00:00+00:00
[2025-05-09T10:05:23.520+0000] {processor.py:183} INFO - Processing /home/airflow/.local/lib/python3.8/site-packages/airflow/example_dags/example_branch_operator.py took 0.390 seconds
[2025-05-09T10:05:53.913+0000] {processor.py:161} INFO - Started process (PID=609) to work on /home/airflow/.local/lib/python3.8/site-packages/airflow/example_dags/example_branch_operator.py
[2025-05-09T10:05:53.918+0000] {processor.py:830} INFO - Processing file /home/airflow/.local/lib/python3.8/site-packages/airflow/example_dags/example_branch_operator.py for tasks to queue
[2025-05-09T10:05:53.930+0000] {logging_mixin.py:188} INFO - [2025-05-09T10:05:53.928+0000] {dagbag.py:538} INFO - Filling up the DagBag from /home/airflow/.local/lib/python3.8/site-packages/airflow/example_dags/example_branch_operator.py
[2025-05-09T10:05:54.013+0000] {processor.py:840} INFO - DAG(s) 'example_branch_operator' retrieved from /home/airflow/.local/lib/python3.8/site-packages/airflow/example_dags/example_branch_operator.py
[2025-05-09T10:05:54.155+0000] {logging_mixin.py:188} INFO - [2025-05-09T10:05:54.154+0000] {dag.py:3036} INFO - Sync 1 DAGs
[2025-05-09T10:05:54.280+0000] {logging_mixin.py:188} INFO - [2025-05-09T10:05:54.279+0000] {dag.py:3823} INFO - Setting next_dagrun for example_branch_operator to 2025-05-08 00:00:00+00:00, run_after=2025-05-09 00:00:00+00:00
[2025-05-09T10:05:54.376+0000] {processor.py:183} INFO - Processing /home/airflow/.local/lib/python3.8/site-packages/airflow/example_dags/example_branch_operator.py took 0.480 seconds
[2025-05-09T10:06:24.823+0000] {processor.py:161} INFO - Started process (PID=665) to work on /home/airflow/.local/lib/python3.8/site-packages/airflow/example_dags/example_branch_operator.py
[2025-05-09T10:06:24.828+0000] {processor.py:830} INFO - Processing file /home/airflow/.local/lib/python3.8/site-packages/airflow/example_dags/example_branch_operator.py for tasks to queue
[2025-05-09T10:06:24.837+0000] {logging_mixin.py:188} INFO - [2025-05-09T10:06:24.836+0000] {dagbag.py:538} INFO - Filling up the DagBag from /home/airflow/.local/lib/python3.8/site-packages/airflow/example_dags/example_branch_operator.py
[2025-05-09T10:06:24.932+0000] {processor.py:840} INFO - DAG(s) 'example_branch_operator' retrieved from /home/airflow/.local/lib/python3.8/site-packages/airflow/example_dags/example_branch_operator.py
[2025-05-09T10:06:25.064+0000] {logging_mixin.py:188} INFO - [2025-05-09T10:06:25.062+0000] {dag.py:3036} INFO - Sync 1 DAGs
[2025-05-09T10:06:25.177+0000] {logging_mixin.py:188} INFO - [2025-05-09T10:06:25.175+0000] {dag.py:3823} INFO - Setting next_dagrun for example_branch_operator to 2025-05-08 00:00:00+00:00, run_after=2025-05-09 00:00:00+00:00
[2025-05-09T10:06:25.315+0000] {processor.py:183} INFO - Processing /home/airflow/.local/lib/python3.8/site-packages/airflow/example_dags/example_branch_operator.py took 0.506 seconds
[2025-05-09T10:09:25.427+0000] {processor.py:161} INFO - Started process (PID=102) to work on /home/airflow/.local/lib/python3.8/site-packages/airflow/example_dags/example_branch_operator.py
[2025-05-09T10:09:25.430+0000] {processor.py:830} INFO - Processing file /home/airflow/.local/lib/python3.8/site-packages/airflow/example_dags/example_branch_operator.py for tasks to queue
[2025-05-09T10:09:25.434+0000] {logging_mixin.py:188} INFO - [2025-05-09T10:09:25.433+0000] {dagbag.py:538} INFO - Filling up the DagBag from /home/airflow/.local/lib/python3.8/site-packages/airflow/example_dags/example_branch_operator.py
[2025-05-09T10:09:25.486+0000] {processor.py:840} INFO - DAG(s) 'example_branch_operator' retrieved from /home/airflow/.local/lib/python3.8/site-packages/airflow/example_dags/example_branch_operator.py
[2025-05-09T10:09:25.822+0000] {logging_mixin.py:188} INFO - [2025-05-09T10:09:25.821+0000] {dag.py:3036} INFO - Sync 1 DAGs
[2025-05-09T10:09:25.976+0000] {logging_mixin.py:188} INFO - [2025-05-09T10:09:25.976+0000] {dag.py:3823} INFO - Setting next_dagrun for example_branch_operator to 2025-05-08 00:00:00+00:00, run_after=2025-05-09 00:00:00+00:00
[2025-05-09T10:09:26.059+0000] {processor.py:183} INFO - Processing /home/airflow/.local/lib/python3.8/site-packages/airflow/example_dags/example_branch_operator.py took 0.638 seconds
[2025-05-09T10:09:56.274+0000] {processor.py:161} INFO - Started process (PID=157) to work on /home/airflow/.local/lib/python3.8/site-packages/airflow/example_dags/example_branch_operator.py
[2025-05-09T10:09:56.278+0000] {processor.py:830} INFO - Processing file /home/airflow/.local/lib/python3.8/site-packages/airflow/example_dags/example_branch_operator.py for tasks to queue
[2025-05-09T10:09:56.290+0000] {logging_mixin.py:188} INFO - [2025-05-09T10:09:56.289+0000] {dagbag.py:538} INFO - Filling up the DagBag from /home/airflow/.local/lib/python3.8/site-packages/airflow/example_dags/example_branch_operator.py
[2025-05-09T10:09:56.339+0000] {processor.py:840} INFO - DAG(s) 'example_branch_operator' retrieved from /home/airflow/.local/lib/python3.8/site-packages/airflow/example_dags/example_branch_operator.py
[2025-05-09T10:09:56.390+0000] {logging_mixin.py:188} INFO - [2025-05-09T10:09:56.390+0000] {dag.py:3036} INFO - Sync 1 DAGs
[2025-05-09T10:09:56.442+0000] {logging_mixin.py:188} INFO - [2025-05-09T10:09:56.441+0000] {dag.py:3823} INFO - Setting next_dagrun for example_branch_operator to 2025-05-08 00:00:00+00:00, run_after=2025-05-09 00:00:00+00:00
[2025-05-09T10:09:56.484+0000] {processor.py:183} INFO - Processing /home/airflow/.local/lib/python3.8/site-packages/airflow/example_dags/example_branch_operator.py took 0.224 seconds
[2025-05-09T10:10:27.251+0000] {processor.py:161} INFO - Started process (PID=214) to work on /home/airflow/.local/lib/python3.8/site-packages/airflow/example_dags/example_branch_operator.py
[2025-05-09T10:10:27.254+0000] {processor.py:830} INFO - Processing file /home/airflow/.local/lib/python3.8/site-packages/airflow/example_dags/example_branch_operator.py for tasks to queue
[2025-05-09T10:10:27.258+0000] {logging_mixin.py:188} INFO - [2025-05-09T10:10:27.257+0000] {dagbag.py:538} INFO - Filling up the DagBag from /home/airflow/.local/lib/python3.8/site-packages/airflow/example_dags/example_branch_operator.py
[2025-05-09T10:10:27.292+0000] {processor.py:840} INFO - DAG(s) 'example_branch_operator' retrieved from /home/airflow/.local/lib/python3.8/site-packages/airflow/example_dags/example_branch_operator.py
[2025-05-09T10:10:27.364+0000] {logging_mixin.py:188} INFO - [2025-05-09T10:10:27.363+0000] {dag.py:3036} INFO - Sync 1 DAGs
[2025-05-09T10:10:27.442+0000] {logging_mixin.py:188} INFO - [2025-05-09T10:10:27.441+0000] {dag.py:3823} INFO - Setting next_dagrun for example_branch_operator to 2025-05-08 00:00:00+00:00, run_after=2025-05-09 00:00:00+00:00
[2025-05-09T10:10:27.495+0000] {processor.py:183} INFO - Processing /home/airflow/.local/lib/python3.8/site-packages/airflow/example_dags/example_branch_operator.py took 0.250 seconds
[2025-05-09T10:10:58.642+0000] {processor.py:161} INFO - Started process (PID=270) to work on /home/airflow/.local/lib/python3.8/site-packages/airflow/example_dags/example_branch_operator.py
[2025-05-09T10:10:58.645+0000] {processor.py:830} INFO - Processing file /home/airflow/.local/lib/python3.8/site-packages/airflow/example_dags/example_branch_operator.py for tasks to queue
[2025-05-09T10:10:58.649+0000] {logging_mixin.py:188} INFO - [2025-05-09T10:10:58.649+0000] {dagbag.py:538} INFO - Filling up the DagBag from /home/airflow/.local/lib/python3.8/site-packages/airflow/example_dags/example_branch_operator.py
[2025-05-09T10:10:58.717+0000] {processor.py:840} INFO - DAG(s) 'example_branch_operator' retrieved from /home/airflow/.local/lib/python3.8/site-packages/airflow/example_dags/example_branch_operator.py
[2025-05-09T10:10:58.899+0000] {logging_mixin.py:188} INFO - [2025-05-09T10:10:58.898+0000] {dag.py:3036} INFO - Sync 1 DAGs
[2025-05-09T10:10:59.030+0000] {logging_mixin.py:188} INFO - [2025-05-09T10:10:59.030+0000] {dag.py:3823} INFO - Setting next_dagrun for example_branch_operator to 2025-05-08 00:00:00+00:00, run_after=2025-05-09 00:00:00+00:00
[2025-05-09T10:10:59.129+0000] {processor.py:183} INFO - Processing /home/airflow/.local/lib/python3.8/site-packages/airflow/example_dags/example_branch_operator.py took 0.495 seconds
[2025-05-09T10:11:29.203+0000] {processor.py:161} INFO - Started process (PID=332) to work on /home/airflow/.local/lib/python3.8/site-packages/airflow/example_dags/example_branch_operator.py
[2025-05-09T10:11:29.207+0000] {processor.py:830} INFO - Processing file /home/airflow/.local/lib/python3.8/site-packages/airflow/example_dags/example_branch_operator.py for tasks to queue
[2025-05-09T10:11:29.213+0000] {logging_mixin.py:188} INFO - [2025-05-09T10:11:29.212+0000] {dagbag.py:538} INFO - Filling up the DagBag from /home/airflow/.local/lib/python3.8/site-packages/airflow/example_dags/example_branch_operator.py
[2025-05-09T10:11:29.257+0000] {processor.py:840} INFO - DAG(s) 'example_branch_operator' retrieved from /home/airflow/.local/lib/python3.8/site-packages/airflow/example_dags/example_branch_operator.py
[2025-05-09T10:11:29.316+0000] {logging_mixin.py:188} INFO - [2025-05-09T10:11:29.316+0000] {dag.py:3036} INFO - Sync 1 DAGs
[2025-05-09T10:11:29.376+0000] {logging_mixin.py:188} INFO - [2025-05-09T10:11:29.376+0000] {dag.py:3823} INFO - Setting next_dagrun for example_branch_operator to 2025-05-08 00:00:00+00:00, run_after=2025-05-09 00:00:00+00:00
[2025-05-09T10:11:29.416+0000] {processor.py:183} INFO - Processing /home/airflow/.local/lib/python3.8/site-packages/airflow/example_dags/example_branch_operator.py took 0.220 seconds
[2025-05-09T10:11:59.483+0000] {processor.py:161} INFO - Started process (PID=387) to work on /home/airflow/.local/lib/python3.8/site-packages/airflow/example_dags/example_branch_operator.py
[2025-05-09T10:11:59.485+0000] {processor.py:830} INFO - Processing file /home/airflow/.local/lib/python3.8/site-packages/airflow/example_dags/example_branch_operator.py for tasks to queue
[2025-05-09T10:11:59.488+0000] {logging_mixin.py:188} INFO - [2025-05-09T10:11:59.488+0000] {dagbag.py:538} INFO - Filling up the DagBag from /home/airflow/.local/lib/python3.8/site-packages/airflow/example_dags/example_branch_operator.py
[2025-05-09T10:11:59.516+0000] {processor.py:840} INFO - DAG(s) 'example_branch_operator' retrieved from /home/airflow/.local/lib/python3.8/site-packages/airflow/example_dags/example_branch_operator.py
[2025-05-09T10:11:59.571+0000] {logging_mixin.py:188} INFO - [2025-05-09T10:11:59.570+0000] {dag.py:3036} INFO - Sync 1 DAGs
[2025-05-09T10:11:59.628+0000] {logging_mixin.py:188} INFO - [2025-05-09T10:11:59.627+0000] {dag.py:3823} INFO - Setting next_dagrun for example_branch_operator to 2025-05-08 00:00:00+00:00, run_after=2025-05-09 00:00:00+00:00
[2025-05-09T10:11:59.728+0000] {processor.py:183} INFO - Processing /home/airflow/.local/lib/python3.8/site-packages/airflow/example_dags/example_branch_operator.py took 0.250 seconds
[2025-05-09T10:12:30.237+0000] {processor.py:161} INFO - Started process (PID=443) to work on /home/airflow/.local/lib/python3.8/site-packages/airflow/example_dags/example_branch_operator.py
[2025-05-09T10:12:30.241+0000] {processor.py:830} INFO - Processing file /home/airflow/.local/lib/python3.8/site-packages/airflow/example_dags/example_branch_operator.py for tasks to queue
[2025-05-09T10:12:30.249+0000] {logging_mixin.py:188} INFO - [2025-05-09T10:12:30.247+0000] {dagbag.py:538} INFO - Filling up the DagBag from /home/airflow/.local/lib/python3.8/site-packages/airflow/example_dags/example_branch_operator.py
[2025-05-09T10:12:30.331+0000] {processor.py:840} INFO - DAG(s) 'example_branch_operator' retrieved from /home/airflow/.local/lib/python3.8/site-packages/airflow/example_dags/example_branch_operator.py
[2025-05-09T10:12:30.446+0000] {logging_mixin.py:188} INFO - [2025-05-09T10:12:30.445+0000] {dag.py:3036} INFO - Sync 1 DAGs
[2025-05-09T10:12:30.542+0000] {logging_mixin.py:188} INFO - [2025-05-09T10:12:30.541+0000] {dag.py:3823} INFO - Setting next_dagrun for example_branch_operator to 2025-05-08 00:00:00+00:00, run_after=2025-05-09 00:00:00+00:00
[2025-05-09T10:12:30.624+0000] {processor.py:183} INFO - Processing /home/airflow/.local/lib/python3.8/site-packages/airflow/example_dags/example_branch_operator.py took 0.403 seconds
[2025-05-09T10:13:00.756+0000] {processor.py:161} INFO - Started process (PID=499) to work on /home/airflow/.local/lib/python3.8/site-packages/airflow/example_dags/example_branch_operator.py
[2025-05-09T10:13:00.758+0000] {processor.py:830} INFO - Processing file /home/airflow/.local/lib/python3.8/site-packages/airflow/example_dags/example_branch_operator.py for tasks to queue
[2025-05-09T10:13:00.761+0000] {logging_mixin.py:188} INFO - [2025-05-09T10:13:00.761+0000] {dagbag.py:538} INFO - Filling up the DagBag from /home/airflow/.local/lib/python3.8/site-packages/airflow/example_dags/example_branch_operator.py
[2025-05-09T10:13:00.807+0000] {processor.py:840} INFO - DAG(s) 'example_branch_operator' retrieved from /home/airflow/.local/lib/python3.8/site-packages/airflow/example_dags/example_branch_operator.py
[2025-05-09T10:13:00.879+0000] {logging_mixin.py:188} INFO - [2025-05-09T10:13:00.879+0000] {dag.py:3036} INFO - Sync 1 DAGs
[2025-05-09T10:13:00.957+0000] {logging_mixin.py:188} INFO - [2025-05-09T10:13:00.957+0000] {dag.py:3823} INFO - Setting next_dagrun for example_branch_operator to 2025-05-08 00:00:00+00:00, run_after=2025-05-09 00:00:00+00:00
[2025-05-09T10:13:01.011+0000] {processor.py:183} INFO - Processing /home/airflow/.local/lib/python3.8/site-packages/airflow/example_dags/example_branch_operator.py took 0.260 seconds
[2025-05-09T10:13:31.799+0000] {processor.py:161} INFO - Started process (PID=555) to work on /home/airflow/.local/lib/python3.8/site-packages/airflow/example_dags/example_branch_operator.py
[2025-05-09T10:13:31.805+0000] {processor.py:830} INFO - Processing file /home/airflow/.local/lib/python3.8/site-packages/airflow/example_dags/example_branch_operator.py for tasks to queue
[2025-05-09T10:13:31.816+0000] {logging_mixin.py:188} INFO - [2025-05-09T10:13:31.815+0000] {dagbag.py:538} INFO - Filling up the DagBag from /home/airflow/.local/lib/python3.8/site-packages/airflow/example_dags/example_branch_operator.py
[2025-05-09T10:13:31.966+0000] {processor.py:840} INFO - DAG(s) 'example_branch_operator' retrieved from /home/airflow/.local/lib/python3.8/site-packages/airflow/example_dags/example_branch_operator.py
[2025-05-09T10:13:32.141+0000] {logging_mixin.py:188} INFO - [2025-05-09T10:13:32.140+0000] {dag.py:3036} INFO - Sync 1 DAGs
[2025-05-09T10:13:32.293+0000] {logging_mixin.py:188} INFO - [2025-05-09T10:13:32.292+0000] {dag.py:3823} INFO - Setting next_dagrun for example_branch_operator to 2025-05-08 00:00:00+00:00, run_after=2025-05-09 00:00:00+00:00
[2025-05-09T10:13:32.409+0000] {processor.py:183} INFO - Processing /home/airflow/.local/lib/python3.8/site-packages/airflow/example_dags/example_branch_operator.py took 0.629 seconds
[2025-05-09T10:14:03.193+0000] {processor.py:161} INFO - Started process (PID=611) to work on /home/airflow/.local/lib/python3.8/site-packages/airflow/example_dags/example_branch_operator.py
[2025-05-09T10:14:03.199+0000] {processor.py:830} INFO - Processing file /home/airflow/.local/lib/python3.8/site-packages/airflow/example_dags/example_branch_operator.py for tasks to queue
[2025-05-09T10:14:03.210+0000] {logging_mixin.py:188} INFO - [2025-05-09T10:14:03.208+0000] {dagbag.py:538} INFO - Filling up the DagBag from /home/airflow/.local/lib/python3.8/site-packages/airflow/example_dags/example_branch_operator.py
[2025-05-09T10:14:03.328+0000] {processor.py:840} INFO - DAG(s) 'example_branch_operator' retrieved from /home/airflow/.local/lib/python3.8/site-packages/airflow/example_dags/example_branch_operator.py
[2025-05-09T10:14:03.393+0000] {logging_mixin.py:188} INFO - [2025-05-09T10:14:03.393+0000] {dag.py:3036} INFO - Sync 1 DAGs
[2025-05-09T10:14:03.447+0000] {logging_mixin.py:188} INFO - [2025-05-09T10:14:03.447+0000] {dag.py:3823} INFO - Setting next_dagrun for example_branch_operator to 2025-05-08 00:00:00+00:00, run_after=2025-05-09 00:00:00+00:00
[2025-05-09T10:14:03.483+0000] {processor.py:183} INFO - Processing /home/airflow/.local/lib/python3.8/site-packages/airflow/example_dags/example_branch_operator.py took 0.308 seconds
