[2025-05-09T10:01:16.948+0000] {processor.py:161} INFO - Started process (PID=106) to work on /home/airflow/.local/lib/python3.8/site-packages/airflow/example_dags/example_skip_dag.py
[2025-05-09T10:01:16.959+0000] {processor.py:830} INFO - Processing file /home/airflow/.local/lib/python3.8/site-packages/airflow/example_dags/example_skip_dag.py for tasks to queue
[2025-05-09T10:01:16.984+0000] {logging_mixin.py:188} INFO - [2025-05-09T10:01:16.979+0000] {dagbag.py:538} INFO - Filling up the DagBag from /home/airflow/.local/lib/python3.8/site-packages/airflow/example_dags/example_skip_dag.py
[2025-05-09T10:01:17.482+0000] {processor.py:840} INFO - DAG(s) 'example_skip_dag' retrieved from /home/airflow/.local/lib/python3.8/site-packages/airflow/example_dags/example_skip_dag.py
[2025-05-09T10:01:17.542+0000] {logging_mixin.py:188} INFO - [2025-05-09T10:01:17.541+0000] {dag.py:3036} INFO - Sync 1 DAGs
[2025-05-09T10:01:17.968+0000] {logging_mixin.py:188} INFO - [2025-05-09T10:01:17.963+0000] {dag.py:3823} INFO - Setting next_dagrun for example_skip_dag to 2025-05-08 00:00:00+00:00, run_after=2025-05-09 00:00:00+00:00
[2025-05-09T10:01:18.769+0000] {processor.py:183} INFO - Processing /home/airflow/.local/lib/python3.8/site-packages/airflow/example_dags/example_skip_dag.py took 1.863 seconds
[2025-05-09T10:01:48.931+0000] {processor.py:161} INFO - Started process (PID=162) to work on /home/airflow/.local/lib/python3.8/site-packages/airflow/example_dags/example_skip_dag.py
[2025-05-09T10:01:48.934+0000] {processor.py:830} INFO - Processing file /home/airflow/.local/lib/python3.8/site-packages/airflow/example_dags/example_skip_dag.py for tasks to queue
[2025-05-09T10:01:48.939+0000] {logging_mixin.py:188} INFO - [2025-05-09T10:01:48.938+0000] {dagbag.py:538} INFO - Filling up the DagBag from /home/airflow/.local/lib/python3.8/site-packages/airflow/example_dags/example_skip_dag.py
[2025-05-09T10:01:48.953+0000] {processor.py:840} INFO - DAG(s) 'example_skip_dag' retrieved from /home/airflow/.local/lib/python3.8/site-packages/airflow/example_dags/example_skip_dag.py
[2025-05-09T10:01:49.237+0000] {logging_mixin.py:188} INFO - [2025-05-09T10:01:49.236+0000] {dag.py:3036} INFO - Sync 1 DAGs
[2025-05-09T10:01:49.359+0000] {logging_mixin.py:188} INFO - [2025-05-09T10:01:49.358+0000] {dag.py:3823} INFO - Setting next_dagrun for example_skip_dag to 2025-05-08 00:00:00+00:00, run_after=2025-05-09 00:00:00+00:00
[2025-05-09T10:01:49.499+0000] {processor.py:183} INFO - Processing /home/airflow/.local/lib/python3.8/site-packages/airflow/example_dags/example_skip_dag.py took 0.579 seconds
[2025-05-09T10:02:19.767+0000] {processor.py:161} INFO - Started process (PID=218) to work on /home/airflow/.local/lib/python3.8/site-packages/airflow/example_dags/example_skip_dag.py
[2025-05-09T10:02:19.785+0000] {processor.py:830} INFO - Processing file /home/airflow/.local/lib/python3.8/site-packages/airflow/example_dags/example_skip_dag.py for tasks to queue
[2025-05-09T10:02:19.793+0000] {logging_mixin.py:188} INFO - [2025-05-09T10:02:19.792+0000] {dagbag.py:538} INFO - Filling up the DagBag from /home/airflow/.local/lib/python3.8/site-packages/airflow/example_dags/example_skip_dag.py
[2025-05-09T10:02:19.822+0000] {processor.py:840} INFO - DAG(s) 'example_skip_dag' retrieved from /home/airflow/.local/lib/python3.8/site-packages/airflow/example_dags/example_skip_dag.py
[2025-05-09T10:02:19.921+0000] {logging_mixin.py:188} INFO - [2025-05-09T10:02:19.920+0000] {dag.py:3036} INFO - Sync 1 DAGs
[2025-05-09T10:02:20.000+0000] {logging_mixin.py:188} INFO - [2025-05-09T10:02:19.999+0000] {dag.py:3823} INFO - Setting next_dagrun for example_skip_dag to 2025-05-08 00:00:00+00:00, run_after=2025-05-09 00:00:00+00:00
[2025-05-09T10:02:20.055+0000] {processor.py:183} INFO - Processing /home/airflow/.local/lib/python3.8/site-packages/airflow/example_dags/example_skip_dag.py took 0.303 seconds
[2025-05-09T10:02:50.723+0000] {processor.py:161} INFO - Started process (PID=274) to work on /home/airflow/.local/lib/python3.8/site-packages/airflow/example_dags/example_skip_dag.py
[2025-05-09T10:02:50.728+0000] {processor.py:830} INFO - Processing file /home/airflow/.local/lib/python3.8/site-packages/airflow/example_dags/example_skip_dag.py for tasks to queue
[2025-05-09T10:02:50.735+0000] {logging_mixin.py:188} INFO - [2025-05-09T10:02:50.734+0000] {dagbag.py:538} INFO - Filling up the DagBag from /home/airflow/.local/lib/python3.8/site-packages/airflow/example_dags/example_skip_dag.py
[2025-05-09T10:02:50.764+0000] {processor.py:840} INFO - DAG(s) 'example_skip_dag' retrieved from /home/airflow/.local/lib/python3.8/site-packages/airflow/example_dags/example_skip_dag.py
[2025-05-09T10:02:50.876+0000] {logging_mixin.py:188} INFO - [2025-05-09T10:02:50.875+0000] {dag.py:3036} INFO - Sync 1 DAGs
[2025-05-09T10:02:50.970+0000] {logging_mixin.py:188} INFO - [2025-05-09T10:02:50.969+0000] {dag.py:3823} INFO - Setting next_dagrun for example_skip_dag to 2025-05-08 00:00:00+00:00, run_after=2025-05-09 00:00:00+00:00
[2025-05-09T10:02:51.060+0000] {processor.py:183} INFO - Processing /home/airflow/.local/lib/python3.8/site-packages/airflow/example_dags/example_skip_dag.py took 0.351 seconds
[2025-05-09T10:03:21.318+0000] {processor.py:161} INFO - Started process (PID=330) to work on /home/airflow/.local/lib/python3.8/site-packages/airflow/example_dags/example_skip_dag.py
[2025-05-09T10:03:21.321+0000] {processor.py:830} INFO - Processing file /home/airflow/.local/lib/python3.8/site-packages/airflow/example_dags/example_skip_dag.py for tasks to queue
[2025-05-09T10:03:21.326+0000] {logging_mixin.py:188} INFO - [2025-05-09T10:03:21.325+0000] {dagbag.py:538} INFO - Filling up the DagBag from /home/airflow/.local/lib/python3.8/site-packages/airflow/example_dags/example_skip_dag.py
[2025-05-09T10:03:21.346+0000] {processor.py:840} INFO - DAG(s) 'example_skip_dag' retrieved from /home/airflow/.local/lib/python3.8/site-packages/airflow/example_dags/example_skip_dag.py
[2025-05-09T10:03:21.392+0000] {logging_mixin.py:188} INFO - [2025-05-09T10:03:21.392+0000] {dag.py:3036} INFO - Sync 1 DAGs
[2025-05-09T10:03:21.437+0000] {logging_mixin.py:188} INFO - [2025-05-09T10:03:21.437+0000] {dag.py:3823} INFO - Setting next_dagrun for example_skip_dag to 2025-05-08 00:00:00+00:00, run_after=2025-05-09 00:00:00+00:00
[2025-05-09T10:03:21.477+0000] {processor.py:183} INFO - Processing /home/airflow/.local/lib/python3.8/site-packages/airflow/example_dags/example_skip_dag.py took 0.170 seconds
[2025-05-09T10:03:51.797+0000] {processor.py:161} INFO - Started process (PID=386) to work on /home/airflow/.local/lib/python3.8/site-packages/airflow/example_dags/example_skip_dag.py
[2025-05-09T10:03:51.802+0000] {processor.py:830} INFO - Processing file /home/airflow/.local/lib/python3.8/site-packages/airflow/example_dags/example_skip_dag.py for tasks to queue
[2025-05-09T10:03:51.811+0000] {logging_mixin.py:188} INFO - [2025-05-09T10:03:51.810+0000] {dagbag.py:538} INFO - Filling up the DagBag from /home/airflow/.local/lib/python3.8/site-packages/airflow/example_dags/example_skip_dag.py
[2025-05-09T10:03:51.841+0000] {processor.py:840} INFO - DAG(s) 'example_skip_dag' retrieved from /home/airflow/.local/lib/python3.8/site-packages/airflow/example_dags/example_skip_dag.py
[2025-05-09T10:03:51.938+0000] {logging_mixin.py:188} INFO - [2025-05-09T10:03:51.937+0000] {dag.py:3036} INFO - Sync 1 DAGs
[2025-05-09T10:03:52.010+0000] {logging_mixin.py:188} INFO - [2025-05-09T10:03:52.010+0000] {dag.py:3823} INFO - Setting next_dagrun for example_skip_dag to 2025-05-08 00:00:00+00:00, run_after=2025-05-09 00:00:00+00:00
[2025-05-09T10:03:52.079+0000] {processor.py:183} INFO - Processing /home/airflow/.local/lib/python3.8/site-packages/airflow/example_dags/example_skip_dag.py took 0.297 seconds
[2025-05-09T10:04:22.309+0000] {processor.py:161} INFO - Started process (PID=442) to work on /home/airflow/.local/lib/python3.8/site-packages/airflow/example_dags/example_skip_dag.py
[2025-05-09T10:04:22.311+0000] {processor.py:830} INFO - Processing file /home/airflow/.local/lib/python3.8/site-packages/airflow/example_dags/example_skip_dag.py for tasks to queue
[2025-05-09T10:04:22.316+0000] {logging_mixin.py:188} INFO - [2025-05-09T10:04:22.316+0000] {dagbag.py:538} INFO - Filling up the DagBag from /home/airflow/.local/lib/python3.8/site-packages/airflow/example_dags/example_skip_dag.py
[2025-05-09T10:04:22.328+0000] {processor.py:840} INFO - DAG(s) 'example_skip_dag' retrieved from /home/airflow/.local/lib/python3.8/site-packages/airflow/example_dags/example_skip_dag.py
[2025-05-09T10:04:22.379+0000] {logging_mixin.py:188} INFO - [2025-05-09T10:04:22.378+0000] {dag.py:3036} INFO - Sync 1 DAGs
[2025-05-09T10:04:22.440+0000] {logging_mixin.py:188} INFO - [2025-05-09T10:04:22.440+0000] {dag.py:3823} INFO - Setting next_dagrun for example_skip_dag to 2025-05-08 00:00:00+00:00, run_after=2025-05-09 00:00:00+00:00
[2025-05-09T10:04:22.544+0000] {processor.py:183} INFO - Processing /home/airflow/.local/lib/python3.8/site-packages/airflow/example_dags/example_skip_dag.py took 0.244 seconds
[2025-05-09T10:04:52.697+0000] {processor.py:161} INFO - Started process (PID=498) to work on /home/airflow/.local/lib/python3.8/site-packages/airflow/example_dags/example_skip_dag.py
[2025-05-09T10:04:52.699+0000] {processor.py:830} INFO - Processing file /home/airflow/.local/lib/python3.8/site-packages/airflow/example_dags/example_skip_dag.py for tasks to queue
[2025-05-09T10:04:52.703+0000] {logging_mixin.py:188} INFO - [2025-05-09T10:04:52.702+0000] {dagbag.py:538} INFO - Filling up the DagBag from /home/airflow/.local/lib/python3.8/site-packages/airflow/example_dags/example_skip_dag.py
[2025-05-09T10:04:52.714+0000] {processor.py:840} INFO - DAG(s) 'example_skip_dag' retrieved from /home/airflow/.local/lib/python3.8/site-packages/airflow/example_dags/example_skip_dag.py
[2025-05-09T10:04:52.754+0000] {logging_mixin.py:188} INFO - [2025-05-09T10:04:52.754+0000] {dag.py:3036} INFO - Sync 1 DAGs
[2025-05-09T10:04:52.817+0000] {logging_mixin.py:188} INFO - [2025-05-09T10:04:52.816+0000] {dag.py:3823} INFO - Setting next_dagrun for example_skip_dag to 2025-05-08 00:00:00+00:00, run_after=2025-05-09 00:00:00+00:00
[2025-05-09T10:04:52.857+0000] {processor.py:183} INFO - Processing /home/airflow/.local/lib/python3.8/site-packages/airflow/example_dags/example_skip_dag.py took 0.167 seconds
[2025-05-09T10:05:23.141+0000] {processor.py:161} INFO - Started process (PID=554) to work on /home/airflow/.local/lib/python3.8/site-packages/airflow/example_dags/example_skip_dag.py
[2025-05-09T10:05:23.148+0000] {processor.py:830} INFO - Processing file /home/airflow/.local/lib/python3.8/site-packages/airflow/example_dags/example_skip_dag.py for tasks to queue
[2025-05-09T10:05:23.155+0000] {logging_mixin.py:188} INFO - [2025-05-09T10:05:23.154+0000] {dagbag.py:538} INFO - Filling up the DagBag from /home/airflow/.local/lib/python3.8/site-packages/airflow/example_dags/example_skip_dag.py
[2025-05-09T10:05:23.172+0000] {processor.py:840} INFO - DAG(s) 'example_skip_dag' retrieved from /home/airflow/.local/lib/python3.8/site-packages/airflow/example_dags/example_skip_dag.py
[2025-05-09T10:05:23.234+0000] {logging_mixin.py:188} INFO - [2025-05-09T10:05:23.233+0000] {dag.py:3036} INFO - Sync 1 DAGs
[2025-05-09T10:05:23.337+0000] {logging_mixin.py:188} INFO - [2025-05-09T10:05:23.336+0000] {dag.py:3823} INFO - Setting next_dagrun for example_skip_dag to 2025-05-08 00:00:00+00:00, run_after=2025-05-09 00:00:00+00:00
[2025-05-09T10:05:23.425+0000] {processor.py:183} INFO - Processing /home/airflow/.local/lib/python3.8/site-packages/airflow/example_dags/example_skip_dag.py took 0.293 seconds
[2025-05-09T10:05:53.916+0000] {processor.py:161} INFO - Started process (PID=610) to work on /home/airflow/.local/lib/python3.8/site-packages/airflow/example_dags/example_skip_dag.py
[2025-05-09T10:05:53.937+0000] {processor.py:830} INFO - Processing file /home/airflow/.local/lib/python3.8/site-packages/airflow/example_dags/example_skip_dag.py for tasks to queue
[2025-05-09T10:05:53.945+0000] {logging_mixin.py:188} INFO - [2025-05-09T10:05:53.944+0000] {dagbag.py:538} INFO - Filling up the DagBag from /home/airflow/.local/lib/python3.8/site-packages/airflow/example_dags/example_skip_dag.py
[2025-05-09T10:05:53.981+0000] {processor.py:840} INFO - DAG(s) 'example_skip_dag' retrieved from /home/airflow/.local/lib/python3.8/site-packages/airflow/example_dags/example_skip_dag.py
[2025-05-09T10:05:54.083+0000] {logging_mixin.py:188} INFO - [2025-05-09T10:05:54.082+0000] {dag.py:3036} INFO - Sync 1 DAGs
[2025-05-09T10:05:54.194+0000] {logging_mixin.py:188} INFO - [2025-05-09T10:05:54.193+0000] {dag.py:3823} INFO - Setting next_dagrun for example_skip_dag to 2025-05-08 00:00:00+00:00, run_after=2025-05-09 00:00:00+00:00
[2025-05-09T10:05:54.279+0000] {processor.py:183} INFO - Processing /home/airflow/.local/lib/python3.8/site-packages/airflow/example_dags/example_skip_dag.py took 0.382 seconds
[2025-05-09T10:06:24.832+0000] {processor.py:161} INFO - Started process (PID=666) to work on /home/airflow/.local/lib/python3.8/site-packages/airflow/example_dags/example_skip_dag.py
[2025-05-09T10:06:24.838+0000] {processor.py:830} INFO - Processing file /home/airflow/.local/lib/python3.8/site-packages/airflow/example_dags/example_skip_dag.py for tasks to queue
[2025-05-09T10:06:24.862+0000] {logging_mixin.py:188} INFO - [2025-05-09T10:06:24.859+0000] {dagbag.py:538} INFO - Filling up the DagBag from /home/airflow/.local/lib/python3.8/site-packages/airflow/example_dags/example_skip_dag.py
[2025-05-09T10:06:24.897+0000] {processor.py:840} INFO - DAG(s) 'example_skip_dag' retrieved from /home/airflow/.local/lib/python3.8/site-packages/airflow/example_dags/example_skip_dag.py
[2025-05-09T10:06:24.996+0000] {logging_mixin.py:188} INFO - [2025-05-09T10:06:24.995+0000] {dag.py:3036} INFO - Sync 1 DAGs
[2025-05-09T10:06:25.103+0000] {logging_mixin.py:188} INFO - [2025-05-09T10:06:25.102+0000] {dag.py:3823} INFO - Setting next_dagrun for example_skip_dag to 2025-05-08 00:00:00+00:00, run_after=2025-05-09 00:00:00+00:00
[2025-05-09T10:06:25.198+0000] {processor.py:183} INFO - Processing /home/airflow/.local/lib/python3.8/site-packages/airflow/example_dags/example_skip_dag.py took 0.388 seconds
[2025-05-09T10:09:25.456+0000] {processor.py:161} INFO - Started process (PID=103) to work on /home/airflow/.local/lib/python3.8/site-packages/airflow/example_dags/example_skip_dag.py
[2025-05-09T10:09:25.459+0000] {processor.py:830} INFO - Processing file /home/airflow/.local/lib/python3.8/site-packages/airflow/example_dags/example_skip_dag.py for tasks to queue
[2025-05-09T10:09:25.464+0000] {logging_mixin.py:188} INFO - [2025-05-09T10:09:25.463+0000] {dagbag.py:538} INFO - Filling up the DagBag from /home/airflow/.local/lib/python3.8/site-packages/airflow/example_dags/example_skip_dag.py
[2025-05-09T10:09:25.480+0000] {processor.py:840} INFO - DAG(s) 'example_skip_dag' retrieved from /home/airflow/.local/lib/python3.8/site-packages/airflow/example_dags/example_skip_dag.py
[2025-05-09T10:09:25.796+0000] {logging_mixin.py:188} INFO - [2025-05-09T10:09:25.796+0000] {dag.py:3036} INFO - Sync 1 DAGs
[2025-05-09T10:09:25.934+0000] {logging_mixin.py:188} INFO - [2025-05-09T10:09:25.933+0000] {dag.py:3823} INFO - Setting next_dagrun for example_skip_dag to 2025-05-08 00:00:00+00:00, run_after=2025-05-09 00:00:00+00:00
[2025-05-09T10:09:26.010+0000] {processor.py:183} INFO - Processing /home/airflow/.local/lib/python3.8/site-packages/airflow/example_dags/example_skip_dag.py took 0.564 seconds
[2025-05-09T10:09:56.384+0000] {processor.py:161} INFO - Started process (PID=158) to work on /home/airflow/.local/lib/python3.8/site-packages/airflow/example_dags/example_skip_dag.py
[2025-05-09T10:09:56.386+0000] {processor.py:830} INFO - Processing file /home/airflow/.local/lib/python3.8/site-packages/airflow/example_dags/example_skip_dag.py for tasks to queue
[2025-05-09T10:09:56.390+0000] {logging_mixin.py:188} INFO - [2025-05-09T10:09:56.389+0000] {dagbag.py:538} INFO - Filling up the DagBag from /home/airflow/.local/lib/python3.8/site-packages/airflow/example_dags/example_skip_dag.py
[2025-05-09T10:09:56.406+0000] {processor.py:840} INFO - DAG(s) 'example_skip_dag' retrieved from /home/airflow/.local/lib/python3.8/site-packages/airflow/example_dags/example_skip_dag.py
[2025-05-09T10:09:56.449+0000] {logging_mixin.py:188} INFO - [2025-05-09T10:09:56.448+0000] {dag.py:3036} INFO - Sync 1 DAGs
[2025-05-09T10:09:56.495+0000] {logging_mixin.py:188} INFO - [2025-05-09T10:09:56.495+0000] {dag.py:3823} INFO - Setting next_dagrun for example_skip_dag to 2025-05-08 00:00:00+00:00, run_after=2025-05-09 00:00:00+00:00
[2025-05-09T10:09:56.620+0000] {processor.py:183} INFO - Processing /home/airflow/.local/lib/python3.8/site-packages/airflow/example_dags/example_skip_dag.py took 0.242 seconds
[2025-05-09T10:10:27.587+0000] {processor.py:161} INFO - Started process (PID=215) to work on /home/airflow/.local/lib/python3.8/site-packages/airflow/example_dags/example_skip_dag.py
[2025-05-09T10:10:27.591+0000] {processor.py:830} INFO - Processing file /home/airflow/.local/lib/python3.8/site-packages/airflow/example_dags/example_skip_dag.py for tasks to queue
[2025-05-09T10:10:27.597+0000] {logging_mixin.py:188} INFO - [2025-05-09T10:10:27.596+0000] {dagbag.py:538} INFO - Filling up the DagBag from /home/airflow/.local/lib/python3.8/site-packages/airflow/example_dags/example_skip_dag.py
[2025-05-09T10:10:27.616+0000] {processor.py:840} INFO - DAG(s) 'example_skip_dag' retrieved from /home/airflow/.local/lib/python3.8/site-packages/airflow/example_dags/example_skip_dag.py
[2025-05-09T10:10:27.682+0000] {logging_mixin.py:188} INFO - [2025-05-09T10:10:27.681+0000] {dag.py:3036} INFO - Sync 1 DAGs
[2025-05-09T10:10:27.746+0000] {logging_mixin.py:188} INFO - [2025-05-09T10:10:27.745+0000] {dag.py:3823} INFO - Setting next_dagrun for example_skip_dag to 2025-05-08 00:00:00+00:00, run_after=2025-05-09 00:00:00+00:00
[2025-05-09T10:10:27.803+0000] {processor.py:183} INFO - Processing /home/airflow/.local/lib/python3.8/site-packages/airflow/example_dags/example_skip_dag.py took 0.225 seconds
[2025-05-09T10:10:59.095+0000] {processor.py:161} INFO - Started process (PID=277) to work on /home/airflow/.local/lib/python3.8/site-packages/airflow/example_dags/example_skip_dag.py
[2025-05-09T10:10:59.111+0000] {processor.py:830} INFO - Processing file /home/airflow/.local/lib/python3.8/site-packages/airflow/example_dags/example_skip_dag.py for tasks to queue
[2025-05-09T10:10:59.141+0000] {logging_mixin.py:188} INFO - [2025-05-09T10:10:59.140+0000] {dagbag.py:538} INFO - Filling up the DagBag from /home/airflow/.local/lib/python3.8/site-packages/airflow/example_dags/example_skip_dag.py
[2025-05-09T10:10:59.171+0000] {processor.py:840} INFO - DAG(s) 'example_skip_dag' retrieved from /home/airflow/.local/lib/python3.8/site-packages/airflow/example_dags/example_skip_dag.py
[2025-05-09T10:10:59.239+0000] {logging_mixin.py:188} INFO - [2025-05-09T10:10:59.238+0000] {dag.py:3036} INFO - Sync 1 DAGs
[2025-05-09T10:10:59.325+0000] {logging_mixin.py:188} INFO - [2025-05-09T10:10:59.325+0000] {dag.py:3823} INFO - Setting next_dagrun for example_skip_dag to 2025-05-08 00:00:00+00:00, run_after=2025-05-09 00:00:00+00:00
[2025-05-09T10:10:59.396+0000] {processor.py:183} INFO - Processing /home/airflow/.local/lib/python3.8/site-packages/airflow/example_dags/example_skip_dag.py took 0.318 seconds
[2025-05-09T10:11:29.467+0000] {processor.py:161} INFO - Started process (PID=333) to work on /home/airflow/.local/lib/python3.8/site-packages/airflow/example_dags/example_skip_dag.py
[2025-05-09T10:11:29.470+0000] {processor.py:830} INFO - Processing file /home/airflow/.local/lib/python3.8/site-packages/airflow/example_dags/example_skip_dag.py for tasks to queue
[2025-05-09T10:11:29.474+0000] {logging_mixin.py:188} INFO - [2025-05-09T10:11:29.473+0000] {dagbag.py:538} INFO - Filling up the DagBag from /home/airflow/.local/lib/python3.8/site-packages/airflow/example_dags/example_skip_dag.py
[2025-05-09T10:11:29.489+0000] {processor.py:840} INFO - DAG(s) 'example_skip_dag' retrieved from /home/airflow/.local/lib/python3.8/site-packages/airflow/example_dags/example_skip_dag.py
[2025-05-09T10:11:29.534+0000] {logging_mixin.py:188} INFO - [2025-05-09T10:11:29.533+0000] {dag.py:3036} INFO - Sync 1 DAGs
[2025-05-09T10:11:29.585+0000] {logging_mixin.py:188} INFO - [2025-05-09T10:11:29.585+0000] {dag.py:3823} INFO - Setting next_dagrun for example_skip_dag to 2025-05-08 00:00:00+00:00, run_after=2025-05-09 00:00:00+00:00
[2025-05-09T10:11:29.630+0000] {processor.py:183} INFO - Processing /home/airflow/.local/lib/python3.8/site-packages/airflow/example_dags/example_skip_dag.py took 0.170 seconds
[2025-05-09T10:11:59.873+0000] {processor.py:161} INFO - Started process (PID=389) to work on /home/airflow/.local/lib/python3.8/site-packages/airflow/example_dags/example_skip_dag.py
[2025-05-09T10:11:59.882+0000] {processor.py:830} INFO - Processing file /home/airflow/.local/lib/python3.8/site-packages/airflow/example_dags/example_skip_dag.py for tasks to queue
[2025-05-09T10:11:59.893+0000] {logging_mixin.py:188} INFO - [2025-05-09T10:11:59.891+0000] {dagbag.py:538} INFO - Filling up the DagBag from /home/airflow/.local/lib/python3.8/site-packages/airflow/example_dags/example_skip_dag.py
[2025-05-09T10:11:59.926+0000] {processor.py:840} INFO - DAG(s) 'example_skip_dag' retrieved from /home/airflow/.local/lib/python3.8/site-packages/airflow/example_dags/example_skip_dag.py
[2025-05-09T10:12:00.058+0000] {logging_mixin.py:188} INFO - [2025-05-09T10:12:00.057+0000] {dag.py:3036} INFO - Sync 1 DAGs
[2025-05-09T10:12:00.098+0000] {logging_mixin.py:188} INFO - [2025-05-09T10:12:00.098+0000] {dag.py:3823} INFO - Setting next_dagrun for example_skip_dag to 2025-05-08 00:00:00+00:00, run_after=2025-05-09 00:00:00+00:00
[2025-05-09T10:12:00.133+0000] {processor.py:183} INFO - Processing /home/airflow/.local/lib/python3.8/site-packages/airflow/example_dags/example_skip_dag.py took 0.278 seconds
[2025-05-09T10:12:30.752+0000] {processor.py:161} INFO - Started process (PID=445) to work on /home/airflow/.local/lib/python3.8/site-packages/airflow/example_dags/example_skip_dag.py
[2025-05-09T10:12:30.757+0000] {processor.py:830} INFO - Processing file /home/airflow/.local/lib/python3.8/site-packages/airflow/example_dags/example_skip_dag.py for tasks to queue
[2025-05-09T10:12:30.764+0000] {logging_mixin.py:188} INFO - [2025-05-09T10:12:30.763+0000] {dagbag.py:538} INFO - Filling up the DagBag from /home/airflow/.local/lib/python3.8/site-packages/airflow/example_dags/example_skip_dag.py
[2025-05-09T10:12:30.792+0000] {processor.py:840} INFO - DAG(s) 'example_skip_dag' retrieved from /home/airflow/.local/lib/python3.8/site-packages/airflow/example_dags/example_skip_dag.py
[2025-05-09T10:12:30.883+0000] {logging_mixin.py:188} INFO - [2025-05-09T10:12:30.882+0000] {dag.py:3036} INFO - Sync 1 DAGs
[2025-05-09T10:12:30.991+0000] {logging_mixin.py:188} INFO - [2025-05-09T10:12:30.990+0000] {dag.py:3823} INFO - Setting next_dagrun for example_skip_dag to 2025-05-08 00:00:00+00:00, run_after=2025-05-09 00:00:00+00:00
[2025-05-09T10:12:31.089+0000] {processor.py:183} INFO - Processing /home/airflow/.local/lib/python3.8/site-packages/airflow/example_dags/example_skip_dag.py took 0.350 seconds
[2025-05-09T10:13:02.065+0000] {processor.py:161} INFO - Started process (PID=501) to work on /home/airflow/.local/lib/python3.8/site-packages/airflow/example_dags/example_skip_dag.py
[2025-05-09T10:13:02.067+0000] {processor.py:830} INFO - Processing file /home/airflow/.local/lib/python3.8/site-packages/airflow/example_dags/example_skip_dag.py for tasks to queue
[2025-05-09T10:13:02.072+0000] {logging_mixin.py:188} INFO - [2025-05-09T10:13:02.071+0000] {dagbag.py:538} INFO - Filling up the DagBag from /home/airflow/.local/lib/python3.8/site-packages/airflow/example_dags/example_skip_dag.py
[2025-05-09T10:13:02.084+0000] {processor.py:840} INFO - DAG(s) 'example_skip_dag' retrieved from /home/airflow/.local/lib/python3.8/site-packages/airflow/example_dags/example_skip_dag.py
[2025-05-09T10:13:02.126+0000] {logging_mixin.py:188} INFO - [2025-05-09T10:13:02.126+0000] {dag.py:3036} INFO - Sync 1 DAGs
[2025-05-09T10:13:02.176+0000] {logging_mixin.py:188} INFO - [2025-05-09T10:13:02.176+0000] {dag.py:3823} INFO - Setting next_dagrun for example_skip_dag to 2025-05-08 00:00:00+00:00, run_after=2025-05-09 00:00:00+00:00
[2025-05-09T10:13:02.230+0000] {processor.py:183} INFO - Processing /home/airflow/.local/lib/python3.8/site-packages/airflow/example_dags/example_skip_dag.py took 0.171 seconds
[2025-05-09T10:13:32.411+0000] {processor.py:161} INFO - Started process (PID=556) to work on /home/airflow/.local/lib/python3.8/site-packages/airflow/example_dags/example_skip_dag.py
[2025-05-09T10:13:32.414+0000] {processor.py:830} INFO - Processing file /home/airflow/.local/lib/python3.8/site-packages/airflow/example_dags/example_skip_dag.py for tasks to queue
[2025-05-09T10:13:32.420+0000] {logging_mixin.py:188} INFO - [2025-05-09T10:13:32.419+0000] {dagbag.py:538} INFO - Filling up the DagBag from /home/airflow/.local/lib/python3.8/site-packages/airflow/example_dags/example_skip_dag.py
[2025-05-09T10:13:32.437+0000] {processor.py:840} INFO - DAG(s) 'example_skip_dag' retrieved from /home/airflow/.local/lib/python3.8/site-packages/airflow/example_dags/example_skip_dag.py
[2025-05-09T10:13:32.492+0000] {logging_mixin.py:188} INFO - [2025-05-09T10:13:32.491+0000] {dag.py:3036} INFO - Sync 1 DAGs
[2025-05-09T10:13:32.587+0000] {logging_mixin.py:188} INFO - [2025-05-09T10:13:32.584+0000] {dag.py:3823} INFO - Setting next_dagrun for example_skip_dag to 2025-05-08 00:00:00+00:00, run_after=2025-05-09 00:00:00+00:00
[2025-05-09T10:13:32.648+0000] {processor.py:183} INFO - Processing /home/airflow/.local/lib/python3.8/site-packages/airflow/example_dags/example_skip_dag.py took 0.245 seconds
[2025-05-09T10:14:03.506+0000] {processor.py:161} INFO - Started process (PID=612) to work on /home/airflow/.local/lib/python3.8/site-packages/airflow/example_dags/example_skip_dag.py
[2025-05-09T10:14:03.509+0000] {processor.py:830} INFO - Processing file /home/airflow/.local/lib/python3.8/site-packages/airflow/example_dags/example_skip_dag.py for tasks to queue
[2025-05-09T10:14:03.514+0000] {logging_mixin.py:188} INFO - [2025-05-09T10:14:03.513+0000] {dagbag.py:538} INFO - Filling up the DagBag from /home/airflow/.local/lib/python3.8/site-packages/airflow/example_dags/example_skip_dag.py
[2025-05-09T10:14:03.526+0000] {processor.py:840} INFO - DAG(s) 'example_skip_dag' retrieved from /home/airflow/.local/lib/python3.8/site-packages/airflow/example_dags/example_skip_dag.py
[2025-05-09T10:14:03.571+0000] {logging_mixin.py:188} INFO - [2025-05-09T10:14:03.570+0000] {dag.py:3036} INFO - Sync 1 DAGs
[2025-05-09T10:14:03.632+0000] {logging_mixin.py:188} INFO - [2025-05-09T10:14:03.631+0000] {dag.py:3823} INFO - Setting next_dagrun for example_skip_dag to 2025-05-08 00:00:00+00:00, run_after=2025-05-09 00:00:00+00:00
[2025-05-09T10:14:03.690+0000] {processor.py:183} INFO - Processing /home/airflow/.local/lib/python3.8/site-packages/airflow/example_dags/example_skip_dag.py took 0.190 seconds
