[2025-05-09T10:01:01.821+0000] {processor.py:161} INFO - Started process (PID=79) to work on /home/airflow/.local/lib/python3.8/site-packages/airflow/example_dags/example_sla_dag.py
[2025-05-09T10:01:01.824+0000] {processor.py:830} INFO - Processing file /home/airflow/.local/lib/python3.8/site-packages/airflow/example_dags/example_sla_dag.py for tasks to queue
[2025-05-09T10:01:01.829+0000] {logging_mixin.py:188} INFO - [2025-05-09T10:01:01.829+0000] {dagbag.py:538} INFO - Filling up the DagBag from /home/airflow/.local/lib/python3.8/site-packages/airflow/example_dags/example_sla_dag.py
[2025-05-09T10:01:01.849+0000] {processor.py:840} INFO - DAG(s) 'example_sla_dag' retrieved from /home/airflow/.local/lib/python3.8/site-packages/airflow/example_dags/example_sla_dag.py
[2025-05-09T10:01:01.874+0000] {logging_mixin.py:188} INFO - [2025-05-09T10:01:01.874+0000] {dag.py:3036} INFO - Sync 1 DAGs
[2025-05-09T10:01:01.954+0000] {logging_mixin.py:188} INFO - [2025-05-09T10:01:01.954+0000] {dag.py:3823} INFO - Setting next_dagrun for example_sla_dag to 2025-05-09 09:58:00+00:00, run_after=2025-05-09 10:00:00+00:00
[2025-05-09T10:01:02.007+0000] {processor.py:183} INFO - Processing /home/airflow/.local/lib/python3.8/site-packages/airflow/example_dags/example_sla_dag.py took 0.194 seconds
[2025-05-09T10:01:33.930+0000] {processor.py:161} INFO - Started process (PID=135) to work on /home/airflow/.local/lib/python3.8/site-packages/airflow/example_dags/example_sla_dag.py
[2025-05-09T10:01:33.933+0000] {processor.py:830} INFO - Processing file /home/airflow/.local/lib/python3.8/site-packages/airflow/example_dags/example_sla_dag.py for tasks to queue
[2025-05-09T10:01:33.937+0000] {logging_mixin.py:188} INFO - [2025-05-09T10:01:33.937+0000] {dagbag.py:538} INFO - Filling up the DagBag from /home/airflow/.local/lib/python3.8/site-packages/airflow/example_dags/example_sla_dag.py
[2025-05-09T10:01:33.956+0000] {processor.py:840} INFO - DAG(s) 'example_sla_dag' retrieved from /home/airflow/.local/lib/python3.8/site-packages/airflow/example_dags/example_sla_dag.py
[2025-05-09T10:01:34.320+0000] {logging_mixin.py:188} INFO - [2025-05-09T10:01:34.319+0000] {dag.py:3036} INFO - Sync 1 DAGs
[2025-05-09T10:01:34.399+0000] {logging_mixin.py:188} INFO - [2025-05-09T10:01:34.399+0000] {dag.py:3823} INFO - Setting next_dagrun for example_sla_dag to 2025-05-09 09:58:00+00:00, run_after=2025-05-09 10:00:00+00:00
[2025-05-09T10:01:34.443+0000] {processor.py:183} INFO - Processing /home/airflow/.local/lib/python3.8/site-packages/airflow/example_dags/example_sla_dag.py took 0.520 seconds
[2025-05-09T10:02:04.669+0000] {processor.py:161} INFO - Started process (PID=191) to work on /home/airflow/.local/lib/python3.8/site-packages/airflow/example_dags/example_sla_dag.py
[2025-05-09T10:02:04.672+0000] {processor.py:830} INFO - Processing file /home/airflow/.local/lib/python3.8/site-packages/airflow/example_dags/example_sla_dag.py for tasks to queue
[2025-05-09T10:02:04.675+0000] {logging_mixin.py:188} INFO - [2025-05-09T10:02:04.675+0000] {dagbag.py:538} INFO - Filling up the DagBag from /home/airflow/.local/lib/python3.8/site-packages/airflow/example_dags/example_sla_dag.py
[2025-05-09T10:02:04.696+0000] {processor.py:840} INFO - DAG(s) 'example_sla_dag' retrieved from /home/airflow/.local/lib/python3.8/site-packages/airflow/example_dags/example_sla_dag.py
[2025-05-09T10:02:04.738+0000] {logging_mixin.py:188} INFO - [2025-05-09T10:02:04.737+0000] {dag.py:3036} INFO - Sync 1 DAGs
[2025-05-09T10:02:04.794+0000] {logging_mixin.py:188} INFO - [2025-05-09T10:02:04.794+0000] {dag.py:3823} INFO - Setting next_dagrun for example_sla_dag to 2025-05-09 10:00:00+00:00, run_after=2025-05-09 10:02:00+00:00
[2025-05-09T10:02:04.915+0000] {processor.py:183} INFO - Processing /home/airflow/.local/lib/python3.8/site-packages/airflow/example_dags/example_sla_dag.py took 0.253 seconds
[2025-05-09T10:02:35.065+0000] {processor.py:161} INFO - Started process (PID=247) to work on /home/airflow/.local/lib/python3.8/site-packages/airflow/example_dags/example_sla_dag.py
[2025-05-09T10:02:35.067+0000] {processor.py:830} INFO - Processing file /home/airflow/.local/lib/python3.8/site-packages/airflow/example_dags/example_sla_dag.py for tasks to queue
[2025-05-09T10:02:35.071+0000] {logging_mixin.py:188} INFO - [2025-05-09T10:02:35.070+0000] {dagbag.py:538} INFO - Filling up the DagBag from /home/airflow/.local/lib/python3.8/site-packages/airflow/example_dags/example_sla_dag.py
[2025-05-09T10:02:35.086+0000] {processor.py:840} INFO - DAG(s) 'example_sla_dag' retrieved from /home/airflow/.local/lib/python3.8/site-packages/airflow/example_dags/example_sla_dag.py
[2025-05-09T10:02:35.123+0000] {logging_mixin.py:188} INFO - [2025-05-09T10:02:35.122+0000] {dag.py:3036} INFO - Sync 1 DAGs
[2025-05-09T10:02:35.182+0000] {logging_mixin.py:188} INFO - [2025-05-09T10:02:35.182+0000] {dag.py:3823} INFO - Setting next_dagrun for example_sla_dag to 2025-05-09 10:00:00+00:00, run_after=2025-05-09 10:02:00+00:00
[2025-05-09T10:02:35.220+0000] {processor.py:183} INFO - Processing /home/airflow/.local/lib/python3.8/site-packages/airflow/example_dags/example_sla_dag.py took 0.160 seconds
[2025-05-09T10:03:06.201+0000] {processor.py:161} INFO - Started process (PID=303) to work on /home/airflow/.local/lib/python3.8/site-packages/airflow/example_dags/example_sla_dag.py
[2025-05-09T10:03:06.204+0000] {processor.py:830} INFO - Processing file /home/airflow/.local/lib/python3.8/site-packages/airflow/example_dags/example_sla_dag.py for tasks to queue
[2025-05-09T10:03:06.209+0000] {logging_mixin.py:188} INFO - [2025-05-09T10:03:06.208+0000] {dagbag.py:538} INFO - Filling up the DagBag from /home/airflow/.local/lib/python3.8/site-packages/airflow/example_dags/example_sla_dag.py
[2025-05-09T10:03:06.236+0000] {processor.py:840} INFO - DAG(s) 'example_sla_dag' retrieved from /home/airflow/.local/lib/python3.8/site-packages/airflow/example_dags/example_sla_dag.py
[2025-05-09T10:03:06.272+0000] {logging_mixin.py:188} INFO - [2025-05-09T10:03:06.272+0000] {dag.py:3036} INFO - Sync 1 DAGs
[2025-05-09T10:03:06.325+0000] {logging_mixin.py:188} INFO - [2025-05-09T10:03:06.324+0000] {dag.py:3823} INFO - Setting next_dagrun for example_sla_dag to 2025-05-09 10:00:00+00:00, run_after=2025-05-09 10:02:00+00:00
[2025-05-09T10:03:06.356+0000] {processor.py:183} INFO - Processing /home/airflow/.local/lib/python3.8/site-packages/airflow/example_dags/example_sla_dag.py took 0.174 seconds
[2025-05-09T10:03:36.690+0000] {processor.py:161} INFO - Started process (PID=359) to work on /home/airflow/.local/lib/python3.8/site-packages/airflow/example_dags/example_sla_dag.py
[2025-05-09T10:03:36.692+0000] {processor.py:830} INFO - Processing file /home/airflow/.local/lib/python3.8/site-packages/airflow/example_dags/example_sla_dag.py for tasks to queue
[2025-05-09T10:03:36.696+0000] {logging_mixin.py:188} INFO - [2025-05-09T10:03:36.696+0000] {dagbag.py:538} INFO - Filling up the DagBag from /home/airflow/.local/lib/python3.8/site-packages/airflow/example_dags/example_sla_dag.py
[2025-05-09T10:03:36.715+0000] {processor.py:840} INFO - DAG(s) 'example_sla_dag' retrieved from /home/airflow/.local/lib/python3.8/site-packages/airflow/example_dags/example_sla_dag.py
[2025-05-09T10:03:36.750+0000] {logging_mixin.py:188} INFO - [2025-05-09T10:03:36.750+0000] {dag.py:3036} INFO - Sync 1 DAGs
[2025-05-09T10:03:36.803+0000] {logging_mixin.py:188} INFO - [2025-05-09T10:03:36.803+0000] {dag.py:3823} INFO - Setting next_dagrun for example_sla_dag to 2025-05-09 10:00:00+00:00, run_after=2025-05-09 10:02:00+00:00
[2025-05-09T10:03:36.839+0000] {processor.py:183} INFO - Processing /home/airflow/.local/lib/python3.8/site-packages/airflow/example_dags/example_sla_dag.py took 0.154 seconds
[2025-05-09T10:04:07.482+0000] {processor.py:161} INFO - Started process (PID=415) to work on /home/airflow/.local/lib/python3.8/site-packages/airflow/example_dags/example_sla_dag.py
[2025-05-09T10:04:07.484+0000] {processor.py:830} INFO - Processing file /home/airflow/.local/lib/python3.8/site-packages/airflow/example_dags/example_sla_dag.py for tasks to queue
[2025-05-09T10:04:07.487+0000] {logging_mixin.py:188} INFO - [2025-05-09T10:04:07.487+0000] {dagbag.py:538} INFO - Filling up the DagBag from /home/airflow/.local/lib/python3.8/site-packages/airflow/example_dags/example_sla_dag.py
[2025-05-09T10:04:07.503+0000] {processor.py:840} INFO - DAG(s) 'example_sla_dag' retrieved from /home/airflow/.local/lib/python3.8/site-packages/airflow/example_dags/example_sla_dag.py
[2025-05-09T10:04:07.535+0000] {logging_mixin.py:188} INFO - [2025-05-09T10:04:07.535+0000] {dag.py:3036} INFO - Sync 1 DAGs
[2025-05-09T10:04:07.580+0000] {logging_mixin.py:188} INFO - [2025-05-09T10:04:07.579+0000] {dag.py:3823} INFO - Setting next_dagrun for example_sla_dag to 2025-05-09 10:02:00+00:00, run_after=2025-05-09 10:04:00+00:00
[2025-05-09T10:04:07.615+0000] {processor.py:183} INFO - Processing /home/airflow/.local/lib/python3.8/site-packages/airflow/example_dags/example_sla_dag.py took 0.138 seconds
[2025-05-09T10:04:37.773+0000] {processor.py:161} INFO - Started process (PID=469) to work on /home/airflow/.local/lib/python3.8/site-packages/airflow/example_dags/example_sla_dag.py
[2025-05-09T10:04:37.776+0000] {processor.py:830} INFO - Processing file /home/airflow/.local/lib/python3.8/site-packages/airflow/example_dags/example_sla_dag.py for tasks to queue
[2025-05-09T10:04:37.779+0000] {logging_mixin.py:188} INFO - [2025-05-09T10:04:37.778+0000] {dagbag.py:538} INFO - Filling up the DagBag from /home/airflow/.local/lib/python3.8/site-packages/airflow/example_dags/example_sla_dag.py
[2025-05-09T10:04:37.796+0000] {processor.py:840} INFO - DAG(s) 'example_sla_dag' retrieved from /home/airflow/.local/lib/python3.8/site-packages/airflow/example_dags/example_sla_dag.py
[2025-05-09T10:04:37.832+0000] {logging_mixin.py:188} INFO - [2025-05-09T10:04:37.831+0000] {dag.py:3036} INFO - Sync 1 DAGs
[2025-05-09T10:04:37.893+0000] {logging_mixin.py:188} INFO - [2025-05-09T10:04:37.893+0000] {dag.py:3823} INFO - Setting next_dagrun for example_sla_dag to 2025-05-09 10:02:00+00:00, run_after=2025-05-09 10:04:00+00:00
[2025-05-09T10:04:37.923+0000] {processor.py:183} INFO - Processing /home/airflow/.local/lib/python3.8/site-packages/airflow/example_dags/example_sla_dag.py took 0.156 seconds
[2025-05-09T10:05:09.031+0000] {processor.py:161} INFO - Started process (PID=525) to work on /home/airflow/.local/lib/python3.8/site-packages/airflow/example_dags/example_sla_dag.py
[2025-05-09T10:05:09.035+0000] {processor.py:830} INFO - Processing file /home/airflow/.local/lib/python3.8/site-packages/airflow/example_dags/example_sla_dag.py for tasks to queue
[2025-05-09T10:05:09.042+0000] {logging_mixin.py:188} INFO - [2025-05-09T10:05:09.041+0000] {dagbag.py:538} INFO - Filling up the DagBag from /home/airflow/.local/lib/python3.8/site-packages/airflow/example_dags/example_sla_dag.py
[2025-05-09T10:05:09.064+0000] {processor.py:840} INFO - DAG(s) 'example_sla_dag' retrieved from /home/airflow/.local/lib/python3.8/site-packages/airflow/example_dags/example_sla_dag.py
[2025-05-09T10:05:09.114+0000] {logging_mixin.py:188} INFO - [2025-05-09T10:05:09.114+0000] {dag.py:3036} INFO - Sync 1 DAGs
[2025-05-09T10:05:09.197+0000] {logging_mixin.py:188} INFO - [2025-05-09T10:05:09.196+0000] {dag.py:3823} INFO - Setting next_dagrun for example_sla_dag to 2025-05-09 10:02:00+00:00, run_after=2025-05-09 10:04:00+00:00
[2025-05-09T10:05:09.263+0000] {processor.py:183} INFO - Processing /home/airflow/.local/lib/python3.8/site-packages/airflow/example_dags/example_sla_dag.py took 0.240 seconds
[2025-05-09T10:05:40.233+0000] {processor.py:161} INFO - Started process (PID=581) to work on /home/airflow/.local/lib/python3.8/site-packages/airflow/example_dags/example_sla_dag.py
[2025-05-09T10:05:40.247+0000] {processor.py:830} INFO - Processing file /home/airflow/.local/lib/python3.8/site-packages/airflow/example_dags/example_sla_dag.py for tasks to queue
[2025-05-09T10:05:40.253+0000] {logging_mixin.py:188} INFO - [2025-05-09T10:05:40.252+0000] {dagbag.py:538} INFO - Filling up the DagBag from /home/airflow/.local/lib/python3.8/site-packages/airflow/example_dags/example_sla_dag.py
[2025-05-09T10:05:40.288+0000] {processor.py:840} INFO - DAG(s) 'example_sla_dag' retrieved from /home/airflow/.local/lib/python3.8/site-packages/airflow/example_dags/example_sla_dag.py
[2025-05-09T10:05:40.356+0000] {logging_mixin.py:188} INFO - [2025-05-09T10:05:40.355+0000] {dag.py:3036} INFO - Sync 1 DAGs
[2025-05-09T10:05:40.445+0000] {logging_mixin.py:188} INFO - [2025-05-09T10:05:40.445+0000] {dag.py:3823} INFO - Setting next_dagrun for example_sla_dag to 2025-05-09 10:02:00+00:00, run_after=2025-05-09 10:04:00+00:00
[2025-05-09T10:05:40.482+0000] {processor.py:183} INFO - Processing /home/airflow/.local/lib/python3.8/site-packages/airflow/example_dags/example_sla_dag.py took 0.257 seconds
[2025-05-09T10:06:10.839+0000] {processor.py:161} INFO - Started process (PID=637) to work on /home/airflow/.local/lib/python3.8/site-packages/airflow/example_dags/example_sla_dag.py
[2025-05-09T10:06:10.844+0000] {processor.py:830} INFO - Processing file /home/airflow/.local/lib/python3.8/site-packages/airflow/example_dags/example_sla_dag.py for tasks to queue
[2025-05-09T10:06:10.852+0000] {logging_mixin.py:188} INFO - [2025-05-09T10:06:10.851+0000] {dagbag.py:538} INFO - Filling up the DagBag from /home/airflow/.local/lib/python3.8/site-packages/airflow/example_dags/example_sla_dag.py
[2025-05-09T10:06:10.890+0000] {processor.py:840} INFO - DAG(s) 'example_sla_dag' retrieved from /home/airflow/.local/lib/python3.8/site-packages/airflow/example_dags/example_sla_dag.py
[2025-05-09T10:06:10.980+0000] {logging_mixin.py:188} INFO - [2025-05-09T10:06:10.979+0000] {dag.py:3036} INFO - Sync 1 DAGs
[2025-05-09T10:06:11.055+0000] {logging_mixin.py:188} INFO - [2025-05-09T10:06:11.055+0000] {dag.py:3823} INFO - Setting next_dagrun for example_sla_dag to 2025-05-09 10:04:00+00:00, run_after=2025-05-09 10:06:00+00:00
[2025-05-09T10:06:11.106+0000] {processor.py:183} INFO - Processing /home/airflow/.local/lib/python3.8/site-packages/airflow/example_dags/example_sla_dag.py took 0.278 seconds
[2025-05-09T10:06:41.895+0000] {processor.py:161} INFO - Started process (PID=693) to work on /home/airflow/.local/lib/python3.8/site-packages/airflow/example_dags/example_sla_dag.py
[2025-05-09T10:06:41.897+0000] {processor.py:830} INFO - Processing file /home/airflow/.local/lib/python3.8/site-packages/airflow/example_dags/example_sla_dag.py for tasks to queue
[2025-05-09T10:06:41.901+0000] {logging_mixin.py:188} INFO - [2025-05-09T10:06:41.900+0000] {dagbag.py:538} INFO - Filling up the DagBag from /home/airflow/.local/lib/python3.8/site-packages/airflow/example_dags/example_sla_dag.py
[2025-05-09T10:06:41.918+0000] {processor.py:840} INFO - DAG(s) 'example_sla_dag' retrieved from /home/airflow/.local/lib/python3.8/site-packages/airflow/example_dags/example_sla_dag.py
[2025-05-09T10:06:41.960+0000] {logging_mixin.py:188} INFO - [2025-05-09T10:06:41.960+0000] {dag.py:3036} INFO - Sync 1 DAGs
[2025-05-09T10:06:42.025+0000] {logging_mixin.py:188} INFO - [2025-05-09T10:06:42.025+0000] {dag.py:3823} INFO - Setting next_dagrun for example_sla_dag to 2025-05-09 10:04:00+00:00, run_after=2025-05-09 10:06:00+00:00
[2025-05-09T10:06:42.058+0000] {processor.py:183} INFO - Processing /home/airflow/.local/lib/python3.8/site-packages/airflow/example_dags/example_sla_dag.py took 0.170 seconds
[2025-05-09T10:09:06.681+0000] {processor.py:161} INFO - Started process (PID=76) to work on /home/airflow/.local/lib/python3.8/site-packages/airflow/example_dags/example_sla_dag.py
[2025-05-09T10:09:06.687+0000] {processor.py:830} INFO - Processing file /home/airflow/.local/lib/python3.8/site-packages/airflow/example_dags/example_sla_dag.py for tasks to queue
[2025-05-09T10:09:06.728+0000] {logging_mixin.py:188} INFO - [2025-05-09T10:09:06.711+0000] {dagbag.py:538} INFO - Filling up the DagBag from /home/airflow/.local/lib/python3.8/site-packages/airflow/example_dags/example_sla_dag.py
[2025-05-09T10:09:06.769+0000] {processor.py:840} INFO - DAG(s) 'example_sla_dag' retrieved from /home/airflow/.local/lib/python3.8/site-packages/airflow/example_dags/example_sla_dag.py
[2025-05-09T10:09:09.121+0000] {logging_mixin.py:188} INFO - [2025-05-09T10:09:09.120+0000] {dag.py:3036} INFO - Sync 1 DAGs
[2025-05-09T10:09:09.282+0000] {logging_mixin.py:188} INFO - [2025-05-09T10:09:09.282+0000] {dag.py:3823} INFO - Setting next_dagrun for example_sla_dag to 2025-05-09 10:06:00+00:00, run_after=2025-05-09 10:08:00+00:00
[2025-05-09T10:09:09.370+0000] {processor.py:183} INFO - Processing /home/airflow/.local/lib/python3.8/site-packages/airflow/example_dags/example_sla_dag.py took 2.936 seconds
[2025-05-09T10:09:39.476+0000] {processor.py:161} INFO - Started process (PID=131) to work on /home/airflow/.local/lib/python3.8/site-packages/airflow/example_dags/example_sla_dag.py
[2025-05-09T10:09:39.481+0000] {processor.py:830} INFO - Processing file /home/airflow/.local/lib/python3.8/site-packages/airflow/example_dags/example_sla_dag.py for tasks to queue
[2025-05-09T10:09:39.486+0000] {logging_mixin.py:188} INFO - [2025-05-09T10:09:39.485+0000] {dagbag.py:538} INFO - Filling up the DagBag from /home/airflow/.local/lib/python3.8/site-packages/airflow/example_dags/example_sla_dag.py
[2025-05-09T10:09:39.508+0000] {processor.py:840} INFO - DAG(s) 'example_sla_dag' retrieved from /home/airflow/.local/lib/python3.8/site-packages/airflow/example_dags/example_sla_dag.py
[2025-05-09T10:09:39.582+0000] {logging_mixin.py:188} INFO - [2025-05-09T10:09:39.581+0000] {dag.py:3036} INFO - Sync 1 DAGs
[2025-05-09T10:09:39.750+0000] {logging_mixin.py:188} INFO - [2025-05-09T10:09:39.749+0000] {dag.py:3823} INFO - Setting next_dagrun for example_sla_dag to 2025-05-09 10:06:00+00:00, run_after=2025-05-09 10:08:00+00:00
[2025-05-09T10:09:39.809+0000] {processor.py:183} INFO - Processing /home/airflow/.local/lib/python3.8/site-packages/airflow/example_dags/example_sla_dag.py took 0.344 seconds
[2025-05-09T10:10:12.094+0000] {processor.py:161} INFO - Started process (PID=188) to work on /home/airflow/.local/lib/python3.8/site-packages/airflow/example_dags/example_sla_dag.py
[2025-05-09T10:10:12.097+0000] {processor.py:830} INFO - Processing file /home/airflow/.local/lib/python3.8/site-packages/airflow/example_dags/example_sla_dag.py for tasks to queue
[2025-05-09T10:10:12.102+0000] {logging_mixin.py:188} INFO - [2025-05-09T10:10:12.101+0000] {dagbag.py:538} INFO - Filling up the DagBag from /home/airflow/.local/lib/python3.8/site-packages/airflow/example_dags/example_sla_dag.py
[2025-05-09T10:10:12.161+0000] {processor.py:840} INFO - DAG(s) 'example_sla_dag' retrieved from /home/airflow/.local/lib/python3.8/site-packages/airflow/example_dags/example_sla_dag.py
[2025-05-09T10:10:12.215+0000] {logging_mixin.py:188} INFO - [2025-05-09T10:10:12.215+0000] {dag.py:3036} INFO - Sync 1 DAGs
[2025-05-09T10:10:12.294+0000] {logging_mixin.py:188} INFO - [2025-05-09T10:10:12.293+0000] {dag.py:3823} INFO - Setting next_dagrun for example_sla_dag to 2025-05-09 10:08:00+00:00, run_after=2025-05-09 10:10:00+00:00
[2025-05-09T10:10:12.356+0000] {processor.py:183} INFO - Processing /home/airflow/.local/lib/python3.8/site-packages/airflow/example_dags/example_sla_dag.py took 0.271 seconds
[2025-05-09T10:10:42.970+0000] {processor.py:161} INFO - Started process (PID=244) to work on /home/airflow/.local/lib/python3.8/site-packages/airflow/example_dags/example_sla_dag.py
[2025-05-09T10:10:42.972+0000] {processor.py:830} INFO - Processing file /home/airflow/.local/lib/python3.8/site-packages/airflow/example_dags/example_sla_dag.py for tasks to queue
[2025-05-09T10:10:42.977+0000] {logging_mixin.py:188} INFO - [2025-05-09T10:10:42.976+0000] {dagbag.py:538} INFO - Filling up the DagBag from /home/airflow/.local/lib/python3.8/site-packages/airflow/example_dags/example_sla_dag.py
[2025-05-09T10:10:42.999+0000] {processor.py:840} INFO - DAG(s) 'example_sla_dag' retrieved from /home/airflow/.local/lib/python3.8/site-packages/airflow/example_dags/example_sla_dag.py
[2025-05-09T10:10:43.082+0000] {logging_mixin.py:188} INFO - [2025-05-09T10:10:43.082+0000] {dag.py:3036} INFO - Sync 1 DAGs
[2025-05-09T10:10:43.231+0000] {logging_mixin.py:188} INFO - [2025-05-09T10:10:43.231+0000] {dag.py:3823} INFO - Setting next_dagrun for example_sla_dag to 2025-05-09 10:08:00+00:00, run_after=2025-05-09 10:10:00+00:00
[2025-05-09T10:10:43.322+0000] {processor.py:183} INFO - Processing /home/airflow/.local/lib/python3.8/site-packages/airflow/example_dags/example_sla_dag.py took 0.362 seconds
[2025-05-09T10:11:13.382+0000] {processor.py:161} INFO - Started process (PID=298) to work on /home/airflow/.local/lib/python3.8/site-packages/airflow/example_dags/example_sla_dag.py
[2025-05-09T10:11:13.385+0000] {processor.py:830} INFO - Processing file /home/airflow/.local/lib/python3.8/site-packages/airflow/example_dags/example_sla_dag.py for tasks to queue
[2025-05-09T10:11:13.390+0000] {logging_mixin.py:188} INFO - [2025-05-09T10:11:13.388+0000] {dagbag.py:538} INFO - Filling up the DagBag from /home/airflow/.local/lib/python3.8/site-packages/airflow/example_dags/example_sla_dag.py
[2025-05-09T10:11:13.406+0000] {processor.py:840} INFO - DAG(s) 'example_sla_dag' retrieved from /home/airflow/.local/lib/python3.8/site-packages/airflow/example_dags/example_sla_dag.py
[2025-05-09T10:11:13.444+0000] {logging_mixin.py:188} INFO - [2025-05-09T10:11:13.443+0000] {dag.py:3036} INFO - Sync 1 DAGs
[2025-05-09T10:11:13.499+0000] {logging_mixin.py:188} INFO - [2025-05-09T10:11:13.498+0000] {dag.py:3823} INFO - Setting next_dagrun for example_sla_dag to 2025-05-09 10:08:00+00:00, run_after=2025-05-09 10:10:00+00:00
[2025-05-09T10:11:13.547+0000] {processor.py:183} INFO - Processing /home/airflow/.local/lib/python3.8/site-packages/airflow/example_dags/example_sla_dag.py took 0.171 seconds
[2025-05-09T10:11:44.142+0000] {processor.py:161} INFO - Started process (PID=354) to work on /home/airflow/.local/lib/python3.8/site-packages/airflow/example_dags/example_sla_dag.py
[2025-05-09T10:11:44.147+0000] {processor.py:830} INFO - Processing file /home/airflow/.local/lib/python3.8/site-packages/airflow/example_dags/example_sla_dag.py for tasks to queue
[2025-05-09T10:11:44.158+0000] {logging_mixin.py:188} INFO - [2025-05-09T10:11:44.157+0000] {dagbag.py:538} INFO - Filling up the DagBag from /home/airflow/.local/lib/python3.8/site-packages/airflow/example_dags/example_sla_dag.py
[2025-05-09T10:11:44.211+0000] {processor.py:840} INFO - DAG(s) 'example_sla_dag' retrieved from /home/airflow/.local/lib/python3.8/site-packages/airflow/example_dags/example_sla_dag.py
[2025-05-09T10:11:44.304+0000] {logging_mixin.py:188} INFO - [2025-05-09T10:11:44.303+0000] {dag.py:3036} INFO - Sync 1 DAGs
[2025-05-09T10:11:44.429+0000] {logging_mixin.py:188} INFO - [2025-05-09T10:11:44.428+0000] {dag.py:3823} INFO - Setting next_dagrun for example_sla_dag to 2025-05-09 10:08:00+00:00, run_after=2025-05-09 10:10:00+00:00
[2025-05-09T10:11:44.530+0000] {processor.py:183} INFO - Processing /home/airflow/.local/lib/python3.8/site-packages/airflow/example_dags/example_sla_dag.py took 0.408 seconds
[2025-05-09T10:12:14.958+0000] {processor.py:161} INFO - Started process (PID=410) to work on /home/airflow/.local/lib/python3.8/site-packages/airflow/example_dags/example_sla_dag.py
[2025-05-09T10:12:14.962+0000] {processor.py:830} INFO - Processing file /home/airflow/.local/lib/python3.8/site-packages/airflow/example_dags/example_sla_dag.py for tasks to queue
[2025-05-09T10:12:14.968+0000] {logging_mixin.py:188} INFO - [2025-05-09T10:12:14.968+0000] {dagbag.py:538} INFO - Filling up the DagBag from /home/airflow/.local/lib/python3.8/site-packages/airflow/example_dags/example_sla_dag.py
[2025-05-09T10:12:14.996+0000] {processor.py:840} INFO - DAG(s) 'example_sla_dag' retrieved from /home/airflow/.local/lib/python3.8/site-packages/airflow/example_dags/example_sla_dag.py
[2025-05-09T10:12:15.051+0000] {logging_mixin.py:188} INFO - [2025-05-09T10:12:15.051+0000] {dag.py:3036} INFO - Sync 1 DAGs
[2025-05-09T10:12:15.123+0000] {logging_mixin.py:188} INFO - [2025-05-09T10:12:15.122+0000] {dag.py:3823} INFO - Setting next_dagrun for example_sla_dag to 2025-05-09 10:10:00+00:00, run_after=2025-05-09 10:12:00+00:00
[2025-05-09T10:12:15.207+0000] {processor.py:183} INFO - Processing /home/airflow/.local/lib/python3.8/site-packages/airflow/example_dags/example_sla_dag.py took 0.264 seconds
[2025-05-09T10:12:45.287+0000] {processor.py:161} INFO - Started process (PID=466) to work on /home/airflow/.local/lib/python3.8/site-packages/airflow/example_dags/example_sla_dag.py
[2025-05-09T10:12:45.290+0000] {processor.py:830} INFO - Processing file /home/airflow/.local/lib/python3.8/site-packages/airflow/example_dags/example_sla_dag.py for tasks to queue
[2025-05-09T10:12:45.294+0000] {logging_mixin.py:188} INFO - [2025-05-09T10:12:45.293+0000] {dagbag.py:538} INFO - Filling up the DagBag from /home/airflow/.local/lib/python3.8/site-packages/airflow/example_dags/example_sla_dag.py
[2025-05-09T10:12:45.315+0000] {processor.py:840} INFO - DAG(s) 'example_sla_dag' retrieved from /home/airflow/.local/lib/python3.8/site-packages/airflow/example_dags/example_sla_dag.py
[2025-05-09T10:12:45.356+0000] {logging_mixin.py:188} INFO - [2025-05-09T10:12:45.355+0000] {dag.py:3036} INFO - Sync 1 DAGs
[2025-05-09T10:12:45.420+0000] {logging_mixin.py:188} INFO - [2025-05-09T10:12:45.419+0000] {dag.py:3823} INFO - Setting next_dagrun for example_sla_dag to 2025-05-09 10:10:00+00:00, run_after=2025-05-09 10:12:00+00:00
[2025-05-09T10:12:45.462+0000] {processor.py:183} INFO - Processing /home/airflow/.local/lib/python3.8/site-packages/airflow/example_dags/example_sla_dag.py took 0.183 seconds
[2025-05-09T10:13:18.202+0000] {processor.py:161} INFO - Started process (PID=522) to work on /home/airflow/.local/lib/python3.8/site-packages/airflow/example_dags/example_sla_dag.py
[2025-05-09T10:13:18.214+0000] {processor.py:830} INFO - Processing file /home/airflow/.local/lib/python3.8/site-packages/airflow/example_dags/example_sla_dag.py for tasks to queue
[2025-05-09T10:13:18.220+0000] {logging_mixin.py:188} INFO - [2025-05-09T10:13:18.219+0000] {dagbag.py:538} INFO - Filling up the DagBag from /home/airflow/.local/lib/python3.8/site-packages/airflow/example_dags/example_sla_dag.py
[2025-05-09T10:13:18.242+0000] {processor.py:840} INFO - DAG(s) 'example_sla_dag' retrieved from /home/airflow/.local/lib/python3.8/site-packages/airflow/example_dags/example_sla_dag.py
[2025-05-09T10:13:18.282+0000] {logging_mixin.py:188} INFO - [2025-05-09T10:13:18.282+0000] {dag.py:3036} INFO - Sync 1 DAGs
[2025-05-09T10:13:18.338+0000] {logging_mixin.py:188} INFO - [2025-05-09T10:13:18.338+0000] {dag.py:3823} INFO - Setting next_dagrun for example_sla_dag to 2025-05-09 10:10:00+00:00, run_after=2025-05-09 10:12:00+00:00
[2025-05-09T10:13:18.371+0000] {processor.py:183} INFO - Processing /home/airflow/.local/lib/python3.8/site-packages/airflow/example_dags/example_sla_dag.py took 0.176 seconds
[2025-05-09T10:13:49.055+0000] {processor.py:161} INFO - Started process (PID=578) to work on /home/airflow/.local/lib/python3.8/site-packages/airflow/example_dags/example_sla_dag.py
[2025-05-09T10:13:49.057+0000] {processor.py:830} INFO - Processing file /home/airflow/.local/lib/python3.8/site-packages/airflow/example_dags/example_sla_dag.py for tasks to queue
[2025-05-09T10:13:49.062+0000] {logging_mixin.py:188} INFO - [2025-05-09T10:13:49.061+0000] {dagbag.py:538} INFO - Filling up the DagBag from /home/airflow/.local/lib/python3.8/site-packages/airflow/example_dags/example_sla_dag.py
[2025-05-09T10:13:49.084+0000] {processor.py:840} INFO - DAG(s) 'example_sla_dag' retrieved from /home/airflow/.local/lib/python3.8/site-packages/airflow/example_dags/example_sla_dag.py
[2025-05-09T10:13:49.125+0000] {logging_mixin.py:188} INFO - [2025-05-09T10:13:49.124+0000] {dag.py:3036} INFO - Sync 1 DAGs
[2025-05-09T10:13:49.187+0000] {logging_mixin.py:188} INFO - [2025-05-09T10:13:49.186+0000] {dag.py:3823} INFO - Setting next_dagrun for example_sla_dag to 2025-05-09 10:10:00+00:00, run_after=2025-05-09 10:12:00+00:00
[2025-05-09T10:13:49.247+0000] {processor.py:183} INFO - Processing /home/airflow/.local/lib/python3.8/site-packages/airflow/example_dags/example_sla_dag.py took 0.199 seconds
