[2025-05-09T10:01:02.169+0000] {processor.py:161} INFO - Started process (PID=81) to work on /home/airflow/.local/lib/python3.8/site-packages/airflow/example_dags/example_branch_python_dop_operator_3.py
[2025-05-09T10:01:02.185+0000] {processor.py:830} INFO - Processing file /home/airflow/.local/lib/python3.8/site-packages/airflow/example_dags/example_branch_python_dop_operator_3.py for tasks to queue
[2025-05-09T10:01:02.207+0000] {logging_mixin.py:188} INFO - [2025-05-09T10:01:02.205+0000] {dagbag.py:538} INFO - Filling up the DagBag from /home/airflow/.local/lib/python3.8/site-packages/airflow/example_dags/example_branch_python_dop_operator_3.py
[2025-05-09T10:01:02.302+0000] {processor.py:840} INFO - DAG(s) 'example_branch_dop_operator_v3' retrieved from /home/airflow/.local/lib/python3.8/site-packages/airflow/example_dags/example_branch_python_dop_operator_3.py
[2025-05-09T10:01:02.405+0000] {logging_mixin.py:188} INFO - [2025-05-09T10:01:02.404+0000] {dag.py:3036} INFO - Sync 1 DAGs
[2025-05-09T10:01:02.571+0000] {logging_mixin.py:188} INFO - [2025-05-09T10:01:02.570+0000] {dag.py:3823} INFO - Setting next_dagrun for example_branch_dop_operator_v3 to 2025-05-09 10:00:00+00:00, run_after=2025-05-09 10:01:00+00:00
[2025-05-09T10:01:02.684+0000] {processor.py:183} INFO - Processing /home/airflow/.local/lib/python3.8/site-packages/airflow/example_dags/example_branch_python_dop_operator_3.py took 0.576 seconds
[2025-05-09T10:01:34.491+0000] {processor.py:161} INFO - Started process (PID=137) to work on /home/airflow/.local/lib/python3.8/site-packages/airflow/example_dags/example_branch_python_dop_operator_3.py
[2025-05-09T10:01:34.494+0000] {processor.py:830} INFO - Processing file /home/airflow/.local/lib/python3.8/site-packages/airflow/example_dags/example_branch_python_dop_operator_3.py for tasks to queue
[2025-05-09T10:01:34.497+0000] {logging_mixin.py:188} INFO - [2025-05-09T10:01:34.496+0000] {dagbag.py:538} INFO - Filling up the DagBag from /home/airflow/.local/lib/python3.8/site-packages/airflow/example_dags/example_branch_python_dop_operator_3.py
[2025-05-09T10:01:34.516+0000] {processor.py:840} INFO - DAG(s) 'example_branch_dop_operator_v3' retrieved from /home/airflow/.local/lib/python3.8/site-packages/airflow/example_dags/example_branch_python_dop_operator_3.py
[2025-05-09T10:01:34.828+0000] {logging_mixin.py:188} INFO - [2025-05-09T10:01:34.828+0000] {dag.py:3036} INFO - Sync 1 DAGs
[2025-05-09T10:01:34.898+0000] {logging_mixin.py:188} INFO - [2025-05-09T10:01:34.897+0000] {dag.py:3823} INFO - Setting next_dagrun for example_branch_dop_operator_v3 to 2025-05-09 10:00:00+00:00, run_after=2025-05-09 10:01:00+00:00
[2025-05-09T10:01:34.945+0000] {processor.py:183} INFO - Processing /home/airflow/.local/lib/python3.8/site-packages/airflow/example_dags/example_branch_python_dop_operator_3.py took 0.460 seconds
[2025-05-09T10:02:05.825+0000] {processor.py:161} INFO - Started process (PID=193) to work on /home/airflow/.local/lib/python3.8/site-packages/airflow/example_dags/example_branch_python_dop_operator_3.py
[2025-05-09T10:02:05.830+0000] {processor.py:830} INFO - Processing file /home/airflow/.local/lib/python3.8/site-packages/airflow/example_dags/example_branch_python_dop_operator_3.py for tasks to queue
[2025-05-09T10:02:05.840+0000] {logging_mixin.py:188} INFO - [2025-05-09T10:02:05.838+0000] {dagbag.py:538} INFO - Filling up the DagBag from /home/airflow/.local/lib/python3.8/site-packages/airflow/example_dags/example_branch_python_dop_operator_3.py
[2025-05-09T10:02:05.886+0000] {processor.py:840} INFO - DAG(s) 'example_branch_dop_operator_v3' retrieved from /home/airflow/.local/lib/python3.8/site-packages/airflow/example_dags/example_branch_python_dop_operator_3.py
[2025-05-09T10:02:05.978+0000] {logging_mixin.py:188} INFO - [2025-05-09T10:02:05.976+0000] {dag.py:3036} INFO - Sync 1 DAGs
[2025-05-09T10:02:06.107+0000] {logging_mixin.py:188} INFO - [2025-05-09T10:02:06.106+0000] {dag.py:3823} INFO - Setting next_dagrun for example_branch_dop_operator_v3 to 2025-05-09 10:01:00+00:00, run_after=2025-05-09 10:02:00+00:00
[2025-05-09T10:02:06.140+0000] {processor.py:183} INFO - Processing /home/airflow/.local/lib/python3.8/site-packages/airflow/example_dags/example_branch_python_dop_operator_3.py took 0.331 seconds
[2025-05-09T10:02:36.296+0000] {processor.py:161} INFO - Started process (PID=249) to work on /home/airflow/.local/lib/python3.8/site-packages/airflow/example_dags/example_branch_python_dop_operator_3.py
[2025-05-09T10:02:36.299+0000] {processor.py:830} INFO - Processing file /home/airflow/.local/lib/python3.8/site-packages/airflow/example_dags/example_branch_python_dop_operator_3.py for tasks to queue
[2025-05-09T10:02:36.304+0000] {logging_mixin.py:188} INFO - [2025-05-09T10:02:36.304+0000] {dagbag.py:538} INFO - Filling up the DagBag from /home/airflow/.local/lib/python3.8/site-packages/airflow/example_dags/example_branch_python_dop_operator_3.py
[2025-05-09T10:02:36.329+0000] {processor.py:840} INFO - DAG(s) 'example_branch_dop_operator_v3' retrieved from /home/airflow/.local/lib/python3.8/site-packages/airflow/example_dags/example_branch_python_dop_operator_3.py
[2025-05-09T10:02:36.367+0000] {logging_mixin.py:188} INFO - [2025-05-09T10:02:36.366+0000] {dag.py:3036} INFO - Sync 1 DAGs
[2025-05-09T10:02:36.425+0000] {logging_mixin.py:188} INFO - [2025-05-09T10:02:36.425+0000] {dag.py:3823} INFO - Setting next_dagrun for example_branch_dop_operator_v3 to 2025-05-09 10:01:00+00:00, run_after=2025-05-09 10:02:00+00:00
[2025-05-09T10:02:36.467+0000] {processor.py:183} INFO - Processing /home/airflow/.local/lib/python3.8/site-packages/airflow/example_dags/example_branch_python_dop_operator_3.py took 0.184 seconds
[2025-05-09T10:03:07.525+0000] {processor.py:161} INFO - Started process (PID=305) to work on /home/airflow/.local/lib/python3.8/site-packages/airflow/example_dags/example_branch_python_dop_operator_3.py
[2025-05-09T10:03:07.534+0000] {processor.py:830} INFO - Processing file /home/airflow/.local/lib/python3.8/site-packages/airflow/example_dags/example_branch_python_dop_operator_3.py for tasks to queue
[2025-05-09T10:03:07.539+0000] {logging_mixin.py:188} INFO - [2025-05-09T10:03:07.538+0000] {dagbag.py:538} INFO - Filling up the DagBag from /home/airflow/.local/lib/python3.8/site-packages/airflow/example_dags/example_branch_python_dop_operator_3.py
[2025-05-09T10:03:07.600+0000] {processor.py:840} INFO - DAG(s) 'example_branch_dop_operator_v3' retrieved from /home/airflow/.local/lib/python3.8/site-packages/airflow/example_dags/example_branch_python_dop_operator_3.py
[2025-05-09T10:03:07.676+0000] {logging_mixin.py:188} INFO - [2025-05-09T10:03:07.676+0000] {dag.py:3036} INFO - Sync 1 DAGs
[2025-05-09T10:03:07.765+0000] {logging_mixin.py:188} INFO - [2025-05-09T10:03:07.764+0000] {dag.py:3823} INFO - Setting next_dagrun for example_branch_dop_operator_v3 to 2025-05-09 10:02:00+00:00, run_after=2025-05-09 10:03:00+00:00
[2025-05-09T10:03:07.819+0000] {processor.py:183} INFO - Processing /home/airflow/.local/lib/python3.8/site-packages/airflow/example_dags/example_branch_python_dop_operator_3.py took 0.300 seconds
[2025-05-09T10:03:37.950+0000] {processor.py:161} INFO - Started process (PID=360) to work on /home/airflow/.local/lib/python3.8/site-packages/airflow/example_dags/example_branch_python_dop_operator_3.py
[2025-05-09T10:03:37.954+0000] {processor.py:830} INFO - Processing file /home/airflow/.local/lib/python3.8/site-packages/airflow/example_dags/example_branch_python_dop_operator_3.py for tasks to queue
[2025-05-09T10:03:37.963+0000] {logging_mixin.py:188} INFO - [2025-05-09T10:03:37.962+0000] {dagbag.py:538} INFO - Filling up the DagBag from /home/airflow/.local/lib/python3.8/site-packages/airflow/example_dags/example_branch_python_dop_operator_3.py
[2025-05-09T10:03:37.986+0000] {processor.py:840} INFO - DAG(s) 'example_branch_dop_operator_v3' retrieved from /home/airflow/.local/lib/python3.8/site-packages/airflow/example_dags/example_branch_python_dop_operator_3.py
[2025-05-09T10:03:38.032+0000] {logging_mixin.py:188} INFO - [2025-05-09T10:03:38.031+0000] {dag.py:3036} INFO - Sync 1 DAGs
[2025-05-09T10:03:38.089+0000] {logging_mixin.py:188} INFO - [2025-05-09T10:03:38.088+0000] {dag.py:3823} INFO - Setting next_dagrun for example_branch_dop_operator_v3 to 2025-05-09 10:02:00+00:00, run_after=2025-05-09 10:03:00+00:00
[2025-05-09T10:03:38.148+0000] {processor.py:183} INFO - Processing /home/airflow/.local/lib/python3.8/site-packages/airflow/example_dags/example_branch_python_dop_operator_3.py took 0.216 seconds
[2025-05-09T10:04:08.698+0000] {processor.py:161} INFO - Started process (PID=416) to work on /home/airflow/.local/lib/python3.8/site-packages/airflow/example_dags/example_branch_python_dop_operator_3.py
[2025-05-09T10:04:08.701+0000] {processor.py:830} INFO - Processing file /home/airflow/.local/lib/python3.8/site-packages/airflow/example_dags/example_branch_python_dop_operator_3.py for tasks to queue
[2025-05-09T10:04:08.707+0000] {logging_mixin.py:188} INFO - [2025-05-09T10:04:08.706+0000] {dagbag.py:538} INFO - Filling up the DagBag from /home/airflow/.local/lib/python3.8/site-packages/airflow/example_dags/example_branch_python_dop_operator_3.py
[2025-05-09T10:04:08.732+0000] {processor.py:840} INFO - DAG(s) 'example_branch_dop_operator_v3' retrieved from /home/airflow/.local/lib/python3.8/site-packages/airflow/example_dags/example_branch_python_dop_operator_3.py
[2025-05-09T10:04:08.783+0000] {logging_mixin.py:188} INFO - [2025-05-09T10:04:08.783+0000] {dag.py:3036} INFO - Sync 1 DAGs
[2025-05-09T10:04:08.847+0000] {logging_mixin.py:188} INFO - [2025-05-09T10:04:08.847+0000] {dag.py:3823} INFO - Setting next_dagrun for example_branch_dop_operator_v3 to 2025-05-09 10:03:00+00:00, run_after=2025-05-09 10:04:00+00:00
[2025-05-09T10:04:08.884+0000] {processor.py:183} INFO - Processing /home/airflow/.local/lib/python3.8/site-packages/airflow/example_dags/example_branch_python_dop_operator_3.py took 0.194 seconds
[2025-05-09T10:04:39.085+0000] {processor.py:161} INFO - Started process (PID=472) to work on /home/airflow/.local/lib/python3.8/site-packages/airflow/example_dags/example_branch_python_dop_operator_3.py
[2025-05-09T10:04:39.087+0000] {processor.py:830} INFO - Processing file /home/airflow/.local/lib/python3.8/site-packages/airflow/example_dags/example_branch_python_dop_operator_3.py for tasks to queue
[2025-05-09T10:04:39.090+0000] {logging_mixin.py:188} INFO - [2025-05-09T10:04:39.090+0000] {dagbag.py:538} INFO - Filling up the DagBag from /home/airflow/.local/lib/python3.8/site-packages/airflow/example_dags/example_branch_python_dop_operator_3.py
[2025-05-09T10:04:39.110+0000] {processor.py:840} INFO - DAG(s) 'example_branch_dop_operator_v3' retrieved from /home/airflow/.local/lib/python3.8/site-packages/airflow/example_dags/example_branch_python_dop_operator_3.py
[2025-05-09T10:04:39.152+0000] {logging_mixin.py:188} INFO - [2025-05-09T10:04:39.151+0000] {dag.py:3036} INFO - Sync 1 DAGs
[2025-05-09T10:04:39.209+0000] {logging_mixin.py:188} INFO - [2025-05-09T10:04:39.209+0000] {dag.py:3823} INFO - Setting next_dagrun for example_branch_dop_operator_v3 to 2025-05-09 10:03:00+00:00, run_after=2025-05-09 10:04:00+00:00
[2025-05-09T10:04:39.256+0000] {processor.py:183} INFO - Processing /home/airflow/.local/lib/python3.8/site-packages/airflow/example_dags/example_branch_python_dop_operator_3.py took 0.177 seconds
[2025-05-09T10:05:09.382+0000] {processor.py:161} INFO - Started process (PID=527) to work on /home/airflow/.local/lib/python3.8/site-packages/airflow/example_dags/example_branch_python_dop_operator_3.py
[2025-05-09T10:05:09.385+0000] {processor.py:830} INFO - Processing file /home/airflow/.local/lib/python3.8/site-packages/airflow/example_dags/example_branch_python_dop_operator_3.py for tasks to queue
[2025-05-09T10:05:09.389+0000] {logging_mixin.py:188} INFO - [2025-05-09T10:05:09.388+0000] {dagbag.py:538} INFO - Filling up the DagBag from /home/airflow/.local/lib/python3.8/site-packages/airflow/example_dags/example_branch_python_dop_operator_3.py
[2025-05-09T10:05:09.406+0000] {processor.py:840} INFO - DAG(s) 'example_branch_dop_operator_v3' retrieved from /home/airflow/.local/lib/python3.8/site-packages/airflow/example_dags/example_branch_python_dop_operator_3.py
[2025-05-09T10:05:09.442+0000] {logging_mixin.py:188} INFO - [2025-05-09T10:05:09.441+0000] {dag.py:3036} INFO - Sync 1 DAGs
[2025-05-09T10:05:09.500+0000] {logging_mixin.py:188} INFO - [2025-05-09T10:05:09.500+0000] {dag.py:3823} INFO - Setting next_dagrun for example_branch_dop_operator_v3 to 2025-05-09 10:04:00+00:00, run_after=2025-05-09 10:05:00+00:00
[2025-05-09T10:05:09.542+0000] {processor.py:183} INFO - Processing /home/airflow/.local/lib/python3.8/site-packages/airflow/example_dags/example_branch_python_dop_operator_3.py took 0.169 seconds
[2025-05-09T10:05:40.542+0000] {processor.py:161} INFO - Started process (PID=582) to work on /home/airflow/.local/lib/python3.8/site-packages/airflow/example_dags/example_branch_python_dop_operator_3.py
[2025-05-09T10:05:40.545+0000] {processor.py:830} INFO - Processing file /home/airflow/.local/lib/python3.8/site-packages/airflow/example_dags/example_branch_python_dop_operator_3.py for tasks to queue
[2025-05-09T10:05:40.548+0000] {logging_mixin.py:188} INFO - [2025-05-09T10:05:40.548+0000] {dagbag.py:538} INFO - Filling up the DagBag from /home/airflow/.local/lib/python3.8/site-packages/airflow/example_dags/example_branch_python_dop_operator_3.py
[2025-05-09T10:05:40.566+0000] {processor.py:840} INFO - DAG(s) 'example_branch_dop_operator_v3' retrieved from /home/airflow/.local/lib/python3.8/site-packages/airflow/example_dags/example_branch_python_dop_operator_3.py
[2025-05-09T10:05:40.607+0000] {logging_mixin.py:188} INFO - [2025-05-09T10:05:40.607+0000] {dag.py:3036} INFO - Sync 1 DAGs
[2025-05-09T10:05:40.667+0000] {logging_mixin.py:188} INFO - [2025-05-09T10:05:40.666+0000] {dag.py:3823} INFO - Setting next_dagrun for example_branch_dop_operator_v3 to 2025-05-09 10:04:00+00:00, run_after=2025-05-09 10:05:00+00:00
[2025-05-09T10:05:40.705+0000] {processor.py:183} INFO - Processing /home/airflow/.local/lib/python3.8/site-packages/airflow/example_dags/example_branch_python_dop_operator_3.py took 0.169 seconds
[2025-05-09T10:06:11.174+0000] {processor.py:161} INFO - Started process (PID=638) to work on /home/airflow/.local/lib/python3.8/site-packages/airflow/example_dags/example_branch_python_dop_operator_3.py
[2025-05-09T10:06:11.178+0000] {processor.py:830} INFO - Processing file /home/airflow/.local/lib/python3.8/site-packages/airflow/example_dags/example_branch_python_dop_operator_3.py for tasks to queue
[2025-05-09T10:06:11.185+0000] {logging_mixin.py:188} INFO - [2025-05-09T10:06:11.183+0000] {dagbag.py:538} INFO - Filling up the DagBag from /home/airflow/.local/lib/python3.8/site-packages/airflow/example_dags/example_branch_python_dop_operator_3.py
[2025-05-09T10:06:11.217+0000] {processor.py:840} INFO - DAG(s) 'example_branch_dop_operator_v3' retrieved from /home/airflow/.local/lib/python3.8/site-packages/airflow/example_dags/example_branch_python_dop_operator_3.py
[2025-05-09T10:06:11.285+0000] {logging_mixin.py:188} INFO - [2025-05-09T10:06:11.284+0000] {dag.py:3036} INFO - Sync 1 DAGs
[2025-05-09T10:06:11.414+0000] {logging_mixin.py:188} INFO - [2025-05-09T10:06:11.413+0000] {dag.py:3823} INFO - Setting next_dagrun for example_branch_dop_operator_v3 to 2025-05-09 10:05:00+00:00, run_after=2025-05-09 10:06:00+00:00
[2025-05-09T10:06:11.508+0000] {processor.py:183} INFO - Processing /home/airflow/.local/lib/python3.8/site-packages/airflow/example_dags/example_branch_python_dop_operator_3.py took 0.343 seconds
[2025-05-09T10:06:42.113+0000] {processor.py:161} INFO - Started process (PID=694) to work on /home/airflow/.local/lib/python3.8/site-packages/airflow/example_dags/example_branch_python_dop_operator_3.py
[2025-05-09T10:06:42.115+0000] {processor.py:830} INFO - Processing file /home/airflow/.local/lib/python3.8/site-packages/airflow/example_dags/example_branch_python_dop_operator_3.py for tasks to queue
[2025-05-09T10:06:42.119+0000] {logging_mixin.py:188} INFO - [2025-05-09T10:06:42.118+0000] {dagbag.py:538} INFO - Filling up the DagBag from /home/airflow/.local/lib/python3.8/site-packages/airflow/example_dags/example_branch_python_dop_operator_3.py
[2025-05-09T10:06:42.138+0000] {processor.py:840} INFO - DAG(s) 'example_branch_dop_operator_v3' retrieved from /home/airflow/.local/lib/python3.8/site-packages/airflow/example_dags/example_branch_python_dop_operator_3.py
[2025-05-09T10:06:42.181+0000] {logging_mixin.py:188} INFO - [2025-05-09T10:06:42.181+0000] {dag.py:3036} INFO - Sync 1 DAGs
[2025-05-09T10:06:42.268+0000] {logging_mixin.py:188} INFO - [2025-05-09T10:06:42.268+0000] {dag.py:3823} INFO - Setting next_dagrun for example_branch_dop_operator_v3 to 2025-05-09 10:05:00+00:00, run_after=2025-05-09 10:06:00+00:00
[2025-05-09T10:06:42.334+0000] {processor.py:183} INFO - Processing /home/airflow/.local/lib/python3.8/site-packages/airflow/example_dags/example_branch_python_dop_operator_3.py took 0.226 seconds
[2025-05-09T10:09:09.440+0000] {processor.py:161} INFO - Started process (PID=78) to work on /home/airflow/.local/lib/python3.8/site-packages/airflow/example_dags/example_branch_python_dop_operator_3.py
[2025-05-09T10:09:09.444+0000] {processor.py:830} INFO - Processing file /home/airflow/.local/lib/python3.8/site-packages/airflow/example_dags/example_branch_python_dop_operator_3.py for tasks to queue
[2025-05-09T10:09:09.449+0000] {logging_mixin.py:188} INFO - [2025-05-09T10:09:09.448+0000] {dagbag.py:538} INFO - Filling up the DagBag from /home/airflow/.local/lib/python3.8/site-packages/airflow/example_dags/example_branch_python_dop_operator_3.py
[2025-05-09T10:09:09.467+0000] {processor.py:840} INFO - DAG(s) 'example_branch_dop_operator_v3' retrieved from /home/airflow/.local/lib/python3.8/site-packages/airflow/example_dags/example_branch_python_dop_operator_3.py
[2025-05-09T10:09:10.075+0000] {logging_mixin.py:188} INFO - [2025-05-09T10:09:10.074+0000] {dag.py:3036} INFO - Sync 1 DAGs
[2025-05-09T10:09:10.163+0000] {logging_mixin.py:188} INFO - [2025-05-09T10:09:10.162+0000] {dag.py:3823} INFO - Setting next_dagrun for example_branch_dop_operator_v3 to 2025-05-09 10:08:00+00:00, run_after=2025-05-09 10:09:00+00:00
[2025-05-09T10:09:10.293+0000] {processor.py:183} INFO - Processing /home/airflow/.local/lib/python3.8/site-packages/airflow/example_dags/example_branch_python_dop_operator_3.py took 0.859 seconds
[2025-05-09T10:09:40.964+0000] {processor.py:161} INFO - Started process (PID=133) to work on /home/airflow/.local/lib/python3.8/site-packages/airflow/example_dags/example_branch_python_dop_operator_3.py
[2025-05-09T10:09:40.970+0000] {processor.py:830} INFO - Processing file /home/airflow/.local/lib/python3.8/site-packages/airflow/example_dags/example_branch_python_dop_operator_3.py for tasks to queue
[2025-05-09T10:09:40.975+0000] {logging_mixin.py:188} INFO - [2025-05-09T10:09:40.974+0000] {dagbag.py:538} INFO - Filling up the DagBag from /home/airflow/.local/lib/python3.8/site-packages/airflow/example_dags/example_branch_python_dop_operator_3.py
[2025-05-09T10:09:40.997+0000] {processor.py:840} INFO - DAG(s) 'example_branch_dop_operator_v3' retrieved from /home/airflow/.local/lib/python3.8/site-packages/airflow/example_dags/example_branch_python_dop_operator_3.py
[2025-05-09T10:09:41.042+0000] {logging_mixin.py:188} INFO - [2025-05-09T10:09:41.042+0000] {dag.py:3036} INFO - Sync 1 DAGs
[2025-05-09T10:09:41.105+0000] {logging_mixin.py:188} INFO - [2025-05-09T10:09:41.104+0000] {dag.py:3823} INFO - Setting next_dagrun for example_branch_dop_operator_v3 to 2025-05-09 10:08:00+00:00, run_after=2025-05-09 10:09:00+00:00
[2025-05-09T10:09:41.140+0000] {processor.py:183} INFO - Processing /home/airflow/.local/lib/python3.8/site-packages/airflow/example_dags/example_branch_python_dop_operator_3.py took 0.186 seconds
[2025-05-09T10:10:12.420+0000] {processor.py:161} INFO - Started process (PID=190) to work on /home/airflow/.local/lib/python3.8/site-packages/airflow/example_dags/example_branch_python_dop_operator_3.py
[2025-05-09T10:10:12.425+0000] {processor.py:830} INFO - Processing file /home/airflow/.local/lib/python3.8/site-packages/airflow/example_dags/example_branch_python_dop_operator_3.py for tasks to queue
[2025-05-09T10:10:12.430+0000] {logging_mixin.py:188} INFO - [2025-05-09T10:10:12.429+0000] {dagbag.py:538} INFO - Filling up the DagBag from /home/airflow/.local/lib/python3.8/site-packages/airflow/example_dags/example_branch_python_dop_operator_3.py
[2025-05-09T10:10:12.450+0000] {processor.py:840} INFO - DAG(s) 'example_branch_dop_operator_v3' retrieved from /home/airflow/.local/lib/python3.8/site-packages/airflow/example_dags/example_branch_python_dop_operator_3.py
[2025-05-09T10:10:12.491+0000] {logging_mixin.py:188} INFO - [2025-05-09T10:10:12.491+0000] {dag.py:3036} INFO - Sync 1 DAGs
[2025-05-09T10:10:12.556+0000] {logging_mixin.py:188} INFO - [2025-05-09T10:10:12.556+0000] {dag.py:3823} INFO - Setting next_dagrun for example_branch_dop_operator_v3 to 2025-05-09 10:09:00+00:00, run_after=2025-05-09 10:10:00+00:00
[2025-05-09T10:10:12.598+0000] {processor.py:183} INFO - Processing /home/airflow/.local/lib/python3.8/site-packages/airflow/example_dags/example_branch_python_dop_operator_3.py took 0.186 seconds
[2025-05-09T10:10:45.098+0000] {processor.py:161} INFO - Started process (PID=246) to work on /home/airflow/.local/lib/python3.8/site-packages/airflow/example_dags/example_branch_python_dop_operator_3.py
[2025-05-09T10:10:45.107+0000] {processor.py:830} INFO - Processing file /home/airflow/.local/lib/python3.8/site-packages/airflow/example_dags/example_branch_python_dop_operator_3.py for tasks to queue
[2025-05-09T10:10:45.111+0000] {logging_mixin.py:188} INFO - [2025-05-09T10:10:45.110+0000] {dagbag.py:538} INFO - Filling up the DagBag from /home/airflow/.local/lib/python3.8/site-packages/airflow/example_dags/example_branch_python_dop_operator_3.py
[2025-05-09T10:10:45.182+0000] {processor.py:840} INFO - DAG(s) 'example_branch_dop_operator_v3' retrieved from /home/airflow/.local/lib/python3.8/site-packages/airflow/example_dags/example_branch_python_dop_operator_3.py
[2025-05-09T10:10:45.297+0000] {logging_mixin.py:188} INFO - [2025-05-09T10:10:45.296+0000] {dag.py:3036} INFO - Sync 1 DAGs
[2025-05-09T10:10:45.433+0000] {logging_mixin.py:188} INFO - [2025-05-09T10:10:45.427+0000] {dag.py:3823} INFO - Setting next_dagrun for example_branch_dop_operator_v3 to 2025-05-09 10:09:00+00:00, run_after=2025-05-09 10:10:00+00:00
[2025-05-09T10:10:45.503+0000] {processor.py:183} INFO - Processing /home/airflow/.local/lib/python3.8/site-packages/airflow/example_dags/example_branch_python_dop_operator_3.py took 0.443 seconds
[2025-05-09T10:11:15.657+0000] {processor.py:161} INFO - Started process (PID=300) to work on /home/airflow/.local/lib/python3.8/site-packages/airflow/example_dags/example_branch_python_dop_operator_3.py
[2025-05-09T10:11:15.662+0000] {processor.py:830} INFO - Processing file /home/airflow/.local/lib/python3.8/site-packages/airflow/example_dags/example_branch_python_dop_operator_3.py for tasks to queue
[2025-05-09T10:11:15.667+0000] {logging_mixin.py:188} INFO - [2025-05-09T10:11:15.666+0000] {dagbag.py:538} INFO - Filling up the DagBag from /home/airflow/.local/lib/python3.8/site-packages/airflow/example_dags/example_branch_python_dop_operator_3.py
[2025-05-09T10:11:15.688+0000] {processor.py:840} INFO - DAG(s) 'example_branch_dop_operator_v3' retrieved from /home/airflow/.local/lib/python3.8/site-packages/airflow/example_dags/example_branch_python_dop_operator_3.py
[2025-05-09T10:11:15.743+0000] {logging_mixin.py:188} INFO - [2025-05-09T10:11:15.743+0000] {dag.py:3036} INFO - Sync 1 DAGs
[2025-05-09T10:11:15.834+0000] {logging_mixin.py:188} INFO - [2025-05-09T10:11:15.834+0000] {dag.py:3823} INFO - Setting next_dagrun for example_branch_dop_operator_v3 to 2025-05-09 10:10:00+00:00, run_after=2025-05-09 10:11:00+00:00
[2025-05-09T10:11:15.895+0000] {processor.py:183} INFO - Processing /home/airflow/.local/lib/python3.8/site-packages/airflow/example_dags/example_branch_python_dop_operator_3.py took 0.252 seconds
[2025-05-09T10:11:46.639+0000] {processor.py:161} INFO - Started process (PID=356) to work on /home/airflow/.local/lib/python3.8/site-packages/airflow/example_dags/example_branch_python_dop_operator_3.py
[2025-05-09T10:11:46.650+0000] {processor.py:830} INFO - Processing file /home/airflow/.local/lib/python3.8/site-packages/airflow/example_dags/example_branch_python_dop_operator_3.py for tasks to queue
[2025-05-09T10:11:46.674+0000] {logging_mixin.py:188} INFO - [2025-05-09T10:11:46.671+0000] {dagbag.py:538} INFO - Filling up the DagBag from /home/airflow/.local/lib/python3.8/site-packages/airflow/example_dags/example_branch_python_dop_operator_3.py
[2025-05-09T10:11:46.726+0000] {processor.py:840} INFO - DAG(s) 'example_branch_dop_operator_v3' retrieved from /home/airflow/.local/lib/python3.8/site-packages/airflow/example_dags/example_branch_python_dop_operator_3.py
[2025-05-09T10:11:46.788+0000] {logging_mixin.py:188} INFO - [2025-05-09T10:11:46.787+0000] {dag.py:3036} INFO - Sync 1 DAGs
[2025-05-09T10:11:46.865+0000] {logging_mixin.py:188} INFO - [2025-05-09T10:11:46.864+0000] {dag.py:3823} INFO - Setting next_dagrun for example_branch_dop_operator_v3 to 2025-05-09 10:10:00+00:00, run_after=2025-05-09 10:11:00+00:00
[2025-05-09T10:11:46.895+0000] {processor.py:183} INFO - Processing /home/airflow/.local/lib/python3.8/site-packages/airflow/example_dags/example_branch_python_dop_operator_3.py took 0.298 seconds
[2025-05-09T10:12:17.295+0000] {processor.py:161} INFO - Started process (PID=412) to work on /home/airflow/.local/lib/python3.8/site-packages/airflow/example_dags/example_branch_python_dop_operator_3.py
[2025-05-09T10:12:17.300+0000] {processor.py:830} INFO - Processing file /home/airflow/.local/lib/python3.8/site-packages/airflow/example_dags/example_branch_python_dop_operator_3.py for tasks to queue
[2025-05-09T10:12:17.309+0000] {logging_mixin.py:188} INFO - [2025-05-09T10:12:17.307+0000] {dagbag.py:538} INFO - Filling up the DagBag from /home/airflow/.local/lib/python3.8/site-packages/airflow/example_dags/example_branch_python_dop_operator_3.py
[2025-05-09T10:12:17.368+0000] {processor.py:840} INFO - DAG(s) 'example_branch_dop_operator_v3' retrieved from /home/airflow/.local/lib/python3.8/site-packages/airflow/example_dags/example_branch_python_dop_operator_3.py
[2025-05-09T10:12:17.483+0000] {logging_mixin.py:188} INFO - [2025-05-09T10:12:17.482+0000] {dag.py:3036} INFO - Sync 1 DAGs
[2025-05-09T10:12:17.619+0000] {logging_mixin.py:188} INFO - [2025-05-09T10:12:17.618+0000] {dag.py:3823} INFO - Setting next_dagrun for example_branch_dop_operator_v3 to 2025-05-09 10:11:00+00:00, run_after=2025-05-09 10:12:00+00:00
[2025-05-09T10:12:17.735+0000] {processor.py:183} INFO - Processing /home/airflow/.local/lib/python3.8/site-packages/airflow/example_dags/example_branch_python_dop_operator_3.py took 0.459 seconds
[2025-05-09T10:12:48.515+0000] {processor.py:161} INFO - Started process (PID=468) to work on /home/airflow/.local/lib/python3.8/site-packages/airflow/example_dags/example_branch_python_dop_operator_3.py
[2025-05-09T10:12:48.517+0000] {processor.py:830} INFO - Processing file /home/airflow/.local/lib/python3.8/site-packages/airflow/example_dags/example_branch_python_dop_operator_3.py for tasks to queue
[2025-05-09T10:12:48.520+0000] {logging_mixin.py:188} INFO - [2025-05-09T10:12:48.520+0000] {dagbag.py:538} INFO - Filling up the DagBag from /home/airflow/.local/lib/python3.8/site-packages/airflow/example_dags/example_branch_python_dop_operator_3.py
[2025-05-09T10:12:48.536+0000] {processor.py:840} INFO - DAG(s) 'example_branch_dop_operator_v3' retrieved from /home/airflow/.local/lib/python3.8/site-packages/airflow/example_dags/example_branch_python_dop_operator_3.py
[2025-05-09T10:12:48.572+0000] {logging_mixin.py:188} INFO - [2025-05-09T10:12:48.572+0000] {dag.py:3036} INFO - Sync 1 DAGs
[2025-05-09T10:12:48.620+0000] {logging_mixin.py:188} INFO - [2025-05-09T10:12:48.620+0000] {dag.py:3823} INFO - Setting next_dagrun for example_branch_dop_operator_v3 to 2025-05-09 10:11:00+00:00, run_after=2025-05-09 10:12:00+00:00
[2025-05-09T10:12:48.657+0000] {processor.py:183} INFO - Processing /home/airflow/.local/lib/python3.8/site-packages/airflow/example_dags/example_branch_python_dop_operator_3.py took 0.147 seconds
[2025-05-09T10:13:19.426+0000] {processor.py:161} INFO - Started process (PID=524) to work on /home/airflow/.local/lib/python3.8/site-packages/airflow/example_dags/example_branch_python_dop_operator_3.py
[2025-05-09T10:13:19.432+0000] {processor.py:830} INFO - Processing file /home/airflow/.local/lib/python3.8/site-packages/airflow/example_dags/example_branch_python_dop_operator_3.py for tasks to queue
[2025-05-09T10:13:19.443+0000] {logging_mixin.py:188} INFO - [2025-05-09T10:13:19.441+0000] {dagbag.py:538} INFO - Filling up the DagBag from /home/airflow/.local/lib/python3.8/site-packages/airflow/example_dags/example_branch_python_dop_operator_3.py
[2025-05-09T10:13:19.512+0000] {processor.py:840} INFO - DAG(s) 'example_branch_dop_operator_v3' retrieved from /home/airflow/.local/lib/python3.8/site-packages/airflow/example_dags/example_branch_python_dop_operator_3.py
[2025-05-09T10:13:19.603+0000] {logging_mixin.py:188} INFO - [2025-05-09T10:13:19.603+0000] {dag.py:3036} INFO - Sync 1 DAGs
[2025-05-09T10:13:19.666+0000] {logging_mixin.py:188} INFO - [2025-05-09T10:13:19.666+0000] {dag.py:3823} INFO - Setting next_dagrun for example_branch_dop_operator_v3 to 2025-05-09 10:12:00+00:00, run_after=2025-05-09 10:13:00+00:00
[2025-05-09T10:13:19.714+0000] {processor.py:183} INFO - Processing /home/airflow/.local/lib/python3.8/site-packages/airflow/example_dags/example_branch_python_dop_operator_3.py took 0.308 seconds
[2025-05-09T10:13:50.124+0000] {processor.py:161} INFO - Started process (PID=580) to work on /home/airflow/.local/lib/python3.8/site-packages/airflow/example_dags/example_branch_python_dop_operator_3.py
[2025-05-09T10:13:50.126+0000] {processor.py:830} INFO - Processing file /home/airflow/.local/lib/python3.8/site-packages/airflow/example_dags/example_branch_python_dop_operator_3.py for tasks to queue
[2025-05-09T10:13:50.130+0000] {logging_mixin.py:188} INFO - [2025-05-09T10:13:50.129+0000] {dagbag.py:538} INFO - Filling up the DagBag from /home/airflow/.local/lib/python3.8/site-packages/airflow/example_dags/example_branch_python_dop_operator_3.py
[2025-05-09T10:13:50.150+0000] {processor.py:840} INFO - DAG(s) 'example_branch_dop_operator_v3' retrieved from /home/airflow/.local/lib/python3.8/site-packages/airflow/example_dags/example_branch_python_dop_operator_3.py
[2025-05-09T10:13:50.255+0000] {logging_mixin.py:188} INFO - [2025-05-09T10:13:50.254+0000] {dag.py:3036} INFO - Sync 1 DAGs
[2025-05-09T10:13:50.324+0000] {logging_mixin.py:188} INFO - [2025-05-09T10:13:50.324+0000] {dag.py:3823} INFO - Setting next_dagrun for example_branch_dop_operator_v3 to 2025-05-09 10:12:00+00:00, run_after=2025-05-09 10:13:00+00:00
[2025-05-09T10:13:50.370+0000] {processor.py:183} INFO - Processing /home/airflow/.local/lib/python3.8/site-packages/airflow/example_dags/example_branch_python_dop_operator_3.py took 0.253 seconds
