[2025-05-09T10:01:19.353+0000] {processor.py:161} INFO - Started process (PID=114) to work on /home/airflow/.local/lib/python3.8/site-packages/airflow/example_dags/example_python_decorator.py
[2025-05-09T10:01:19.385+0000] {processor.py:830} INFO - Processing file /home/airflow/.local/lib/python3.8/site-packages/airflow/example_dags/example_python_decorator.py for tasks to queue
[2025-05-09T10:01:19.435+0000] {logging_mixin.py:188} INFO - [2025-05-09T10:01:19.430+0000] {dagbag.py:538} INFO - Filling up the DagBag from /home/airflow/.local/lib/python3.8/site-packages/airflow/example_dags/example_python_decorator.py
[2025-05-09T10:01:19.642+0000] {processor.py:840} INFO - DAG(s) 'example_python_decorator' retrieved from /home/airflow/.local/lib/python3.8/site-packages/airflow/example_dags/example_python_decorator.py
[2025-05-09T10:01:20.015+0000] {logging_mixin.py:188} INFO - [2025-05-09T10:01:20.015+0000] {dag.py:3036} INFO - Sync 1 DAGs
[2025-05-09T10:01:20.746+0000] {logging_mixin.py:188} INFO - [2025-05-09T10:01:20.744+0000] {dag.py:3823} INFO - Setting next_dagrun for example_python_decorator to None, run_after=None
[2025-05-09T10:01:21.379+0000] {processor.py:183} INFO - Processing /home/airflow/.local/lib/python3.8/site-packages/airflow/example_dags/example_python_decorator.py took 2.338 seconds
[2025-05-09T10:01:51.603+0000] {processor.py:161} INFO - Started process (PID=164) to work on /home/airflow/.local/lib/python3.8/site-packages/airflow/example_dags/example_python_decorator.py
[2025-05-09T10:01:51.605+0000] {processor.py:830} INFO - Processing file /home/airflow/.local/lib/python3.8/site-packages/airflow/example_dags/example_python_decorator.py for tasks to queue
[2025-05-09T10:01:51.609+0000] {logging_mixin.py:188} INFO - [2025-05-09T10:01:51.608+0000] {dagbag.py:538} INFO - Filling up the DagBag from /home/airflow/.local/lib/python3.8/site-packages/airflow/example_dags/example_python_decorator.py
[2025-05-09T10:01:51.636+0000] {processor.py:840} INFO - DAG(s) 'example_python_decorator' retrieved from /home/airflow/.local/lib/python3.8/site-packages/airflow/example_dags/example_python_decorator.py
[2025-05-09T10:01:51.838+0000] {logging_mixin.py:188} INFO - [2025-05-09T10:01:51.837+0000] {dag.py:3036} INFO - Sync 1 DAGs
[2025-05-09T10:01:51.860+0000] {logging_mixin.py:188} INFO - [2025-05-09T10:01:51.860+0000] {dag.py:3823} INFO - Setting next_dagrun for example_python_decorator to None, run_after=None
[2025-05-09T10:01:51.899+0000] {processor.py:183} INFO - Processing /home/airflow/.local/lib/python3.8/site-packages/airflow/example_dags/example_python_decorator.py took 0.302 seconds
[2025-05-09T10:02:22.173+0000] {processor.py:161} INFO - Started process (PID=220) to work on /home/airflow/.local/lib/python3.8/site-packages/airflow/example_dags/example_python_decorator.py
[2025-05-09T10:02:22.180+0000] {processor.py:830} INFO - Processing file /home/airflow/.local/lib/python3.8/site-packages/airflow/example_dags/example_python_decorator.py for tasks to queue
[2025-05-09T10:02:22.185+0000] {logging_mixin.py:188} INFO - [2025-05-09T10:02:22.184+0000] {dagbag.py:538} INFO - Filling up the DagBag from /home/airflow/.local/lib/python3.8/site-packages/airflow/example_dags/example_python_decorator.py
[2025-05-09T10:02:22.232+0000] {processor.py:840} INFO - DAG(s) 'example_python_decorator' retrieved from /home/airflow/.local/lib/python3.8/site-packages/airflow/example_dags/example_python_decorator.py
[2025-05-09T10:02:22.305+0000] {logging_mixin.py:188} INFO - [2025-05-09T10:02:22.304+0000] {dag.py:3036} INFO - Sync 1 DAGs
[2025-05-09T10:02:22.350+0000] {logging_mixin.py:188} INFO - [2025-05-09T10:02:22.350+0000] {dag.py:3823} INFO - Setting next_dagrun for example_python_decorator to None, run_after=None
[2025-05-09T10:02:22.401+0000] {processor.py:183} INFO - Processing /home/airflow/.local/lib/python3.8/site-packages/airflow/example_dags/example_python_decorator.py took 0.236 seconds
[2025-05-09T10:02:53.172+0000] {processor.py:161} INFO - Started process (PID=276) to work on /home/airflow/.local/lib/python3.8/site-packages/airflow/example_dags/example_python_decorator.py
[2025-05-09T10:02:53.175+0000] {processor.py:830} INFO - Processing file /home/airflow/.local/lib/python3.8/site-packages/airflow/example_dags/example_python_decorator.py for tasks to queue
[2025-05-09T10:02:53.181+0000] {logging_mixin.py:188} INFO - [2025-05-09T10:02:53.180+0000] {dagbag.py:538} INFO - Filling up the DagBag from /home/airflow/.local/lib/python3.8/site-packages/airflow/example_dags/example_python_decorator.py
[2025-05-09T10:02:53.218+0000] {processor.py:840} INFO - DAG(s) 'example_python_decorator' retrieved from /home/airflow/.local/lib/python3.8/site-packages/airflow/example_dags/example_python_decorator.py
[2025-05-09T10:02:53.280+0000] {logging_mixin.py:188} INFO - [2025-05-09T10:02:53.279+0000] {dag.py:3036} INFO - Sync 1 DAGs
[2025-05-09T10:02:53.313+0000] {logging_mixin.py:188} INFO - [2025-05-09T10:02:53.313+0000] {dag.py:3823} INFO - Setting next_dagrun for example_python_decorator to None, run_after=None
[2025-05-09T10:02:53.364+0000] {processor.py:183} INFO - Processing /home/airflow/.local/lib/python3.8/site-packages/airflow/example_dags/example_python_decorator.py took 0.201 seconds
[2025-05-09T10:03:23.651+0000] {processor.py:161} INFO - Started process (PID=332) to work on /home/airflow/.local/lib/python3.8/site-packages/airflow/example_dags/example_python_decorator.py
[2025-05-09T10:03:23.667+0000] {processor.py:830} INFO - Processing file /home/airflow/.local/lib/python3.8/site-packages/airflow/example_dags/example_python_decorator.py for tasks to queue
[2025-05-09T10:03:23.673+0000] {logging_mixin.py:188} INFO - [2025-05-09T10:03:23.672+0000] {dagbag.py:538} INFO - Filling up the DagBag from /home/airflow/.local/lib/python3.8/site-packages/airflow/example_dags/example_python_decorator.py
[2025-05-09T10:03:23.720+0000] {processor.py:840} INFO - DAG(s) 'example_python_decorator' retrieved from /home/airflow/.local/lib/python3.8/site-packages/airflow/example_dags/example_python_decorator.py
[2025-05-09T10:03:23.759+0000] {logging_mixin.py:188} INFO - [2025-05-09T10:03:23.759+0000] {dag.py:3036} INFO - Sync 1 DAGs
[2025-05-09T10:03:23.780+0000] {logging_mixin.py:188} INFO - [2025-05-09T10:03:23.779+0000] {dag.py:3823} INFO - Setting next_dagrun for example_python_decorator to None, run_after=None
[2025-05-09T10:03:23.810+0000] {processor.py:183} INFO - Processing /home/airflow/.local/lib/python3.8/site-packages/airflow/example_dags/example_python_decorator.py took 0.192 seconds
[2025-05-09T10:03:54.280+0000] {processor.py:161} INFO - Started process (PID=388) to work on /home/airflow/.local/lib/python3.8/site-packages/airflow/example_dags/example_python_decorator.py
[2025-05-09T10:03:54.294+0000] {processor.py:830} INFO - Processing file /home/airflow/.local/lib/python3.8/site-packages/airflow/example_dags/example_python_decorator.py for tasks to queue
[2025-05-09T10:03:54.310+0000] {logging_mixin.py:188} INFO - [2025-05-09T10:03:54.309+0000] {dagbag.py:538} INFO - Filling up the DagBag from /home/airflow/.local/lib/python3.8/site-packages/airflow/example_dags/example_python_decorator.py
[2025-05-09T10:03:54.387+0000] {processor.py:840} INFO - DAG(s) 'example_python_decorator' retrieved from /home/airflow/.local/lib/python3.8/site-packages/airflow/example_dags/example_python_decorator.py
[2025-05-09T10:03:54.493+0000] {logging_mixin.py:188} INFO - [2025-05-09T10:03:54.492+0000] {dag.py:3036} INFO - Sync 1 DAGs
[2025-05-09T10:03:54.557+0000] {logging_mixin.py:188} INFO - [2025-05-09T10:03:54.556+0000] {dag.py:3823} INFO - Setting next_dagrun for example_python_decorator to None, run_after=None
[2025-05-09T10:03:54.654+0000] {processor.py:183} INFO - Processing /home/airflow/.local/lib/python3.8/site-packages/airflow/example_dags/example_python_decorator.py took 0.388 seconds
[2025-05-09T10:04:25.472+0000] {processor.py:161} INFO - Started process (PID=445) to work on /home/airflow/.local/lib/python3.8/site-packages/airflow/example_dags/example_python_decorator.py
[2025-05-09T10:04:25.475+0000] {processor.py:830} INFO - Processing file /home/airflow/.local/lib/python3.8/site-packages/airflow/example_dags/example_python_decorator.py for tasks to queue
[2025-05-09T10:04:25.479+0000] {logging_mixin.py:188} INFO - [2025-05-09T10:04:25.478+0000] {dagbag.py:538} INFO - Filling up the DagBag from /home/airflow/.local/lib/python3.8/site-packages/airflow/example_dags/example_python_decorator.py
[2025-05-09T10:04:25.524+0000] {processor.py:840} INFO - DAG(s) 'example_python_decorator' retrieved from /home/airflow/.local/lib/python3.8/site-packages/airflow/example_dags/example_python_decorator.py
[2025-05-09T10:04:25.620+0000] {logging_mixin.py:188} INFO - [2025-05-09T10:04:25.619+0000] {dag.py:3036} INFO - Sync 1 DAGs
[2025-05-09T10:04:25.711+0000] {logging_mixin.py:188} INFO - [2025-05-09T10:04:25.710+0000] {dag.py:3823} INFO - Setting next_dagrun for example_python_decorator to None, run_after=None
[2025-05-09T10:04:25.842+0000] {processor.py:183} INFO - Processing /home/airflow/.local/lib/python3.8/site-packages/airflow/example_dags/example_python_decorator.py took 0.391 seconds
[2025-05-09T10:04:56.069+0000] {processor.py:161} INFO - Started process (PID=500) to work on /home/airflow/.local/lib/python3.8/site-packages/airflow/example_dags/example_python_decorator.py
[2025-05-09T10:04:56.075+0000] {processor.py:830} INFO - Processing file /home/airflow/.local/lib/python3.8/site-packages/airflow/example_dags/example_python_decorator.py for tasks to queue
[2025-05-09T10:04:56.086+0000] {logging_mixin.py:188} INFO - [2025-05-09T10:04:56.085+0000] {dagbag.py:538} INFO - Filling up the DagBag from /home/airflow/.local/lib/python3.8/site-packages/airflow/example_dags/example_python_decorator.py
[2025-05-09T10:04:56.128+0000] {processor.py:840} INFO - DAG(s) 'example_python_decorator' retrieved from /home/airflow/.local/lib/python3.8/site-packages/airflow/example_dags/example_python_decorator.py
[2025-05-09T10:04:56.174+0000] {logging_mixin.py:188} INFO - [2025-05-09T10:04:56.174+0000] {dag.py:3036} INFO - Sync 1 DAGs
[2025-05-09T10:04:56.205+0000] {logging_mixin.py:188} INFO - [2025-05-09T10:04:56.205+0000] {dag.py:3823} INFO - Setting next_dagrun for example_python_decorator to None, run_after=None
[2025-05-09T10:04:56.248+0000] {processor.py:183} INFO - Processing /home/airflow/.local/lib/python3.8/site-packages/airflow/example_dags/example_python_decorator.py took 0.199 seconds
[2025-05-09T10:05:26.726+0000] {processor.py:161} INFO - Started process (PID=556) to work on /home/airflow/.local/lib/python3.8/site-packages/airflow/example_dags/example_python_decorator.py
[2025-05-09T10:05:26.730+0000] {processor.py:830} INFO - Processing file /home/airflow/.local/lib/python3.8/site-packages/airflow/example_dags/example_python_decorator.py for tasks to queue
[2025-05-09T10:05:26.743+0000] {logging_mixin.py:188} INFO - [2025-05-09T10:05:26.741+0000] {dagbag.py:538} INFO - Filling up the DagBag from /home/airflow/.local/lib/python3.8/site-packages/airflow/example_dags/example_python_decorator.py
[2025-05-09T10:05:26.835+0000] {processor.py:840} INFO - DAG(s) 'example_python_decorator' retrieved from /home/airflow/.local/lib/python3.8/site-packages/airflow/example_dags/example_python_decorator.py
[2025-05-09T10:05:26.957+0000] {logging_mixin.py:188} INFO - [2025-05-09T10:05:26.956+0000] {dag.py:3036} INFO - Sync 1 DAGs
[2025-05-09T10:05:26.992+0000] {logging_mixin.py:188} INFO - [2025-05-09T10:05:26.991+0000] {dag.py:3823} INFO - Setting next_dagrun for example_python_decorator to None, run_after=None
[2025-05-09T10:05:27.033+0000] {processor.py:183} INFO - Processing /home/airflow/.local/lib/python3.8/site-packages/airflow/example_dags/example_python_decorator.py took 0.328 seconds
[2025-05-09T10:05:57.618+0000] {processor.py:161} INFO - Started process (PID=612) to work on /home/airflow/.local/lib/python3.8/site-packages/airflow/example_dags/example_python_decorator.py
[2025-05-09T10:05:57.623+0000] {processor.py:830} INFO - Processing file /home/airflow/.local/lib/python3.8/site-packages/airflow/example_dags/example_python_decorator.py for tasks to queue
[2025-05-09T10:05:57.634+0000] {logging_mixin.py:188} INFO - [2025-05-09T10:05:57.633+0000] {dagbag.py:538} INFO - Filling up the DagBag from /home/airflow/.local/lib/python3.8/site-packages/airflow/example_dags/example_python_decorator.py
[2025-05-09T10:05:57.716+0000] {processor.py:840} INFO - DAG(s) 'example_python_decorator' retrieved from /home/airflow/.local/lib/python3.8/site-packages/airflow/example_dags/example_python_decorator.py
[2025-05-09T10:05:57.831+0000] {logging_mixin.py:188} INFO - [2025-05-09T10:05:57.830+0000] {dag.py:3036} INFO - Sync 1 DAGs
[2025-05-09T10:05:57.869+0000] {logging_mixin.py:188} INFO - [2025-05-09T10:05:57.868+0000] {dag.py:3823} INFO - Setting next_dagrun for example_python_decorator to None, run_after=None
[2025-05-09T10:05:57.936+0000] {processor.py:183} INFO - Processing /home/airflow/.local/lib/python3.8/site-packages/airflow/example_dags/example_python_decorator.py took 0.347 seconds
[2025-05-09T10:06:28.506+0000] {processor.py:161} INFO - Started process (PID=674) to work on /home/airflow/.local/lib/python3.8/site-packages/airflow/example_dags/example_python_decorator.py
[2025-05-09T10:06:28.510+0000] {processor.py:830} INFO - Processing file /home/airflow/.local/lib/python3.8/site-packages/airflow/example_dags/example_python_decorator.py for tasks to queue
[2025-05-09T10:06:28.522+0000] {logging_mixin.py:188} INFO - [2025-05-09T10:06:28.521+0000] {dagbag.py:538} INFO - Filling up the DagBag from /home/airflow/.local/lib/python3.8/site-packages/airflow/example_dags/example_python_decorator.py
[2025-05-09T10:06:28.587+0000] {processor.py:840} INFO - DAG(s) 'example_python_decorator' retrieved from /home/airflow/.local/lib/python3.8/site-packages/airflow/example_dags/example_python_decorator.py
[2025-05-09T10:06:28.705+0000] {logging_mixin.py:188} INFO - [2025-05-09T10:06:28.704+0000] {dag.py:3036} INFO - Sync 1 DAGs
[2025-05-09T10:06:28.783+0000] {logging_mixin.py:188} INFO - [2025-05-09T10:06:28.782+0000] {dag.py:3823} INFO - Setting next_dagrun for example_python_decorator to None, run_after=None
[2025-05-09T10:06:28.904+0000] {processor.py:183} INFO - Processing /home/airflow/.local/lib/python3.8/site-packages/airflow/example_dags/example_python_decorator.py took 0.420 seconds
[2025-05-09T10:09:26.121+0000] {processor.py:161} INFO - Started process (PID=105) to work on /home/airflow/.local/lib/python3.8/site-packages/airflow/example_dags/example_python_decorator.py
[2025-05-09T10:09:26.124+0000] {processor.py:830} INFO - Processing file /home/airflow/.local/lib/python3.8/site-packages/airflow/example_dags/example_python_decorator.py for tasks to queue
[2025-05-09T10:09:26.128+0000] {logging_mixin.py:188} INFO - [2025-05-09T10:09:26.127+0000] {dagbag.py:538} INFO - Filling up the DagBag from /home/airflow/.local/lib/python3.8/site-packages/airflow/example_dags/example_python_decorator.py
[2025-05-09T10:09:26.158+0000] {processor.py:840} INFO - DAG(s) 'example_python_decorator' retrieved from /home/airflow/.local/lib/python3.8/site-packages/airflow/example_dags/example_python_decorator.py
[2025-05-09T10:09:26.376+0000] {logging_mixin.py:188} INFO - [2025-05-09T10:09:26.375+0000] {dag.py:3036} INFO - Sync 1 DAGs
[2025-05-09T10:09:26.412+0000] {logging_mixin.py:188} INFO - [2025-05-09T10:09:26.411+0000] {dag.py:3823} INFO - Setting next_dagrun for example_python_decorator to None, run_after=None
[2025-05-09T10:09:26.481+0000] {processor.py:183} INFO - Processing /home/airflow/.local/lib/python3.8/site-packages/airflow/example_dags/example_python_decorator.py took 0.370 seconds
[2025-05-09T10:09:56.771+0000] {processor.py:161} INFO - Started process (PID=160) to work on /home/airflow/.local/lib/python3.8/site-packages/airflow/example_dags/example_python_decorator.py
[2025-05-09T10:09:56.823+0000] {processor.py:830} INFO - Processing file /home/airflow/.local/lib/python3.8/site-packages/airflow/example_dags/example_python_decorator.py for tasks to queue
[2025-05-09T10:09:56.837+0000] {logging_mixin.py:188} INFO - [2025-05-09T10:09:56.835+0000] {dagbag.py:538} INFO - Filling up the DagBag from /home/airflow/.local/lib/python3.8/site-packages/airflow/example_dags/example_python_decorator.py
[2025-05-09T10:09:56.919+0000] {processor.py:840} INFO - DAG(s) 'example_python_decorator' retrieved from /home/airflow/.local/lib/python3.8/site-packages/airflow/example_dags/example_python_decorator.py
[2025-05-09T10:09:56.953+0000] {logging_mixin.py:188} INFO - [2025-05-09T10:09:56.953+0000] {dag.py:3036} INFO - Sync 1 DAGs
[2025-05-09T10:09:56.975+0000] {logging_mixin.py:188} INFO - [2025-05-09T10:09:56.974+0000] {dag.py:3823} INFO - Setting next_dagrun for example_python_decorator to None, run_after=None
[2025-05-09T10:09:57.154+0000] {processor.py:183} INFO - Processing /home/airflow/.local/lib/python3.8/site-packages/airflow/example_dags/example_python_decorator.py took 0.409 seconds
[2025-05-09T10:10:28.005+0000] {processor.py:161} INFO - Started process (PID=217) to work on /home/airflow/.local/lib/python3.8/site-packages/airflow/example_dags/example_python_decorator.py
[2025-05-09T10:10:28.009+0000] {processor.py:830} INFO - Processing file /home/airflow/.local/lib/python3.8/site-packages/airflow/example_dags/example_python_decorator.py for tasks to queue
[2025-05-09T10:10:28.018+0000] {logging_mixin.py:188} INFO - [2025-05-09T10:10:28.017+0000] {dagbag.py:538} INFO - Filling up the DagBag from /home/airflow/.local/lib/python3.8/site-packages/airflow/example_dags/example_python_decorator.py
[2025-05-09T10:10:28.048+0000] {processor.py:840} INFO - DAG(s) 'example_python_decorator' retrieved from /home/airflow/.local/lib/python3.8/site-packages/airflow/example_dags/example_python_decorator.py
[2025-05-09T10:10:28.086+0000] {logging_mixin.py:188} INFO - [2025-05-09T10:10:28.086+0000] {dag.py:3036} INFO - Sync 1 DAGs
[2025-05-09T10:10:28.128+0000] {logging_mixin.py:188} INFO - [2025-05-09T10:10:28.128+0000] {dag.py:3823} INFO - Setting next_dagrun for example_python_decorator to None, run_after=None
[2025-05-09T10:10:28.173+0000] {processor.py:183} INFO - Processing /home/airflow/.local/lib/python3.8/site-packages/airflow/example_dags/example_python_decorator.py took 0.190 seconds
[2025-05-09T10:10:59.475+0000] {processor.py:161} INFO - Started process (PID=279) to work on /home/airflow/.local/lib/python3.8/site-packages/airflow/example_dags/example_python_decorator.py
[2025-05-09T10:10:59.479+0000] {processor.py:830} INFO - Processing file /home/airflow/.local/lib/python3.8/site-packages/airflow/example_dags/example_python_decorator.py for tasks to queue
[2025-05-09T10:10:59.488+0000] {logging_mixin.py:188} INFO - [2025-05-09T10:10:59.487+0000] {dagbag.py:538} INFO - Filling up the DagBag from /home/airflow/.local/lib/python3.8/site-packages/airflow/example_dags/example_python_decorator.py
[2025-05-09T10:10:59.533+0000] {processor.py:840} INFO - DAG(s) 'example_python_decorator' retrieved from /home/airflow/.local/lib/python3.8/site-packages/airflow/example_dags/example_python_decorator.py
[2025-05-09T10:10:59.631+0000] {logging_mixin.py:188} INFO - [2025-05-09T10:10:59.630+0000] {dag.py:3036} INFO - Sync 1 DAGs
[2025-05-09T10:10:59.673+0000] {logging_mixin.py:188} INFO - [2025-05-09T10:10:59.672+0000] {dag.py:3823} INFO - Setting next_dagrun for example_python_decorator to None, run_after=None
[2025-05-09T10:10:59.735+0000] {processor.py:183} INFO - Processing /home/airflow/.local/lib/python3.8/site-packages/airflow/example_dags/example_python_decorator.py took 0.271 seconds
[2025-05-09T10:11:29.945+0000] {processor.py:161} INFO - Started process (PID=335) to work on /home/airflow/.local/lib/python3.8/site-packages/airflow/example_dags/example_python_decorator.py
[2025-05-09T10:11:29.947+0000] {processor.py:830} INFO - Processing file /home/airflow/.local/lib/python3.8/site-packages/airflow/example_dags/example_python_decorator.py for tasks to queue
[2025-05-09T10:11:29.951+0000] {logging_mixin.py:188} INFO - [2025-05-09T10:11:29.951+0000] {dagbag.py:538} INFO - Filling up the DagBag from /home/airflow/.local/lib/python3.8/site-packages/airflow/example_dags/example_python_decorator.py
[2025-05-09T10:11:29.985+0000] {processor.py:840} INFO - DAG(s) 'example_python_decorator' retrieved from /home/airflow/.local/lib/python3.8/site-packages/airflow/example_dags/example_python_decorator.py
[2025-05-09T10:11:30.023+0000] {logging_mixin.py:188} INFO - [2025-05-09T10:11:30.023+0000] {dag.py:3036} INFO - Sync 1 DAGs
[2025-05-09T10:11:30.046+0000] {logging_mixin.py:188} INFO - [2025-05-09T10:11:30.046+0000] {dag.py:3823} INFO - Setting next_dagrun for example_python_decorator to None, run_after=None
[2025-05-09T10:11:30.086+0000] {processor.py:183} INFO - Processing /home/airflow/.local/lib/python3.8/site-packages/airflow/example_dags/example_python_decorator.py took 0.147 seconds
[2025-05-09T10:12:00.377+0000] {processor.py:161} INFO - Started process (PID=391) to work on /home/airflow/.local/lib/python3.8/site-packages/airflow/example_dags/example_python_decorator.py
[2025-05-09T10:12:00.379+0000] {processor.py:830} INFO - Processing file /home/airflow/.local/lib/python3.8/site-packages/airflow/example_dags/example_python_decorator.py for tasks to queue
[2025-05-09T10:12:00.382+0000] {logging_mixin.py:188} INFO - [2025-05-09T10:12:00.381+0000] {dagbag.py:538} INFO - Filling up the DagBag from /home/airflow/.local/lib/python3.8/site-packages/airflow/example_dags/example_python_decorator.py
[2025-05-09T10:12:00.405+0000] {processor.py:840} INFO - DAG(s) 'example_python_decorator' retrieved from /home/airflow/.local/lib/python3.8/site-packages/airflow/example_dags/example_python_decorator.py
[2025-05-09T10:12:00.447+0000] {logging_mixin.py:188} INFO - [2025-05-09T10:12:00.446+0000] {dag.py:3036} INFO - Sync 1 DAGs
[2025-05-09T10:12:00.468+0000] {logging_mixin.py:188} INFO - [2025-05-09T10:12:00.467+0000] {dag.py:3823} INFO - Setting next_dagrun for example_python_decorator to None, run_after=None
[2025-05-09T10:12:00.499+0000] {processor.py:183} INFO - Processing /home/airflow/.local/lib/python3.8/site-packages/airflow/example_dags/example_python_decorator.py took 0.128 seconds
[2025-05-09T10:12:31.607+0000] {processor.py:161} INFO - Started process (PID=447) to work on /home/airflow/.local/lib/python3.8/site-packages/airflow/example_dags/example_python_decorator.py
[2025-05-09T10:12:31.609+0000] {processor.py:830} INFO - Processing file /home/airflow/.local/lib/python3.8/site-packages/airflow/example_dags/example_python_decorator.py for tasks to queue
[2025-05-09T10:12:31.612+0000] {logging_mixin.py:188} INFO - [2025-05-09T10:12:31.612+0000] {dagbag.py:538} INFO - Filling up the DagBag from /home/airflow/.local/lib/python3.8/site-packages/airflow/example_dags/example_python_decorator.py
[2025-05-09T10:12:31.639+0000] {processor.py:840} INFO - DAG(s) 'example_python_decorator' retrieved from /home/airflow/.local/lib/python3.8/site-packages/airflow/example_dags/example_python_decorator.py
[2025-05-09T10:12:31.692+0000] {logging_mixin.py:188} INFO - [2025-05-09T10:12:31.691+0000] {dag.py:3036} INFO - Sync 1 DAGs
[2025-05-09T10:12:31.752+0000] {logging_mixin.py:188} INFO - [2025-05-09T10:12:31.752+0000] {dag.py:3823} INFO - Setting next_dagrun for example_python_decorator to None, run_after=None
[2025-05-09T10:12:31.844+0000] {processor.py:183} INFO - Processing /home/airflow/.local/lib/python3.8/site-packages/airflow/example_dags/example_python_decorator.py took 0.244 seconds
[2025-05-09T10:13:02.486+0000] {processor.py:161} INFO - Started process (PID=503) to work on /home/airflow/.local/lib/python3.8/site-packages/airflow/example_dags/example_python_decorator.py
[2025-05-09T10:13:02.488+0000] {processor.py:830} INFO - Processing file /home/airflow/.local/lib/python3.8/site-packages/airflow/example_dags/example_python_decorator.py for tasks to queue
[2025-05-09T10:13:02.492+0000] {logging_mixin.py:188} INFO - [2025-05-09T10:13:02.491+0000] {dagbag.py:538} INFO - Filling up the DagBag from /home/airflow/.local/lib/python3.8/site-packages/airflow/example_dags/example_python_decorator.py
[2025-05-09T10:13:02.528+0000] {processor.py:840} INFO - DAG(s) 'example_python_decorator' retrieved from /home/airflow/.local/lib/python3.8/site-packages/airflow/example_dags/example_python_decorator.py
[2025-05-09T10:13:02.576+0000] {logging_mixin.py:188} INFO - [2025-05-09T10:13:02.576+0000] {dag.py:3036} INFO - Sync 1 DAGs
[2025-05-09T10:13:02.608+0000] {logging_mixin.py:188} INFO - [2025-05-09T10:13:02.608+0000] {dag.py:3823} INFO - Setting next_dagrun for example_python_decorator to None, run_after=None
[2025-05-09T10:13:02.651+0000] {processor.py:183} INFO - Processing /home/airflow/.local/lib/python3.8/site-packages/airflow/example_dags/example_python_decorator.py took 0.172 seconds
[2025-05-09T10:13:33.029+0000] {processor.py:161} INFO - Started process (PID=559) to work on /home/airflow/.local/lib/python3.8/site-packages/airflow/example_dags/example_python_decorator.py
[2025-05-09T10:13:33.032+0000] {processor.py:830} INFO - Processing file /home/airflow/.local/lib/python3.8/site-packages/airflow/example_dags/example_python_decorator.py for tasks to queue
[2025-05-09T10:13:33.038+0000] {logging_mixin.py:188} INFO - [2025-05-09T10:13:33.037+0000] {dagbag.py:538} INFO - Filling up the DagBag from /home/airflow/.local/lib/python3.8/site-packages/airflow/example_dags/example_python_decorator.py
[2025-05-09T10:13:33.072+0000] {processor.py:840} INFO - DAG(s) 'example_python_decorator' retrieved from /home/airflow/.local/lib/python3.8/site-packages/airflow/example_dags/example_python_decorator.py
[2025-05-09T10:13:33.133+0000] {logging_mixin.py:188} INFO - [2025-05-09T10:13:33.132+0000] {dag.py:3036} INFO - Sync 1 DAGs
[2025-05-09T10:13:33.201+0000] {logging_mixin.py:188} INFO - [2025-05-09T10:13:33.200+0000] {dag.py:3823} INFO - Setting next_dagrun for example_python_decorator to None, run_after=None
[2025-05-09T10:13:33.303+0000] {processor.py:183} INFO - Processing /home/airflow/.local/lib/python3.8/site-packages/airflow/example_dags/example_python_decorator.py took 0.285 seconds
[2025-05-09T10:14:03.820+0000] {processor.py:161} INFO - Started process (PID=615) to work on /home/airflow/.local/lib/python3.8/site-packages/airflow/example_dags/example_python_decorator.py
[2025-05-09T10:14:03.823+0000] {processor.py:830} INFO - Processing file /home/airflow/.local/lib/python3.8/site-packages/airflow/example_dags/example_python_decorator.py for tasks to queue
[2025-05-09T10:14:03.827+0000] {logging_mixin.py:188} INFO - [2025-05-09T10:14:03.827+0000] {dagbag.py:538} INFO - Filling up the DagBag from /home/airflow/.local/lib/python3.8/site-packages/airflow/example_dags/example_python_decorator.py
[2025-05-09T10:14:03.868+0000] {processor.py:840} INFO - DAG(s) 'example_python_decorator' retrieved from /home/airflow/.local/lib/python3.8/site-packages/airflow/example_dags/example_python_decorator.py
[2025-05-09T10:14:03.933+0000] {logging_mixin.py:188} INFO - [2025-05-09T10:14:03.933+0000] {dag.py:3036} INFO - Sync 1 DAGs
[2025-05-09T10:14:03.968+0000] {logging_mixin.py:188} INFO - [2025-05-09T10:14:03.967+0000] {dag.py:3823} INFO - Setting next_dagrun for example_python_decorator to None, run_after=None
[2025-05-09T10:14:04.023+0000] {processor.py:183} INFO - Processing /home/airflow/.local/lib/python3.8/site-packages/airflow/example_dags/example_python_decorator.py took 0.212 seconds
