[2025-05-09T10:01:03.287+0000] {processor.py:161} INFO - Started process (PID=84) to work on /home/airflow/.local/lib/python3.8/site-packages/airflow/example_dags/example_trigger_controller_dag.py
[2025-05-09T10:01:03.296+0000] {processor.py:830} INFO - Processing file /home/airflow/.local/lib/python3.8/site-packages/airflow/example_dags/example_trigger_controller_dag.py for tasks to queue
[2025-05-09T10:01:03.315+0000] {logging_mixin.py:188} INFO - [2025-05-09T10:01:03.314+0000] {dagbag.py:538} INFO - Filling up the DagBag from /home/airflow/.local/lib/python3.8/site-packages/airflow/example_dags/example_trigger_controller_dag.py
[2025-05-09T10:01:03.353+0000] {processor.py:840} INFO - DAG(s) 'example_trigger_controller_dag' retrieved from /home/airflow/.local/lib/python3.8/site-packages/airflow/example_dags/example_trigger_controller_dag.py
[2025-05-09T10:01:03.691+0000] {logging_mixin.py:188} INFO - [2025-05-09T10:01:03.690+0000] {dag.py:3036} INFO - Sync 1 DAGs
[2025-05-09T10:01:04.000+0000] {logging_mixin.py:188} INFO - [2025-05-09T10:01:03.997+0000] {dag.py:3823} INFO - Setting next_dagrun for example_trigger_controller_dag to 2021-01-01 00:00:00+00:00, run_after=2021-01-01 00:00:00+00:00
[2025-05-09T10:01:04.083+0000] {processor.py:183} INFO - Processing /home/airflow/.local/lib/python3.8/site-packages/airflow/example_dags/example_trigger_controller_dag.py took 0.861 seconds
[2025-05-09T10:01:35.357+0000] {processor.py:161} INFO - Started process (PID=140) to work on /home/airflow/.local/lib/python3.8/site-packages/airflow/example_dags/example_trigger_controller_dag.py
[2025-05-09T10:01:35.361+0000] {processor.py:830} INFO - Processing file /home/airflow/.local/lib/python3.8/site-packages/airflow/example_dags/example_trigger_controller_dag.py for tasks to queue
[2025-05-09T10:01:35.368+0000] {logging_mixin.py:188} INFO - [2025-05-09T10:01:35.367+0000] {dagbag.py:538} INFO - Filling up the DagBag from /home/airflow/.local/lib/python3.8/site-packages/airflow/example_dags/example_trigger_controller_dag.py
[2025-05-09T10:01:35.383+0000] {processor.py:840} INFO - DAG(s) 'example_trigger_controller_dag' retrieved from /home/airflow/.local/lib/python3.8/site-packages/airflow/example_dags/example_trigger_controller_dag.py
[2025-05-09T10:01:35.769+0000] {logging_mixin.py:188} INFO - [2025-05-09T10:01:35.768+0000] {dag.py:3036} INFO - Sync 1 DAGs
[2025-05-09T10:01:35.813+0000] {logging_mixin.py:188} INFO - [2025-05-09T10:01:35.813+0000] {dag.py:3823} INFO - Setting next_dagrun for example_trigger_controller_dag to 2021-01-01 00:00:00+00:00, run_after=2021-01-01 00:00:00+00:00
[2025-05-09T10:01:35.850+0000] {processor.py:183} INFO - Processing /home/airflow/.local/lib/python3.8/site-packages/airflow/example_dags/example_trigger_controller_dag.py took 0.501 seconds
[2025-05-09T10:02:06.250+0000] {processor.py:161} INFO - Started process (PID=196) to work on /home/airflow/.local/lib/python3.8/site-packages/airflow/example_dags/example_trigger_controller_dag.py
[2025-05-09T10:02:06.252+0000] {processor.py:830} INFO - Processing file /home/airflow/.local/lib/python3.8/site-packages/airflow/example_dags/example_trigger_controller_dag.py for tasks to queue
[2025-05-09T10:02:06.255+0000] {logging_mixin.py:188} INFO - [2025-05-09T10:02:06.255+0000] {dagbag.py:538} INFO - Filling up the DagBag from /home/airflow/.local/lib/python3.8/site-packages/airflow/example_dags/example_trigger_controller_dag.py
[2025-05-09T10:02:06.263+0000] {processor.py:840} INFO - DAG(s) 'example_trigger_controller_dag' retrieved from /home/airflow/.local/lib/python3.8/site-packages/airflow/example_dags/example_trigger_controller_dag.py
[2025-05-09T10:02:06.301+0000] {logging_mixin.py:188} INFO - [2025-05-09T10:02:06.300+0000] {dag.py:3036} INFO - Sync 1 DAGs
[2025-05-09T10:02:06.346+0000] {logging_mixin.py:188} INFO - [2025-05-09T10:02:06.346+0000] {dag.py:3823} INFO - Setting next_dagrun for example_trigger_controller_dag to 2021-01-01 00:00:00+00:00, run_after=2021-01-01 00:00:00+00:00
[2025-05-09T10:02:06.384+0000] {processor.py:183} INFO - Processing /home/airflow/.local/lib/python3.8/site-packages/airflow/example_dags/example_trigger_controller_dag.py took 0.140 seconds
[2025-05-09T10:02:36.616+0000] {processor.py:161} INFO - Started process (PID=252) to work on /home/airflow/.local/lib/python3.8/site-packages/airflow/example_dags/example_trigger_controller_dag.py
[2025-05-09T10:02:36.618+0000] {processor.py:830} INFO - Processing file /home/airflow/.local/lib/python3.8/site-packages/airflow/example_dags/example_trigger_controller_dag.py for tasks to queue
[2025-05-09T10:02:36.622+0000] {logging_mixin.py:188} INFO - [2025-05-09T10:02:36.622+0000] {dagbag.py:538} INFO - Filling up the DagBag from /home/airflow/.local/lib/python3.8/site-packages/airflow/example_dags/example_trigger_controller_dag.py
[2025-05-09T10:02:36.633+0000] {processor.py:840} INFO - DAG(s) 'example_trigger_controller_dag' retrieved from /home/airflow/.local/lib/python3.8/site-packages/airflow/example_dags/example_trigger_controller_dag.py
[2025-05-09T10:02:36.678+0000] {logging_mixin.py:188} INFO - [2025-05-09T10:02:36.677+0000] {dag.py:3036} INFO - Sync 1 DAGs
[2025-05-09T10:02:36.743+0000] {logging_mixin.py:188} INFO - [2025-05-09T10:02:36.742+0000] {dag.py:3823} INFO - Setting next_dagrun for example_trigger_controller_dag to 2021-01-01 00:00:00+00:00, run_after=2021-01-01 00:00:00+00:00
[2025-05-09T10:02:36.783+0000] {processor.py:183} INFO - Processing /home/airflow/.local/lib/python3.8/site-packages/airflow/example_dags/example_trigger_controller_dag.py took 0.175 seconds
[2025-05-09T10:03:08.097+0000] {processor.py:161} INFO - Started process (PID=308) to work on /home/airflow/.local/lib/python3.8/site-packages/airflow/example_dags/example_trigger_controller_dag.py
[2025-05-09T10:03:08.099+0000] {processor.py:830} INFO - Processing file /home/airflow/.local/lib/python3.8/site-packages/airflow/example_dags/example_trigger_controller_dag.py for tasks to queue
[2025-05-09T10:03:08.104+0000] {logging_mixin.py:188} INFO - [2025-05-09T10:03:08.104+0000] {dagbag.py:538} INFO - Filling up the DagBag from /home/airflow/.local/lib/python3.8/site-packages/airflow/example_dags/example_trigger_controller_dag.py
[2025-05-09T10:03:08.117+0000] {processor.py:840} INFO - DAG(s) 'example_trigger_controller_dag' retrieved from /home/airflow/.local/lib/python3.8/site-packages/airflow/example_dags/example_trigger_controller_dag.py
[2025-05-09T10:03:08.170+0000] {logging_mixin.py:188} INFO - [2025-05-09T10:03:08.170+0000] {dag.py:3036} INFO - Sync 1 DAGs
[2025-05-09T10:03:08.235+0000] {logging_mixin.py:188} INFO - [2025-05-09T10:03:08.235+0000] {dag.py:3823} INFO - Setting next_dagrun for example_trigger_controller_dag to 2021-01-01 00:00:00+00:00, run_after=2021-01-01 00:00:00+00:00
[2025-05-09T10:03:08.284+0000] {processor.py:183} INFO - Processing /home/airflow/.local/lib/python3.8/site-packages/airflow/example_dags/example_trigger_controller_dag.py took 0.195 seconds
[2025-05-09T10:03:38.730+0000] {processor.py:161} INFO - Started process (PID=364) to work on /home/airflow/.local/lib/python3.8/site-packages/airflow/example_dags/example_trigger_controller_dag.py
[2025-05-09T10:03:38.735+0000] {processor.py:830} INFO - Processing file /home/airflow/.local/lib/python3.8/site-packages/airflow/example_dags/example_trigger_controller_dag.py for tasks to queue
[2025-05-09T10:03:38.742+0000] {logging_mixin.py:188} INFO - [2025-05-09T10:03:38.741+0000] {dagbag.py:538} INFO - Filling up the DagBag from /home/airflow/.local/lib/python3.8/site-packages/airflow/example_dags/example_trigger_controller_dag.py
[2025-05-09T10:03:38.754+0000] {processor.py:840} INFO - DAG(s) 'example_trigger_controller_dag' retrieved from /home/airflow/.local/lib/python3.8/site-packages/airflow/example_dags/example_trigger_controller_dag.py
[2025-05-09T10:03:38.800+0000] {logging_mixin.py:188} INFO - [2025-05-09T10:03:38.799+0000] {dag.py:3036} INFO - Sync 1 DAGs
[2025-05-09T10:03:38.859+0000] {logging_mixin.py:188} INFO - [2025-05-09T10:03:38.858+0000] {dag.py:3823} INFO - Setting next_dagrun for example_trigger_controller_dag to 2021-01-01 00:00:00+00:00, run_after=2021-01-01 00:00:00+00:00
[2025-05-09T10:03:38.939+0000] {processor.py:183} INFO - Processing /home/airflow/.local/lib/python3.8/site-packages/airflow/example_dags/example_trigger_controller_dag.py took 0.228 seconds
[2025-05-09T10:04:09.114+0000] {processor.py:161} INFO - Started process (PID=420) to work on /home/airflow/.local/lib/python3.8/site-packages/airflow/example_dags/example_trigger_controller_dag.py
[2025-05-09T10:04:09.116+0000] {processor.py:830} INFO - Processing file /home/airflow/.local/lib/python3.8/site-packages/airflow/example_dags/example_trigger_controller_dag.py for tasks to queue
[2025-05-09T10:04:09.121+0000] {logging_mixin.py:188} INFO - [2025-05-09T10:04:09.120+0000] {dagbag.py:538} INFO - Filling up the DagBag from /home/airflow/.local/lib/python3.8/site-packages/airflow/example_dags/example_trigger_controller_dag.py
[2025-05-09T10:04:09.131+0000] {processor.py:840} INFO - DAG(s) 'example_trigger_controller_dag' retrieved from /home/airflow/.local/lib/python3.8/site-packages/airflow/example_dags/example_trigger_controller_dag.py
[2025-05-09T10:04:09.171+0000] {logging_mixin.py:188} INFO - [2025-05-09T10:04:09.170+0000] {dag.py:3036} INFO - Sync 1 DAGs
[2025-05-09T10:04:09.211+0000] {logging_mixin.py:188} INFO - [2025-05-09T10:04:09.210+0000] {dag.py:3823} INFO - Setting next_dagrun for example_trigger_controller_dag to 2021-01-01 00:00:00+00:00, run_after=2021-01-01 00:00:00+00:00
[2025-05-09T10:04:09.255+0000] {processor.py:183} INFO - Processing /home/airflow/.local/lib/python3.8/site-packages/airflow/example_dags/example_trigger_controller_dag.py took 0.147 seconds
[2025-05-09T10:04:40.065+0000] {processor.py:161} INFO - Started process (PID=476) to work on /home/airflow/.local/lib/python3.8/site-packages/airflow/example_dags/example_trigger_controller_dag.py
[2025-05-09T10:04:40.067+0000] {processor.py:830} INFO - Processing file /home/airflow/.local/lib/python3.8/site-packages/airflow/example_dags/example_trigger_controller_dag.py for tasks to queue
[2025-05-09T10:04:40.070+0000] {logging_mixin.py:188} INFO - [2025-05-09T10:04:40.070+0000] {dagbag.py:538} INFO - Filling up the DagBag from /home/airflow/.local/lib/python3.8/site-packages/airflow/example_dags/example_trigger_controller_dag.py
[2025-05-09T10:04:40.082+0000] {processor.py:840} INFO - DAG(s) 'example_trigger_controller_dag' retrieved from /home/airflow/.local/lib/python3.8/site-packages/airflow/example_dags/example_trigger_controller_dag.py
[2025-05-09T10:04:40.130+0000] {logging_mixin.py:188} INFO - [2025-05-09T10:04:40.130+0000] {dag.py:3036} INFO - Sync 1 DAGs
[2025-05-09T10:04:40.178+0000] {logging_mixin.py:188} INFO - [2025-05-09T10:04:40.177+0000] {dag.py:3823} INFO - Setting next_dagrun for example_trigger_controller_dag to 2021-01-01 00:00:00+00:00, run_after=2021-01-01 00:00:00+00:00
[2025-05-09T10:04:40.221+0000] {processor.py:183} INFO - Processing /home/airflow/.local/lib/python3.8/site-packages/airflow/example_dags/example_trigger_controller_dag.py took 0.164 seconds
[2025-05-09T10:05:10.850+0000] {processor.py:161} INFO - Started process (PID=530) to work on /home/airflow/.local/lib/python3.8/site-packages/airflow/example_dags/example_trigger_controller_dag.py
[2025-05-09T10:05:10.852+0000] {processor.py:830} INFO - Processing file /home/airflow/.local/lib/python3.8/site-packages/airflow/example_dags/example_trigger_controller_dag.py for tasks to queue
[2025-05-09T10:05:10.856+0000] {logging_mixin.py:188} INFO - [2025-05-09T10:05:10.855+0000] {dagbag.py:538} INFO - Filling up the DagBag from /home/airflow/.local/lib/python3.8/site-packages/airflow/example_dags/example_trigger_controller_dag.py
[2025-05-09T10:05:10.865+0000] {processor.py:840} INFO - DAG(s) 'example_trigger_controller_dag' retrieved from /home/airflow/.local/lib/python3.8/site-packages/airflow/example_dags/example_trigger_controller_dag.py
[2025-05-09T10:05:10.905+0000] {logging_mixin.py:188} INFO - [2025-05-09T10:05:10.904+0000] {dag.py:3036} INFO - Sync 1 DAGs
[2025-05-09T10:05:10.969+0000] {logging_mixin.py:188} INFO - [2025-05-09T10:05:10.969+0000] {dag.py:3823} INFO - Setting next_dagrun for example_trigger_controller_dag to 2021-01-01 00:00:00+00:00, run_after=2021-01-01 00:00:00+00:00
[2025-05-09T10:05:11.010+0000] {processor.py:183} INFO - Processing /home/airflow/.local/lib/python3.8/site-packages/airflow/example_dags/example_trigger_controller_dag.py took 0.167 seconds
[2025-05-09T10:05:41.271+0000] {processor.py:161} INFO - Started process (PID=586) to work on /home/airflow/.local/lib/python3.8/site-packages/airflow/example_dags/example_trigger_controller_dag.py
[2025-05-09T10:05:41.273+0000] {processor.py:830} INFO - Processing file /home/airflow/.local/lib/python3.8/site-packages/airflow/example_dags/example_trigger_controller_dag.py for tasks to queue
[2025-05-09T10:05:41.276+0000] {logging_mixin.py:188} INFO - [2025-05-09T10:05:41.276+0000] {dagbag.py:538} INFO - Filling up the DagBag from /home/airflow/.local/lib/python3.8/site-packages/airflow/example_dags/example_trigger_controller_dag.py
[2025-05-09T10:05:41.285+0000] {processor.py:840} INFO - DAG(s) 'example_trigger_controller_dag' retrieved from /home/airflow/.local/lib/python3.8/site-packages/airflow/example_dags/example_trigger_controller_dag.py
[2025-05-09T10:05:41.322+0000] {logging_mixin.py:188} INFO - [2025-05-09T10:05:41.322+0000] {dag.py:3036} INFO - Sync 1 DAGs
[2025-05-09T10:05:41.372+0000] {logging_mixin.py:188} INFO - [2025-05-09T10:05:41.372+0000] {dag.py:3823} INFO - Setting next_dagrun for example_trigger_controller_dag to 2021-01-01 00:00:00+00:00, run_after=2021-01-01 00:00:00+00:00
[2025-05-09T10:05:41.406+0000] {processor.py:183} INFO - Processing /home/airflow/.local/lib/python3.8/site-packages/airflow/example_dags/example_trigger_controller_dag.py took 0.142 seconds
[2025-05-09T10:06:11.962+0000] {processor.py:161} INFO - Started process (PID=642) to work on /home/airflow/.local/lib/python3.8/site-packages/airflow/example_dags/example_trigger_controller_dag.py
[2025-05-09T10:06:11.965+0000] {processor.py:830} INFO - Processing file /home/airflow/.local/lib/python3.8/site-packages/airflow/example_dags/example_trigger_controller_dag.py for tasks to queue
[2025-05-09T10:06:11.969+0000] {logging_mixin.py:188} INFO - [2025-05-09T10:06:11.969+0000] {dagbag.py:538} INFO - Filling up the DagBag from /home/airflow/.local/lib/python3.8/site-packages/airflow/example_dags/example_trigger_controller_dag.py
[2025-05-09T10:06:11.981+0000] {processor.py:840} INFO - DAG(s) 'example_trigger_controller_dag' retrieved from /home/airflow/.local/lib/python3.8/site-packages/airflow/example_dags/example_trigger_controller_dag.py
[2025-05-09T10:06:12.026+0000] {logging_mixin.py:188} INFO - [2025-05-09T10:06:12.025+0000] {dag.py:3036} INFO - Sync 1 DAGs
[2025-05-09T10:06:12.082+0000] {logging_mixin.py:188} INFO - [2025-05-09T10:06:12.081+0000] {dag.py:3823} INFO - Setting next_dagrun for example_trigger_controller_dag to 2021-01-01 00:00:00+00:00, run_after=2021-01-01 00:00:00+00:00
[2025-05-09T10:06:12.131+0000] {processor.py:183} INFO - Processing /home/airflow/.local/lib/python3.8/site-packages/airflow/example_dags/example_trigger_controller_dag.py took 0.177 seconds
[2025-05-09T10:06:43.365+0000] {processor.py:161} INFO - Started process (PID=698) to work on /home/airflow/.local/lib/python3.8/site-packages/airflow/example_dags/example_trigger_controller_dag.py
[2025-05-09T10:06:43.367+0000] {processor.py:830} INFO - Processing file /home/airflow/.local/lib/python3.8/site-packages/airflow/example_dags/example_trigger_controller_dag.py for tasks to queue
[2025-05-09T10:06:43.371+0000] {logging_mixin.py:188} INFO - [2025-05-09T10:06:43.370+0000] {dagbag.py:538} INFO - Filling up the DagBag from /home/airflow/.local/lib/python3.8/site-packages/airflow/example_dags/example_trigger_controller_dag.py
[2025-05-09T10:06:43.380+0000] {processor.py:840} INFO - DAG(s) 'example_trigger_controller_dag' retrieved from /home/airflow/.local/lib/python3.8/site-packages/airflow/example_dags/example_trigger_controller_dag.py
[2025-05-09T10:06:43.418+0000] {logging_mixin.py:188} INFO - [2025-05-09T10:06:43.417+0000] {dag.py:3036} INFO - Sync 1 DAGs
[2025-05-09T10:06:43.470+0000] {logging_mixin.py:188} INFO - [2025-05-09T10:06:43.469+0000] {dag.py:3823} INFO - Setting next_dagrun for example_trigger_controller_dag to 2021-01-01 00:00:00+00:00, run_after=2021-01-01 00:00:00+00:00
[2025-05-09T10:06:43.509+0000] {processor.py:183} INFO - Processing /home/airflow/.local/lib/python3.8/site-packages/airflow/example_dags/example_trigger_controller_dag.py took 0.151 seconds
[2025-05-09T10:09:12.333+0000] {processor.py:161} INFO - Started process (PID=81) to work on /home/airflow/.local/lib/python3.8/site-packages/airflow/example_dags/example_trigger_controller_dag.py
[2025-05-09T10:09:12.365+0000] {processor.py:830} INFO - Processing file /home/airflow/.local/lib/python3.8/site-packages/airflow/example_dags/example_trigger_controller_dag.py for tasks to queue
[2025-05-09T10:09:12.426+0000] {logging_mixin.py:188} INFO - [2025-05-09T10:09:12.418+0000] {dagbag.py:538} INFO - Filling up the DagBag from /home/airflow/.local/lib/python3.8/site-packages/airflow/example_dags/example_trigger_controller_dag.py
[2025-05-09T10:09:12.665+0000] {processor.py:840} INFO - DAG(s) 'example_trigger_controller_dag' retrieved from /home/airflow/.local/lib/python3.8/site-packages/airflow/example_dags/example_trigger_controller_dag.py
[2025-05-09T10:09:13.661+0000] {logging_mixin.py:188} INFO - [2025-05-09T10:09:13.661+0000] {dag.py:3036} INFO - Sync 1 DAGs
[2025-05-09T10:09:13.821+0000] {logging_mixin.py:188} INFO - [2025-05-09T10:09:13.820+0000] {dag.py:3823} INFO - Setting next_dagrun for example_trigger_controller_dag to 2021-01-01 00:00:00+00:00, run_after=2021-01-01 00:00:00+00:00
[2025-05-09T10:09:13.898+0000] {processor.py:183} INFO - Processing /home/airflow/.local/lib/python3.8/site-packages/airflow/example_dags/example_trigger_controller_dag.py took 1.798 seconds
[2025-05-09T10:09:44.221+0000] {processor.py:161} INFO - Started process (PID=136) to work on /home/airflow/.local/lib/python3.8/site-packages/airflow/example_dags/example_trigger_controller_dag.py
[2025-05-09T10:09:44.223+0000] {processor.py:830} INFO - Processing file /home/airflow/.local/lib/python3.8/site-packages/airflow/example_dags/example_trigger_controller_dag.py for tasks to queue
[2025-05-09T10:09:44.227+0000] {logging_mixin.py:188} INFO - [2025-05-09T10:09:44.227+0000] {dagbag.py:538} INFO - Filling up the DagBag from /home/airflow/.local/lib/python3.8/site-packages/airflow/example_dags/example_trigger_controller_dag.py
[2025-05-09T10:09:44.240+0000] {processor.py:840} INFO - DAG(s) 'example_trigger_controller_dag' retrieved from /home/airflow/.local/lib/python3.8/site-packages/airflow/example_dags/example_trigger_controller_dag.py
[2025-05-09T10:09:44.306+0000] {logging_mixin.py:188} INFO - [2025-05-09T10:09:44.306+0000] {dag.py:3036} INFO - Sync 1 DAGs
[2025-05-09T10:09:44.368+0000] {logging_mixin.py:188} INFO - [2025-05-09T10:09:44.368+0000] {dag.py:3823} INFO - Setting next_dagrun for example_trigger_controller_dag to 2021-01-01 00:00:00+00:00, run_after=2021-01-01 00:00:00+00:00
[2025-05-09T10:09:44.407+0000] {processor.py:183} INFO - Processing /home/airflow/.local/lib/python3.8/site-packages/airflow/example_dags/example_trigger_controller_dag.py took 0.199 seconds
[2025-05-09T10:10:14.786+0000] {processor.py:161} INFO - Started process (PID=193) to work on /home/airflow/.local/lib/python3.8/site-packages/airflow/example_dags/example_trigger_controller_dag.py
[2025-05-09T10:10:14.804+0000] {processor.py:830} INFO - Processing file /home/airflow/.local/lib/python3.8/site-packages/airflow/example_dags/example_trigger_controller_dag.py for tasks to queue
[2025-05-09T10:10:14.819+0000] {logging_mixin.py:188} INFO - [2025-05-09T10:10:14.817+0000] {dagbag.py:538} INFO - Filling up the DagBag from /home/airflow/.local/lib/python3.8/site-packages/airflow/example_dags/example_trigger_controller_dag.py
[2025-05-09T10:10:14.916+0000] {processor.py:840} INFO - DAG(s) 'example_trigger_controller_dag' retrieved from /home/airflow/.local/lib/python3.8/site-packages/airflow/example_dags/example_trigger_controller_dag.py
[2025-05-09T10:10:15.120+0000] {logging_mixin.py:188} INFO - [2025-05-09T10:10:15.119+0000] {dag.py:3036} INFO - Sync 1 DAGs
[2025-05-09T10:10:15.286+0000] {logging_mixin.py:188} INFO - [2025-05-09T10:10:15.284+0000] {dag.py:3823} INFO - Setting next_dagrun for example_trigger_controller_dag to 2021-01-01 00:00:00+00:00, run_after=2021-01-01 00:00:00+00:00
[2025-05-09T10:10:15.357+0000] {processor.py:183} INFO - Processing /home/airflow/.local/lib/python3.8/site-packages/airflow/example_dags/example_trigger_controller_dag.py took 0.607 seconds
[2025-05-09T10:10:45.784+0000] {processor.py:161} INFO - Started process (PID=249) to work on /home/airflow/.local/lib/python3.8/site-packages/airflow/example_dags/example_trigger_controller_dag.py
[2025-05-09T10:10:45.786+0000] {processor.py:830} INFO - Processing file /home/airflow/.local/lib/python3.8/site-packages/airflow/example_dags/example_trigger_controller_dag.py for tasks to queue
[2025-05-09T10:10:45.790+0000] {logging_mixin.py:188} INFO - [2025-05-09T10:10:45.789+0000] {dagbag.py:538} INFO - Filling up the DagBag from /home/airflow/.local/lib/python3.8/site-packages/airflow/example_dags/example_trigger_controller_dag.py
[2025-05-09T10:10:45.800+0000] {processor.py:840} INFO - DAG(s) 'example_trigger_controller_dag' retrieved from /home/airflow/.local/lib/python3.8/site-packages/airflow/example_dags/example_trigger_controller_dag.py
[2025-05-09T10:10:45.843+0000] {logging_mixin.py:188} INFO - [2025-05-09T10:10:45.842+0000] {dag.py:3036} INFO - Sync 1 DAGs
[2025-05-09T10:10:45.898+0000] {logging_mixin.py:188} INFO - [2025-05-09T10:10:45.897+0000] {dag.py:3823} INFO - Setting next_dagrun for example_trigger_controller_dag to 2021-01-01 00:00:00+00:00, run_after=2021-01-01 00:00:00+00:00
[2025-05-09T10:10:45.948+0000] {processor.py:183} INFO - Processing /home/airflow/.local/lib/python3.8/site-packages/airflow/example_dags/example_trigger_controller_dag.py took 0.173 seconds
[2025-05-09T10:11:16.425+0000] {processor.py:161} INFO - Started process (PID=305) to work on /home/airflow/.local/lib/python3.8/site-packages/airflow/example_dags/example_trigger_controller_dag.py
[2025-05-09T10:11:16.427+0000] {processor.py:830} INFO - Processing file /home/airflow/.local/lib/python3.8/site-packages/airflow/example_dags/example_trigger_controller_dag.py for tasks to queue
[2025-05-09T10:11:16.431+0000] {logging_mixin.py:188} INFO - [2025-05-09T10:11:16.430+0000] {dagbag.py:538} INFO - Filling up the DagBag from /home/airflow/.local/lib/python3.8/site-packages/airflow/example_dags/example_trigger_controller_dag.py
[2025-05-09T10:11:16.440+0000] {processor.py:840} INFO - DAG(s) 'example_trigger_controller_dag' retrieved from /home/airflow/.local/lib/python3.8/site-packages/airflow/example_dags/example_trigger_controller_dag.py
[2025-05-09T10:11:16.488+0000] {logging_mixin.py:188} INFO - [2025-05-09T10:11:16.487+0000] {dag.py:3036} INFO - Sync 1 DAGs
[2025-05-09T10:11:16.536+0000] {logging_mixin.py:188} INFO - [2025-05-09T10:11:16.535+0000] {dag.py:3823} INFO - Setting next_dagrun for example_trigger_controller_dag to 2021-01-01 00:00:00+00:00, run_after=2021-01-01 00:00:00+00:00
[2025-05-09T10:11:16.573+0000] {processor.py:183} INFO - Processing /home/airflow/.local/lib/python3.8/site-packages/airflow/example_dags/example_trigger_controller_dag.py took 0.154 seconds
[2025-05-09T10:11:47.126+0000] {processor.py:161} INFO - Started process (PID=359) to work on /home/airflow/.local/lib/python3.8/site-packages/airflow/example_dags/example_trigger_controller_dag.py
[2025-05-09T10:11:47.143+0000] {processor.py:830} INFO - Processing file /home/airflow/.local/lib/python3.8/site-packages/airflow/example_dags/example_trigger_controller_dag.py for tasks to queue
[2025-05-09T10:11:47.156+0000] {logging_mixin.py:188} INFO - [2025-05-09T10:11:47.155+0000] {dagbag.py:538} INFO - Filling up the DagBag from /home/airflow/.local/lib/python3.8/site-packages/airflow/example_dags/example_trigger_controller_dag.py
[2025-05-09T10:11:47.185+0000] {processor.py:840} INFO - DAG(s) 'example_trigger_controller_dag' retrieved from /home/airflow/.local/lib/python3.8/site-packages/airflow/example_dags/example_trigger_controller_dag.py
[2025-05-09T10:11:47.305+0000] {logging_mixin.py:188} INFO - [2025-05-09T10:11:47.301+0000] {dag.py:3036} INFO - Sync 1 DAGs
[2025-05-09T10:11:47.446+0000] {logging_mixin.py:188} INFO - [2025-05-09T10:11:47.446+0000] {dag.py:3823} INFO - Setting next_dagrun for example_trigger_controller_dag to 2021-01-01 00:00:00+00:00, run_after=2021-01-01 00:00:00+00:00
[2025-05-09T10:11:47.494+0000] {processor.py:183} INFO - Processing /home/airflow/.local/lib/python3.8/site-packages/airflow/example_dags/example_trigger_controller_dag.py took 0.388 seconds
[2025-05-09T10:12:17.954+0000] {processor.py:161} INFO - Started process (PID=415) to work on /home/airflow/.local/lib/python3.8/site-packages/airflow/example_dags/example_trigger_controller_dag.py
[2025-05-09T10:12:17.956+0000] {processor.py:830} INFO - Processing file /home/airflow/.local/lib/python3.8/site-packages/airflow/example_dags/example_trigger_controller_dag.py for tasks to queue
[2025-05-09T10:12:17.959+0000] {logging_mixin.py:188} INFO - [2025-05-09T10:12:17.958+0000] {dagbag.py:538} INFO - Filling up the DagBag from /home/airflow/.local/lib/python3.8/site-packages/airflow/example_dags/example_trigger_controller_dag.py
[2025-05-09T10:12:17.967+0000] {processor.py:840} INFO - DAG(s) 'example_trigger_controller_dag' retrieved from /home/airflow/.local/lib/python3.8/site-packages/airflow/example_dags/example_trigger_controller_dag.py
[2025-05-09T10:12:18.008+0000] {logging_mixin.py:188} INFO - [2025-05-09T10:12:18.008+0000] {dag.py:3036} INFO - Sync 1 DAGs
[2025-05-09T10:12:18.082+0000] {logging_mixin.py:188} INFO - [2025-05-09T10:12:18.081+0000] {dag.py:3823} INFO - Setting next_dagrun for example_trigger_controller_dag to 2021-01-01 00:00:00+00:00, run_after=2021-01-01 00:00:00+00:00
[2025-05-09T10:12:18.154+0000] {processor.py:183} INFO - Processing /home/airflow/.local/lib/python3.8/site-packages/airflow/example_dags/example_trigger_controller_dag.py took 0.206 seconds
[2025-05-09T10:12:48.951+0000] {processor.py:161} INFO - Started process (PID=471) to work on /home/airflow/.local/lib/python3.8/site-packages/airflow/example_dags/example_trigger_controller_dag.py
[2025-05-09T10:12:48.956+0000] {processor.py:830} INFO - Processing file /home/airflow/.local/lib/python3.8/site-packages/airflow/example_dags/example_trigger_controller_dag.py for tasks to queue
[2025-05-09T10:12:48.960+0000] {logging_mixin.py:188} INFO - [2025-05-09T10:12:48.959+0000] {dagbag.py:538} INFO - Filling up the DagBag from /home/airflow/.local/lib/python3.8/site-packages/airflow/example_dags/example_trigger_controller_dag.py
[2025-05-09T10:12:48.971+0000] {processor.py:840} INFO - DAG(s) 'example_trigger_controller_dag' retrieved from /home/airflow/.local/lib/python3.8/site-packages/airflow/example_dags/example_trigger_controller_dag.py
[2025-05-09T10:12:49.016+0000] {logging_mixin.py:188} INFO - [2025-05-09T10:12:49.015+0000] {dag.py:3036} INFO - Sync 1 DAGs
[2025-05-09T10:12:49.062+0000] {logging_mixin.py:188} INFO - [2025-05-09T10:12:49.061+0000] {dag.py:3823} INFO - Setting next_dagrun for example_trigger_controller_dag to 2021-01-01 00:00:00+00:00, run_after=2021-01-01 00:00:00+00:00
[2025-05-09T10:12:49.102+0000] {processor.py:183} INFO - Processing /home/airflow/.local/lib/python3.8/site-packages/airflow/example_dags/example_trigger_controller_dag.py took 0.159 seconds
[2025-05-09T10:13:19.931+0000] {processor.py:161} INFO - Started process (PID=527) to work on /home/airflow/.local/lib/python3.8/site-packages/airflow/example_dags/example_trigger_controller_dag.py
[2025-05-09T10:13:19.933+0000] {processor.py:830} INFO - Processing file /home/airflow/.local/lib/python3.8/site-packages/airflow/example_dags/example_trigger_controller_dag.py for tasks to queue
[2025-05-09T10:13:19.937+0000] {logging_mixin.py:188} INFO - [2025-05-09T10:13:19.936+0000] {dagbag.py:538} INFO - Filling up the DagBag from /home/airflow/.local/lib/python3.8/site-packages/airflow/example_dags/example_trigger_controller_dag.py
[2025-05-09T10:13:19.945+0000] {processor.py:840} INFO - DAG(s) 'example_trigger_controller_dag' retrieved from /home/airflow/.local/lib/python3.8/site-packages/airflow/example_dags/example_trigger_controller_dag.py
[2025-05-09T10:13:20.002+0000] {logging_mixin.py:188} INFO - [2025-05-09T10:13:20.001+0000] {dag.py:3036} INFO - Sync 1 DAGs
[2025-05-09T10:13:20.108+0000] {logging_mixin.py:188} INFO - [2025-05-09T10:13:20.107+0000] {dag.py:3823} INFO - Setting next_dagrun for example_trigger_controller_dag to 2021-01-01 00:00:00+00:00, run_after=2021-01-01 00:00:00+00:00
[2025-05-09T10:13:20.182+0000] {processor.py:183} INFO - Processing /home/airflow/.local/lib/python3.8/site-packages/airflow/example_dags/example_trigger_controller_dag.py took 0.258 seconds
[2025-05-09T10:13:50.646+0000] {processor.py:161} INFO - Started process (PID=583) to work on /home/airflow/.local/lib/python3.8/site-packages/airflow/example_dags/example_trigger_controller_dag.py
[2025-05-09T10:13:50.649+0000] {processor.py:830} INFO - Processing file /home/airflow/.local/lib/python3.8/site-packages/airflow/example_dags/example_trigger_controller_dag.py for tasks to queue
[2025-05-09T10:13:50.654+0000] {logging_mixin.py:188} INFO - [2025-05-09T10:13:50.654+0000] {dagbag.py:538} INFO - Filling up the DagBag from /home/airflow/.local/lib/python3.8/site-packages/airflow/example_dags/example_trigger_controller_dag.py
[2025-05-09T10:13:50.665+0000] {processor.py:840} INFO - DAG(s) 'example_trigger_controller_dag' retrieved from /home/airflow/.local/lib/python3.8/site-packages/airflow/example_dags/example_trigger_controller_dag.py
[2025-05-09T10:13:50.719+0000] {logging_mixin.py:188} INFO - [2025-05-09T10:13:50.718+0000] {dag.py:3036} INFO - Sync 1 DAGs
[2025-05-09T10:13:50.783+0000] {logging_mixin.py:188} INFO - [2025-05-09T10:13:50.782+0000] {dag.py:3823} INFO - Setting next_dagrun for example_trigger_controller_dag to 2021-01-01 00:00:00+00:00, run_after=2021-01-01 00:00:00+00:00
[2025-05-09T10:13:50.830+0000] {processor.py:183} INFO - Processing /home/airflow/.local/lib/python3.8/site-packages/airflow/example_dags/example_trigger_controller_dag.py took 0.194 seconds
