[2025-05-09T10:01:21.815+0000] {processor.py:161} INFO - Started process (PID=117) to work on /home/airflow/.local/lib/python3.8/site-packages/airflow/example_dags/example_latest_only_with_trigger.py
[2025-05-09T10:01:21.834+0000] {processor.py:830} INFO - Processing file /home/airflow/.local/lib/python3.8/site-packages/airflow/example_dags/example_latest_only_with_trigger.py for tasks to queue
[2025-05-09T10:01:21.863+0000] {logging_mixin.py:188} INFO - [2025-05-09T10:01:21.860+0000] {dagbag.py:538} INFO - Filling up the DagBag from /home/airflow/.local/lib/python3.8/site-packages/airflow/example_dags/example_latest_only_with_trigger.py
[2025-05-09T10:01:22.195+0000] {processor.py:840} INFO - DAG(s) 'latest_only_with_trigger' retrieved from /home/airflow/.local/lib/python3.8/site-packages/airflow/example_dags/example_latest_only_with_trigger.py
[2025-05-09T10:01:23.314+0000] {logging_mixin.py:188} INFO - [2025-05-09T10:01:23.313+0000] {dag.py:3036} INFO - Sync 1 DAGs
[2025-05-09T10:01:23.547+0000] {logging_mixin.py:188} INFO - [2025-05-09T10:01:23.547+0000] {dag.py:3823} INFO - Setting next_dagrun for latest_only_with_trigger to 2025-05-09 04:00:00+00:00, run_after=2025-05-09 08:00:00+00:00
[2025-05-09T10:01:23.912+0000] {processor.py:183} INFO - Processing /home/airflow/.local/lib/python3.8/site-packages/airflow/example_dags/example_latest_only_with_trigger.py took 2.137 seconds
[2025-05-09T10:01:54.071+0000] {processor.py:161} INFO - Started process (PID=167) to work on /home/airflow/.local/lib/python3.8/site-packages/airflow/example_dags/example_latest_only_with_trigger.py
[2025-05-09T10:01:54.074+0000] {processor.py:830} INFO - Processing file /home/airflow/.local/lib/python3.8/site-packages/airflow/example_dags/example_latest_only_with_trigger.py for tasks to queue
[2025-05-09T10:01:54.080+0000] {logging_mixin.py:188} INFO - [2025-05-09T10:01:54.079+0000] {dagbag.py:538} INFO - Filling up the DagBag from /home/airflow/.local/lib/python3.8/site-packages/airflow/example_dags/example_latest_only_with_trigger.py
[2025-05-09T10:01:54.098+0000] {processor.py:840} INFO - DAG(s) 'latest_only_with_trigger' retrieved from /home/airflow/.local/lib/python3.8/site-packages/airflow/example_dags/example_latest_only_with_trigger.py
[2025-05-09T10:01:54.319+0000] {logging_mixin.py:188} INFO - [2025-05-09T10:01:54.318+0000] {dag.py:3036} INFO - Sync 1 DAGs
[2025-05-09T10:01:54.357+0000] {logging_mixin.py:188} INFO - [2025-05-09T10:01:54.356+0000] {dag.py:3823} INFO - Setting next_dagrun for latest_only_with_trigger to 2025-05-09 04:00:00+00:00, run_after=2025-05-09 08:00:00+00:00
[2025-05-09T10:01:54.394+0000] {processor.py:183} INFO - Processing /home/airflow/.local/lib/python3.8/site-packages/airflow/example_dags/example_latest_only_with_trigger.py took 0.332 seconds
[2025-05-09T10:02:24.928+0000] {processor.py:161} INFO - Started process (PID=223) to work on /home/airflow/.local/lib/python3.8/site-packages/airflow/example_dags/example_latest_only_with_trigger.py
[2025-05-09T10:02:24.934+0000] {processor.py:830} INFO - Processing file /home/airflow/.local/lib/python3.8/site-packages/airflow/example_dags/example_latest_only_with_trigger.py for tasks to queue
[2025-05-09T10:02:24.948+0000] {logging_mixin.py:188} INFO - [2025-05-09T10:02:24.947+0000] {dagbag.py:538} INFO - Filling up the DagBag from /home/airflow/.local/lib/python3.8/site-packages/airflow/example_dags/example_latest_only_with_trigger.py
[2025-05-09T10:02:24.985+0000] {processor.py:840} INFO - DAG(s) 'latest_only_with_trigger' retrieved from /home/airflow/.local/lib/python3.8/site-packages/airflow/example_dags/example_latest_only_with_trigger.py
[2025-05-09T10:02:25.045+0000] {logging_mixin.py:188} INFO - [2025-05-09T10:02:25.044+0000] {dag.py:3036} INFO - Sync 1 DAGs
[2025-05-09T10:02:25.091+0000] {logging_mixin.py:188} INFO - [2025-05-09T10:02:25.091+0000] {dag.py:3823} INFO - Setting next_dagrun for latest_only_with_trigger to 2025-05-09 04:00:00+00:00, run_after=2025-05-09 08:00:00+00:00
[2025-05-09T10:02:25.129+0000] {processor.py:183} INFO - Processing /home/airflow/.local/lib/python3.8/site-packages/airflow/example_dags/example_latest_only_with_trigger.py took 0.221 seconds
[2025-05-09T10:02:55.505+0000] {processor.py:161} INFO - Started process (PID=279) to work on /home/airflow/.local/lib/python3.8/site-packages/airflow/example_dags/example_latest_only_with_trigger.py
[2025-05-09T10:02:55.510+0000] {processor.py:830} INFO - Processing file /home/airflow/.local/lib/python3.8/site-packages/airflow/example_dags/example_latest_only_with_trigger.py for tasks to queue
[2025-05-09T10:02:55.520+0000] {logging_mixin.py:188} INFO - [2025-05-09T10:02:55.518+0000] {dagbag.py:538} INFO - Filling up the DagBag from /home/airflow/.local/lib/python3.8/site-packages/airflow/example_dags/example_latest_only_with_trigger.py
[2025-05-09T10:02:55.553+0000] {processor.py:840} INFO - DAG(s) 'latest_only_with_trigger' retrieved from /home/airflow/.local/lib/python3.8/site-packages/airflow/example_dags/example_latest_only_with_trigger.py
[2025-05-09T10:02:55.652+0000] {logging_mixin.py:188} INFO - [2025-05-09T10:02:55.651+0000] {dag.py:3036} INFO - Sync 1 DAGs
[2025-05-09T10:02:55.764+0000] {logging_mixin.py:188} INFO - [2025-05-09T10:02:55.763+0000] {dag.py:3823} INFO - Setting next_dagrun for latest_only_with_trigger to 2025-05-09 04:00:00+00:00, run_after=2025-05-09 08:00:00+00:00
[2025-05-09T10:02:55.859+0000] {processor.py:183} INFO - Processing /home/airflow/.local/lib/python3.8/site-packages/airflow/example_dags/example_latest_only_with_trigger.py took 0.366 seconds
[2025-05-09T10:03:26.911+0000] {processor.py:161} INFO - Started process (PID=341) to work on /home/airflow/.local/lib/python3.8/site-packages/airflow/example_dags/example_latest_only_with_trigger.py
[2025-05-09T10:03:26.913+0000] {processor.py:830} INFO - Processing file /home/airflow/.local/lib/python3.8/site-packages/airflow/example_dags/example_latest_only_with_trigger.py for tasks to queue
[2025-05-09T10:03:26.923+0000] {logging_mixin.py:188} INFO - [2025-05-09T10:03:26.922+0000] {dagbag.py:538} INFO - Filling up the DagBag from /home/airflow/.local/lib/python3.8/site-packages/airflow/example_dags/example_latest_only_with_trigger.py
[2025-05-09T10:03:26.937+0000] {processor.py:840} INFO - DAG(s) 'latest_only_with_trigger' retrieved from /home/airflow/.local/lib/python3.8/site-packages/airflow/example_dags/example_latest_only_with_trigger.py
[2025-05-09T10:03:26.975+0000] {logging_mixin.py:188} INFO - [2025-05-09T10:03:26.975+0000] {dag.py:3036} INFO - Sync 1 DAGs
[2025-05-09T10:03:27.024+0000] {logging_mixin.py:188} INFO - [2025-05-09T10:03:27.024+0000] {dag.py:3823} INFO - Setting next_dagrun for latest_only_with_trigger to 2025-05-09 04:00:00+00:00, run_after=2025-05-09 08:00:00+00:00
[2025-05-09T10:03:27.062+0000] {processor.py:183} INFO - Processing /home/airflow/.local/lib/python3.8/site-packages/airflow/example_dags/example_latest_only_with_trigger.py took 0.157 seconds
[2025-05-09T10:03:57.808+0000] {processor.py:161} INFO - Started process (PID=397) to work on /home/airflow/.local/lib/python3.8/site-packages/airflow/example_dags/example_latest_only_with_trigger.py
[2025-05-09T10:03:57.819+0000] {processor.py:830} INFO - Processing file /home/airflow/.local/lib/python3.8/site-packages/airflow/example_dags/example_latest_only_with_trigger.py for tasks to queue
[2025-05-09T10:03:57.828+0000] {logging_mixin.py:188} INFO - [2025-05-09T10:03:57.827+0000] {dagbag.py:538} INFO - Filling up the DagBag from /home/airflow/.local/lib/python3.8/site-packages/airflow/example_dags/example_latest_only_with_trigger.py
[2025-05-09T10:03:57.858+0000] {processor.py:840} INFO - DAG(s) 'latest_only_with_trigger' retrieved from /home/airflow/.local/lib/python3.8/site-packages/airflow/example_dags/example_latest_only_with_trigger.py
[2025-05-09T10:03:57.991+0000] {logging_mixin.py:188} INFO - [2025-05-09T10:03:57.989+0000] {dag.py:3036} INFO - Sync 1 DAGs
[2025-05-09T10:03:58.088+0000] {logging_mixin.py:188} INFO - [2025-05-09T10:03:58.088+0000] {dag.py:3823} INFO - Setting next_dagrun for latest_only_with_trigger to 2025-05-09 04:00:00+00:00, run_after=2025-05-09 08:00:00+00:00
[2025-05-09T10:03:58.132+0000] {processor.py:183} INFO - Processing /home/airflow/.local/lib/python3.8/site-packages/airflow/example_dags/example_latest_only_with_trigger.py took 0.339 seconds
[2025-05-09T10:04:28.729+0000] {processor.py:161} INFO - Started process (PID=453) to work on /home/airflow/.local/lib/python3.8/site-packages/airflow/example_dags/example_latest_only_with_trigger.py
[2025-05-09T10:04:28.731+0000] {processor.py:830} INFO - Processing file /home/airflow/.local/lib/python3.8/site-packages/airflow/example_dags/example_latest_only_with_trigger.py for tasks to queue
[2025-05-09T10:04:28.739+0000] {logging_mixin.py:188} INFO - [2025-05-09T10:04:28.738+0000] {dagbag.py:538} INFO - Filling up the DagBag from /home/airflow/.local/lib/python3.8/site-packages/airflow/example_dags/example_latest_only_with_trigger.py
[2025-05-09T10:04:28.759+0000] {processor.py:840} INFO - DAG(s) 'latest_only_with_trigger' retrieved from /home/airflow/.local/lib/python3.8/site-packages/airflow/example_dags/example_latest_only_with_trigger.py
[2025-05-09T10:04:28.821+0000] {logging_mixin.py:188} INFO - [2025-05-09T10:04:28.820+0000] {dag.py:3036} INFO - Sync 1 DAGs
[2025-05-09T10:04:28.873+0000] {logging_mixin.py:188} INFO - [2025-05-09T10:04:28.873+0000] {dag.py:3823} INFO - Setting next_dagrun for latest_only_with_trigger to 2025-05-09 04:00:00+00:00, run_after=2025-05-09 08:00:00+00:00
[2025-05-09T10:04:28.922+0000] {processor.py:183} INFO - Processing /home/airflow/.local/lib/python3.8/site-packages/airflow/example_dags/example_latest_only_with_trigger.py took 0.200 seconds
[2025-05-09T10:04:59.180+0000] {processor.py:161} INFO - Started process (PID=509) to work on /home/airflow/.local/lib/python3.8/site-packages/airflow/example_dags/example_latest_only_with_trigger.py
[2025-05-09T10:04:59.182+0000] {processor.py:830} INFO - Processing file /home/airflow/.local/lib/python3.8/site-packages/airflow/example_dags/example_latest_only_with_trigger.py for tasks to queue
[2025-05-09T10:04:59.191+0000] {logging_mixin.py:188} INFO - [2025-05-09T10:04:59.190+0000] {dagbag.py:538} INFO - Filling up the DagBag from /home/airflow/.local/lib/python3.8/site-packages/airflow/example_dags/example_latest_only_with_trigger.py
[2025-05-09T10:04:59.203+0000] {processor.py:840} INFO - DAG(s) 'latest_only_with_trigger' retrieved from /home/airflow/.local/lib/python3.8/site-packages/airflow/example_dags/example_latest_only_with_trigger.py
[2025-05-09T10:04:59.249+0000] {logging_mixin.py:188} INFO - [2025-05-09T10:04:59.249+0000] {dag.py:3036} INFO - Sync 1 DAGs
[2025-05-09T10:04:59.329+0000] {logging_mixin.py:188} INFO - [2025-05-09T10:04:59.329+0000] {dag.py:3823} INFO - Setting next_dagrun for latest_only_with_trigger to 2025-05-09 04:00:00+00:00, run_after=2025-05-09 08:00:00+00:00
[2025-05-09T10:04:59.373+0000] {processor.py:183} INFO - Processing /home/airflow/.local/lib/python3.8/site-packages/airflow/example_dags/example_latest_only_with_trigger.py took 0.203 seconds
[2025-05-09T10:05:30.132+0000] {processor.py:161} INFO - Started process (PID=565) to work on /home/airflow/.local/lib/python3.8/site-packages/airflow/example_dags/example_latest_only_with_trigger.py
[2025-05-09T10:05:30.135+0000] {processor.py:830} INFO - Processing file /home/airflow/.local/lib/python3.8/site-packages/airflow/example_dags/example_latest_only_with_trigger.py for tasks to queue
[2025-05-09T10:05:30.142+0000] {logging_mixin.py:188} INFO - [2025-05-09T10:05:30.140+0000] {dagbag.py:538} INFO - Filling up the DagBag from /home/airflow/.local/lib/python3.8/site-packages/airflow/example_dags/example_latest_only_with_trigger.py
[2025-05-09T10:05:30.159+0000] {processor.py:840} INFO - DAG(s) 'latest_only_with_trigger' retrieved from /home/airflow/.local/lib/python3.8/site-packages/airflow/example_dags/example_latest_only_with_trigger.py
[2025-05-09T10:05:30.225+0000] {logging_mixin.py:188} INFO - [2025-05-09T10:05:30.225+0000] {dag.py:3036} INFO - Sync 1 DAGs
[2025-05-09T10:05:30.303+0000] {logging_mixin.py:188} INFO - [2025-05-09T10:05:30.301+0000] {dag.py:3823} INFO - Setting next_dagrun for latest_only_with_trigger to 2025-05-09 04:00:00+00:00, run_after=2025-05-09 08:00:00+00:00
[2025-05-09T10:05:30.351+0000] {processor.py:183} INFO - Processing /home/airflow/.local/lib/python3.8/site-packages/airflow/example_dags/example_latest_only_with_trigger.py took 0.229 seconds
[2025-05-09T10:06:01.121+0000] {processor.py:161} INFO - Started process (PID=621) to work on /home/airflow/.local/lib/python3.8/site-packages/airflow/example_dags/example_latest_only_with_trigger.py
[2025-05-09T10:06:01.126+0000] {processor.py:830} INFO - Processing file /home/airflow/.local/lib/python3.8/site-packages/airflow/example_dags/example_latest_only_with_trigger.py for tasks to queue
[2025-05-09T10:06:01.137+0000] {logging_mixin.py:188} INFO - [2025-05-09T10:06:01.135+0000] {dagbag.py:538} INFO - Filling up the DagBag from /home/airflow/.local/lib/python3.8/site-packages/airflow/example_dags/example_latest_only_with_trigger.py
[2025-05-09T10:06:01.162+0000] {processor.py:840} INFO - DAG(s) 'latest_only_with_trigger' retrieved from /home/airflow/.local/lib/python3.8/site-packages/airflow/example_dags/example_latest_only_with_trigger.py
[2025-05-09T10:06:01.204+0000] {logging_mixin.py:188} INFO - [2025-05-09T10:06:01.204+0000] {dag.py:3036} INFO - Sync 1 DAGs
[2025-05-09T10:06:01.249+0000] {logging_mixin.py:188} INFO - [2025-05-09T10:06:01.249+0000] {dag.py:3823} INFO - Setting next_dagrun for latest_only_with_trigger to 2025-05-09 04:00:00+00:00, run_after=2025-05-09 08:00:00+00:00
[2025-05-09T10:06:01.285+0000] {processor.py:183} INFO - Processing /home/airflow/.local/lib/python3.8/site-packages/airflow/example_dags/example_latest_only_with_trigger.py took 0.183 seconds
[2025-05-09T10:06:31.936+0000] {processor.py:161} INFO - Started process (PID=677) to work on /home/airflow/.local/lib/python3.8/site-packages/airflow/example_dags/example_latest_only_with_trigger.py
[2025-05-09T10:06:31.941+0000] {processor.py:830} INFO - Processing file /home/airflow/.local/lib/python3.8/site-packages/airflow/example_dags/example_latest_only_with_trigger.py for tasks to queue
[2025-05-09T10:06:31.951+0000] {logging_mixin.py:188} INFO - [2025-05-09T10:06:31.949+0000] {dagbag.py:538} INFO - Filling up the DagBag from /home/airflow/.local/lib/python3.8/site-packages/airflow/example_dags/example_latest_only_with_trigger.py
[2025-05-09T10:06:31.979+0000] {processor.py:840} INFO - DAG(s) 'latest_only_with_trigger' retrieved from /home/airflow/.local/lib/python3.8/site-packages/airflow/example_dags/example_latest_only_with_trigger.py
[2025-05-09T10:06:32.076+0000] {logging_mixin.py:188} INFO - [2025-05-09T10:06:32.076+0000] {dag.py:3036} INFO - Sync 1 DAGs
[2025-05-09T10:06:32.186+0000] {logging_mixin.py:188} INFO - [2025-05-09T10:06:32.185+0000] {dag.py:3823} INFO - Setting next_dagrun for latest_only_with_trigger to 2025-05-09 04:00:00+00:00, run_after=2025-05-09 08:00:00+00:00
[2025-05-09T10:06:32.279+0000] {processor.py:183} INFO - Processing /home/airflow/.local/lib/python3.8/site-packages/airflow/example_dags/example_latest_only_with_trigger.py took 0.361 seconds
[2025-05-09T10:09:27.056+0000] {processor.py:161} INFO - Started process (PID=108) to work on /home/airflow/.local/lib/python3.8/site-packages/airflow/example_dags/example_latest_only_with_trigger.py
[2025-05-09T10:09:27.061+0000] {processor.py:830} INFO - Processing file /home/airflow/.local/lib/python3.8/site-packages/airflow/example_dags/example_latest_only_with_trigger.py for tasks to queue
[2025-05-09T10:09:27.066+0000] {logging_mixin.py:188} INFO - [2025-05-09T10:09:27.066+0000] {dagbag.py:538} INFO - Filling up the DagBag from /home/airflow/.local/lib/python3.8/site-packages/airflow/example_dags/example_latest_only_with_trigger.py
[2025-05-09T10:09:27.099+0000] {processor.py:840} INFO - DAG(s) 'latest_only_with_trigger' retrieved from /home/airflow/.local/lib/python3.8/site-packages/airflow/example_dags/example_latest_only_with_trigger.py
[2025-05-09T10:09:27.538+0000] {logging_mixin.py:188} INFO - [2025-05-09T10:09:27.538+0000] {dag.py:3036} INFO - Sync 1 DAGs
[2025-05-09T10:09:27.687+0000] {logging_mixin.py:188} INFO - [2025-05-09T10:09:27.686+0000] {dag.py:3823} INFO - Setting next_dagrun for latest_only_with_trigger to 2025-05-09 04:00:00+00:00, run_after=2025-05-09 08:00:00+00:00
[2025-05-09T10:09:27.809+0000] {processor.py:183} INFO - Processing /home/airflow/.local/lib/python3.8/site-packages/airflow/example_dags/example_latest_only_with_trigger.py took 0.765 seconds
[2025-05-09T10:09:58.411+0000] {processor.py:161} INFO - Started process (PID=163) to work on /home/airflow/.local/lib/python3.8/site-packages/airflow/example_dags/example_latest_only_with_trigger.py
[2025-05-09T10:09:58.414+0000] {processor.py:830} INFO - Processing file /home/airflow/.local/lib/python3.8/site-packages/airflow/example_dags/example_latest_only_with_trigger.py for tasks to queue
[2025-05-09T10:09:58.419+0000] {logging_mixin.py:188} INFO - [2025-05-09T10:09:58.419+0000] {dagbag.py:538} INFO - Filling up the DagBag from /home/airflow/.local/lib/python3.8/site-packages/airflow/example_dags/example_latest_only_with_trigger.py
[2025-05-09T10:09:58.437+0000] {processor.py:840} INFO - DAG(s) 'latest_only_with_trigger' retrieved from /home/airflow/.local/lib/python3.8/site-packages/airflow/example_dags/example_latest_only_with_trigger.py
[2025-05-09T10:09:58.486+0000] {logging_mixin.py:188} INFO - [2025-05-09T10:09:58.485+0000] {dag.py:3036} INFO - Sync 1 DAGs
[2025-05-09T10:09:58.574+0000] {logging_mixin.py:188} INFO - [2025-05-09T10:09:58.573+0000] {dag.py:3823} INFO - Setting next_dagrun for latest_only_with_trigger to 2025-05-09 04:00:00+00:00, run_after=2025-05-09 08:00:00+00:00
[2025-05-09T10:09:58.613+0000] {processor.py:183} INFO - Processing /home/airflow/.local/lib/python3.8/site-packages/airflow/example_dags/example_latest_only_with_trigger.py took 0.211 seconds
[2025-05-09T10:10:29.348+0000] {processor.py:161} INFO - Started process (PID=226) to work on /home/airflow/.local/lib/python3.8/site-packages/airflow/example_dags/example_latest_only_with_trigger.py
[2025-05-09T10:10:29.351+0000] {processor.py:830} INFO - Processing file /home/airflow/.local/lib/python3.8/site-packages/airflow/example_dags/example_latest_only_with_trigger.py for tasks to queue
[2025-05-09T10:10:29.357+0000] {logging_mixin.py:188} INFO - [2025-05-09T10:10:29.356+0000] {dagbag.py:538} INFO - Filling up the DagBag from /home/airflow/.local/lib/python3.8/site-packages/airflow/example_dags/example_latest_only_with_trigger.py
[2025-05-09T10:10:29.374+0000] {processor.py:840} INFO - DAG(s) 'latest_only_with_trigger' retrieved from /home/airflow/.local/lib/python3.8/site-packages/airflow/example_dags/example_latest_only_with_trigger.py
[2025-05-09T10:10:29.418+0000] {logging_mixin.py:188} INFO - [2025-05-09T10:10:29.418+0000] {dag.py:3036} INFO - Sync 1 DAGs
[2025-05-09T10:10:29.464+0000] {logging_mixin.py:188} INFO - [2025-05-09T10:10:29.463+0000] {dag.py:3823} INFO - Setting next_dagrun for latest_only_with_trigger to 2025-05-09 04:00:00+00:00, run_after=2025-05-09 08:00:00+00:00
[2025-05-09T10:10:29.503+0000] {processor.py:183} INFO - Processing /home/airflow/.local/lib/python3.8/site-packages/airflow/example_dags/example_latest_only_with_trigger.py took 0.169 seconds
[2025-05-09T10:11:00.003+0000] {processor.py:161} INFO - Started process (PID=282) to work on /home/airflow/.local/lib/python3.8/site-packages/airflow/example_dags/example_latest_only_with_trigger.py
[2025-05-09T10:11:00.013+0000] {processor.py:830} INFO - Processing file /home/airflow/.local/lib/python3.8/site-packages/airflow/example_dags/example_latest_only_with_trigger.py for tasks to queue
[2025-05-09T10:11:00.026+0000] {logging_mixin.py:188} INFO - [2025-05-09T10:11:00.026+0000] {dagbag.py:538} INFO - Filling up the DagBag from /home/airflow/.local/lib/python3.8/site-packages/airflow/example_dags/example_latest_only_with_trigger.py
[2025-05-09T10:11:00.058+0000] {processor.py:840} INFO - DAG(s) 'latest_only_with_trigger' retrieved from /home/airflow/.local/lib/python3.8/site-packages/airflow/example_dags/example_latest_only_with_trigger.py
[2025-05-09T10:11:00.148+0000] {logging_mixin.py:188} INFO - [2025-05-09T10:11:00.147+0000] {dag.py:3036} INFO - Sync 1 DAGs
[2025-05-09T10:11:00.253+0000] {logging_mixin.py:188} INFO - [2025-05-09T10:11:00.252+0000] {dag.py:3823} INFO - Setting next_dagrun for latest_only_with_trigger to 2025-05-09 04:00:00+00:00, run_after=2025-05-09 08:00:00+00:00
[2025-05-09T10:11:00.325+0000] {processor.py:183} INFO - Processing /home/airflow/.local/lib/python3.8/site-packages/airflow/example_dags/example_latest_only_with_trigger.py took 0.332 seconds
[2025-05-09T10:11:31.177+0000] {processor.py:161} INFO - Started process (PID=338) to work on /home/airflow/.local/lib/python3.8/site-packages/airflow/example_dags/example_latest_only_with_trigger.py
[2025-05-09T10:11:31.179+0000] {processor.py:830} INFO - Processing file /home/airflow/.local/lib/python3.8/site-packages/airflow/example_dags/example_latest_only_with_trigger.py for tasks to queue
[2025-05-09T10:11:31.183+0000] {logging_mixin.py:188} INFO - [2025-05-09T10:11:31.182+0000] {dagbag.py:538} INFO - Filling up the DagBag from /home/airflow/.local/lib/python3.8/site-packages/airflow/example_dags/example_latest_only_with_trigger.py
[2025-05-09T10:11:31.195+0000] {processor.py:840} INFO - DAG(s) 'latest_only_with_trigger' retrieved from /home/airflow/.local/lib/python3.8/site-packages/airflow/example_dags/example_latest_only_with_trigger.py
[2025-05-09T10:11:31.234+0000] {logging_mixin.py:188} INFO - [2025-05-09T10:11:31.234+0000] {dag.py:3036} INFO - Sync 1 DAGs
[2025-05-09T10:11:31.281+0000] {logging_mixin.py:188} INFO - [2025-05-09T10:11:31.280+0000] {dag.py:3823} INFO - Setting next_dagrun for latest_only_with_trigger to 2025-05-09 04:00:00+00:00, run_after=2025-05-09 08:00:00+00:00
[2025-05-09T10:11:31.321+0000] {processor.py:183} INFO - Processing /home/airflow/.local/lib/python3.8/site-packages/airflow/example_dags/example_latest_only_with_trigger.py took 0.150 seconds
[2025-05-09T10:12:01.562+0000] {processor.py:161} INFO - Started process (PID=394) to work on /home/airflow/.local/lib/python3.8/site-packages/airflow/example_dags/example_latest_only_with_trigger.py
[2025-05-09T10:12:01.564+0000] {processor.py:830} INFO - Processing file /home/airflow/.local/lib/python3.8/site-packages/airflow/example_dags/example_latest_only_with_trigger.py for tasks to queue
[2025-05-09T10:12:01.569+0000] {logging_mixin.py:188} INFO - [2025-05-09T10:12:01.568+0000] {dagbag.py:538} INFO - Filling up the DagBag from /home/airflow/.local/lib/python3.8/site-packages/airflow/example_dags/example_latest_only_with_trigger.py
[2025-05-09T10:12:01.581+0000] {processor.py:840} INFO - DAG(s) 'latest_only_with_trigger' retrieved from /home/airflow/.local/lib/python3.8/site-packages/airflow/example_dags/example_latest_only_with_trigger.py
[2025-05-09T10:12:01.622+0000] {logging_mixin.py:188} INFO - [2025-05-09T10:12:01.622+0000] {dag.py:3036} INFO - Sync 1 DAGs
[2025-05-09T10:12:01.666+0000] {logging_mixin.py:188} INFO - [2025-05-09T10:12:01.666+0000] {dag.py:3823} INFO - Setting next_dagrun for latest_only_with_trigger to 2025-05-09 04:00:00+00:00, run_after=2025-05-09 08:00:00+00:00
[2025-05-09T10:12:01.716+0000] {processor.py:183} INFO - Processing /home/airflow/.local/lib/python3.8/site-packages/airflow/example_dags/example_latest_only_with_trigger.py took 0.160 seconds
[2025-05-09T10:12:32.232+0000] {processor.py:161} INFO - Started process (PID=450) to work on /home/airflow/.local/lib/python3.8/site-packages/airflow/example_dags/example_latest_only_with_trigger.py
[2025-05-09T10:12:32.237+0000] {processor.py:830} INFO - Processing file /home/airflow/.local/lib/python3.8/site-packages/airflow/example_dags/example_latest_only_with_trigger.py for tasks to queue
[2025-05-09T10:12:32.245+0000] {logging_mixin.py:188} INFO - [2025-05-09T10:12:32.244+0000] {dagbag.py:538} INFO - Filling up the DagBag from /home/airflow/.local/lib/python3.8/site-packages/airflow/example_dags/example_latest_only_with_trigger.py
[2025-05-09T10:12:32.274+0000] {processor.py:840} INFO - DAG(s) 'latest_only_with_trigger' retrieved from /home/airflow/.local/lib/python3.8/site-packages/airflow/example_dags/example_latest_only_with_trigger.py
[2025-05-09T10:12:32.387+0000] {logging_mixin.py:188} INFO - [2025-05-09T10:12:32.386+0000] {dag.py:3036} INFO - Sync 1 DAGs
[2025-05-09T10:12:32.505+0000] {logging_mixin.py:188} INFO - [2025-05-09T10:12:32.504+0000] {dag.py:3823} INFO - Setting next_dagrun for latest_only_with_trigger to 2025-05-09 04:00:00+00:00, run_after=2025-05-09 08:00:00+00:00
[2025-05-09T10:12:32.569+0000] {processor.py:183} INFO - Processing /home/airflow/.local/lib/python3.8/site-packages/airflow/example_dags/example_latest_only_with_trigger.py took 0.352 seconds
[2025-05-09T10:13:02.771+0000] {processor.py:161} INFO - Started process (PID=506) to work on /home/airflow/.local/lib/python3.8/site-packages/airflow/example_dags/example_latest_only_with_trigger.py
[2025-05-09T10:13:02.773+0000] {processor.py:830} INFO - Processing file /home/airflow/.local/lib/python3.8/site-packages/airflow/example_dags/example_latest_only_with_trigger.py for tasks to queue
[2025-05-09T10:13:02.777+0000] {logging_mixin.py:188} INFO - [2025-05-09T10:13:02.776+0000] {dagbag.py:538} INFO - Filling up the DagBag from /home/airflow/.local/lib/python3.8/site-packages/airflow/example_dags/example_latest_only_with_trigger.py
[2025-05-09T10:13:02.789+0000] {processor.py:840} INFO - DAG(s) 'latest_only_with_trigger' retrieved from /home/airflow/.local/lib/python3.8/site-packages/airflow/example_dags/example_latest_only_with_trigger.py
[2025-05-09T10:13:02.840+0000] {logging_mixin.py:188} INFO - [2025-05-09T10:13:02.839+0000] {dag.py:3036} INFO - Sync 1 DAGs
[2025-05-09T10:13:02.879+0000] {logging_mixin.py:188} INFO - [2025-05-09T10:13:02.879+0000] {dag.py:3823} INFO - Setting next_dagrun for latest_only_with_trigger to 2025-05-09 04:00:00+00:00, run_after=2025-05-09 08:00:00+00:00
[2025-05-09T10:13:02.925+0000] {processor.py:183} INFO - Processing /home/airflow/.local/lib/python3.8/site-packages/airflow/example_dags/example_latest_only_with_trigger.py took 0.161 seconds
[2025-05-09T10:13:33.809+0000] {processor.py:161} INFO - Started process (PID=562) to work on /home/airflow/.local/lib/python3.8/site-packages/airflow/example_dags/example_latest_only_with_trigger.py
[2025-05-09T10:13:33.814+0000] {processor.py:830} INFO - Processing file /home/airflow/.local/lib/python3.8/site-packages/airflow/example_dags/example_latest_only_with_trigger.py for tasks to queue
[2025-05-09T10:13:33.822+0000] {logging_mixin.py:188} INFO - [2025-05-09T10:13:33.821+0000] {dagbag.py:538} INFO - Filling up the DagBag from /home/airflow/.local/lib/python3.8/site-packages/airflow/example_dags/example_latest_only_with_trigger.py
[2025-05-09T10:13:33.847+0000] {processor.py:840} INFO - DAG(s) 'latest_only_with_trigger' retrieved from /home/airflow/.local/lib/python3.8/site-packages/airflow/example_dags/example_latest_only_with_trigger.py
[2025-05-09T10:13:33.944+0000] {logging_mixin.py:188} INFO - [2025-05-09T10:13:33.943+0000] {dag.py:3036} INFO - Sync 1 DAGs
[2025-05-09T10:13:34.075+0000] {logging_mixin.py:188} INFO - [2025-05-09T10:13:34.073+0000] {dag.py:3823} INFO - Setting next_dagrun for latest_only_with_trigger to 2025-05-09 04:00:00+00:00, run_after=2025-05-09 08:00:00+00:00
[2025-05-09T10:13:34.164+0000] {processor.py:183} INFO - Processing /home/airflow/.local/lib/python3.8/site-packages/airflow/example_dags/example_latest_only_with_trigger.py took 0.369 seconds
[2025-05-09T10:14:04.602+0000] {processor.py:161} INFO - Started process (PID=618) to work on /home/airflow/.local/lib/python3.8/site-packages/airflow/example_dags/example_latest_only_with_trigger.py
[2025-05-09T10:14:04.604+0000] {processor.py:830} INFO - Processing file /home/airflow/.local/lib/python3.8/site-packages/airflow/example_dags/example_latest_only_with_trigger.py for tasks to queue
[2025-05-09T10:14:04.612+0000] {logging_mixin.py:188} INFO - [2025-05-09T10:14:04.611+0000] {dagbag.py:538} INFO - Filling up the DagBag from /home/airflow/.local/lib/python3.8/site-packages/airflow/example_dags/example_latest_only_with_trigger.py
[2025-05-09T10:14:04.634+0000] {processor.py:840} INFO - DAG(s) 'latest_only_with_trigger' retrieved from /home/airflow/.local/lib/python3.8/site-packages/airflow/example_dags/example_latest_only_with_trigger.py
[2025-05-09T10:14:04.695+0000] {logging_mixin.py:188} INFO - [2025-05-09T10:14:04.694+0000] {dag.py:3036} INFO - Sync 1 DAGs
[2025-05-09T10:14:04.780+0000] {logging_mixin.py:188} INFO - [2025-05-09T10:14:04.779+0000] {dag.py:3823} INFO - Setting next_dagrun for latest_only_with_trigger to 2025-05-09 04:00:00+00:00, run_after=2025-05-09 08:00:00+00:00
[2025-05-09T10:14:04.824+0000] {processor.py:183} INFO - Processing /home/airflow/.local/lib/python3.8/site-packages/airflow/example_dags/example_latest_only_with_trigger.py took 0.229 seconds
