[2025-05-09T10:01:01.371+0000] {processor.py:161} INFO - Started process (PID=76) to work on /home/airflow/.local/lib/python3.8/site-packages/airflow/example_dags/example_kubernetes_executor.py
[2025-05-09T10:01:01.373+0000] {processor.py:830} INFO - Processing file /home/airflow/.local/lib/python3.8/site-packages/airflow/example_dags/example_kubernetes_executor.py for tasks to queue
[2025-05-09T10:01:01.378+0000] {logging_mixin.py:188} INFO - [2025-05-09T10:01:01.378+0000] {dagbag.py:538} INFO - Filling up the DagBag from /home/airflow/.local/lib/python3.8/site-packages/airflow/example_dags/example_kubernetes_executor.py
[2025-05-09T10:01:01.422+0000] {processor.py:840} INFO - DAG(s) 'example_kubernetes_executor' retrieved from /home/airflow/.local/lib/python3.8/site-packages/airflow/example_dags/example_kubernetes_executor.py
[2025-05-09T10:01:01.450+0000] {logging_mixin.py:188} INFO - [2025-05-09T10:01:01.449+0000] {dag.py:3036} INFO - Sync 1 DAGs
[2025-05-09T10:01:01.487+0000] {logging_mixin.py:188} INFO - [2025-05-09T10:01:01.486+0000] {dag.py:3823} INFO - Setting next_dagrun for example_kubernetes_executor to None, run_after=None
[2025-05-09T10:01:01.543+0000] {processor.py:183} INFO - Processing /home/airflow/.local/lib/python3.8/site-packages/airflow/example_dags/example_kubernetes_executor.py took 0.207 seconds
[2025-05-09T10:01:32.865+0000] {processor.py:161} INFO - Started process (PID=132) to work on /home/airflow/.local/lib/python3.8/site-packages/airflow/example_dags/example_kubernetes_executor.py
[2025-05-09T10:01:32.868+0000] {processor.py:830} INFO - Processing file /home/airflow/.local/lib/python3.8/site-packages/airflow/example_dags/example_kubernetes_executor.py for tasks to queue
[2025-05-09T10:01:32.873+0000] {logging_mixin.py:188} INFO - [2025-05-09T10:01:32.872+0000] {dagbag.py:538} INFO - Filling up the DagBag from /home/airflow/.local/lib/python3.8/site-packages/airflow/example_dags/example_kubernetes_executor.py
[2025-05-09T10:01:32.925+0000] {processor.py:840} INFO - DAG(s) 'example_kubernetes_executor' retrieved from /home/airflow/.local/lib/python3.8/site-packages/airflow/example_dags/example_kubernetes_executor.py
[2025-05-09T10:01:33.490+0000] {logging_mixin.py:188} INFO - [2025-05-09T10:01:33.490+0000] {dag.py:3036} INFO - Sync 1 DAGs
[2025-05-09T10:01:33.514+0000] {logging_mixin.py:188} INFO - [2025-05-09T10:01:33.514+0000] {dag.py:3823} INFO - Setting next_dagrun for example_kubernetes_executor to None, run_after=None
[2025-05-09T10:01:33.551+0000] {processor.py:183} INFO - Processing /home/airflow/.local/lib/python3.8/site-packages/airflow/example_dags/example_kubernetes_executor.py took 0.698 seconds
[2025-05-09T10:02:03.871+0000] {processor.py:161} INFO - Started process (PID=188) to work on /home/airflow/.local/lib/python3.8/site-packages/airflow/example_dags/example_kubernetes_executor.py
[2025-05-09T10:02:03.877+0000] {processor.py:830} INFO - Processing file /home/airflow/.local/lib/python3.8/site-packages/airflow/example_dags/example_kubernetes_executor.py for tasks to queue
[2025-05-09T10:02:03.886+0000] {logging_mixin.py:188} INFO - [2025-05-09T10:02:03.884+0000] {dagbag.py:538} INFO - Filling up the DagBag from /home/airflow/.local/lib/python3.8/site-packages/airflow/example_dags/example_kubernetes_executor.py
[2025-05-09T10:02:03.958+0000] {processor.py:840} INFO - DAG(s) 'example_kubernetes_executor' retrieved from /home/airflow/.local/lib/python3.8/site-packages/airflow/example_dags/example_kubernetes_executor.py
[2025-05-09T10:02:04.138+0000] {logging_mixin.py:188} INFO - [2025-05-09T10:02:04.137+0000] {dag.py:3036} INFO - Sync 1 DAGs
[2025-05-09T10:02:04.228+0000] {logging_mixin.py:188} INFO - [2025-05-09T10:02:04.227+0000] {dag.py:3823} INFO - Setting next_dagrun for example_kubernetes_executor to None, run_after=None
[2025-05-09T10:02:04.315+0000] {processor.py:183} INFO - Processing /home/airflow/.local/lib/python3.8/site-packages/airflow/example_dags/example_kubernetes_executor.py took 0.461 seconds
[2025-05-09T10:02:34.670+0000] {processor.py:161} INFO - Started process (PID=244) to work on /home/airflow/.local/lib/python3.8/site-packages/airflow/example_dags/example_kubernetes_executor.py
[2025-05-09T10:02:34.672+0000] {processor.py:830} INFO - Processing file /home/airflow/.local/lib/python3.8/site-packages/airflow/example_dags/example_kubernetes_executor.py for tasks to queue
[2025-05-09T10:02:34.675+0000] {logging_mixin.py:188} INFO - [2025-05-09T10:02:34.674+0000] {dagbag.py:538} INFO - Filling up the DagBag from /home/airflow/.local/lib/python3.8/site-packages/airflow/example_dags/example_kubernetes_executor.py
[2025-05-09T10:02:34.699+0000] {processor.py:840} INFO - DAG(s) 'example_kubernetes_executor' retrieved from /home/airflow/.local/lib/python3.8/site-packages/airflow/example_dags/example_kubernetes_executor.py
[2025-05-09T10:02:34.775+0000] {logging_mixin.py:188} INFO - [2025-05-09T10:02:34.775+0000] {dag.py:3036} INFO - Sync 1 DAGs
[2025-05-09T10:02:34.799+0000] {logging_mixin.py:188} INFO - [2025-05-09T10:02:34.798+0000] {dag.py:3823} INFO - Setting next_dagrun for example_kubernetes_executor to None, run_after=None
[2025-05-09T10:02:34.832+0000] {processor.py:183} INFO - Processing /home/airflow/.local/lib/python3.8/site-packages/airflow/example_dags/example_kubernetes_executor.py took 0.167 seconds
[2025-05-09T10:03:05.684+0000] {processor.py:161} INFO - Started process (PID=300) to work on /home/airflow/.local/lib/python3.8/site-packages/airflow/example_dags/example_kubernetes_executor.py
[2025-05-09T10:03:05.687+0000] {processor.py:830} INFO - Processing file /home/airflow/.local/lib/python3.8/site-packages/airflow/example_dags/example_kubernetes_executor.py for tasks to queue
[2025-05-09T10:03:05.692+0000] {logging_mixin.py:188} INFO - [2025-05-09T10:03:05.691+0000] {dagbag.py:538} INFO - Filling up the DagBag from /home/airflow/.local/lib/python3.8/site-packages/airflow/example_dags/example_kubernetes_executor.py
[2025-05-09T10:03:05.760+0000] {processor.py:840} INFO - DAG(s) 'example_kubernetes_executor' retrieved from /home/airflow/.local/lib/python3.8/site-packages/airflow/example_dags/example_kubernetes_executor.py
[2025-05-09T10:03:05.977+0000] {logging_mixin.py:188} INFO - [2025-05-09T10:03:05.975+0000] {dag.py:3036} INFO - Sync 1 DAGs
[2025-05-09T10:03:06.020+0000] {logging_mixin.py:188} INFO - [2025-05-09T10:03:06.019+0000] {dag.py:3823} INFO - Setting next_dagrun for example_kubernetes_executor to None, run_after=None
[2025-05-09T10:03:06.058+0000] {processor.py:183} INFO - Processing /home/airflow/.local/lib/python3.8/site-packages/airflow/example_dags/example_kubernetes_executor.py took 0.387 seconds
[2025-05-09T10:03:36.469+0000] {processor.py:161} INFO - Started process (PID=356) to work on /home/airflow/.local/lib/python3.8/site-packages/airflow/example_dags/example_kubernetes_executor.py
[2025-05-09T10:03:36.472+0000] {processor.py:830} INFO - Processing file /home/airflow/.local/lib/python3.8/site-packages/airflow/example_dags/example_kubernetes_executor.py for tasks to queue
[2025-05-09T10:03:36.476+0000] {logging_mixin.py:188} INFO - [2025-05-09T10:03:36.475+0000] {dagbag.py:538} INFO - Filling up the DagBag from /home/airflow/.local/lib/python3.8/site-packages/airflow/example_dags/example_kubernetes_executor.py
[2025-05-09T10:03:36.507+0000] {processor.py:840} INFO - DAG(s) 'example_kubernetes_executor' retrieved from /home/airflow/.local/lib/python3.8/site-packages/airflow/example_dags/example_kubernetes_executor.py
[2025-05-09T10:03:36.560+0000] {logging_mixin.py:188} INFO - [2025-05-09T10:03:36.559+0000] {dag.py:3036} INFO - Sync 1 DAGs
[2025-05-09T10:03:36.580+0000] {logging_mixin.py:188} INFO - [2025-05-09T10:03:36.580+0000] {dag.py:3823} INFO - Setting next_dagrun for example_kubernetes_executor to None, run_after=None
[2025-05-09T10:03:36.618+0000] {processor.py:183} INFO - Processing /home/airflow/.local/lib/python3.8/site-packages/airflow/example_dags/example_kubernetes_executor.py took 0.166 seconds
[2025-05-09T10:04:06.963+0000] {processor.py:161} INFO - Started process (PID=410) to work on /home/airflow/.local/lib/python3.8/site-packages/airflow/example_dags/example_kubernetes_executor.py
[2025-05-09T10:04:06.965+0000] {processor.py:830} INFO - Processing file /home/airflow/.local/lib/python3.8/site-packages/airflow/example_dags/example_kubernetes_executor.py for tasks to queue
[2025-05-09T10:04:06.970+0000] {logging_mixin.py:188} INFO - [2025-05-09T10:04:06.970+0000] {dagbag.py:538} INFO - Filling up the DagBag from /home/airflow/.local/lib/python3.8/site-packages/airflow/example_dags/example_kubernetes_executor.py
[2025-05-09T10:04:07.004+0000] {processor.py:840} INFO - DAG(s) 'example_kubernetes_executor' retrieved from /home/airflow/.local/lib/python3.8/site-packages/airflow/example_dags/example_kubernetes_executor.py
[2025-05-09T10:04:07.115+0000] {logging_mixin.py:188} INFO - [2025-05-09T10:04:07.115+0000] {dag.py:3036} INFO - Sync 1 DAGs
[2025-05-09T10:04:07.153+0000] {logging_mixin.py:188} INFO - [2025-05-09T10:04:07.152+0000] {dag.py:3823} INFO - Setting next_dagrun for example_kubernetes_executor to None, run_after=None
[2025-05-09T10:04:07.200+0000] {processor.py:183} INFO - Processing /home/airflow/.local/lib/python3.8/site-packages/airflow/example_dags/example_kubernetes_executor.py took 0.244 seconds
[2025-05-09T10:04:37.507+0000] {processor.py:161} INFO - Started process (PID=466) to work on /home/airflow/.local/lib/python3.8/site-packages/airflow/example_dags/example_kubernetes_executor.py
[2025-05-09T10:04:37.510+0000] {processor.py:830} INFO - Processing file /home/airflow/.local/lib/python3.8/site-packages/airflow/example_dags/example_kubernetes_executor.py for tasks to queue
[2025-05-09T10:04:37.513+0000] {logging_mixin.py:188} INFO - [2025-05-09T10:04:37.513+0000] {dagbag.py:538} INFO - Filling up the DagBag from /home/airflow/.local/lib/python3.8/site-packages/airflow/example_dags/example_kubernetes_executor.py
[2025-05-09T10:04:37.539+0000] {processor.py:840} INFO - DAG(s) 'example_kubernetes_executor' retrieved from /home/airflow/.local/lib/python3.8/site-packages/airflow/example_dags/example_kubernetes_executor.py
[2025-05-09T10:04:37.602+0000] {logging_mixin.py:188} INFO - [2025-05-09T10:04:37.602+0000] {dag.py:3036} INFO - Sync 1 DAGs
[2025-05-09T10:04:37.624+0000] {logging_mixin.py:188} INFO - [2025-05-09T10:04:37.624+0000] {dag.py:3823} INFO - Setting next_dagrun for example_kubernetes_executor to None, run_after=None
[2025-05-09T10:04:37.665+0000] {processor.py:183} INFO - Processing /home/airflow/.local/lib/python3.8/site-packages/airflow/example_dags/example_kubernetes_executor.py took 0.164 seconds
[2025-05-09T10:05:08.605+0000] {processor.py:161} INFO - Started process (PID=522) to work on /home/airflow/.local/lib/python3.8/site-packages/airflow/example_dags/example_kubernetes_executor.py
[2025-05-09T10:05:08.614+0000] {processor.py:830} INFO - Processing file /home/airflow/.local/lib/python3.8/site-packages/airflow/example_dags/example_kubernetes_executor.py for tasks to queue
[2025-05-09T10:05:08.627+0000] {logging_mixin.py:188} INFO - [2025-05-09T10:05:08.625+0000] {dagbag.py:538} INFO - Filling up the DagBag from /home/airflow/.local/lib/python3.8/site-packages/airflow/example_dags/example_kubernetes_executor.py
[2025-05-09T10:05:08.721+0000] {processor.py:840} INFO - DAG(s) 'example_kubernetes_executor' retrieved from /home/airflow/.local/lib/python3.8/site-packages/airflow/example_dags/example_kubernetes_executor.py
[2025-05-09T10:05:08.893+0000] {logging_mixin.py:188} INFO - [2025-05-09T10:05:08.892+0000] {dag.py:3036} INFO - Sync 1 DAGs
[2025-05-09T10:05:08.916+0000] {logging_mixin.py:188} INFO - [2025-05-09T10:05:08.916+0000] {dag.py:3823} INFO - Setting next_dagrun for example_kubernetes_executor to None, run_after=None
[2025-05-09T10:05:08.946+0000] {processor.py:183} INFO - Processing /home/airflow/.local/lib/python3.8/site-packages/airflow/example_dags/example_kubernetes_executor.py took 0.367 seconds
[2025-05-09T10:05:38.997+0000] {processor.py:161} INFO - Started process (PID=578) to work on /home/airflow/.local/lib/python3.8/site-packages/airflow/example_dags/example_kubernetes_executor.py
[2025-05-09T10:05:38.999+0000] {processor.py:830} INFO - Processing file /home/airflow/.local/lib/python3.8/site-packages/airflow/example_dags/example_kubernetes_executor.py for tasks to queue
[2025-05-09T10:05:39.003+0000] {logging_mixin.py:188} INFO - [2025-05-09T10:05:39.003+0000] {dagbag.py:538} INFO - Filling up the DagBag from /home/airflow/.local/lib/python3.8/site-packages/airflow/example_dags/example_kubernetes_executor.py
[2025-05-09T10:05:39.039+0000] {processor.py:840} INFO - DAG(s) 'example_kubernetes_executor' retrieved from /home/airflow/.local/lib/python3.8/site-packages/airflow/example_dags/example_kubernetes_executor.py
[2025-05-09T10:05:39.102+0000] {logging_mixin.py:188} INFO - [2025-05-09T10:05:39.101+0000] {dag.py:3036} INFO - Sync 1 DAGs
[2025-05-09T10:05:39.123+0000] {logging_mixin.py:188} INFO - [2025-05-09T10:05:39.123+0000] {dag.py:3823} INFO - Setting next_dagrun for example_kubernetes_executor to None, run_after=None
[2025-05-09T10:05:39.155+0000] {processor.py:183} INFO - Processing /home/airflow/.local/lib/python3.8/site-packages/airflow/example_dags/example_kubernetes_executor.py took 0.165 seconds
[2025-05-09T10:06:09.503+0000] {processor.py:161} INFO - Started process (PID=634) to work on /home/airflow/.local/lib/python3.8/site-packages/airflow/example_dags/example_kubernetes_executor.py
[2025-05-09T10:06:09.506+0000] {processor.py:830} INFO - Processing file /home/airflow/.local/lib/python3.8/site-packages/airflow/example_dags/example_kubernetes_executor.py for tasks to queue
[2025-05-09T10:06:09.512+0000] {logging_mixin.py:188} INFO - [2025-05-09T10:06:09.511+0000] {dagbag.py:538} INFO - Filling up the DagBag from /home/airflow/.local/lib/python3.8/site-packages/airflow/example_dags/example_kubernetes_executor.py
[2025-05-09T10:06:09.570+0000] {processor.py:840} INFO - DAG(s) 'example_kubernetes_executor' retrieved from /home/airflow/.local/lib/python3.8/site-packages/airflow/example_dags/example_kubernetes_executor.py
[2025-05-09T10:06:09.667+0000] {logging_mixin.py:188} INFO - [2025-05-09T10:06:09.666+0000] {dag.py:3036} INFO - Sync 1 DAGs
[2025-05-09T10:06:09.693+0000] {logging_mixin.py:188} INFO - [2025-05-09T10:06:09.692+0000] {dag.py:3823} INFO - Setting next_dagrun for example_kubernetes_executor to None, run_after=None
[2025-05-09T10:06:09.729+0000] {processor.py:183} INFO - Processing /home/airflow/.local/lib/python3.8/site-packages/airflow/example_dags/example_kubernetes_executor.py took 0.234 seconds
[2025-05-09T10:06:40.387+0000] {processor.py:161} INFO - Started process (PID=690) to work on /home/airflow/.local/lib/python3.8/site-packages/airflow/example_dags/example_kubernetes_executor.py
[2025-05-09T10:06:40.389+0000] {processor.py:830} INFO - Processing file /home/airflow/.local/lib/python3.8/site-packages/airflow/example_dags/example_kubernetes_executor.py for tasks to queue
[2025-05-09T10:06:40.392+0000] {logging_mixin.py:188} INFO - [2025-05-09T10:06:40.392+0000] {dagbag.py:538} INFO - Filling up the DagBag from /home/airflow/.local/lib/python3.8/site-packages/airflow/example_dags/example_kubernetes_executor.py
[2025-05-09T10:06:40.437+0000] {processor.py:840} INFO - DAG(s) 'example_kubernetes_executor' retrieved from /home/airflow/.local/lib/python3.8/site-packages/airflow/example_dags/example_kubernetes_executor.py
[2025-05-09T10:06:40.636+0000] {logging_mixin.py:188} INFO - [2025-05-09T10:06:40.635+0000] {dag.py:3036} INFO - Sync 1 DAGs
[2025-05-09T10:06:40.709+0000] {logging_mixin.py:188} INFO - [2025-05-09T10:06:40.708+0000] {dag.py:3823} INFO - Setting next_dagrun for example_kubernetes_executor to None, run_after=None
[2025-05-09T10:06:40.797+0000] {processor.py:183} INFO - Processing /home/airflow/.local/lib/python3.8/site-packages/airflow/example_dags/example_kubernetes_executor.py took 0.417 seconds
[2025-05-09T10:09:03.592+0000] {processor.py:161} INFO - Started process (PID=73) to work on /home/airflow/.local/lib/python3.8/site-packages/airflow/example_dags/example_kubernetes_executor.py
[2025-05-09T10:09:03.596+0000] {processor.py:830} INFO - Processing file /home/airflow/.local/lib/python3.8/site-packages/airflow/example_dags/example_kubernetes_executor.py for tasks to queue
[2025-05-09T10:09:03.600+0000] {logging_mixin.py:188} INFO - [2025-05-09T10:09:03.599+0000] {dagbag.py:538} INFO - Filling up the DagBag from /home/airflow/.local/lib/python3.8/site-packages/airflow/example_dags/example_kubernetes_executor.py
[2025-05-09T10:09:04.080+0000] {processor.py:840} INFO - DAG(s) 'example_kubernetes_executor' retrieved from /home/airflow/.local/lib/python3.8/site-packages/airflow/example_dags/example_kubernetes_executor.py
[2025-05-09T10:09:05.763+0000] {logging_mixin.py:188} INFO - [2025-05-09T10:09:05.763+0000] {dag.py:3036} INFO - Sync 1 DAGs
[2025-05-09T10:09:05.848+0000] {logging_mixin.py:188} INFO - [2025-05-09T10:09:05.848+0000] {dag.py:3823} INFO - Setting next_dagrun for example_kubernetes_executor to None, run_after=None
[2025-05-09T10:09:05.957+0000] {processor.py:183} INFO - Processing /home/airflow/.local/lib/python3.8/site-packages/airflow/example_dags/example_kubernetes_executor.py took 2.371 seconds
[2025-05-09T10:09:36.474+0000] {processor.py:161} INFO - Started process (PID=128) to work on /home/airflow/.local/lib/python3.8/site-packages/airflow/example_dags/example_kubernetes_executor.py
[2025-05-09T10:09:36.479+0000] {processor.py:830} INFO - Processing file /home/airflow/.local/lib/python3.8/site-packages/airflow/example_dags/example_kubernetes_executor.py for tasks to queue
[2025-05-09T10:09:36.484+0000] {logging_mixin.py:188} INFO - [2025-05-09T10:09:36.483+0000] {dagbag.py:538} INFO - Filling up the DagBag from /home/airflow/.local/lib/python3.8/site-packages/airflow/example_dags/example_kubernetes_executor.py
[2025-05-09T10:09:36.526+0000] {processor.py:840} INFO - DAG(s) 'example_kubernetes_executor' retrieved from /home/airflow/.local/lib/python3.8/site-packages/airflow/example_dags/example_kubernetes_executor.py
[2025-05-09T10:09:36.638+0000] {logging_mixin.py:188} INFO - [2025-05-09T10:09:36.637+0000] {dag.py:3036} INFO - Sync 1 DAGs
[2025-05-09T10:09:36.693+0000] {logging_mixin.py:188} INFO - [2025-05-09T10:09:36.686+0000] {dag.py:3823} INFO - Setting next_dagrun for example_kubernetes_executor to None, run_after=None
[2025-05-09T10:09:36.750+0000] {processor.py:183} INFO - Processing /home/airflow/.local/lib/python3.8/site-packages/airflow/example_dags/example_kubernetes_executor.py took 0.285 seconds
[2025-05-09T10:10:07.194+0000] {processor.py:161} INFO - Started process (PID=185) to work on /home/airflow/.local/lib/python3.8/site-packages/airflow/example_dags/example_kubernetes_executor.py
[2025-05-09T10:10:07.210+0000] {processor.py:830} INFO - Processing file /home/airflow/.local/lib/python3.8/site-packages/airflow/example_dags/example_kubernetes_executor.py for tasks to queue
[2025-05-09T10:10:07.225+0000] {logging_mixin.py:188} INFO - [2025-05-09T10:10:07.223+0000] {dagbag.py:538} INFO - Filling up the DagBag from /home/airflow/.local/lib/python3.8/site-packages/airflow/example_dags/example_kubernetes_executor.py
[2025-05-09T10:10:07.364+0000] {processor.py:840} INFO - DAG(s) 'example_kubernetes_executor' retrieved from /home/airflow/.local/lib/python3.8/site-packages/airflow/example_dags/example_kubernetes_executor.py
[2025-05-09T10:10:10.731+0000] {logging_mixin.py:188} INFO - [2025-05-09T10:10:09.198+0000] {dag.py:3036} INFO - Sync 1 DAGs
[2025-05-09T10:10:11.699+0000] {logging_mixin.py:188} INFO - [2025-05-09T10:10:11.699+0000] {dag.py:3823} INFO - Setting next_dagrun for example_kubernetes_executor to None, run_after=None
[2025-05-09T10:10:11.776+0000] {processor.py:183} INFO - Processing /home/airflow/.local/lib/python3.8/site-packages/airflow/example_dags/example_kubernetes_executor.py took 4.736 seconds
[2025-05-09T10:10:42.122+0000] {processor.py:161} INFO - Started process (PID=239) to work on /home/airflow/.local/lib/python3.8/site-packages/airflow/example_dags/example_kubernetes_executor.py
[2025-05-09T10:10:42.124+0000] {processor.py:830} INFO - Processing file /home/airflow/.local/lib/python3.8/site-packages/airflow/example_dags/example_kubernetes_executor.py for tasks to queue
[2025-05-09T10:10:42.128+0000] {logging_mixin.py:188} INFO - [2025-05-09T10:10:42.127+0000] {dagbag.py:538} INFO - Filling up the DagBag from /home/airflow/.local/lib/python3.8/site-packages/airflow/example_dags/example_kubernetes_executor.py
[2025-05-09T10:10:42.167+0000] {processor.py:840} INFO - DAG(s) 'example_kubernetes_executor' retrieved from /home/airflow/.local/lib/python3.8/site-packages/airflow/example_dags/example_kubernetes_executor.py
[2025-05-09T10:10:42.300+0000] {logging_mixin.py:188} INFO - [2025-05-09T10:10:42.299+0000] {dag.py:3036} INFO - Sync 1 DAGs
[2025-05-09T10:10:42.335+0000] {logging_mixin.py:188} INFO - [2025-05-09T10:10:42.334+0000] {dag.py:3823} INFO - Setting next_dagrun for example_kubernetes_executor to None, run_after=None
[2025-05-09T10:10:42.378+0000] {processor.py:183} INFO - Processing /home/airflow/.local/lib/python3.8/site-packages/airflow/example_dags/example_kubernetes_executor.py took 0.263 seconds
[2025-05-09T10:11:13.049+0000] {processor.py:161} INFO - Started process (PID=295) to work on /home/airflow/.local/lib/python3.8/site-packages/airflow/example_dags/example_kubernetes_executor.py
[2025-05-09T10:11:13.062+0000] {processor.py:830} INFO - Processing file /home/airflow/.local/lib/python3.8/site-packages/airflow/example_dags/example_kubernetes_executor.py for tasks to queue
[2025-05-09T10:11:13.072+0000] {logging_mixin.py:188} INFO - [2025-05-09T10:11:13.071+0000] {dagbag.py:538} INFO - Filling up the DagBag from /home/airflow/.local/lib/python3.8/site-packages/airflow/example_dags/example_kubernetes_executor.py
[2025-05-09T10:11:13.172+0000] {processor.py:840} INFO - DAG(s) 'example_kubernetes_executor' retrieved from /home/airflow/.local/lib/python3.8/site-packages/airflow/example_dags/example_kubernetes_executor.py
[2025-05-09T10:11:13.259+0000] {logging_mixin.py:188} INFO - [2025-05-09T10:11:13.258+0000] {dag.py:3036} INFO - Sync 1 DAGs
[2025-05-09T10:11:13.289+0000] {logging_mixin.py:188} INFO - [2025-05-09T10:11:13.288+0000] {dag.py:3823} INFO - Setting next_dagrun for example_kubernetes_executor to None, run_after=None
[2025-05-09T10:11:13.329+0000] {processor.py:183} INFO - Processing /home/airflow/.local/lib/python3.8/site-packages/airflow/example_dags/example_kubernetes_executor.py took 0.304 seconds
[2025-05-09T10:11:43.517+0000] {processor.py:161} INFO - Started process (PID=351) to work on /home/airflow/.local/lib/python3.8/site-packages/airflow/example_dags/example_kubernetes_executor.py
[2025-05-09T10:11:43.524+0000] {processor.py:830} INFO - Processing file /home/airflow/.local/lib/python3.8/site-packages/airflow/example_dags/example_kubernetes_executor.py for tasks to queue
[2025-05-09T10:11:43.535+0000] {logging_mixin.py:188} INFO - [2025-05-09T10:11:43.533+0000] {dagbag.py:538} INFO - Filling up the DagBag from /home/airflow/.local/lib/python3.8/site-packages/airflow/example_dags/example_kubernetes_executor.py
[2025-05-09T10:11:43.611+0000] {processor.py:840} INFO - DAG(s) 'example_kubernetes_executor' retrieved from /home/airflow/.local/lib/python3.8/site-packages/airflow/example_dags/example_kubernetes_executor.py
[2025-05-09T10:11:43.786+0000] {logging_mixin.py:188} INFO - [2025-05-09T10:11:43.784+0000] {dag.py:3036} INFO - Sync 1 DAGs
[2025-05-09T10:11:43.863+0000] {logging_mixin.py:188} INFO - [2025-05-09T10:11:43.861+0000] {dag.py:3823} INFO - Setting next_dagrun for example_kubernetes_executor to None, run_after=None
[2025-05-09T10:11:43.999+0000] {processor.py:183} INFO - Processing /home/airflow/.local/lib/python3.8/site-packages/airflow/example_dags/example_kubernetes_executor.py took 0.510 seconds
[2025-05-09T10:12:14.664+0000] {processor.py:161} INFO - Started process (PID=407) to work on /home/airflow/.local/lib/python3.8/site-packages/airflow/example_dags/example_kubernetes_executor.py
[2025-05-09T10:12:14.671+0000] {processor.py:830} INFO - Processing file /home/airflow/.local/lib/python3.8/site-packages/airflow/example_dags/example_kubernetes_executor.py for tasks to queue
[2025-05-09T10:12:14.683+0000] {logging_mixin.py:188} INFO - [2025-05-09T10:12:14.681+0000] {dagbag.py:538} INFO - Filling up the DagBag from /home/airflow/.local/lib/python3.8/site-packages/airflow/example_dags/example_kubernetes_executor.py
[2025-05-09T10:12:14.764+0000] {processor.py:840} INFO - DAG(s) 'example_kubernetes_executor' retrieved from /home/airflow/.local/lib/python3.8/site-packages/airflow/example_dags/example_kubernetes_executor.py
[2025-05-09T10:12:14.831+0000] {logging_mixin.py:188} INFO - [2025-05-09T10:12:14.831+0000] {dag.py:3036} INFO - Sync 1 DAGs
[2025-05-09T10:12:14.852+0000] {logging_mixin.py:188} INFO - [2025-05-09T10:12:14.852+0000] {dag.py:3823} INFO - Setting next_dagrun for example_kubernetes_executor to None, run_after=None
[2025-05-09T10:12:14.889+0000] {processor.py:183} INFO - Processing /home/airflow/.local/lib/python3.8/site-packages/airflow/example_dags/example_kubernetes_executor.py took 0.245 seconds
[2025-05-09T10:12:45.026+0000] {processor.py:161} INFO - Started process (PID=463) to work on /home/airflow/.local/lib/python3.8/site-packages/airflow/example_dags/example_kubernetes_executor.py
[2025-05-09T10:12:45.028+0000] {processor.py:830} INFO - Processing file /home/airflow/.local/lib/python3.8/site-packages/airflow/example_dags/example_kubernetes_executor.py for tasks to queue
[2025-05-09T10:12:45.033+0000] {logging_mixin.py:188} INFO - [2025-05-09T10:12:45.032+0000] {dagbag.py:538} INFO - Filling up the DagBag from /home/airflow/.local/lib/python3.8/site-packages/airflow/example_dags/example_kubernetes_executor.py
[2025-05-09T10:12:45.071+0000] {processor.py:840} INFO - DAG(s) 'example_kubernetes_executor' retrieved from /home/airflow/.local/lib/python3.8/site-packages/airflow/example_dags/example_kubernetes_executor.py
[2025-05-09T10:12:45.156+0000] {logging_mixin.py:188} INFO - [2025-05-09T10:12:45.155+0000] {dag.py:3036} INFO - Sync 1 DAGs
[2025-05-09T10:12:45.185+0000] {logging_mixin.py:188} INFO - [2025-05-09T10:12:45.185+0000] {dag.py:3823} INFO - Setting next_dagrun for example_kubernetes_executor to None, run_after=None
[2025-05-09T10:12:45.228+0000] {processor.py:183} INFO - Processing /home/airflow/.local/lib/python3.8/site-packages/airflow/example_dags/example_kubernetes_executor.py took 0.207 seconds
[2025-05-09T10:13:15.880+0000] {processor.py:161} INFO - Started process (PID=519) to work on /home/airflow/.local/lib/python3.8/site-packages/airflow/example_dags/example_kubernetes_executor.py
[2025-05-09T10:13:15.883+0000] {processor.py:830} INFO - Processing file /home/airflow/.local/lib/python3.8/site-packages/airflow/example_dags/example_kubernetes_executor.py for tasks to queue
[2025-05-09T10:13:15.889+0000] {logging_mixin.py:188} INFO - [2025-05-09T10:13:15.888+0000] {dagbag.py:538} INFO - Filling up the DagBag from /home/airflow/.local/lib/python3.8/site-packages/airflow/example_dags/example_kubernetes_executor.py
[2025-05-09T10:13:15.929+0000] {processor.py:840} INFO - DAG(s) 'example_kubernetes_executor' retrieved from /home/airflow/.local/lib/python3.8/site-packages/airflow/example_dags/example_kubernetes_executor.py
[2025-05-09T10:13:16.042+0000] {logging_mixin.py:188} INFO - [2025-05-09T10:13:16.042+0000] {dag.py:3036} INFO - Sync 1 DAGs
[2025-05-09T10:13:16.136+0000] {logging_mixin.py:188} INFO - [2025-05-09T10:13:16.135+0000] {dag.py:3823} INFO - Setting next_dagrun for example_kubernetes_executor to None, run_after=None
[2025-05-09T10:13:18.077+0000] {processor.py:183} INFO - Processing /home/airflow/.local/lib/python3.8/site-packages/airflow/example_dags/example_kubernetes_executor.py took 2.207 seconds
[2025-05-09T10:13:48.822+0000] {processor.py:161} INFO - Started process (PID=576) to work on /home/airflow/.local/lib/python3.8/site-packages/airflow/example_dags/example_kubernetes_executor.py
[2025-05-09T10:13:48.824+0000] {processor.py:830} INFO - Processing file /home/airflow/.local/lib/python3.8/site-packages/airflow/example_dags/example_kubernetes_executor.py for tasks to queue
[2025-05-09T10:13:48.828+0000] {logging_mixin.py:188} INFO - [2025-05-09T10:13:48.827+0000] {dagbag.py:538} INFO - Filling up the DagBag from /home/airflow/.local/lib/python3.8/site-packages/airflow/example_dags/example_kubernetes_executor.py
[2025-05-09T10:13:48.863+0000] {processor.py:840} INFO - DAG(s) 'example_kubernetes_executor' retrieved from /home/airflow/.local/lib/python3.8/site-packages/airflow/example_dags/example_kubernetes_executor.py
[2025-05-09T10:13:48.959+0000] {logging_mixin.py:188} INFO - [2025-05-09T10:13:48.958+0000] {dag.py:3036} INFO - Sync 1 DAGs
[2025-05-09T10:13:48.992+0000] {logging_mixin.py:188} INFO - [2025-05-09T10:13:48.992+0000] {dag.py:3823} INFO - Setting next_dagrun for example_kubernetes_executor to None, run_after=None
[2025-05-09T10:13:49.046+0000] {processor.py:183} INFO - Processing /home/airflow/.local/lib/python3.8/site-packages/airflow/example_dags/example_kubernetes_executor.py took 0.232 seconds
