[2025-05-09T10:01:00.550+0000] {processor.py:161} INFO - Started process (PID=73) to work on /home/airflow/.local/lib/python3.8/site-packages/airflow/example_dags/example_subdag_operator.py
[2025-05-09T10:01:00.554+0000] {processor.py:830} INFO - Processing file /home/airflow/.local/lib/python3.8/site-packages/airflow/example_dags/example_subdag_operator.py for tasks to queue
[2025-05-09T10:01:00.558+0000] {logging_mixin.py:188} INFO - [2025-05-09T10:01:00.558+0000] {dagbag.py:538} INFO - Filling up the DagBag from /home/airflow/.local/lib/python3.8/site-packages/airflow/example_dags/example_subdag_operator.py
[2025-05-09T10:01:00.693+0000] {processor.py:840} INFO - DAG(s) 'example_subdag_operator.section-1', 'example_subdag_operator.section-2', 'example_subdag_operator' retrieved from /home/airflow/.local/lib/python3.8/site-packages/airflow/example_dags/example_subdag_operator.py
[2025-05-09T10:01:00.712+0000] {logging_mixin.py:188} INFO - [2025-05-09T10:01:00.711+0000] {dag.py:3036} INFO - Sync 3 DAGs
[2025-05-09T10:01:00.910+0000] {logging_mixin.py:188} INFO - [2025-05-09T10:01:00.908+0000] {dag.py:3823} INFO - Setting next_dagrun for example_subdag_operator to 2022-01-01 00:00:00+00:00, run_after=2022-01-01 00:00:00+00:00
[2025-05-09T10:01:00.929+0000] {logging_mixin.py:188} INFO - [2025-05-09T10:01:00.928+0000] {dag.py:3823} INFO - Setting next_dagrun for example_subdag_operator.section-1 to None, run_after=None
[2025-05-09T10:01:00.935+0000] {logging_mixin.py:188} INFO - [2025-05-09T10:01:00.932+0000] {dag.py:3823} INFO - Setting next_dagrun for example_subdag_operator.section-2 to None, run_after=None
[2025-05-09T10:01:01.039+0000] {logging_mixin.py:188} INFO - [2025-05-09T10:01:01.038+0000] {dag.py:3036} INFO - Sync 2 DAGs
[2025-05-09T10:01:01.076+0000] {logging_mixin.py:188} INFO - [2025-05-09T10:01:01.076+0000] {dag.py:3823} INFO - Setting next_dagrun for example_subdag_operator.section-1 to None, run_after=None
[2025-05-09T10:01:01.078+0000] {logging_mixin.py:188} INFO - [2025-05-09T10:01:01.077+0000] {dag.py:3823} INFO - Setting next_dagrun for example_subdag_operator.section-2 to None, run_after=None
[2025-05-09T10:01:01.132+0000] {processor.py:183} INFO - Processing /home/airflow/.local/lib/python3.8/site-packages/airflow/example_dags/example_subdag_operator.py took 0.589 seconds
[2025-05-09T10:01:31.931+0000] {processor.py:161} INFO - Started process (PID=129) to work on /home/airflow/.local/lib/python3.8/site-packages/airflow/example_dags/example_subdag_operator.py
[2025-05-09T10:01:31.936+0000] {processor.py:830} INFO - Processing file /home/airflow/.local/lib/python3.8/site-packages/airflow/example_dags/example_subdag_operator.py for tasks to queue
[2025-05-09T10:01:31.957+0000] {logging_mixin.py:188} INFO - [2025-05-09T10:01:31.954+0000] {dagbag.py:538} INFO - Filling up the DagBag from /home/airflow/.local/lib/python3.8/site-packages/airflow/example_dags/example_subdag_operator.py
[2025-05-09T10:01:32.094+0000] {processor.py:840} INFO - DAG(s) 'example_subdag_operator.section-1', 'example_subdag_operator.section-2', 'example_subdag_operator' retrieved from /home/airflow/.local/lib/python3.8/site-packages/airflow/example_dags/example_subdag_operator.py
[2025-05-09T10:01:32.347+0000] {logging_mixin.py:188} INFO - [2025-05-09T10:01:32.346+0000] {dag.py:3036} INFO - Sync 3 DAGs
[2025-05-09T10:01:32.394+0000] {logging_mixin.py:188} INFO - [2025-05-09T10:01:32.394+0000] {dag.py:3823} INFO - Setting next_dagrun for example_subdag_operator to 2022-01-01 00:00:00+00:00, run_after=2022-01-01 00:00:00+00:00
[2025-05-09T10:01:32.400+0000] {logging_mixin.py:188} INFO - [2025-05-09T10:01:32.400+0000] {dag.py:3823} INFO - Setting next_dagrun for example_subdag_operator.section-1 to None, run_after=None
[2025-05-09T10:01:32.402+0000] {logging_mixin.py:188} INFO - [2025-05-09T10:01:32.402+0000] {dag.py:3823} INFO - Setting next_dagrun for example_subdag_operator.section-2 to None, run_after=None
[2025-05-09T10:01:32.562+0000] {logging_mixin.py:188} INFO - [2025-05-09T10:01:32.561+0000] {dag.py:3036} INFO - Sync 2 DAGs
[2025-05-09T10:01:32.592+0000] {logging_mixin.py:188} INFO - [2025-05-09T10:01:32.591+0000] {dag.py:3823} INFO - Setting next_dagrun for example_subdag_operator.section-1 to None, run_after=None
[2025-05-09T10:01:32.594+0000] {logging_mixin.py:188} INFO - [2025-05-09T10:01:32.594+0000] {dag.py:3823} INFO - Setting next_dagrun for example_subdag_operator.section-2 to None, run_after=None
[2025-05-09T10:01:32.620+0000] {processor.py:183} INFO - Processing /home/airflow/.local/lib/python3.8/site-packages/airflow/example_dags/example_subdag_operator.py took 0.700 seconds
[2025-05-09T10:02:03.296+0000] {processor.py:161} INFO - Started process (PID=186) to work on /home/airflow/.local/lib/python3.8/site-packages/airflow/example_dags/example_subdag_operator.py
[2025-05-09T10:02:03.340+0000] {processor.py:830} INFO - Processing file /home/airflow/.local/lib/python3.8/site-packages/airflow/example_dags/example_subdag_operator.py for tasks to queue
[2025-05-09T10:02:03.350+0000] {logging_mixin.py:188} INFO - [2025-05-09T10:02:03.348+0000] {dagbag.py:538} INFO - Filling up the DagBag from /home/airflow/.local/lib/python3.8/site-packages/airflow/example_dags/example_subdag_operator.py
[2025-05-09T10:02:03.467+0000] {processor.py:840} INFO - DAG(s) 'example_subdag_operator.section-1', 'example_subdag_operator.section-2', 'example_subdag_operator' retrieved from /home/airflow/.local/lib/python3.8/site-packages/airflow/example_dags/example_subdag_operator.py
[2025-05-09T10:02:03.563+0000] {logging_mixin.py:188} INFO - [2025-05-09T10:02:03.561+0000] {dag.py:3036} INFO - Sync 3 DAGs
[2025-05-09T10:02:03.655+0000] {logging_mixin.py:188} INFO - [2025-05-09T10:02:03.654+0000] {dag.py:3823} INFO - Setting next_dagrun for example_subdag_operator to 2022-01-01 00:00:00+00:00, run_after=2022-01-01 00:00:00+00:00
[2025-05-09T10:02:03.667+0000] {logging_mixin.py:188} INFO - [2025-05-09T10:02:03.667+0000] {dag.py:3823} INFO - Setting next_dagrun for example_subdag_operator.section-1 to None, run_after=None
[2025-05-09T10:02:03.672+0000] {logging_mixin.py:188} INFO - [2025-05-09T10:02:03.671+0000] {dag.py:3823} INFO - Setting next_dagrun for example_subdag_operator.section-2 to None, run_after=None
[2025-05-09T10:02:03.693+0000] {logging_mixin.py:188} INFO - [2025-05-09T10:02:03.692+0000] {dag.py:3036} INFO - Sync 2 DAGs
[2025-05-09T10:02:03.708+0000] {logging_mixin.py:188} INFO - [2025-05-09T10:02:03.707+0000] {dag.py:3823} INFO - Setting next_dagrun for example_subdag_operator.section-1 to None, run_after=None
[2025-05-09T10:02:03.710+0000] {logging_mixin.py:188} INFO - [2025-05-09T10:02:03.709+0000] {dag.py:3823} INFO - Setting next_dagrun for example_subdag_operator.section-2 to None, run_after=None
[2025-05-09T10:02:03.745+0000] {processor.py:183} INFO - Processing /home/airflow/.local/lib/python3.8/site-packages/airflow/example_dags/example_subdag_operator.py took 0.466 seconds
[2025-05-09T10:02:34.447+0000] {processor.py:161} INFO - Started process (PID=242) to work on /home/airflow/.local/lib/python3.8/site-packages/airflow/example_dags/example_subdag_operator.py
[2025-05-09T10:02:34.450+0000] {processor.py:830} INFO - Processing file /home/airflow/.local/lib/python3.8/site-packages/airflow/example_dags/example_subdag_operator.py for tasks to queue
[2025-05-09T10:02:34.455+0000] {logging_mixin.py:188} INFO - [2025-05-09T10:02:34.454+0000] {dagbag.py:538} INFO - Filling up the DagBag from /home/airflow/.local/lib/python3.8/site-packages/airflow/example_dags/example_subdag_operator.py
[2025-05-09T10:02:34.523+0000] {processor.py:840} INFO - DAG(s) 'example_subdag_operator.section-1', 'example_subdag_operator.section-2', 'example_subdag_operator' retrieved from /home/airflow/.local/lib/python3.8/site-packages/airflow/example_dags/example_subdag_operator.py
[2025-05-09T10:02:34.587+0000] {logging_mixin.py:188} INFO - [2025-05-09T10:02:34.587+0000] {dag.py:3036} INFO - Sync 3 DAGs
[2025-05-09T10:02:34.639+0000] {logging_mixin.py:188} INFO - [2025-05-09T10:02:34.639+0000] {dag.py:3823} INFO - Setting next_dagrun for example_subdag_operator to 2022-01-01 00:00:00+00:00, run_after=2022-01-01 00:00:00+00:00
[2025-05-09T10:02:34.648+0000] {logging_mixin.py:188} INFO - [2025-05-09T10:02:34.647+0000] {dag.py:3823} INFO - Setting next_dagrun for example_subdag_operator.section-1 to None, run_after=None
[2025-05-09T10:02:34.651+0000] {logging_mixin.py:188} INFO - [2025-05-09T10:02:34.651+0000] {dag.py:3823} INFO - Setting next_dagrun for example_subdag_operator.section-2 to None, run_after=None
[2025-05-09T10:02:34.666+0000] {logging_mixin.py:188} INFO - [2025-05-09T10:02:34.666+0000] {dag.py:3036} INFO - Sync 2 DAGs
[2025-05-09T10:02:34.676+0000] {logging_mixin.py:188} INFO - [2025-05-09T10:02:34.676+0000] {dag.py:3823} INFO - Setting next_dagrun for example_subdag_operator.section-1 to None, run_after=None
[2025-05-09T10:02:34.677+0000] {logging_mixin.py:188} INFO - [2025-05-09T10:02:34.677+0000] {dag.py:3823} INFO - Setting next_dagrun for example_subdag_operator.section-2 to None, run_after=None
[2025-05-09T10:02:34.697+0000] {processor.py:183} INFO - Processing /home/airflow/.local/lib/python3.8/site-packages/airflow/example_dags/example_subdag_operator.py took 0.261 seconds
[2025-05-09T10:03:05.443+0000] {processor.py:161} INFO - Started process (PID=298) to work on /home/airflow/.local/lib/python3.8/site-packages/airflow/example_dags/example_subdag_operator.py
[2025-05-09T10:03:05.445+0000] {processor.py:830} INFO - Processing file /home/airflow/.local/lib/python3.8/site-packages/airflow/example_dags/example_subdag_operator.py for tasks to queue
[2025-05-09T10:03:05.452+0000] {logging_mixin.py:188} INFO - [2025-05-09T10:03:05.451+0000] {dagbag.py:538} INFO - Filling up the DagBag from /home/airflow/.local/lib/python3.8/site-packages/airflow/example_dags/example_subdag_operator.py
[2025-05-09T10:03:05.513+0000] {processor.py:840} INFO - DAG(s) 'example_subdag_operator.section-1', 'example_subdag_operator.section-2', 'example_subdag_operator' retrieved from /home/airflow/.local/lib/python3.8/site-packages/airflow/example_dags/example_subdag_operator.py
[2025-05-09T10:03:05.557+0000] {logging_mixin.py:188} INFO - [2025-05-09T10:03:05.556+0000] {dag.py:3036} INFO - Sync 3 DAGs
[2025-05-09T10:03:05.625+0000] {logging_mixin.py:188} INFO - [2025-05-09T10:03:05.624+0000] {dag.py:3823} INFO - Setting next_dagrun for example_subdag_operator to 2022-01-01 00:00:00+00:00, run_after=2022-01-01 00:00:00+00:00
[2025-05-09T10:03:05.636+0000] {logging_mixin.py:188} INFO - [2025-05-09T10:03:05.636+0000] {dag.py:3823} INFO - Setting next_dagrun for example_subdag_operator.section-1 to None, run_after=None
[2025-05-09T10:03:05.640+0000] {logging_mixin.py:188} INFO - [2025-05-09T10:03:05.640+0000] {dag.py:3823} INFO - Setting next_dagrun for example_subdag_operator.section-2 to None, run_after=None
[2025-05-09T10:03:05.670+0000] {logging_mixin.py:188} INFO - [2025-05-09T10:03:05.669+0000] {dag.py:3036} INFO - Sync 2 DAGs
[2025-05-09T10:03:05.687+0000] {logging_mixin.py:188} INFO - [2025-05-09T10:03:05.687+0000] {dag.py:3823} INFO - Setting next_dagrun for example_subdag_operator.section-1 to None, run_after=None
[2025-05-09T10:03:05.689+0000] {logging_mixin.py:188} INFO - [2025-05-09T10:03:05.689+0000] {dag.py:3823} INFO - Setting next_dagrun for example_subdag_operator.section-2 to None, run_after=None
[2025-05-09T10:03:05.733+0000] {processor.py:183} INFO - Processing /home/airflow/.local/lib/python3.8/site-packages/airflow/example_dags/example_subdag_operator.py took 0.297 seconds
[2025-05-09T10:03:36.163+0000] {processor.py:161} INFO - Started process (PID=354) to work on /home/airflow/.local/lib/python3.8/site-packages/airflow/example_dags/example_subdag_operator.py
[2025-05-09T10:03:36.168+0000] {processor.py:830} INFO - Processing file /home/airflow/.local/lib/python3.8/site-packages/airflow/example_dags/example_subdag_operator.py for tasks to queue
[2025-05-09T10:03:36.177+0000] {logging_mixin.py:188} INFO - [2025-05-09T10:03:36.176+0000] {dagbag.py:538} INFO - Filling up the DagBag from /home/airflow/.local/lib/python3.8/site-packages/airflow/example_dags/example_subdag_operator.py
[2025-05-09T10:03:36.284+0000] {processor.py:840} INFO - DAG(s) 'example_subdag_operator.section-1', 'example_subdag_operator.section-2', 'example_subdag_operator' retrieved from /home/airflow/.local/lib/python3.8/site-packages/airflow/example_dags/example_subdag_operator.py
[2025-05-09T10:03:36.355+0000] {logging_mixin.py:188} INFO - [2025-05-09T10:03:36.355+0000] {dag.py:3036} INFO - Sync 3 DAGs
[2025-05-09T10:03:36.404+0000] {logging_mixin.py:188} INFO - [2025-05-09T10:03:36.403+0000] {dag.py:3823} INFO - Setting next_dagrun for example_subdag_operator to 2022-01-01 00:00:00+00:00, run_after=2022-01-01 00:00:00+00:00
[2025-05-09T10:03:36.411+0000] {logging_mixin.py:188} INFO - [2025-05-09T10:03:36.410+0000] {dag.py:3823} INFO - Setting next_dagrun for example_subdag_operator.section-1 to None, run_after=None
[2025-05-09T10:03:36.414+0000] {logging_mixin.py:188} INFO - [2025-05-09T10:03:36.414+0000] {dag.py:3823} INFO - Setting next_dagrun for example_subdag_operator.section-2 to None, run_after=None
[2025-05-09T10:03:36.429+0000] {logging_mixin.py:188} INFO - [2025-05-09T10:03:36.428+0000] {dag.py:3036} INFO - Sync 2 DAGs
[2025-05-09T10:03:36.440+0000] {logging_mixin.py:188} INFO - [2025-05-09T10:03:36.439+0000] {dag.py:3823} INFO - Setting next_dagrun for example_subdag_operator.section-1 to None, run_after=None
[2025-05-09T10:03:36.441+0000] {logging_mixin.py:188} INFO - [2025-05-09T10:03:36.441+0000] {dag.py:3823} INFO - Setting next_dagrun for example_subdag_operator.section-2 to None, run_after=None
[2025-05-09T10:03:36.464+0000] {processor.py:183} INFO - Processing /home/airflow/.local/lib/python3.8/site-packages/airflow/example_dags/example_subdag_operator.py took 0.320 seconds
[2025-05-09T10:04:06.746+0000] {processor.py:161} INFO - Started process (PID=408) to work on /home/airflow/.local/lib/python3.8/site-packages/airflow/example_dags/example_subdag_operator.py
[2025-05-09T10:04:06.749+0000] {processor.py:830} INFO - Processing file /home/airflow/.local/lib/python3.8/site-packages/airflow/example_dags/example_subdag_operator.py for tasks to queue
[2025-05-09T10:04:06.754+0000] {logging_mixin.py:188} INFO - [2025-05-09T10:04:06.753+0000] {dagbag.py:538} INFO - Filling up the DagBag from /home/airflow/.local/lib/python3.8/site-packages/airflow/example_dags/example_subdag_operator.py
[2025-05-09T10:04:06.822+0000] {processor.py:840} INFO - DAG(s) 'example_subdag_operator.section-1', 'example_subdag_operator.section-2', 'example_subdag_operator' retrieved from /home/airflow/.local/lib/python3.8/site-packages/airflow/example_dags/example_subdag_operator.py
[2025-05-09T10:04:06.869+0000] {logging_mixin.py:188} INFO - [2025-05-09T10:04:06.869+0000] {dag.py:3036} INFO - Sync 3 DAGs
[2025-05-09T10:04:06.930+0000] {logging_mixin.py:188} INFO - [2025-05-09T10:04:06.930+0000] {dag.py:3823} INFO - Setting next_dagrun for example_subdag_operator to 2022-01-01 00:00:00+00:00, run_after=2022-01-01 00:00:00+00:00
[2025-05-09T10:04:06.939+0000] {logging_mixin.py:188} INFO - [2025-05-09T10:04:06.939+0000] {dag.py:3823} INFO - Setting next_dagrun for example_subdag_operator.section-1 to None, run_after=None
[2025-05-09T10:04:06.943+0000] {logging_mixin.py:188} INFO - [2025-05-09T10:04:06.943+0000] {dag.py:3823} INFO - Setting next_dagrun for example_subdag_operator.section-2 to None, run_after=None
[2025-05-09T10:04:06.961+0000] {logging_mixin.py:188} INFO - [2025-05-09T10:04:06.960+0000] {dag.py:3036} INFO - Sync 2 DAGs
[2025-05-09T10:04:06.973+0000] {logging_mixin.py:188} INFO - [2025-05-09T10:04:06.973+0000] {dag.py:3823} INFO - Setting next_dagrun for example_subdag_operator.section-1 to None, run_after=None
[2025-05-09T10:04:06.975+0000] {logging_mixin.py:188} INFO - [2025-05-09T10:04:06.974+0000] {dag.py:3823} INFO - Setting next_dagrun for example_subdag_operator.section-2 to None, run_after=None
[2025-05-09T10:04:07.001+0000] {processor.py:183} INFO - Processing /home/airflow/.local/lib/python3.8/site-packages/airflow/example_dags/example_subdag_operator.py took 0.262 seconds
[2025-05-09T10:04:37.349+0000] {processor.py:161} INFO - Started process (PID=464) to work on /home/airflow/.local/lib/python3.8/site-packages/airflow/example_dags/example_subdag_operator.py
[2025-05-09T10:04:37.351+0000] {processor.py:830} INFO - Processing file /home/airflow/.local/lib/python3.8/site-packages/airflow/example_dags/example_subdag_operator.py for tasks to queue
[2025-05-09T10:04:37.355+0000] {logging_mixin.py:188} INFO - [2025-05-09T10:04:37.355+0000] {dagbag.py:538} INFO - Filling up the DagBag from /home/airflow/.local/lib/python3.8/site-packages/airflow/example_dags/example_subdag_operator.py
[2025-05-09T10:04:37.398+0000] {processor.py:840} INFO - DAG(s) 'example_subdag_operator.section-1', 'example_subdag_operator.section-2', 'example_subdag_operator' retrieved from /home/airflow/.local/lib/python3.8/site-packages/airflow/example_dags/example_subdag_operator.py
[2025-05-09T10:04:37.429+0000] {logging_mixin.py:188} INFO - [2025-05-09T10:04:37.429+0000] {dag.py:3036} INFO - Sync 3 DAGs
[2025-05-09T10:04:37.474+0000] {logging_mixin.py:188} INFO - [2025-05-09T10:04:37.473+0000] {dag.py:3823} INFO - Setting next_dagrun for example_subdag_operator to 2022-01-01 00:00:00+00:00, run_after=2022-01-01 00:00:00+00:00
[2025-05-09T10:04:37.482+0000] {logging_mixin.py:188} INFO - [2025-05-09T10:04:37.482+0000] {dag.py:3823} INFO - Setting next_dagrun for example_subdag_operator.section-1 to None, run_after=None
[2025-05-09T10:04:37.485+0000] {logging_mixin.py:188} INFO - [2025-05-09T10:04:37.485+0000] {dag.py:3823} INFO - Setting next_dagrun for example_subdag_operator.section-2 to None, run_after=None
[2025-05-09T10:04:37.502+0000] {logging_mixin.py:188} INFO - [2025-05-09T10:04:37.502+0000] {dag.py:3036} INFO - Sync 2 DAGs
[2025-05-09T10:04:37.512+0000] {logging_mixin.py:188} INFO - [2025-05-09T10:04:37.512+0000] {dag.py:3823} INFO - Setting next_dagrun for example_subdag_operator.section-1 to None, run_after=None
[2025-05-09T10:04:37.513+0000] {logging_mixin.py:188} INFO - [2025-05-09T10:04:37.513+0000] {dag.py:3823} INFO - Setting next_dagrun for example_subdag_operator.section-2 to None, run_after=None
[2025-05-09T10:04:37.533+0000] {processor.py:183} INFO - Processing /home/airflow/.local/lib/python3.8/site-packages/airflow/example_dags/example_subdag_operator.py took 0.190 seconds
[2025-05-09T10:05:08.178+0000] {processor.py:161} INFO - Started process (PID=520) to work on /home/airflow/.local/lib/python3.8/site-packages/airflow/example_dags/example_subdag_operator.py
[2025-05-09T10:05:08.183+0000] {processor.py:830} INFO - Processing file /home/airflow/.local/lib/python3.8/site-packages/airflow/example_dags/example_subdag_operator.py for tasks to queue
[2025-05-09T10:05:08.192+0000] {logging_mixin.py:188} INFO - [2025-05-09T10:05:08.191+0000] {dagbag.py:538} INFO - Filling up the DagBag from /home/airflow/.local/lib/python3.8/site-packages/airflow/example_dags/example_subdag_operator.py
[2025-05-09T10:05:08.310+0000] {processor.py:840} INFO - DAG(s) 'example_subdag_operator.section-1', 'example_subdag_operator.section-2', 'example_subdag_operator' retrieved from /home/airflow/.local/lib/python3.8/site-packages/airflow/example_dags/example_subdag_operator.py
[2025-05-09T10:05:08.389+0000] {logging_mixin.py:188} INFO - [2025-05-09T10:05:08.388+0000] {dag.py:3036} INFO - Sync 3 DAGs
[2025-05-09T10:05:08.507+0000] {logging_mixin.py:188} INFO - [2025-05-09T10:05:08.506+0000] {dag.py:3823} INFO - Setting next_dagrun for example_subdag_operator to 2022-01-01 00:00:00+00:00, run_after=2022-01-01 00:00:00+00:00
[2025-05-09T10:05:08.525+0000] {logging_mixin.py:188} INFO - [2025-05-09T10:05:08.524+0000] {dag.py:3823} INFO - Setting next_dagrun for example_subdag_operator.section-1 to None, run_after=None
[2025-05-09T10:05:08.532+0000] {logging_mixin.py:188} INFO - [2025-05-09T10:05:08.531+0000] {dag.py:3823} INFO - Setting next_dagrun for example_subdag_operator.section-2 to None, run_after=None
[2025-05-09T10:05:08.566+0000] {logging_mixin.py:188} INFO - [2025-05-09T10:05:08.565+0000] {dag.py:3036} INFO - Sync 2 DAGs
[2025-05-09T10:05:08.600+0000] {logging_mixin.py:188} INFO - [2025-05-09T10:05:08.598+0000] {dag.py:3823} INFO - Setting next_dagrun for example_subdag_operator.section-1 to None, run_after=None
[2025-05-09T10:05:08.603+0000] {logging_mixin.py:188} INFO - [2025-05-09T10:05:08.602+0000] {dag.py:3823} INFO - Setting next_dagrun for example_subdag_operator.section-2 to None, run_after=None
[2025-05-09T10:05:08.665+0000] {processor.py:183} INFO - Processing /home/airflow/.local/lib/python3.8/site-packages/airflow/example_dags/example_subdag_operator.py took 0.508 seconds
[2025-05-09T10:05:38.831+0000] {processor.py:161} INFO - Started process (PID=576) to work on /home/airflow/.local/lib/python3.8/site-packages/airflow/example_dags/example_subdag_operator.py
[2025-05-09T10:05:38.833+0000] {processor.py:830} INFO - Processing file /home/airflow/.local/lib/python3.8/site-packages/airflow/example_dags/example_subdag_operator.py for tasks to queue
[2025-05-09T10:05:38.837+0000] {logging_mixin.py:188} INFO - [2025-05-09T10:05:38.837+0000] {dagbag.py:538} INFO - Filling up the DagBag from /home/airflow/.local/lib/python3.8/site-packages/airflow/example_dags/example_subdag_operator.py
[2025-05-09T10:05:38.880+0000] {processor.py:840} INFO - DAG(s) 'example_subdag_operator.section-1', 'example_subdag_operator.section-2', 'example_subdag_operator' retrieved from /home/airflow/.local/lib/python3.8/site-packages/airflow/example_dags/example_subdag_operator.py
[2025-05-09T10:05:38.910+0000] {logging_mixin.py:188} INFO - [2025-05-09T10:05:38.909+0000] {dag.py:3036} INFO - Sync 3 DAGs
[2025-05-09T10:05:38.956+0000] {logging_mixin.py:188} INFO - [2025-05-09T10:05:38.956+0000] {dag.py:3823} INFO - Setting next_dagrun for example_subdag_operator to 2022-01-01 00:00:00+00:00, run_after=2022-01-01 00:00:00+00:00
[2025-05-09T10:05:38.965+0000] {logging_mixin.py:188} INFO - [2025-05-09T10:05:38.965+0000] {dag.py:3823} INFO - Setting next_dagrun for example_subdag_operator.section-1 to None, run_after=None
[2025-05-09T10:05:38.969+0000] {logging_mixin.py:188} INFO - [2025-05-09T10:05:38.968+0000] {dag.py:3823} INFO - Setting next_dagrun for example_subdag_operator.section-2 to None, run_after=None
[2025-05-09T10:05:38.985+0000] {logging_mixin.py:188} INFO - [2025-05-09T10:05:38.985+0000] {dag.py:3036} INFO - Sync 2 DAGs
[2025-05-09T10:05:38.997+0000] {logging_mixin.py:188} INFO - [2025-05-09T10:05:38.996+0000] {dag.py:3823} INFO - Setting next_dagrun for example_subdag_operator.section-1 to None, run_after=None
[2025-05-09T10:05:38.998+0000] {logging_mixin.py:188} INFO - [2025-05-09T10:05:38.997+0000] {dag.py:3823} INFO - Setting next_dagrun for example_subdag_operator.section-2 to None, run_after=None
[2025-05-09T10:05:39.021+0000] {processor.py:183} INFO - Processing /home/airflow/.local/lib/python3.8/site-packages/airflow/example_dags/example_subdag_operator.py took 0.197 seconds
[2025-05-09T10:06:09.498+0000] {processor.py:161} INFO - Started process (PID=633) to work on /home/airflow/.local/lib/python3.8/site-packages/airflow/example_dags/example_subdag_operator.py
[2025-05-09T10:06:09.500+0000] {processor.py:830} INFO - Processing file /home/airflow/.local/lib/python3.8/site-packages/airflow/example_dags/example_subdag_operator.py for tasks to queue
[2025-05-09T10:06:09.505+0000] {logging_mixin.py:188} INFO - [2025-05-09T10:06:09.504+0000] {dagbag.py:538} INFO - Filling up the DagBag from /home/airflow/.local/lib/python3.8/site-packages/airflow/example_dags/example_subdag_operator.py
[2025-05-09T10:06:09.574+0000] {processor.py:840} INFO - DAG(s) 'example_subdag_operator.section-1', 'example_subdag_operator.section-2', 'example_subdag_operator' retrieved from /home/airflow/.local/lib/python3.8/site-packages/airflow/example_dags/example_subdag_operator.py
[2025-05-09T10:06:09.624+0000] {logging_mixin.py:188} INFO - [2025-05-09T10:06:09.624+0000] {dag.py:3036} INFO - Sync 3 DAGs
[2025-05-09T10:06:09.677+0000] {logging_mixin.py:188} INFO - [2025-05-09T10:06:09.676+0000] {dag.py:3823} INFO - Setting next_dagrun for example_subdag_operator to 2022-01-01 00:00:00+00:00, run_after=2022-01-01 00:00:00+00:00
[2025-05-09T10:06:09.684+0000] {logging_mixin.py:188} INFO - [2025-05-09T10:06:09.684+0000] {dag.py:3823} INFO - Setting next_dagrun for example_subdag_operator.section-1 to None, run_after=None
[2025-05-09T10:06:09.687+0000] {logging_mixin.py:188} INFO - [2025-05-09T10:06:09.687+0000] {dag.py:3823} INFO - Setting next_dagrun for example_subdag_operator.section-2 to None, run_after=None
[2025-05-09T10:06:09.703+0000] {logging_mixin.py:188} INFO - [2025-05-09T10:06:09.703+0000] {dag.py:3036} INFO - Sync 2 DAGs
[2025-05-09T10:06:09.715+0000] {logging_mixin.py:188} INFO - [2025-05-09T10:06:09.714+0000] {dag.py:3823} INFO - Setting next_dagrun for example_subdag_operator.section-1 to None, run_after=None
[2025-05-09T10:06:09.716+0000] {logging_mixin.py:188} INFO - [2025-05-09T10:06:09.715+0000] {dag.py:3823} INFO - Setting next_dagrun for example_subdag_operator.section-2 to None, run_after=None
[2025-05-09T10:06:09.734+0000] {processor.py:183} INFO - Processing /home/airflow/.local/lib/python3.8/site-packages/airflow/example_dags/example_subdag_operator.py took 0.244 seconds
[2025-05-09T10:06:39.973+0000] {processor.py:161} INFO - Started process (PID=688) to work on /home/airflow/.local/lib/python3.8/site-packages/airflow/example_dags/example_subdag_operator.py
[2025-05-09T10:06:39.977+0000] {processor.py:830} INFO - Processing file /home/airflow/.local/lib/python3.8/site-packages/airflow/example_dags/example_subdag_operator.py for tasks to queue
[2025-05-09T10:06:39.987+0000] {logging_mixin.py:188} INFO - [2025-05-09T10:06:39.986+0000] {dagbag.py:538} INFO - Filling up the DagBag from /home/airflow/.local/lib/python3.8/site-packages/airflow/example_dags/example_subdag_operator.py
[2025-05-09T10:06:40.121+0000] {processor.py:840} INFO - DAG(s) 'example_subdag_operator.section-1', 'example_subdag_operator.section-2', 'example_subdag_operator' retrieved from /home/airflow/.local/lib/python3.8/site-packages/airflow/example_dags/example_subdag_operator.py
[2025-05-09T10:06:40.171+0000] {logging_mixin.py:188} INFO - [2025-05-09T10:06:40.170+0000] {dag.py:3036} INFO - Sync 3 DAGs
[2025-05-09T10:06:40.235+0000] {logging_mixin.py:188} INFO - [2025-05-09T10:06:40.234+0000] {dag.py:3823} INFO - Setting next_dagrun for example_subdag_operator to 2022-01-01 00:00:00+00:00, run_after=2022-01-01 00:00:00+00:00
[2025-05-09T10:06:40.242+0000] {logging_mixin.py:188} INFO - [2025-05-09T10:06:40.242+0000] {dag.py:3823} INFO - Setting next_dagrun for example_subdag_operator.section-1 to None, run_after=None
[2025-05-09T10:06:40.246+0000] {logging_mixin.py:188} INFO - [2025-05-09T10:06:40.245+0000] {dag.py:3823} INFO - Setting next_dagrun for example_subdag_operator.section-2 to None, run_after=None
[2025-05-09T10:06:40.261+0000] {logging_mixin.py:188} INFO - [2025-05-09T10:06:40.261+0000] {dag.py:3036} INFO - Sync 2 DAGs
[2025-05-09T10:06:40.271+0000] {logging_mixin.py:188} INFO - [2025-05-09T10:06:40.271+0000] {dag.py:3823} INFO - Setting next_dagrun for example_subdag_operator.section-1 to None, run_after=None
[2025-05-09T10:06:40.272+0000] {logging_mixin.py:188} INFO - [2025-05-09T10:06:40.272+0000] {dag.py:3823} INFO - Setting next_dagrun for example_subdag_operator.section-2 to None, run_after=None
[2025-05-09T10:06:40.298+0000] {processor.py:183} INFO - Processing /home/airflow/.local/lib/python3.8/site-packages/airflow/example_dags/example_subdag_operator.py took 0.345 seconds
[2025-05-09T10:09:02.028+0000] {processor.py:161} INFO - Started process (PID=70) to work on /home/airflow/.local/lib/python3.8/site-packages/airflow/example_dags/example_subdag_operator.py
[2025-05-09T10:09:02.030+0000] {processor.py:830} INFO - Processing file /home/airflow/.local/lib/python3.8/site-packages/airflow/example_dags/example_subdag_operator.py for tasks to queue
[2025-05-09T10:09:02.034+0000] {logging_mixin.py:188} INFO - [2025-05-09T10:09:02.033+0000] {dagbag.py:538} INFO - Filling up the DagBag from /home/airflow/.local/lib/python3.8/site-packages/airflow/example_dags/example_subdag_operator.py
[2025-05-09T10:09:02.294+0000] {processor.py:840} INFO - DAG(s) 'example_subdag_operator.section-1', 'example_subdag_operator.section-2', 'example_subdag_operator' retrieved from /home/airflow/.local/lib/python3.8/site-packages/airflow/example_dags/example_subdag_operator.py
[2025-05-09T10:09:03.088+0000] {logging_mixin.py:188} INFO - [2025-05-09T10:09:03.086+0000] {dag.py:3036} INFO - Sync 3 DAGs
[2025-05-09T10:09:03.202+0000] {logging_mixin.py:188} INFO - [2025-05-09T10:09:03.201+0000] {dag.py:3823} INFO - Setting next_dagrun for example_subdag_operator to 2022-01-01 00:00:00+00:00, run_after=2022-01-01 00:00:00+00:00
[2025-05-09T10:09:03.209+0000] {logging_mixin.py:188} INFO - [2025-05-09T10:09:03.208+0000] {dag.py:3823} INFO - Setting next_dagrun for example_subdag_operator.section-1 to None, run_after=None
[2025-05-09T10:09:03.212+0000] {logging_mixin.py:188} INFO - [2025-05-09T10:09:03.211+0000] {dag.py:3823} INFO - Setting next_dagrun for example_subdag_operator.section-2 to None, run_after=None
[2025-05-09T10:09:03.232+0000] {logging_mixin.py:188} INFO - [2025-05-09T10:09:03.232+0000] {dag.py:3036} INFO - Sync 2 DAGs
[2025-05-09T10:09:03.247+0000] {logging_mixin.py:188} INFO - [2025-05-09T10:09:03.247+0000] {dag.py:3823} INFO - Setting next_dagrun for example_subdag_operator.section-1 to None, run_after=None
[2025-05-09T10:09:03.249+0000] {logging_mixin.py:188} INFO - [2025-05-09T10:09:03.249+0000] {dag.py:3823} INFO - Setting next_dagrun for example_subdag_operator.section-2 to None, run_after=None
[2025-05-09T10:09:03.279+0000] {processor.py:183} INFO - Processing /home/airflow/.local/lib/python3.8/site-packages/airflow/example_dags/example_subdag_operator.py took 1.256 seconds
[2025-05-09T10:09:33.385+0000] {processor.py:161} INFO - Started process (PID=125) to work on /home/airflow/.local/lib/python3.8/site-packages/airflow/example_dags/example_subdag_operator.py
[2025-05-09T10:09:33.390+0000] {processor.py:830} INFO - Processing file /home/airflow/.local/lib/python3.8/site-packages/airflow/example_dags/example_subdag_operator.py for tasks to queue
[2025-05-09T10:09:33.398+0000] {logging_mixin.py:188} INFO - [2025-05-09T10:09:33.397+0000] {dagbag.py:538} INFO - Filling up the DagBag from /home/airflow/.local/lib/python3.8/site-packages/airflow/example_dags/example_subdag_operator.py
[2025-05-09T10:09:33.467+0000] {processor.py:840} INFO - DAG(s) 'example_subdag_operator.section-1', 'example_subdag_operator.section-2', 'example_subdag_operator' retrieved from /home/airflow/.local/lib/python3.8/site-packages/airflow/example_dags/example_subdag_operator.py
[2025-05-09T10:09:33.533+0000] {logging_mixin.py:188} INFO - [2025-05-09T10:09:33.532+0000] {dag.py:3036} INFO - Sync 3 DAGs
[2025-05-09T10:09:33.595+0000] {logging_mixin.py:188} INFO - [2025-05-09T10:09:33.594+0000] {dag.py:3823} INFO - Setting next_dagrun for example_subdag_operator to 2022-01-01 00:00:00+00:00, run_after=2022-01-01 00:00:00+00:00
[2025-05-09T10:09:33.603+0000] {logging_mixin.py:188} INFO - [2025-05-09T10:09:33.603+0000] {dag.py:3823} INFO - Setting next_dagrun for example_subdag_operator.section-1 to None, run_after=None
[2025-05-09T10:09:33.606+0000] {logging_mixin.py:188} INFO - [2025-05-09T10:09:33.606+0000] {dag.py:3823} INFO - Setting next_dagrun for example_subdag_operator.section-2 to None, run_after=None
[2025-05-09T10:09:33.623+0000] {logging_mixin.py:188} INFO - [2025-05-09T10:09:33.623+0000] {dag.py:3036} INFO - Sync 2 DAGs
[2025-05-09T10:09:33.635+0000] {logging_mixin.py:188} INFO - [2025-05-09T10:09:33.634+0000] {dag.py:3823} INFO - Setting next_dagrun for example_subdag_operator.section-1 to None, run_after=None
[2025-05-09T10:09:33.636+0000] {logging_mixin.py:188} INFO - [2025-05-09T10:09:33.636+0000] {dag.py:3823} INFO - Setting next_dagrun for example_subdag_operator.section-2 to None, run_after=None
[2025-05-09T10:09:33.659+0000] {processor.py:183} INFO - Processing /home/airflow/.local/lib/python3.8/site-packages/airflow/example_dags/example_subdag_operator.py took 0.283 seconds
[2025-05-09T10:10:04.796+0000] {processor.py:161} INFO - Started process (PID=180) to work on /home/airflow/.local/lib/python3.8/site-packages/airflow/example_dags/example_subdag_operator.py
[2025-05-09T10:10:04.862+0000] {processor.py:830} INFO - Processing file /home/airflow/.local/lib/python3.8/site-packages/airflow/example_dags/example_subdag_operator.py for tasks to queue
[2025-05-09T10:10:04.868+0000] {logging_mixin.py:188} INFO - [2025-05-09T10:10:04.867+0000] {dagbag.py:538} INFO - Filling up the DagBag from /home/airflow/.local/lib/python3.8/site-packages/airflow/example_dags/example_subdag_operator.py
[2025-05-09T10:10:04.983+0000] {processor.py:840} INFO - DAG(s) 'example_subdag_operator.section-1', 'example_subdag_operator.section-2', 'example_subdag_operator' retrieved from /home/airflow/.local/lib/python3.8/site-packages/airflow/example_dags/example_subdag_operator.py
[2025-05-09T10:10:05.045+0000] {logging_mixin.py:188} INFO - [2025-05-09T10:10:05.045+0000] {dag.py:3036} INFO - Sync 3 DAGs
[2025-05-09T10:10:05.240+0000] {logging_mixin.py:188} INFO - [2025-05-09T10:10:05.239+0000] {dag.py:3823} INFO - Setting next_dagrun for example_subdag_operator to 2022-01-01 00:00:00+00:00, run_after=2022-01-01 00:00:00+00:00
[2025-05-09T10:10:05.262+0000] {logging_mixin.py:188} INFO - [2025-05-09T10:10:05.261+0000] {dag.py:3823} INFO - Setting next_dagrun for example_subdag_operator.section-1 to None, run_after=None
[2025-05-09T10:10:05.269+0000] {logging_mixin.py:188} INFO - [2025-05-09T10:10:05.267+0000] {dag.py:3823} INFO - Setting next_dagrun for example_subdag_operator.section-2 to None, run_after=None
[2025-05-09T10:10:05.344+0000] {logging_mixin.py:188} INFO - [2025-05-09T10:10:05.344+0000] {dag.py:3036} INFO - Sync 2 DAGs
[2025-05-09T10:10:05.373+0000] {logging_mixin.py:188} INFO - [2025-05-09T10:10:05.373+0000] {dag.py:3823} INFO - Setting next_dagrun for example_subdag_operator.section-1 to None, run_after=None
[2025-05-09T10:10:05.377+0000] {logging_mixin.py:188} INFO - [2025-05-09T10:10:05.376+0000] {dag.py:3823} INFO - Setting next_dagrun for example_subdag_operator.section-2 to None, run_after=None
[2025-05-09T10:10:05.433+0000] {processor.py:183} INFO - Processing /home/airflow/.local/lib/python3.8/site-packages/airflow/example_dags/example_subdag_operator.py took 0.655 seconds
[2025-05-09T10:10:35.746+0000] {processor.py:161} INFO - Started process (PID=236) to work on /home/airflow/.local/lib/python3.8/site-packages/airflow/example_dags/example_subdag_operator.py
[2025-05-09T10:10:35.748+0000] {processor.py:830} INFO - Processing file /home/airflow/.local/lib/python3.8/site-packages/airflow/example_dags/example_subdag_operator.py for tasks to queue
[2025-05-09T10:10:35.753+0000] {logging_mixin.py:188} INFO - [2025-05-09T10:10:35.752+0000] {dagbag.py:538} INFO - Filling up the DagBag from /home/airflow/.local/lib/python3.8/site-packages/airflow/example_dags/example_subdag_operator.py
[2025-05-09T10:10:35.805+0000] {processor.py:840} INFO - DAG(s) 'example_subdag_operator.section-1', 'example_subdag_operator.section-2', 'example_subdag_operator' retrieved from /home/airflow/.local/lib/python3.8/site-packages/airflow/example_dags/example_subdag_operator.py
[2025-05-09T10:10:35.851+0000] {logging_mixin.py:188} INFO - [2025-05-09T10:10:35.850+0000] {dag.py:3036} INFO - Sync 3 DAGs
[2025-05-09T10:10:35.909+0000] {logging_mixin.py:188} INFO - [2025-05-09T10:10:35.908+0000] {dag.py:3823} INFO - Setting next_dagrun for example_subdag_operator to 2022-01-01 00:00:00+00:00, run_after=2022-01-01 00:00:00+00:00
[2025-05-09T10:10:35.919+0000] {logging_mixin.py:188} INFO - [2025-05-09T10:10:35.918+0000] {dag.py:3823} INFO - Setting next_dagrun for example_subdag_operator.section-1 to None, run_after=None
[2025-05-09T10:10:35.923+0000] {logging_mixin.py:188} INFO - [2025-05-09T10:10:35.922+0000] {dag.py:3823} INFO - Setting next_dagrun for example_subdag_operator.section-2 to None, run_after=None
[2025-05-09T10:10:35.938+0000] {logging_mixin.py:188} INFO - [2025-05-09T10:10:35.938+0000] {dag.py:3036} INFO - Sync 2 DAGs
[2025-05-09T10:10:35.950+0000] {logging_mixin.py:188} INFO - [2025-05-09T10:10:35.949+0000] {dag.py:3823} INFO - Setting next_dagrun for example_subdag_operator.section-1 to None, run_after=None
[2025-05-09T10:10:35.951+0000] {logging_mixin.py:188} INFO - [2025-05-09T10:10:35.951+0000] {dag.py:3823} INFO - Setting next_dagrun for example_subdag_operator.section-2 to None, run_after=None
[2025-05-09T10:10:35.974+0000] {processor.py:183} INFO - Processing /home/airflow/.local/lib/python3.8/site-packages/airflow/example_dags/example_subdag_operator.py took 0.236 seconds
[2025-05-09T10:11:06.571+0000] {processor.py:161} INFO - Started process (PID=292) to work on /home/airflow/.local/lib/python3.8/site-packages/airflow/example_dags/example_subdag_operator.py
[2025-05-09T10:11:06.574+0000] {processor.py:830} INFO - Processing file /home/airflow/.local/lib/python3.8/site-packages/airflow/example_dags/example_subdag_operator.py for tasks to queue
[2025-05-09T10:11:06.577+0000] {logging_mixin.py:188} INFO - [2025-05-09T10:11:06.576+0000] {dagbag.py:538} INFO - Filling up the DagBag from /home/airflow/.local/lib/python3.8/site-packages/airflow/example_dags/example_subdag_operator.py
[2025-05-09T10:11:06.631+0000] {processor.py:840} INFO - DAG(s) 'example_subdag_operator.section-1', 'example_subdag_operator.section-2', 'example_subdag_operator' retrieved from /home/airflow/.local/lib/python3.8/site-packages/airflow/example_dags/example_subdag_operator.py
[2025-05-09T10:11:06.663+0000] {logging_mixin.py:188} INFO - [2025-05-09T10:11:06.662+0000] {dag.py:3036} INFO - Sync 3 DAGs
[2025-05-09T10:11:06.723+0000] {logging_mixin.py:188} INFO - [2025-05-09T10:11:06.723+0000] {dag.py:3823} INFO - Setting next_dagrun for example_subdag_operator to 2022-01-01 00:00:00+00:00, run_after=2022-01-01 00:00:00+00:00
[2025-05-09T10:11:06.731+0000] {logging_mixin.py:188} INFO - [2025-05-09T10:11:06.731+0000] {dag.py:3823} INFO - Setting next_dagrun for example_subdag_operator.section-1 to None, run_after=None
[2025-05-09T10:11:06.735+0000] {logging_mixin.py:188} INFO - [2025-05-09T10:11:06.734+0000] {dag.py:3823} INFO - Setting next_dagrun for example_subdag_operator.section-2 to None, run_after=None
[2025-05-09T10:11:06.749+0000] {logging_mixin.py:188} INFO - [2025-05-09T10:11:06.749+0000] {dag.py:3036} INFO - Sync 2 DAGs
[2025-05-09T10:11:06.760+0000] {logging_mixin.py:188} INFO - [2025-05-09T10:11:06.760+0000] {dag.py:3823} INFO - Setting next_dagrun for example_subdag_operator.section-1 to None, run_after=None
[2025-05-09T10:11:06.762+0000] {logging_mixin.py:188} INFO - [2025-05-09T10:11:06.761+0000] {dag.py:3823} INFO - Setting next_dagrun for example_subdag_operator.section-2 to None, run_after=None
[2025-05-09T10:11:06.797+0000] {processor.py:183} INFO - Processing /home/airflow/.local/lib/python3.8/site-packages/airflow/example_dags/example_subdag_operator.py took 0.236 seconds
[2025-05-09T10:11:37.789+0000] {processor.py:161} INFO - Started process (PID=348) to work on /home/airflow/.local/lib/python3.8/site-packages/airflow/example_dags/example_subdag_operator.py
[2025-05-09T10:11:37.834+0000] {processor.py:830} INFO - Processing file /home/airflow/.local/lib/python3.8/site-packages/airflow/example_dags/example_subdag_operator.py for tasks to queue
[2025-05-09T10:11:37.838+0000] {logging_mixin.py:188} INFO - [2025-05-09T10:11:37.837+0000] {dagbag.py:538} INFO - Filling up the DagBag from /home/airflow/.local/lib/python3.8/site-packages/airflow/example_dags/example_subdag_operator.py
[2025-05-09T10:11:37.882+0000] {processor.py:840} INFO - DAG(s) 'example_subdag_operator.section-1', 'example_subdag_operator.section-2', 'example_subdag_operator' retrieved from /home/airflow/.local/lib/python3.8/site-packages/airflow/example_dags/example_subdag_operator.py
[2025-05-09T10:11:37.919+0000] {logging_mixin.py:188} INFO - [2025-05-09T10:11:37.919+0000] {dag.py:3036} INFO - Sync 3 DAGs
[2025-05-09T10:11:37.967+0000] {logging_mixin.py:188} INFO - [2025-05-09T10:11:37.967+0000] {dag.py:3823} INFO - Setting next_dagrun for example_subdag_operator to 2022-01-01 00:00:00+00:00, run_after=2022-01-01 00:00:00+00:00
[2025-05-09T10:11:37.987+0000] {logging_mixin.py:188} INFO - [2025-05-09T10:11:37.986+0000] {dag.py:3823} INFO - Setting next_dagrun for example_subdag_operator.section-1 to None, run_after=None
[2025-05-09T10:11:37.991+0000] {logging_mixin.py:188} INFO - [2025-05-09T10:11:37.991+0000] {dag.py:3823} INFO - Setting next_dagrun for example_subdag_operator.section-2 to None, run_after=None
[2025-05-09T10:11:38.023+0000] {logging_mixin.py:188} INFO - [2025-05-09T10:11:38.023+0000] {dag.py:3036} INFO - Sync 2 DAGs
[2025-05-09T10:11:38.043+0000] {logging_mixin.py:188} INFO - [2025-05-09T10:11:38.042+0000] {dag.py:3823} INFO - Setting next_dagrun for example_subdag_operator.section-1 to None, run_after=None
[2025-05-09T10:11:38.045+0000] {logging_mixin.py:188} INFO - [2025-05-09T10:11:38.044+0000] {dag.py:3823} INFO - Setting next_dagrun for example_subdag_operator.section-2 to None, run_after=None
[2025-05-09T10:11:38.080+0000] {processor.py:183} INFO - Processing /home/airflow/.local/lib/python3.8/site-packages/airflow/example_dags/example_subdag_operator.py took 0.298 seconds
[2025-05-09T10:12:08.841+0000] {processor.py:161} INFO - Started process (PID=404) to work on /home/airflow/.local/lib/python3.8/site-packages/airflow/example_dags/example_subdag_operator.py
[2025-05-09T10:12:08.845+0000] {processor.py:830} INFO - Processing file /home/airflow/.local/lib/python3.8/site-packages/airflow/example_dags/example_subdag_operator.py for tasks to queue
[2025-05-09T10:12:08.852+0000] {logging_mixin.py:188} INFO - [2025-05-09T10:12:08.850+0000] {dagbag.py:538} INFO - Filling up the DagBag from /home/airflow/.local/lib/python3.8/site-packages/airflow/example_dags/example_subdag_operator.py
[2025-05-09T10:12:08.963+0000] {processor.py:840} INFO - DAG(s) 'example_subdag_operator.section-1', 'example_subdag_operator.section-2', 'example_subdag_operator' retrieved from /home/airflow/.local/lib/python3.8/site-packages/airflow/example_dags/example_subdag_operator.py
[2025-05-09T10:12:09.043+0000] {logging_mixin.py:188} INFO - [2025-05-09T10:12:09.042+0000] {dag.py:3036} INFO - Sync 3 DAGs
[2025-05-09T10:12:09.154+0000] {logging_mixin.py:188} INFO - [2025-05-09T10:12:09.153+0000] {dag.py:3823} INFO - Setting next_dagrun for example_subdag_operator to 2022-01-01 00:00:00+00:00, run_after=2022-01-01 00:00:00+00:00
[2025-05-09T10:12:09.171+0000] {logging_mixin.py:188} INFO - [2025-05-09T10:12:09.171+0000] {dag.py:3823} INFO - Setting next_dagrun for example_subdag_operator.section-1 to None, run_after=None
[2025-05-09T10:12:09.178+0000] {logging_mixin.py:188} INFO - [2025-05-09T10:12:09.178+0000] {dag.py:3823} INFO - Setting next_dagrun for example_subdag_operator.section-2 to None, run_after=None
[2025-05-09T10:12:09.212+0000] {logging_mixin.py:188} INFO - [2025-05-09T10:12:09.211+0000] {dag.py:3036} INFO - Sync 2 DAGs
[2025-05-09T10:12:09.236+0000] {logging_mixin.py:188} INFO - [2025-05-09T10:12:09.235+0000] {dag.py:3823} INFO - Setting next_dagrun for example_subdag_operator.section-1 to None, run_after=None
[2025-05-09T10:12:09.239+0000] {logging_mixin.py:188} INFO - [2025-05-09T10:12:09.238+0000] {dag.py:3823} INFO - Setting next_dagrun for example_subdag_operator.section-2 to None, run_after=None
[2025-05-09T10:12:09.299+0000] {processor.py:183} INFO - Processing /home/airflow/.local/lib/python3.8/site-packages/airflow/example_dags/example_subdag_operator.py took 0.467 seconds
[2025-05-09T10:12:39.557+0000] {processor.py:161} INFO - Started process (PID=460) to work on /home/airflow/.local/lib/python3.8/site-packages/airflow/example_dags/example_subdag_operator.py
[2025-05-09T10:12:39.559+0000] {processor.py:830} INFO - Processing file /home/airflow/.local/lib/python3.8/site-packages/airflow/example_dags/example_subdag_operator.py for tasks to queue
[2025-05-09T10:12:39.563+0000] {logging_mixin.py:188} INFO - [2025-05-09T10:12:39.562+0000] {dagbag.py:538} INFO - Filling up the DagBag from /home/airflow/.local/lib/python3.8/site-packages/airflow/example_dags/example_subdag_operator.py
[2025-05-09T10:12:39.606+0000] {processor.py:840} INFO - DAG(s) 'example_subdag_operator.section-1', 'example_subdag_operator.section-2', 'example_subdag_operator' retrieved from /home/airflow/.local/lib/python3.8/site-packages/airflow/example_dags/example_subdag_operator.py
[2025-05-09T10:12:39.636+0000] {logging_mixin.py:188} INFO - [2025-05-09T10:12:39.636+0000] {dag.py:3036} INFO - Sync 3 DAGs
[2025-05-09T10:12:39.680+0000] {logging_mixin.py:188} INFO - [2025-05-09T10:12:39.679+0000] {dag.py:3823} INFO - Setting next_dagrun for example_subdag_operator to 2022-01-01 00:00:00+00:00, run_after=2022-01-01 00:00:00+00:00
[2025-05-09T10:12:39.687+0000] {logging_mixin.py:188} INFO - [2025-05-09T10:12:39.686+0000] {dag.py:3823} INFO - Setting next_dagrun for example_subdag_operator.section-1 to None, run_after=None
[2025-05-09T10:12:39.690+0000] {logging_mixin.py:188} INFO - [2025-05-09T10:12:39.690+0000] {dag.py:3823} INFO - Setting next_dagrun for example_subdag_operator.section-2 to None, run_after=None
[2025-05-09T10:12:39.710+0000] {logging_mixin.py:188} INFO - [2025-05-09T10:12:39.710+0000] {dag.py:3036} INFO - Sync 2 DAGs
[2025-05-09T10:12:39.721+0000] {logging_mixin.py:188} INFO - [2025-05-09T10:12:39.721+0000] {dag.py:3823} INFO - Setting next_dagrun for example_subdag_operator.section-1 to None, run_after=None
[2025-05-09T10:12:39.722+0000] {logging_mixin.py:188} INFO - [2025-05-09T10:12:39.722+0000] {dag.py:3823} INFO - Setting next_dagrun for example_subdag_operator.section-2 to None, run_after=None
[2025-05-09T10:12:39.743+0000] {processor.py:183} INFO - Processing /home/airflow/.local/lib/python3.8/site-packages/airflow/example_dags/example_subdag_operator.py took 0.192 seconds
[2025-05-09T10:13:10.569+0000] {processor.py:161} INFO - Started process (PID=516) to work on /home/airflow/.local/lib/python3.8/site-packages/airflow/example_dags/example_subdag_operator.py
[2025-05-09T10:13:10.571+0000] {processor.py:830} INFO - Processing file /home/airflow/.local/lib/python3.8/site-packages/airflow/example_dags/example_subdag_operator.py for tasks to queue
[2025-05-09T10:13:10.574+0000] {logging_mixin.py:188} INFO - [2025-05-09T10:13:10.574+0000] {dagbag.py:538} INFO - Filling up the DagBag from /home/airflow/.local/lib/python3.8/site-packages/airflow/example_dags/example_subdag_operator.py
[2025-05-09T10:13:10.621+0000] {processor.py:840} INFO - DAG(s) 'example_subdag_operator.section-1', 'example_subdag_operator.section-2', 'example_subdag_operator' retrieved from /home/airflow/.local/lib/python3.8/site-packages/airflow/example_dags/example_subdag_operator.py
[2025-05-09T10:13:10.651+0000] {logging_mixin.py:188} INFO - [2025-05-09T10:13:10.651+0000] {dag.py:3036} INFO - Sync 3 DAGs
[2025-05-09T10:13:10.694+0000] {logging_mixin.py:188} INFO - [2025-05-09T10:13:10.694+0000] {dag.py:3823} INFO - Setting next_dagrun for example_subdag_operator to 2022-01-01 00:00:00+00:00, run_after=2022-01-01 00:00:00+00:00
[2025-05-09T10:13:10.701+0000] {logging_mixin.py:188} INFO - [2025-05-09T10:13:10.701+0000] {dag.py:3823} INFO - Setting next_dagrun for example_subdag_operator.section-1 to None, run_after=None
[2025-05-09T10:13:10.704+0000] {logging_mixin.py:188} INFO - [2025-05-09T10:13:10.704+0000] {dag.py:3823} INFO - Setting next_dagrun for example_subdag_operator.section-2 to None, run_after=None
[2025-05-09T10:13:10.717+0000] {logging_mixin.py:188} INFO - [2025-05-09T10:13:10.717+0000] {dag.py:3036} INFO - Sync 2 DAGs
[2025-05-09T10:13:10.726+0000] {logging_mixin.py:188} INFO - [2025-05-09T10:13:10.726+0000] {dag.py:3823} INFO - Setting next_dagrun for example_subdag_operator.section-1 to None, run_after=None
[2025-05-09T10:13:10.728+0000] {logging_mixin.py:188} INFO - [2025-05-09T10:13:10.727+0000] {dag.py:3823} INFO - Setting next_dagrun for example_subdag_operator.section-2 to None, run_after=None
[2025-05-09T10:13:10.749+0000] {processor.py:183} INFO - Processing /home/airflow/.local/lib/python3.8/site-packages/airflow/example_dags/example_subdag_operator.py took 0.188 seconds
[2025-05-09T10:13:41.399+0000] {processor.py:161} INFO - Started process (PID=572) to work on /home/airflow/.local/lib/python3.8/site-packages/airflow/example_dags/example_subdag_operator.py
[2025-05-09T10:13:41.402+0000] {processor.py:830} INFO - Processing file /home/airflow/.local/lib/python3.8/site-packages/airflow/example_dags/example_subdag_operator.py for tasks to queue
[2025-05-09T10:13:41.408+0000] {logging_mixin.py:188} INFO - [2025-05-09T10:13:41.407+0000] {dagbag.py:538} INFO - Filling up the DagBag from /home/airflow/.local/lib/python3.8/site-packages/airflow/example_dags/example_subdag_operator.py
[2025-05-09T10:13:41.459+0000] {processor.py:840} INFO - DAG(s) 'example_subdag_operator.section-1', 'example_subdag_operator.section-2', 'example_subdag_operator' retrieved from /home/airflow/.local/lib/python3.8/site-packages/airflow/example_dags/example_subdag_operator.py
[2025-05-09T10:13:41.494+0000] {logging_mixin.py:188} INFO - [2025-05-09T10:13:41.494+0000] {dag.py:3036} INFO - Sync 3 DAGs
[2025-05-09T10:13:41.539+0000] {logging_mixin.py:188} INFO - [2025-05-09T10:13:41.538+0000] {dag.py:3823} INFO - Setting next_dagrun for example_subdag_operator to 2022-01-01 00:00:00+00:00, run_after=2022-01-01 00:00:00+00:00
[2025-05-09T10:13:41.545+0000] {logging_mixin.py:188} INFO - [2025-05-09T10:13:41.545+0000] {dag.py:3823} INFO - Setting next_dagrun for example_subdag_operator.section-1 to None, run_after=None
[2025-05-09T10:13:41.548+0000] {logging_mixin.py:188} INFO - [2025-05-09T10:13:41.547+0000] {dag.py:3823} INFO - Setting next_dagrun for example_subdag_operator.section-2 to None, run_after=None
[2025-05-09T10:13:41.561+0000] {logging_mixin.py:188} INFO - [2025-05-09T10:13:41.561+0000] {dag.py:3036} INFO - Sync 2 DAGs
[2025-05-09T10:13:41.571+0000] {logging_mixin.py:188} INFO - [2025-05-09T10:13:41.571+0000] {dag.py:3823} INFO - Setting next_dagrun for example_subdag_operator.section-1 to None, run_after=None
[2025-05-09T10:13:41.572+0000] {logging_mixin.py:188} INFO - [2025-05-09T10:13:41.572+0000] {dag.py:3823} INFO - Setting next_dagrun for example_subdag_operator.section-2 to None, run_after=None
[2025-05-09T10:13:41.596+0000] {processor.py:183} INFO - Processing /home/airflow/.local/lib/python3.8/site-packages/airflow/example_dags/example_subdag_operator.py took 0.202 seconds
[2025-05-09T10:14:12.224+0000] {processor.py:161} INFO - Started process (PID=628) to work on /home/airflow/.local/lib/python3.8/site-packages/airflow/example_dags/example_subdag_operator.py
[2025-05-09T10:14:12.227+0000] {processor.py:830} INFO - Processing file /home/airflow/.local/lib/python3.8/site-packages/airflow/example_dags/example_subdag_operator.py for tasks to queue
[2025-05-09T10:14:12.232+0000] {logging_mixin.py:188} INFO - [2025-05-09T10:14:12.231+0000] {dagbag.py:538} INFO - Filling up the DagBag from /home/airflow/.local/lib/python3.8/site-packages/airflow/example_dags/example_subdag_operator.py
[2025-05-09T10:14:12.298+0000] {processor.py:840} INFO - DAG(s) 'example_subdag_operator.section-1', 'example_subdag_operator.section-2', 'example_subdag_operator' retrieved from /home/airflow/.local/lib/python3.8/site-packages/airflow/example_dags/example_subdag_operator.py
[2025-05-09T10:14:12.346+0000] {logging_mixin.py:188} INFO - [2025-05-09T10:14:12.345+0000] {dag.py:3036} INFO - Sync 3 DAGs
[2025-05-09T10:14:12.409+0000] {logging_mixin.py:188} INFO - [2025-05-09T10:14:12.409+0000] {dag.py:3823} INFO - Setting next_dagrun for example_subdag_operator to 2022-01-01 00:00:00+00:00, run_after=2022-01-01 00:00:00+00:00
[2025-05-09T10:14:12.420+0000] {logging_mixin.py:188} INFO - [2025-05-09T10:14:12.420+0000] {dag.py:3823} INFO - Setting next_dagrun for example_subdag_operator.section-1 to None, run_after=None
[2025-05-09T10:14:12.424+0000] {logging_mixin.py:188} INFO - [2025-05-09T10:14:12.424+0000] {dag.py:3823} INFO - Setting next_dagrun for example_subdag_operator.section-2 to None, run_after=None
[2025-05-09T10:14:12.445+0000] {logging_mixin.py:188} INFO - [2025-05-09T10:14:12.445+0000] {dag.py:3036} INFO - Sync 2 DAGs
[2025-05-09T10:14:12.460+0000] {logging_mixin.py:188} INFO - [2025-05-09T10:14:12.459+0000] {dag.py:3823} INFO - Setting next_dagrun for example_subdag_operator.section-1 to None, run_after=None
[2025-05-09T10:14:12.462+0000] {logging_mixin.py:188} INFO - [2025-05-09T10:14:12.461+0000] {dag.py:3823} INFO - Setting next_dagrun for example_subdag_operator.section-2 to None, run_after=None
[2025-05-09T10:14:12.498+0000] {processor.py:183} INFO - Processing /home/airflow/.local/lib/python3.8/site-packages/airflow/example_dags/example_subdag_operator.py took 0.284 seconds
