[2025-05-09T10:01:17.794+0000] {processor.py:161} INFO - Started process (PID=113) to work on /home/airflow/.local/lib/python3.8/site-packages/airflow/example_dags/example_short_circuit_operator.py
[2025-05-09T10:01:17.824+0000] {processor.py:830} INFO - Processing file /home/airflow/.local/lib/python3.8/site-packages/airflow/example_dags/example_short_circuit_operator.py for tasks to queue
[2025-05-09T10:01:17.963+0000] {logging_mixin.py:188} INFO - [2025-05-09T10:01:17.957+0000] {dagbag.py:538} INFO - Filling up the DagBag from /home/airflow/.local/lib/python3.8/site-packages/airflow/example_dags/example_short_circuit_operator.py
[2025-05-09T10:01:18.760+0000] {processor.py:840} INFO - DAG(s) 'example_short_circuit_operator' retrieved from /home/airflow/.local/lib/python3.8/site-packages/airflow/example_dags/example_short_circuit_operator.py
[2025-05-09T10:01:18.888+0000] {logging_mixin.py:188} INFO - [2025-05-09T10:01:18.887+0000] {dag.py:3036} INFO - Sync 1 DAGs
[2025-05-09T10:01:19.280+0000] {logging_mixin.py:188} INFO - [2025-05-09T10:01:19.279+0000] {dag.py:3823} INFO - Setting next_dagrun for example_short_circuit_operator to 2025-05-08 00:00:00+00:00, run_after=2025-05-09 00:00:00+00:00
[2025-05-09T10:01:19.464+0000] {processor.py:183} INFO - Processing /home/airflow/.local/lib/python3.8/site-packages/airflow/example_dags/example_short_circuit_operator.py took 1.723 seconds
[2025-05-09T10:01:49.554+0000] {processor.py:161} INFO - Started process (PID=163) to work on /home/airflow/.local/lib/python3.8/site-packages/airflow/example_dags/example_short_circuit_operator.py
[2025-05-09T10:01:49.580+0000] {processor.py:830} INFO - Processing file /home/airflow/.local/lib/python3.8/site-packages/airflow/example_dags/example_short_circuit_operator.py for tasks to queue
[2025-05-09T10:01:49.589+0000] {logging_mixin.py:188} INFO - [2025-05-09T10:01:49.587+0000] {dagbag.py:538} INFO - Filling up the DagBag from /home/airflow/.local/lib/python3.8/site-packages/airflow/example_dags/example_short_circuit_operator.py
[2025-05-09T10:01:49.620+0000] {processor.py:840} INFO - DAG(s) 'example_short_circuit_operator' retrieved from /home/airflow/.local/lib/python3.8/site-packages/airflow/example_dags/example_short_circuit_operator.py
[2025-05-09T10:01:50.128+0000] {logging_mixin.py:188} INFO - [2025-05-09T10:01:50.127+0000] {dag.py:3036} INFO - Sync 1 DAGs
[2025-05-09T10:01:50.258+0000] {logging_mixin.py:188} INFO - [2025-05-09T10:01:50.257+0000] {dag.py:3823} INFO - Setting next_dagrun for example_short_circuit_operator to 2025-05-08 00:00:00+00:00, run_after=2025-05-09 00:00:00+00:00
[2025-05-09T10:01:50.304+0000] {processor.py:183} INFO - Processing /home/airflow/.local/lib/python3.8/site-packages/airflow/example_dags/example_short_circuit_operator.py took 0.761 seconds
[2025-05-09T10:02:20.932+0000] {processor.py:161} INFO - Started process (PID=219) to work on /home/airflow/.local/lib/python3.8/site-packages/airflow/example_dags/example_short_circuit_operator.py
[2025-05-09T10:02:20.939+0000] {processor.py:830} INFO - Processing file /home/airflow/.local/lib/python3.8/site-packages/airflow/example_dags/example_short_circuit_operator.py for tasks to queue
[2025-05-09T10:02:20.954+0000] {logging_mixin.py:188} INFO - [2025-05-09T10:02:20.952+0000] {dagbag.py:538} INFO - Filling up the DagBag from /home/airflow/.local/lib/python3.8/site-packages/airflow/example_dags/example_short_circuit_operator.py
[2025-05-09T10:02:21.005+0000] {processor.py:840} INFO - DAG(s) 'example_short_circuit_operator' retrieved from /home/airflow/.local/lib/python3.8/site-packages/airflow/example_dags/example_short_circuit_operator.py
[2025-05-09T10:02:21.079+0000] {logging_mixin.py:188} INFO - [2025-05-09T10:02:21.078+0000] {dag.py:3036} INFO - Sync 1 DAGs
[2025-05-09T10:02:21.133+0000] {logging_mixin.py:188} INFO - [2025-05-09T10:02:21.133+0000] {dag.py:3823} INFO - Setting next_dagrun for example_short_circuit_operator to 2025-05-08 00:00:00+00:00, run_after=2025-05-09 00:00:00+00:00
[2025-05-09T10:02:21.168+0000] {processor.py:183} INFO - Processing /home/airflow/.local/lib/python3.8/site-packages/airflow/example_dags/example_short_circuit_operator.py took 0.255 seconds
[2025-05-09T10:02:52.115+0000] {processor.py:161} INFO - Started process (PID=275) to work on /home/airflow/.local/lib/python3.8/site-packages/airflow/example_dags/example_short_circuit_operator.py
[2025-05-09T10:02:52.117+0000] {processor.py:830} INFO - Processing file /home/airflow/.local/lib/python3.8/site-packages/airflow/example_dags/example_short_circuit_operator.py for tasks to queue
[2025-05-09T10:02:52.121+0000] {logging_mixin.py:188} INFO - [2025-05-09T10:02:52.120+0000] {dagbag.py:538} INFO - Filling up the DagBag from /home/airflow/.local/lib/python3.8/site-packages/airflow/example_dags/example_short_circuit_operator.py
[2025-05-09T10:02:52.136+0000] {processor.py:840} INFO - DAG(s) 'example_short_circuit_operator' retrieved from /home/airflow/.local/lib/python3.8/site-packages/airflow/example_dags/example_short_circuit_operator.py
[2025-05-09T10:02:52.178+0000] {logging_mixin.py:188} INFO - [2025-05-09T10:02:52.178+0000] {dag.py:3036} INFO - Sync 1 DAGs
[2025-05-09T10:02:52.225+0000] {logging_mixin.py:188} INFO - [2025-05-09T10:02:52.224+0000] {dag.py:3823} INFO - Setting next_dagrun for example_short_circuit_operator to 2025-05-08 00:00:00+00:00, run_after=2025-05-09 00:00:00+00:00
[2025-05-09T10:02:52.282+0000] {processor.py:183} INFO - Processing /home/airflow/.local/lib/python3.8/site-packages/airflow/example_dags/example_short_circuit_operator.py took 0.171 seconds
[2025-05-09T10:03:22.547+0000] {processor.py:161} INFO - Started process (PID=331) to work on /home/airflow/.local/lib/python3.8/site-packages/airflow/example_dags/example_short_circuit_operator.py
[2025-05-09T10:03:22.549+0000] {processor.py:830} INFO - Processing file /home/airflow/.local/lib/python3.8/site-packages/airflow/example_dags/example_short_circuit_operator.py for tasks to queue
[2025-05-09T10:03:22.553+0000] {logging_mixin.py:188} INFO - [2025-05-09T10:03:22.553+0000] {dagbag.py:538} INFO - Filling up the DagBag from /home/airflow/.local/lib/python3.8/site-packages/airflow/example_dags/example_short_circuit_operator.py
[2025-05-09T10:03:22.571+0000] {processor.py:840} INFO - DAG(s) 'example_short_circuit_operator' retrieved from /home/airflow/.local/lib/python3.8/site-packages/airflow/example_dags/example_short_circuit_operator.py
[2025-05-09T10:03:22.617+0000] {logging_mixin.py:188} INFO - [2025-05-09T10:03:22.616+0000] {dag.py:3036} INFO - Sync 1 DAGs
[2025-05-09T10:03:22.670+0000] {logging_mixin.py:188} INFO - [2025-05-09T10:03:22.669+0000] {dag.py:3823} INFO - Setting next_dagrun for example_short_circuit_operator to 2025-05-08 00:00:00+00:00, run_after=2025-05-09 00:00:00+00:00
[2025-05-09T10:03:22.719+0000] {processor.py:183} INFO - Processing /home/airflow/.local/lib/python3.8/site-packages/airflow/example_dags/example_short_circuit_operator.py took 0.179 seconds
[2025-05-09T10:03:53.191+0000] {processor.py:161} INFO - Started process (PID=387) to work on /home/airflow/.local/lib/python3.8/site-packages/airflow/example_dags/example_short_circuit_operator.py
[2025-05-09T10:03:53.204+0000] {processor.py:830} INFO - Processing file /home/airflow/.local/lib/python3.8/site-packages/airflow/example_dags/example_short_circuit_operator.py for tasks to queue
[2025-05-09T10:03:53.220+0000] {logging_mixin.py:188} INFO - [2025-05-09T10:03:53.214+0000] {dagbag.py:538} INFO - Filling up the DagBag from /home/airflow/.local/lib/python3.8/site-packages/airflow/example_dags/example_short_circuit_operator.py
[2025-05-09T10:03:53.263+0000] {processor.py:840} INFO - DAG(s) 'example_short_circuit_operator' retrieved from /home/airflow/.local/lib/python3.8/site-packages/airflow/example_dags/example_short_circuit_operator.py
[2025-05-09T10:03:53.349+0000] {logging_mixin.py:188} INFO - [2025-05-09T10:03:53.348+0000] {dag.py:3036} INFO - Sync 1 DAGs
[2025-05-09T10:03:53.417+0000] {logging_mixin.py:188} INFO - [2025-05-09T10:03:53.416+0000] {dag.py:3823} INFO - Setting next_dagrun for example_short_circuit_operator to 2025-05-08 00:00:00+00:00, run_after=2025-05-09 00:00:00+00:00
[2025-05-09T10:03:53.470+0000] {processor.py:183} INFO - Processing /home/airflow/.local/lib/python3.8/site-packages/airflow/example_dags/example_short_circuit_operator.py took 0.289 seconds
[2025-05-09T10:04:23.661+0000] {processor.py:161} INFO - Started process (PID=443) to work on /home/airflow/.local/lib/python3.8/site-packages/airflow/example_dags/example_short_circuit_operator.py
[2025-05-09T10:04:23.666+0000] {processor.py:830} INFO - Processing file /home/airflow/.local/lib/python3.8/site-packages/airflow/example_dags/example_short_circuit_operator.py for tasks to queue
[2025-05-09T10:04:23.671+0000] {logging_mixin.py:188} INFO - [2025-05-09T10:04:23.670+0000] {dagbag.py:538} INFO - Filling up the DagBag from /home/airflow/.local/lib/python3.8/site-packages/airflow/example_dags/example_short_circuit_operator.py
[2025-05-09T10:04:23.695+0000] {processor.py:840} INFO - DAG(s) 'example_short_circuit_operator' retrieved from /home/airflow/.local/lib/python3.8/site-packages/airflow/example_dags/example_short_circuit_operator.py
[2025-05-09T10:04:23.744+0000] {logging_mixin.py:188} INFO - [2025-05-09T10:04:23.744+0000] {dag.py:3036} INFO - Sync 1 DAGs
[2025-05-09T10:04:23.851+0000] {logging_mixin.py:188} INFO - [2025-05-09T10:04:23.850+0000] {dag.py:3823} INFO - Setting next_dagrun for example_short_circuit_operator to 2025-05-08 00:00:00+00:00, run_after=2025-05-09 00:00:00+00:00
[2025-05-09T10:04:24.095+0000] {processor.py:183} INFO - Processing /home/airflow/.local/lib/python3.8/site-packages/airflow/example_dags/example_short_circuit_operator.py took 0.441 seconds
[2025-05-09T10:04:55.020+0000] {processor.py:161} INFO - Started process (PID=499) to work on /home/airflow/.local/lib/python3.8/site-packages/airflow/example_dags/example_short_circuit_operator.py
[2025-05-09T10:04:55.025+0000] {processor.py:830} INFO - Processing file /home/airflow/.local/lib/python3.8/site-packages/airflow/example_dags/example_short_circuit_operator.py for tasks to queue
[2025-05-09T10:04:55.035+0000] {logging_mixin.py:188} INFO - [2025-05-09T10:04:55.033+0000] {dagbag.py:538} INFO - Filling up the DagBag from /home/airflow/.local/lib/python3.8/site-packages/airflow/example_dags/example_short_circuit_operator.py
[2025-05-09T10:04:55.072+0000] {processor.py:840} INFO - DAG(s) 'example_short_circuit_operator' retrieved from /home/airflow/.local/lib/python3.8/site-packages/airflow/example_dags/example_short_circuit_operator.py
[2025-05-09T10:04:55.211+0000] {logging_mixin.py:188} INFO - [2025-05-09T10:04:55.209+0000] {dag.py:3036} INFO - Sync 1 DAGs
[2025-05-09T10:04:55.354+0000] {logging_mixin.py:188} INFO - [2025-05-09T10:04:55.353+0000] {dag.py:3823} INFO - Setting next_dagrun for example_short_circuit_operator to 2025-05-08 00:00:00+00:00, run_after=2025-05-09 00:00:00+00:00
[2025-05-09T10:04:55.455+0000] {processor.py:183} INFO - Processing /home/airflow/.local/lib/python3.8/site-packages/airflow/example_dags/example_short_circuit_operator.py took 0.448 seconds
[2025-05-09T10:05:25.618+0000] {processor.py:161} INFO - Started process (PID=555) to work on /home/airflow/.local/lib/python3.8/site-packages/airflow/example_dags/example_short_circuit_operator.py
[2025-05-09T10:05:25.624+0000] {processor.py:830} INFO - Processing file /home/airflow/.local/lib/python3.8/site-packages/airflow/example_dags/example_short_circuit_operator.py for tasks to queue
[2025-05-09T10:05:25.636+0000] {logging_mixin.py:188} INFO - [2025-05-09T10:05:25.634+0000] {dagbag.py:538} INFO - Filling up the DagBag from /home/airflow/.local/lib/python3.8/site-packages/airflow/example_dags/example_short_circuit_operator.py
[2025-05-09T10:05:25.693+0000] {processor.py:840} INFO - DAG(s) 'example_short_circuit_operator' retrieved from /home/airflow/.local/lib/python3.8/site-packages/airflow/example_dags/example_short_circuit_operator.py
[2025-05-09T10:05:25.772+0000] {logging_mixin.py:188} INFO - [2025-05-09T10:05:25.771+0000] {dag.py:3036} INFO - Sync 1 DAGs
[2025-05-09T10:05:25.820+0000] {logging_mixin.py:188} INFO - [2025-05-09T10:05:25.820+0000] {dag.py:3823} INFO - Setting next_dagrun for example_short_circuit_operator to 2025-05-08 00:00:00+00:00, run_after=2025-05-09 00:00:00+00:00
[2025-05-09T10:05:25.857+0000] {processor.py:183} INFO - Processing /home/airflow/.local/lib/python3.8/site-packages/airflow/example_dags/example_short_circuit_operator.py took 0.254 seconds
[2025-05-09T10:05:56.460+0000] {processor.py:161} INFO - Started process (PID=611) to work on /home/airflow/.local/lib/python3.8/site-packages/airflow/example_dags/example_short_circuit_operator.py
[2025-05-09T10:05:56.466+0000] {processor.py:830} INFO - Processing file /home/airflow/.local/lib/python3.8/site-packages/airflow/example_dags/example_short_circuit_operator.py for tasks to queue
[2025-05-09T10:05:56.476+0000] {logging_mixin.py:188} INFO - [2025-05-09T10:05:56.474+0000] {dagbag.py:538} INFO - Filling up the DagBag from /home/airflow/.local/lib/python3.8/site-packages/airflow/example_dags/example_short_circuit_operator.py
[2025-05-09T10:05:56.510+0000] {processor.py:840} INFO - DAG(s) 'example_short_circuit_operator' retrieved from /home/airflow/.local/lib/python3.8/site-packages/airflow/example_dags/example_short_circuit_operator.py
[2025-05-09T10:05:56.618+0000] {logging_mixin.py:188} INFO - [2025-05-09T10:05:56.617+0000] {dag.py:3036} INFO - Sync 1 DAGs
[2025-05-09T10:05:56.745+0000] {logging_mixin.py:188} INFO - [2025-05-09T10:05:56.745+0000] {dag.py:3823} INFO - Setting next_dagrun for example_short_circuit_operator to 2025-05-08 00:00:00+00:00, run_after=2025-05-09 00:00:00+00:00
[2025-05-09T10:05:56.853+0000] {processor.py:183} INFO - Processing /home/airflow/.local/lib/python3.8/site-packages/airflow/example_dags/example_short_circuit_operator.py took 0.407 seconds
[2025-05-09T10:06:27.392+0000] {processor.py:161} INFO - Started process (PID=667) to work on /home/airflow/.local/lib/python3.8/site-packages/airflow/example_dags/example_short_circuit_operator.py
[2025-05-09T10:06:27.397+0000] {processor.py:830} INFO - Processing file /home/airflow/.local/lib/python3.8/site-packages/airflow/example_dags/example_short_circuit_operator.py for tasks to queue
[2025-05-09T10:06:27.405+0000] {logging_mixin.py:188} INFO - [2025-05-09T10:06:27.404+0000] {dagbag.py:538} INFO - Filling up the DagBag from /home/airflow/.local/lib/python3.8/site-packages/airflow/example_dags/example_short_circuit_operator.py
[2025-05-09T10:06:27.437+0000] {processor.py:840} INFO - DAG(s) 'example_short_circuit_operator' retrieved from /home/airflow/.local/lib/python3.8/site-packages/airflow/example_dags/example_short_circuit_operator.py
[2025-05-09T10:06:27.533+0000] {logging_mixin.py:188} INFO - [2025-05-09T10:06:27.532+0000] {dag.py:3036} INFO - Sync 1 DAGs
[2025-05-09T10:06:27.639+0000] {logging_mixin.py:188} INFO - [2025-05-09T10:06:27.638+0000] {dag.py:3823} INFO - Setting next_dagrun for example_short_circuit_operator to 2025-05-08 00:00:00+00:00, run_after=2025-05-09 00:00:00+00:00
[2025-05-09T10:06:27.723+0000] {processor.py:183} INFO - Processing /home/airflow/.local/lib/python3.8/site-packages/airflow/example_dags/example_short_circuit_operator.py took 0.346 seconds
[2025-05-09T10:09:26.085+0000] {processor.py:161} INFO - Started process (PID=104) to work on /home/airflow/.local/lib/python3.8/site-packages/airflow/example_dags/example_short_circuit_operator.py
[2025-05-09T10:09:26.088+0000] {processor.py:830} INFO - Processing file /home/airflow/.local/lib/python3.8/site-packages/airflow/example_dags/example_short_circuit_operator.py for tasks to queue
[2025-05-09T10:09:26.092+0000] {logging_mixin.py:188} INFO - [2025-05-09T10:09:26.091+0000] {dagbag.py:538} INFO - Filling up the DagBag from /home/airflow/.local/lib/python3.8/site-packages/airflow/example_dags/example_short_circuit_operator.py
[2025-05-09T10:09:26.108+0000] {processor.py:840} INFO - DAG(s) 'example_short_circuit_operator' retrieved from /home/airflow/.local/lib/python3.8/site-packages/airflow/example_dags/example_short_circuit_operator.py
[2025-05-09T10:09:26.342+0000] {logging_mixin.py:188} INFO - [2025-05-09T10:09:26.341+0000] {dag.py:3036} INFO - Sync 1 DAGs
[2025-05-09T10:09:26.403+0000] {logging_mixin.py:188} INFO - [2025-05-09T10:09:26.402+0000] {dag.py:3823} INFO - Setting next_dagrun for example_short_circuit_operator to 2025-05-08 00:00:00+00:00, run_after=2025-05-09 00:00:00+00:00
[2025-05-09T10:09:26.464+0000] {processor.py:183} INFO - Processing /home/airflow/.local/lib/python3.8/site-packages/airflow/example_dags/example_short_circuit_operator.py took 0.385 seconds
[2025-05-09T10:09:56.527+0000] {processor.py:161} INFO - Started process (PID=159) to work on /home/airflow/.local/lib/python3.8/site-packages/airflow/example_dags/example_short_circuit_operator.py
[2025-05-09T10:09:56.573+0000] {processor.py:830} INFO - Processing file /home/airflow/.local/lib/python3.8/site-packages/airflow/example_dags/example_short_circuit_operator.py for tasks to queue
[2025-05-09T10:09:56.582+0000] {logging_mixin.py:188} INFO - [2025-05-09T10:09:56.581+0000] {dagbag.py:538} INFO - Filling up the DagBag from /home/airflow/.local/lib/python3.8/site-packages/airflow/example_dags/example_short_circuit_operator.py
[2025-05-09T10:09:56.624+0000] {processor.py:840} INFO - DAG(s) 'example_short_circuit_operator' retrieved from /home/airflow/.local/lib/python3.8/site-packages/airflow/example_dags/example_short_circuit_operator.py
[2025-05-09T10:09:56.767+0000] {logging_mixin.py:188} INFO - [2025-05-09T10:09:56.765+0000] {dag.py:3036} INFO - Sync 1 DAGs
[2025-05-09T10:09:56.932+0000] {logging_mixin.py:188} INFO - [2025-05-09T10:09:56.931+0000] {dag.py:3823} INFO - Setting next_dagrun for example_short_circuit_operator to 2025-05-08 00:00:00+00:00, run_after=2025-05-09 00:00:00+00:00
[2025-05-09T10:09:57.072+0000] {processor.py:183} INFO - Processing /home/airflow/.local/lib/python3.8/site-packages/airflow/example_dags/example_short_circuit_operator.py took 0.551 seconds
[2025-05-09T10:10:27.994+0000] {processor.py:161} INFO - Started process (PID=216) to work on /home/airflow/.local/lib/python3.8/site-packages/airflow/example_dags/example_short_circuit_operator.py
[2025-05-09T10:10:28.002+0000] {processor.py:830} INFO - Processing file /home/airflow/.local/lib/python3.8/site-packages/airflow/example_dags/example_short_circuit_operator.py for tasks to queue
[2025-05-09T10:10:28.011+0000] {logging_mixin.py:188} INFO - [2025-05-09T10:10:28.010+0000] {dagbag.py:538} INFO - Filling up the DagBag from /home/airflow/.local/lib/python3.8/site-packages/airflow/example_dags/example_short_circuit_operator.py
[2025-05-09T10:10:28.032+0000] {processor.py:840} INFO - DAG(s) 'example_short_circuit_operator' retrieved from /home/airflow/.local/lib/python3.8/site-packages/airflow/example_dags/example_short_circuit_operator.py
[2025-05-09T10:10:28.075+0000] {logging_mixin.py:188} INFO - [2025-05-09T10:10:28.075+0000] {dag.py:3036} INFO - Sync 1 DAGs
[2025-05-09T10:10:28.134+0000] {logging_mixin.py:188} INFO - [2025-05-09T10:10:28.133+0000] {dag.py:3823} INFO - Setting next_dagrun for example_short_circuit_operator to 2025-05-08 00:00:00+00:00, run_after=2025-05-09 00:00:00+00:00
[2025-05-09T10:10:28.181+0000] {processor.py:183} INFO - Processing /home/airflow/.local/lib/python3.8/site-packages/airflow/example_dags/example_short_circuit_operator.py took 0.217 seconds
[2025-05-09T10:10:59.225+0000] {processor.py:161} INFO - Started process (PID=278) to work on /home/airflow/.local/lib/python3.8/site-packages/airflow/example_dags/example_short_circuit_operator.py
[2025-05-09T10:10:59.229+0000] {processor.py:830} INFO - Processing file /home/airflow/.local/lib/python3.8/site-packages/airflow/example_dags/example_short_circuit_operator.py for tasks to queue
[2025-05-09T10:10:59.234+0000] {logging_mixin.py:188} INFO - [2025-05-09T10:10:59.233+0000] {dagbag.py:538} INFO - Filling up the DagBag from /home/airflow/.local/lib/python3.8/site-packages/airflow/example_dags/example_short_circuit_operator.py
[2025-05-09T10:10:59.277+0000] {processor.py:840} INFO - DAG(s) 'example_short_circuit_operator' retrieved from /home/airflow/.local/lib/python3.8/site-packages/airflow/example_dags/example_short_circuit_operator.py
[2025-05-09T10:10:59.360+0000] {logging_mixin.py:188} INFO - [2025-05-09T10:10:59.360+0000] {dag.py:3036} INFO - Sync 1 DAGs
[2025-05-09T10:10:59.463+0000] {logging_mixin.py:188} INFO - [2025-05-09T10:10:59.463+0000] {dag.py:3823} INFO - Setting next_dagrun for example_short_circuit_operator to 2025-05-08 00:00:00+00:00, run_after=2025-05-09 00:00:00+00:00
[2025-05-09T10:10:59.523+0000] {processor.py:183} INFO - Processing /home/airflow/.local/lib/python3.8/site-packages/airflow/example_dags/example_short_circuit_operator.py took 0.307 seconds
[2025-05-09T10:11:29.688+0000] {processor.py:161} INFO - Started process (PID=334) to work on /home/airflow/.local/lib/python3.8/site-packages/airflow/example_dags/example_short_circuit_operator.py
[2025-05-09T10:11:29.691+0000] {processor.py:830} INFO - Processing file /home/airflow/.local/lib/python3.8/site-packages/airflow/example_dags/example_short_circuit_operator.py for tasks to queue
[2025-05-09T10:11:29.695+0000] {logging_mixin.py:188} INFO - [2025-05-09T10:11:29.694+0000] {dagbag.py:538} INFO - Filling up the DagBag from /home/airflow/.local/lib/python3.8/site-packages/airflow/example_dags/example_short_circuit_operator.py
[2025-05-09T10:11:29.713+0000] {processor.py:840} INFO - DAG(s) 'example_short_circuit_operator' retrieved from /home/airflow/.local/lib/python3.8/site-packages/airflow/example_dags/example_short_circuit_operator.py
[2025-05-09T10:11:29.765+0000] {logging_mixin.py:188} INFO - [2025-05-09T10:11:29.764+0000] {dag.py:3036} INFO - Sync 1 DAGs
[2025-05-09T10:11:29.829+0000] {logging_mixin.py:188} INFO - [2025-05-09T10:11:29.829+0000] {dag.py:3823} INFO - Setting next_dagrun for example_short_circuit_operator to 2025-05-08 00:00:00+00:00, run_after=2025-05-09 00:00:00+00:00
[2025-05-09T10:11:29.875+0000] {processor.py:183} INFO - Processing /home/airflow/.local/lib/python3.8/site-packages/airflow/example_dags/example_short_circuit_operator.py took 0.194 seconds
[2025-05-09T10:12:00.179+0000] {processor.py:161} INFO - Started process (PID=390) to work on /home/airflow/.local/lib/python3.8/site-packages/airflow/example_dags/example_short_circuit_operator.py
[2025-05-09T10:12:00.181+0000] {processor.py:830} INFO - Processing file /home/airflow/.local/lib/python3.8/site-packages/airflow/example_dags/example_short_circuit_operator.py for tasks to queue
[2025-05-09T10:12:00.185+0000] {logging_mixin.py:188} INFO - [2025-05-09T10:12:00.184+0000] {dagbag.py:538} INFO - Filling up the DagBag from /home/airflow/.local/lib/python3.8/site-packages/airflow/example_dags/example_short_circuit_operator.py
[2025-05-09T10:12:00.197+0000] {processor.py:840} INFO - DAG(s) 'example_short_circuit_operator' retrieved from /home/airflow/.local/lib/python3.8/site-packages/airflow/example_dags/example_short_circuit_operator.py
[2025-05-09T10:12:00.241+0000] {logging_mixin.py:188} INFO - [2025-05-09T10:12:00.240+0000] {dag.py:3036} INFO - Sync 1 DAGs
[2025-05-09T10:12:00.293+0000] {logging_mixin.py:188} INFO - [2025-05-09T10:12:00.293+0000] {dag.py:3823} INFO - Setting next_dagrun for example_short_circuit_operator to 2025-05-08 00:00:00+00:00, run_after=2025-05-09 00:00:00+00:00
[2025-05-09T10:12:00.332+0000] {processor.py:183} INFO - Processing /home/airflow/.local/lib/python3.8/site-packages/airflow/example_dags/example_short_circuit_operator.py took 0.159 seconds
[2025-05-09T10:12:31.205+0000] {processor.py:161} INFO - Started process (PID=446) to work on /home/airflow/.local/lib/python3.8/site-packages/airflow/example_dags/example_short_circuit_operator.py
[2025-05-09T10:12:31.210+0000] {processor.py:830} INFO - Processing file /home/airflow/.local/lib/python3.8/site-packages/airflow/example_dags/example_short_circuit_operator.py for tasks to queue
[2025-05-09T10:12:31.218+0000] {logging_mixin.py:188} INFO - [2025-05-09T10:12:31.217+0000] {dagbag.py:538} INFO - Filling up the DagBag from /home/airflow/.local/lib/python3.8/site-packages/airflow/example_dags/example_short_circuit_operator.py
[2025-05-09T10:12:31.255+0000] {processor.py:840} INFO - DAG(s) 'example_short_circuit_operator' retrieved from /home/airflow/.local/lib/python3.8/site-packages/airflow/example_dags/example_short_circuit_operator.py
[2025-05-09T10:12:31.381+0000] {logging_mixin.py:188} INFO - [2025-05-09T10:12:31.380+0000] {dag.py:3036} INFO - Sync 1 DAGs
[2025-05-09T10:12:31.485+0000] {logging_mixin.py:188} INFO - [2025-05-09T10:12:31.484+0000] {dag.py:3823} INFO - Setting next_dagrun for example_short_circuit_operator to 2025-05-08 00:00:00+00:00, run_after=2025-05-09 00:00:00+00:00
[2025-05-09T10:12:31.557+0000] {processor.py:183} INFO - Processing /home/airflow/.local/lib/python3.8/site-packages/airflow/example_dags/example_short_circuit_operator.py took 0.366 seconds
[2025-05-09T10:13:02.291+0000] {processor.py:161} INFO - Started process (PID=502) to work on /home/airflow/.local/lib/python3.8/site-packages/airflow/example_dags/example_short_circuit_operator.py
[2025-05-09T10:13:02.294+0000] {processor.py:830} INFO - Processing file /home/airflow/.local/lib/python3.8/site-packages/airflow/example_dags/example_short_circuit_operator.py for tasks to queue
[2025-05-09T10:13:02.299+0000] {logging_mixin.py:188} INFO - [2025-05-09T10:13:02.298+0000] {dagbag.py:538} INFO - Filling up the DagBag from /home/airflow/.local/lib/python3.8/site-packages/airflow/example_dags/example_short_circuit_operator.py
[2025-05-09T10:13:02.318+0000] {processor.py:840} INFO - DAG(s) 'example_short_circuit_operator' retrieved from /home/airflow/.local/lib/python3.8/site-packages/airflow/example_dags/example_short_circuit_operator.py
[2025-05-09T10:13:02.381+0000] {logging_mixin.py:188} INFO - [2025-05-09T10:13:02.380+0000] {dag.py:3036} INFO - Sync 1 DAGs
[2025-05-09T10:13:02.433+0000] {logging_mixin.py:188} INFO - [2025-05-09T10:13:02.433+0000] {dag.py:3823} INFO - Setting next_dagrun for example_short_circuit_operator to 2025-05-08 00:00:00+00:00, run_after=2025-05-09 00:00:00+00:00
[2025-05-09T10:13:02.478+0000] {processor.py:183} INFO - Processing /home/airflow/.local/lib/python3.8/site-packages/airflow/example_dags/example_short_circuit_operator.py took 0.196 seconds
[2025-05-09T10:13:32.741+0000] {processor.py:161} INFO - Started process (PID=558) to work on /home/airflow/.local/lib/python3.8/site-packages/airflow/example_dags/example_short_circuit_operator.py
[2025-05-09T10:13:32.745+0000] {processor.py:830} INFO - Processing file /home/airflow/.local/lib/python3.8/site-packages/airflow/example_dags/example_short_circuit_operator.py for tasks to queue
[2025-05-09T10:13:32.751+0000] {logging_mixin.py:188} INFO - [2025-05-09T10:13:32.750+0000] {dagbag.py:538} INFO - Filling up the DagBag from /home/airflow/.local/lib/python3.8/site-packages/airflow/example_dags/example_short_circuit_operator.py
[2025-05-09T10:13:32.776+0000] {processor.py:840} INFO - DAG(s) 'example_short_circuit_operator' retrieved from /home/airflow/.local/lib/python3.8/site-packages/airflow/example_dags/example_short_circuit_operator.py
[2025-05-09T10:13:32.840+0000] {logging_mixin.py:188} INFO - [2025-05-09T10:13:32.839+0000] {dag.py:3036} INFO - Sync 1 DAGs
[2025-05-09T10:13:32.896+0000] {logging_mixin.py:188} INFO - [2025-05-09T10:13:32.895+0000] {dag.py:3823} INFO - Setting next_dagrun for example_short_circuit_operator to 2025-05-08 00:00:00+00:00, run_after=2025-05-09 00:00:00+00:00
[2025-05-09T10:13:32.954+0000] {processor.py:183} INFO - Processing /home/airflow/.local/lib/python3.8/site-packages/airflow/example_dags/example_short_circuit_operator.py took 0.229 seconds
[2025-05-09T10:14:03.539+0000] {processor.py:161} INFO - Started process (PID=613) to work on /home/airflow/.local/lib/python3.8/site-packages/airflow/example_dags/example_short_circuit_operator.py
[2025-05-09T10:14:03.541+0000] {processor.py:830} INFO - Processing file /home/airflow/.local/lib/python3.8/site-packages/airflow/example_dags/example_short_circuit_operator.py for tasks to queue
[2025-05-09T10:14:03.544+0000] {logging_mixin.py:188} INFO - [2025-05-09T10:14:03.544+0000] {dagbag.py:538} INFO - Filling up the DagBag from /home/airflow/.local/lib/python3.8/site-packages/airflow/example_dags/example_short_circuit_operator.py
[2025-05-09T10:14:03.561+0000] {processor.py:840} INFO - DAG(s) 'example_short_circuit_operator' retrieved from /home/airflow/.local/lib/python3.8/site-packages/airflow/example_dags/example_short_circuit_operator.py
[2025-05-09T10:14:03.626+0000] {logging_mixin.py:188} INFO - [2025-05-09T10:14:03.625+0000] {dag.py:3036} INFO - Sync 1 DAGs
[2025-05-09T10:14:03.692+0000] {logging_mixin.py:188} INFO - [2025-05-09T10:14:03.691+0000] {dag.py:3823} INFO - Setting next_dagrun for example_short_circuit_operator to 2025-05-08 00:00:00+00:00, run_after=2025-05-09 00:00:00+00:00
[2025-05-09T10:14:03.749+0000] {processor.py:183} INFO - Processing /home/airflow/.local/lib/python3.8/site-packages/airflow/example_dags/example_short_circuit_operator.py took 0.217 seconds
