[2025-05-09T10:01:06.930+0000] {processor.py:161} INFO - Started process (PID=91) to work on /home/airflow/.local/lib/python3.8/site-packages/airflow/example_dags/example_branch_day_of_week_operator.py
[2025-05-09T10:01:06.940+0000] {processor.py:830} INFO - Processing file /home/airflow/.local/lib/python3.8/site-packages/airflow/example_dags/example_branch_day_of_week_operator.py for tasks to queue
[2025-05-09T10:01:06.945+0000] {logging_mixin.py:188} INFO - [2025-05-09T10:01:06.944+0000] {dagbag.py:538} INFO - Filling up the DagBag from /home/airflow/.local/lib/python3.8/site-packages/airflow/example_dags/example_branch_day_of_week_operator.py
[2025-05-09T10:01:07.005+0000] {processor.py:840} INFO - DAG(s) 'example_weekday_branch_operator' retrieved from /home/airflow/.local/lib/python3.8/site-packages/airflow/example_dags/example_branch_day_of_week_operator.py
[2025-05-09T10:01:07.232+0000] {logging_mixin.py:188} INFO - [2025-05-09T10:01:07.231+0000] {dag.py:3036} INFO - Sync 1 DAGs
[2025-05-09T10:01:07.362+0000] {logging_mixin.py:188} INFO - [2025-05-09T10:01:07.362+0000] {dag.py:3823} INFO - Setting next_dagrun for example_weekday_branch_operator to 2025-05-08 00:00:00+00:00, run_after=2025-05-09 00:00:00+00:00
[2025-05-09T10:01:07.414+0000] {processor.py:183} INFO - Processing /home/airflow/.local/lib/python3.8/site-packages/airflow/example_dags/example_branch_day_of_week_operator.py took 0.507 seconds
[2025-05-09T10:01:38.174+0000] {processor.py:161} INFO - Started process (PID=147) to work on /home/airflow/.local/lib/python3.8/site-packages/airflow/example_dags/example_branch_day_of_week_operator.py
[2025-05-09T10:01:38.177+0000] {processor.py:830} INFO - Processing file /home/airflow/.local/lib/python3.8/site-packages/airflow/example_dags/example_branch_day_of_week_operator.py for tasks to queue
[2025-05-09T10:01:38.185+0000] {logging_mixin.py:188} INFO - [2025-05-09T10:01:38.184+0000] {dagbag.py:538} INFO - Filling up the DagBag from /home/airflow/.local/lib/python3.8/site-packages/airflow/example_dags/example_branch_day_of_week_operator.py
[2025-05-09T10:01:38.203+0000] {processor.py:840} INFO - DAG(s) 'example_weekday_branch_operator' retrieved from /home/airflow/.local/lib/python3.8/site-packages/airflow/example_dags/example_branch_day_of_week_operator.py
[2025-05-09T10:01:38.416+0000] {logging_mixin.py:188} INFO - [2025-05-09T10:01:38.415+0000] {dag.py:3036} INFO - Sync 1 DAGs
[2025-05-09T10:01:38.476+0000] {logging_mixin.py:188} INFO - [2025-05-09T10:01:38.475+0000] {dag.py:3823} INFO - Setting next_dagrun for example_weekday_branch_operator to 2025-05-08 00:00:00+00:00, run_after=2025-05-09 00:00:00+00:00
[2025-05-09T10:01:38.550+0000] {processor.py:183} INFO - Processing /home/airflow/.local/lib/python3.8/site-packages/airflow/example_dags/example_branch_day_of_week_operator.py took 0.383 seconds
[2025-05-09T10:02:09.270+0000] {processor.py:161} INFO - Started process (PID=203) to work on /home/airflow/.local/lib/python3.8/site-packages/airflow/example_dags/example_branch_day_of_week_operator.py
[2025-05-09T10:02:09.273+0000] {processor.py:830} INFO - Processing file /home/airflow/.local/lib/python3.8/site-packages/airflow/example_dags/example_branch_day_of_week_operator.py for tasks to queue
[2025-05-09T10:02:09.277+0000] {logging_mixin.py:188} INFO - [2025-05-09T10:02:09.276+0000] {dagbag.py:538} INFO - Filling up the DagBag from /home/airflow/.local/lib/python3.8/site-packages/airflow/example_dags/example_branch_day_of_week_operator.py
[2025-05-09T10:02:09.294+0000] {processor.py:840} INFO - DAG(s) 'example_weekday_branch_operator' retrieved from /home/airflow/.local/lib/python3.8/site-packages/airflow/example_dags/example_branch_day_of_week_operator.py
[2025-05-09T10:02:09.331+0000] {logging_mixin.py:188} INFO - [2025-05-09T10:02:09.331+0000] {dag.py:3036} INFO - Sync 1 DAGs
[2025-05-09T10:02:09.374+0000] {logging_mixin.py:188} INFO - [2025-05-09T10:02:09.374+0000] {dag.py:3823} INFO - Setting next_dagrun for example_weekday_branch_operator to 2025-05-08 00:00:00+00:00, run_after=2025-05-09 00:00:00+00:00
[2025-05-09T10:02:09.409+0000] {processor.py:183} INFO - Processing /home/airflow/.local/lib/python3.8/site-packages/airflow/example_dags/example_branch_day_of_week_operator.py took 0.145 seconds
[2025-05-09T10:02:39.790+0000] {processor.py:161} INFO - Started process (PID=259) to work on /home/airflow/.local/lib/python3.8/site-packages/airflow/example_dags/example_branch_day_of_week_operator.py
[2025-05-09T10:02:39.806+0000] {processor.py:830} INFO - Processing file /home/airflow/.local/lib/python3.8/site-packages/airflow/example_dags/example_branch_day_of_week_operator.py for tasks to queue
[2025-05-09T10:02:39.815+0000] {logging_mixin.py:188} INFO - [2025-05-09T10:02:39.814+0000] {dagbag.py:538} INFO - Filling up the DagBag from /home/airflow/.local/lib/python3.8/site-packages/airflow/example_dags/example_branch_day_of_week_operator.py
[2025-05-09T10:02:39.849+0000] {processor.py:840} INFO - DAG(s) 'example_weekday_branch_operator' retrieved from /home/airflow/.local/lib/python3.8/site-packages/airflow/example_dags/example_branch_day_of_week_operator.py
[2025-05-09T10:02:39.941+0000] {logging_mixin.py:188} INFO - [2025-05-09T10:02:39.940+0000] {dag.py:3036} INFO - Sync 1 DAGs
[2025-05-09T10:02:40.053+0000] {logging_mixin.py:188} INFO - [2025-05-09T10:02:40.052+0000] {dag.py:3823} INFO - Setting next_dagrun for example_weekday_branch_operator to 2025-05-08 00:00:00+00:00, run_after=2025-05-09 00:00:00+00:00
[2025-05-09T10:02:40.150+0000] {processor.py:183} INFO - Processing /home/airflow/.local/lib/python3.8/site-packages/airflow/example_dags/example_branch_day_of_week_operator.py took 0.374 seconds
[2025-05-09T10:03:11.232+0000] {processor.py:161} INFO - Started process (PID=315) to work on /home/airflow/.local/lib/python3.8/site-packages/airflow/example_dags/example_branch_day_of_week_operator.py
[2025-05-09T10:03:11.240+0000] {processor.py:830} INFO - Processing file /home/airflow/.local/lib/python3.8/site-packages/airflow/example_dags/example_branch_day_of_week_operator.py for tasks to queue
[2025-05-09T10:03:11.250+0000] {logging_mixin.py:188} INFO - [2025-05-09T10:03:11.249+0000] {dagbag.py:538} INFO - Filling up the DagBag from /home/airflow/.local/lib/python3.8/site-packages/airflow/example_dags/example_branch_day_of_week_operator.py
[2025-05-09T10:03:11.369+0000] {processor.py:840} INFO - DAG(s) 'example_weekday_branch_operator' retrieved from /home/airflow/.local/lib/python3.8/site-packages/airflow/example_dags/example_branch_day_of_week_operator.py
[2025-05-09T10:03:11.488+0000] {logging_mixin.py:188} INFO - [2025-05-09T10:03:11.487+0000] {dag.py:3036} INFO - Sync 1 DAGs
[2025-05-09T10:03:11.734+0000] {logging_mixin.py:188} INFO - [2025-05-09T10:03:11.734+0000] {dag.py:3823} INFO - Setting next_dagrun for example_weekday_branch_operator to 2025-05-08 00:00:00+00:00, run_after=2025-05-09 00:00:00+00:00
[2025-05-09T10:03:11.857+0000] {processor.py:183} INFO - Processing /home/airflow/.local/lib/python3.8/site-packages/airflow/example_dags/example_branch_day_of_week_operator.py took 0.645 seconds
[2025-05-09T10:03:42.084+0000] {processor.py:161} INFO - Started process (PID=371) to work on /home/airflow/.local/lib/python3.8/site-packages/airflow/example_dags/example_branch_day_of_week_operator.py
[2025-05-09T10:03:42.087+0000] {processor.py:830} INFO - Processing file /home/airflow/.local/lib/python3.8/site-packages/airflow/example_dags/example_branch_day_of_week_operator.py for tasks to queue
[2025-05-09T10:03:42.091+0000] {logging_mixin.py:188} INFO - [2025-05-09T10:03:42.091+0000] {dagbag.py:538} INFO - Filling up the DagBag from /home/airflow/.local/lib/python3.8/site-packages/airflow/example_dags/example_branch_day_of_week_operator.py
[2025-05-09T10:03:42.111+0000] {processor.py:840} INFO - DAG(s) 'example_weekday_branch_operator' retrieved from /home/airflow/.local/lib/python3.8/site-packages/airflow/example_dags/example_branch_day_of_week_operator.py
[2025-05-09T10:03:42.161+0000] {logging_mixin.py:188} INFO - [2025-05-09T10:03:42.160+0000] {dag.py:3036} INFO - Sync 1 DAGs
[2025-05-09T10:03:42.224+0000] {logging_mixin.py:188} INFO - [2025-05-09T10:03:42.223+0000] {dag.py:3823} INFO - Setting next_dagrun for example_weekday_branch_operator to 2025-05-08 00:00:00+00:00, run_after=2025-05-09 00:00:00+00:00
[2025-05-09T10:03:42.276+0000] {processor.py:183} INFO - Processing /home/airflow/.local/lib/python3.8/site-packages/airflow/example_dags/example_branch_day_of_week_operator.py took 0.201 seconds
[2025-05-09T10:04:12.519+0000] {processor.py:161} INFO - Started process (PID=427) to work on /home/airflow/.local/lib/python3.8/site-packages/airflow/example_dags/example_branch_day_of_week_operator.py
[2025-05-09T10:04:12.522+0000] {processor.py:830} INFO - Processing file /home/airflow/.local/lib/python3.8/site-packages/airflow/example_dags/example_branch_day_of_week_operator.py for tasks to queue
[2025-05-09T10:04:12.527+0000] {logging_mixin.py:188} INFO - [2025-05-09T10:04:12.526+0000] {dagbag.py:538} INFO - Filling up the DagBag from /home/airflow/.local/lib/python3.8/site-packages/airflow/example_dags/example_branch_day_of_week_operator.py
[2025-05-09T10:04:12.545+0000] {processor.py:840} INFO - DAG(s) 'example_weekday_branch_operator' retrieved from /home/airflow/.local/lib/python3.8/site-packages/airflow/example_dags/example_branch_day_of_week_operator.py
[2025-05-09T10:04:12.584+0000] {logging_mixin.py:188} INFO - [2025-05-09T10:04:12.583+0000] {dag.py:3036} INFO - Sync 1 DAGs
[2025-05-09T10:04:12.634+0000] {logging_mixin.py:188} INFO - [2025-05-09T10:04:12.633+0000] {dag.py:3823} INFO - Setting next_dagrun for example_weekday_branch_operator to 2025-05-08 00:00:00+00:00, run_after=2025-05-09 00:00:00+00:00
[2025-05-09T10:04:12.669+0000] {processor.py:183} INFO - Processing /home/airflow/.local/lib/python3.8/site-packages/airflow/example_dags/example_branch_day_of_week_operator.py took 0.160 seconds
[2025-05-09T10:04:43.336+0000] {processor.py:161} INFO - Started process (PID=483) to work on /home/airflow/.local/lib/python3.8/site-packages/airflow/example_dags/example_branch_day_of_week_operator.py
[2025-05-09T10:04:43.344+0000] {processor.py:830} INFO - Processing file /home/airflow/.local/lib/python3.8/site-packages/airflow/example_dags/example_branch_day_of_week_operator.py for tasks to queue
[2025-05-09T10:04:43.358+0000] {logging_mixin.py:188} INFO - [2025-05-09T10:04:43.356+0000] {dagbag.py:538} INFO - Filling up the DagBag from /home/airflow/.local/lib/python3.8/site-packages/airflow/example_dags/example_branch_day_of_week_operator.py
[2025-05-09T10:04:43.402+0000] {processor.py:840} INFO - DAG(s) 'example_weekday_branch_operator' retrieved from /home/airflow/.local/lib/python3.8/site-packages/airflow/example_dags/example_branch_day_of_week_operator.py
[2025-05-09T10:04:43.464+0000] {logging_mixin.py:188} INFO - [2025-05-09T10:04:43.464+0000] {dag.py:3036} INFO - Sync 1 DAGs
[2025-05-09T10:04:43.521+0000] {logging_mixin.py:188} INFO - [2025-05-09T10:04:43.520+0000] {dag.py:3823} INFO - Setting next_dagrun for example_weekday_branch_operator to 2025-05-08 00:00:00+00:00, run_after=2025-05-09 00:00:00+00:00
[2025-05-09T10:04:43.568+0000] {processor.py:183} INFO - Processing /home/airflow/.local/lib/python3.8/site-packages/airflow/example_dags/example_branch_day_of_week_operator.py took 0.250 seconds
[2025-05-09T10:05:13.976+0000] {processor.py:161} INFO - Started process (PID=539) to work on /home/airflow/.local/lib/python3.8/site-packages/airflow/example_dags/example_branch_day_of_week_operator.py
[2025-05-09T10:05:13.990+0000] {processor.py:830} INFO - Processing file /home/airflow/.local/lib/python3.8/site-packages/airflow/example_dags/example_branch_day_of_week_operator.py for tasks to queue
[2025-05-09T10:05:13.997+0000] {logging_mixin.py:188} INFO - [2025-05-09T10:05:13.996+0000] {dagbag.py:538} INFO - Filling up the DagBag from /home/airflow/.local/lib/python3.8/site-packages/airflow/example_dags/example_branch_day_of_week_operator.py
[2025-05-09T10:05:14.024+0000] {processor.py:840} INFO - DAG(s) 'example_weekday_branch_operator' retrieved from /home/airflow/.local/lib/python3.8/site-packages/airflow/example_dags/example_branch_day_of_week_operator.py
[2025-05-09T10:05:14.068+0000] {logging_mixin.py:188} INFO - [2025-05-09T10:05:14.068+0000] {dag.py:3036} INFO - Sync 1 DAGs
[2025-05-09T10:05:14.111+0000] {logging_mixin.py:188} INFO - [2025-05-09T10:05:14.110+0000] {dag.py:3823} INFO - Setting next_dagrun for example_weekday_branch_operator to 2025-05-08 00:00:00+00:00, run_after=2025-05-09 00:00:00+00:00
[2025-05-09T10:05:14.155+0000] {processor.py:183} INFO - Processing /home/airflow/.local/lib/python3.8/site-packages/airflow/example_dags/example_branch_day_of_week_operator.py took 0.191 seconds
[2025-05-09T10:05:44.541+0000] {processor.py:161} INFO - Started process (PID=595) to work on /home/airflow/.local/lib/python3.8/site-packages/airflow/example_dags/example_branch_day_of_week_operator.py
[2025-05-09T10:05:44.545+0000] {processor.py:830} INFO - Processing file /home/airflow/.local/lib/python3.8/site-packages/airflow/example_dags/example_branch_day_of_week_operator.py for tasks to queue
[2025-05-09T10:05:44.555+0000] {logging_mixin.py:188} INFO - [2025-05-09T10:05:44.554+0000] {dagbag.py:538} INFO - Filling up the DagBag from /home/airflow/.local/lib/python3.8/site-packages/airflow/example_dags/example_branch_day_of_week_operator.py
[2025-05-09T10:05:44.589+0000] {processor.py:840} INFO - DAG(s) 'example_weekday_branch_operator' retrieved from /home/airflow/.local/lib/python3.8/site-packages/airflow/example_dags/example_branch_day_of_week_operator.py
[2025-05-09T10:05:44.680+0000] {logging_mixin.py:188} INFO - [2025-05-09T10:05:44.679+0000] {dag.py:3036} INFO - Sync 1 DAGs
[2025-05-09T10:05:44.789+0000] {logging_mixin.py:188} INFO - [2025-05-09T10:05:44.788+0000] {dag.py:3823} INFO - Setting next_dagrun for example_weekday_branch_operator to 2025-05-08 00:00:00+00:00, run_after=2025-05-09 00:00:00+00:00
[2025-05-09T10:05:44.883+0000] {processor.py:183} INFO - Processing /home/airflow/.local/lib/python3.8/site-packages/airflow/example_dags/example_branch_day_of_week_operator.py took 0.357 seconds
[2025-05-09T10:06:15.271+0000] {processor.py:161} INFO - Started process (PID=652) to work on /home/airflow/.local/lib/python3.8/site-packages/airflow/example_dags/example_branch_day_of_week_operator.py
[2025-05-09T10:06:15.279+0000] {processor.py:830} INFO - Processing file /home/airflow/.local/lib/python3.8/site-packages/airflow/example_dags/example_branch_day_of_week_operator.py for tasks to queue
[2025-05-09T10:06:15.285+0000] {logging_mixin.py:188} INFO - [2025-05-09T10:06:15.284+0000] {dagbag.py:538} INFO - Filling up the DagBag from /home/airflow/.local/lib/python3.8/site-packages/airflow/example_dags/example_branch_day_of_week_operator.py
[2025-05-09T10:06:15.400+0000] {processor.py:840} INFO - DAG(s) 'example_weekday_branch_operator' retrieved from /home/airflow/.local/lib/python3.8/site-packages/airflow/example_dags/example_branch_day_of_week_operator.py
[2025-05-09T10:06:15.553+0000] {logging_mixin.py:188} INFO - [2025-05-09T10:06:15.552+0000] {dag.py:3036} INFO - Sync 1 DAGs
[2025-05-09T10:06:15.681+0000] {logging_mixin.py:188} INFO - [2025-05-09T10:06:15.680+0000] {dag.py:3823} INFO - Setting next_dagrun for example_weekday_branch_operator to 2025-05-08 00:00:00+00:00, run_after=2025-05-09 00:00:00+00:00
[2025-05-09T10:06:15.712+0000] {processor.py:183} INFO - Processing /home/airflow/.local/lib/python3.8/site-packages/airflow/example_dags/example_branch_day_of_week_operator.py took 0.455 seconds
[2025-05-09T10:06:46.584+0000] {processor.py:161} INFO - Started process (PID=706) to work on /home/airflow/.local/lib/python3.8/site-packages/airflow/example_dags/example_branch_day_of_week_operator.py
[2025-05-09T10:06:46.590+0000] {processor.py:830} INFO - Processing file /home/airflow/.local/lib/python3.8/site-packages/airflow/example_dags/example_branch_day_of_week_operator.py for tasks to queue
[2025-05-09T10:06:46.602+0000] {logging_mixin.py:188} INFO - [2025-05-09T10:06:46.600+0000] {dagbag.py:538} INFO - Filling up the DagBag from /home/airflow/.local/lib/python3.8/site-packages/airflow/example_dags/example_branch_day_of_week_operator.py
[2025-05-09T10:06:46.640+0000] {processor.py:840} INFO - DAG(s) 'example_weekday_branch_operator' retrieved from /home/airflow/.local/lib/python3.8/site-packages/airflow/example_dags/example_branch_day_of_week_operator.py
[2025-05-09T10:06:46.740+0000] {logging_mixin.py:188} INFO - [2025-05-09T10:06:46.739+0000] {dag.py:3036} INFO - Sync 1 DAGs
[2025-05-09T10:06:46.811+0000] {logging_mixin.py:188} INFO - [2025-05-09T10:06:46.810+0000] {dag.py:3823} INFO - Setting next_dagrun for example_weekday_branch_operator to 2025-05-08 00:00:00+00:00, run_after=2025-05-09 00:00:00+00:00
[2025-05-09T10:06:46.850+0000] {processor.py:183} INFO - Processing /home/airflow/.local/lib/python3.8/site-packages/airflow/example_dags/example_branch_day_of_week_operator.py took 0.287 seconds
[2025-05-09T10:09:17.005+0000] {processor.py:161} INFO - Started process (PID=88) to work on /home/airflow/.local/lib/python3.8/site-packages/airflow/example_dags/example_branch_day_of_week_operator.py
[2025-05-09T10:09:17.013+0000] {processor.py:830} INFO - Processing file /home/airflow/.local/lib/python3.8/site-packages/airflow/example_dags/example_branch_day_of_week_operator.py for tasks to queue
[2025-05-09T10:09:17.018+0000] {logging_mixin.py:188} INFO - [2025-05-09T10:09:17.017+0000] {dagbag.py:538} INFO - Filling up the DagBag from /home/airflow/.local/lib/python3.8/site-packages/airflow/example_dags/example_branch_day_of_week_operator.py
[2025-05-09T10:09:17.211+0000] {processor.py:840} INFO - DAG(s) 'example_weekday_branch_operator' retrieved from /home/airflow/.local/lib/python3.8/site-packages/airflow/example_dags/example_branch_day_of_week_operator.py
[2025-05-09T10:09:18.558+0000] {logging_mixin.py:188} INFO - [2025-05-09T10:09:18.558+0000] {dag.py:3036} INFO - Sync 1 DAGs
[2025-05-09T10:09:18.702+0000] {logging_mixin.py:188} INFO - [2025-05-09T10:09:18.701+0000] {dag.py:3823} INFO - Setting next_dagrun for example_weekday_branch_operator to 2025-05-08 00:00:00+00:00, run_after=2025-05-09 00:00:00+00:00
[2025-05-09T10:09:18.804+0000] {processor.py:183} INFO - Processing /home/airflow/.local/lib/python3.8/site-packages/airflow/example_dags/example_branch_day_of_week_operator.py took 1.823 seconds
[2025-05-09T10:09:48.972+0000] {processor.py:161} INFO - Started process (PID=143) to work on /home/airflow/.local/lib/python3.8/site-packages/airflow/example_dags/example_branch_day_of_week_operator.py
[2025-05-09T10:09:48.983+0000] {processor.py:830} INFO - Processing file /home/airflow/.local/lib/python3.8/site-packages/airflow/example_dags/example_branch_day_of_week_operator.py for tasks to queue
[2025-05-09T10:09:48.988+0000] {logging_mixin.py:188} INFO - [2025-05-09T10:09:48.987+0000] {dagbag.py:538} INFO - Filling up the DagBag from /home/airflow/.local/lib/python3.8/site-packages/airflow/example_dags/example_branch_day_of_week_operator.py
[2025-05-09T10:09:49.013+0000] {processor.py:840} INFO - DAG(s) 'example_weekday_branch_operator' retrieved from /home/airflow/.local/lib/python3.8/site-packages/airflow/example_dags/example_branch_day_of_week_operator.py
[2025-05-09T10:09:49.086+0000] {logging_mixin.py:188} INFO - [2025-05-09T10:09:49.085+0000] {dag.py:3036} INFO - Sync 1 DAGs
[2025-05-09T10:09:49.203+0000] {logging_mixin.py:188} INFO - [2025-05-09T10:09:49.202+0000] {dag.py:3823} INFO - Setting next_dagrun for example_weekday_branch_operator to 2025-05-08 00:00:00+00:00, run_after=2025-05-09 00:00:00+00:00
[2025-05-09T10:09:49.248+0000] {processor.py:183} INFO - Processing /home/airflow/.local/lib/python3.8/site-packages/airflow/example_dags/example_branch_day_of_week_operator.py took 0.284 seconds
[2025-05-09T10:10:19.465+0000] {processor.py:161} INFO - Started process (PID=200) to work on /home/airflow/.local/lib/python3.8/site-packages/airflow/example_dags/example_branch_day_of_week_operator.py
[2025-05-09T10:10:19.468+0000] {processor.py:830} INFO - Processing file /home/airflow/.local/lib/python3.8/site-packages/airflow/example_dags/example_branch_day_of_week_operator.py for tasks to queue
[2025-05-09T10:10:19.474+0000] {logging_mixin.py:188} INFO - [2025-05-09T10:10:19.473+0000] {dagbag.py:538} INFO - Filling up the DagBag from /home/airflow/.local/lib/python3.8/site-packages/airflow/example_dags/example_branch_day_of_week_operator.py
[2025-05-09T10:10:19.496+0000] {processor.py:840} INFO - DAG(s) 'example_weekday_branch_operator' retrieved from /home/airflow/.local/lib/python3.8/site-packages/airflow/example_dags/example_branch_day_of_week_operator.py
[2025-05-09T10:10:19.556+0000] {logging_mixin.py:188} INFO - [2025-05-09T10:10:19.555+0000] {dag.py:3036} INFO - Sync 1 DAGs
[2025-05-09T10:10:19.625+0000] {logging_mixin.py:188} INFO - [2025-05-09T10:10:19.624+0000] {dag.py:3823} INFO - Setting next_dagrun for example_weekday_branch_operator to 2025-05-08 00:00:00+00:00, run_after=2025-05-09 00:00:00+00:00
[2025-05-09T10:10:19.680+0000] {processor.py:183} INFO - Processing /home/airflow/.local/lib/python3.8/site-packages/airflow/example_dags/example_branch_day_of_week_operator.py took 0.224 seconds
[2025-05-09T10:10:54.023+0000] {processor.py:161} INFO - Started process (PID=256) to work on /home/airflow/.local/lib/python3.8/site-packages/airflow/example_dags/example_branch_day_of_week_operator.py
[2025-05-09T10:10:54.025+0000] {processor.py:830} INFO - Processing file /home/airflow/.local/lib/python3.8/site-packages/airflow/example_dags/example_branch_day_of_week_operator.py for tasks to queue
[2025-05-09T10:10:54.030+0000] {logging_mixin.py:188} INFO - [2025-05-09T10:10:54.029+0000] {dagbag.py:538} INFO - Filling up the DagBag from /home/airflow/.local/lib/python3.8/site-packages/airflow/example_dags/example_branch_day_of_week_operator.py
[2025-05-09T10:10:54.062+0000] {processor.py:840} INFO - DAG(s) 'example_weekday_branch_operator' retrieved from /home/airflow/.local/lib/python3.8/site-packages/airflow/example_dags/example_branch_day_of_week_operator.py
[2025-05-09T10:10:54.138+0000] {logging_mixin.py:188} INFO - [2025-05-09T10:10:54.138+0000] {dag.py:3036} INFO - Sync 1 DAGs
[2025-05-09T10:10:54.285+0000] {logging_mixin.py:188} INFO - [2025-05-09T10:10:54.284+0000] {dag.py:3823} INFO - Setting next_dagrun for example_weekday_branch_operator to 2025-05-08 00:00:00+00:00, run_after=2025-05-09 00:00:00+00:00
[2025-05-09T10:10:54.365+0000] {processor.py:183} INFO - Processing /home/airflow/.local/lib/python3.8/site-packages/airflow/example_dags/example_branch_day_of_week_operator.py took 0.384 seconds
[2025-05-09T10:11:25.233+0000] {processor.py:161} INFO - Started process (PID=312) to work on /home/airflow/.local/lib/python3.8/site-packages/airflow/example_dags/example_branch_day_of_week_operator.py
[2025-05-09T10:11:25.239+0000] {processor.py:830} INFO - Processing file /home/airflow/.local/lib/python3.8/site-packages/airflow/example_dags/example_branch_day_of_week_operator.py for tasks to queue
[2025-05-09T10:11:25.246+0000] {logging_mixin.py:188} INFO - [2025-05-09T10:11:25.245+0000] {dagbag.py:538} INFO - Filling up the DagBag from /home/airflow/.local/lib/python3.8/site-packages/airflow/example_dags/example_branch_day_of_week_operator.py
[2025-05-09T10:11:25.277+0000] {processor.py:840} INFO - DAG(s) 'example_weekday_branch_operator' retrieved from /home/airflow/.local/lib/python3.8/site-packages/airflow/example_dags/example_branch_day_of_week_operator.py
[2025-05-09T10:11:25.358+0000] {logging_mixin.py:188} INFO - [2025-05-09T10:11:25.358+0000] {dag.py:3036} INFO - Sync 1 DAGs
[2025-05-09T10:11:25.428+0000] {logging_mixin.py:188} INFO - [2025-05-09T10:11:25.428+0000] {dag.py:3823} INFO - Setting next_dagrun for example_weekday_branch_operator to 2025-05-08 00:00:00+00:00, run_after=2025-05-09 00:00:00+00:00
[2025-05-09T10:11:25.470+0000] {processor.py:183} INFO - Processing /home/airflow/.local/lib/python3.8/site-packages/airflow/example_dags/example_branch_day_of_week_operator.py took 0.250 seconds
[2025-05-09T10:11:55.624+0000] {processor.py:161} INFO - Started process (PID=368) to work on /home/airflow/.local/lib/python3.8/site-packages/airflow/example_dags/example_branch_day_of_week_operator.py
[2025-05-09T10:11:55.630+0000] {processor.py:830} INFO - Processing file /home/airflow/.local/lib/python3.8/site-packages/airflow/example_dags/example_branch_day_of_week_operator.py for tasks to queue
[2025-05-09T10:11:55.645+0000] {logging_mixin.py:188} INFO - [2025-05-09T10:11:55.643+0000] {dagbag.py:538} INFO - Filling up the DagBag from /home/airflow/.local/lib/python3.8/site-packages/airflow/example_dags/example_branch_day_of_week_operator.py
[2025-05-09T10:11:55.706+0000] {processor.py:840} INFO - DAG(s) 'example_weekday_branch_operator' retrieved from /home/airflow/.local/lib/python3.8/site-packages/airflow/example_dags/example_branch_day_of_week_operator.py
[2025-05-09T10:11:55.820+0000] {logging_mixin.py:188} INFO - [2025-05-09T10:11:55.819+0000] {dag.py:3036} INFO - Sync 1 DAGs
[2025-05-09T10:11:55.953+0000] {logging_mixin.py:188} INFO - [2025-05-09T10:11:55.952+0000] {dag.py:3823} INFO - Setting next_dagrun for example_weekday_branch_operator to 2025-05-08 00:00:00+00:00, run_after=2025-05-09 00:00:00+00:00
[2025-05-09T10:11:56.062+0000] {processor.py:183} INFO - Processing /home/airflow/.local/lib/python3.8/site-packages/airflow/example_dags/example_branch_day_of_week_operator.py took 0.463 seconds
[2025-05-09T10:12:26.578+0000] {processor.py:161} INFO - Started process (PID=424) to work on /home/airflow/.local/lib/python3.8/site-packages/airflow/example_dags/example_branch_day_of_week_operator.py
[2025-05-09T10:12:26.583+0000] {processor.py:830} INFO - Processing file /home/airflow/.local/lib/python3.8/site-packages/airflow/example_dags/example_branch_day_of_week_operator.py for tasks to queue
[2025-05-09T10:12:26.601+0000] {logging_mixin.py:188} INFO - [2025-05-09T10:12:26.599+0000] {dagbag.py:538} INFO - Filling up the DagBag from /home/airflow/.local/lib/python3.8/site-packages/airflow/example_dags/example_branch_day_of_week_operator.py
[2025-05-09T10:12:26.647+0000] {processor.py:840} INFO - DAG(s) 'example_weekday_branch_operator' retrieved from /home/airflow/.local/lib/python3.8/site-packages/airflow/example_dags/example_branch_day_of_week_operator.py
[2025-05-09T10:12:26.765+0000] {logging_mixin.py:188} INFO - [2025-05-09T10:12:26.763+0000] {dag.py:3036} INFO - Sync 1 DAGs
[2025-05-09T10:12:26.883+0000] {logging_mixin.py:188} INFO - [2025-05-09T10:12:26.882+0000] {dag.py:3823} INFO - Setting next_dagrun for example_weekday_branch_operator to 2025-05-08 00:00:00+00:00, run_after=2025-05-09 00:00:00+00:00
[2025-05-09T10:12:26.980+0000] {processor.py:183} INFO - Processing /home/airflow/.local/lib/python3.8/site-packages/airflow/example_dags/example_branch_day_of_week_operator.py took 0.417 seconds
[2025-05-09T10:12:57.670+0000] {processor.py:161} INFO - Started process (PID=480) to work on /home/airflow/.local/lib/python3.8/site-packages/airflow/example_dags/example_branch_day_of_week_operator.py
[2025-05-09T10:12:57.680+0000] {processor.py:830} INFO - Processing file /home/airflow/.local/lib/python3.8/site-packages/airflow/example_dags/example_branch_day_of_week_operator.py for tasks to queue
[2025-05-09T10:12:57.692+0000] {logging_mixin.py:188} INFO - [2025-05-09T10:12:57.690+0000] {dagbag.py:538} INFO - Filling up the DagBag from /home/airflow/.local/lib/python3.8/site-packages/airflow/example_dags/example_branch_day_of_week_operator.py
[2025-05-09T10:12:57.755+0000] {processor.py:840} INFO - DAG(s) 'example_weekday_branch_operator' retrieved from /home/airflow/.local/lib/python3.8/site-packages/airflow/example_dags/example_branch_day_of_week_operator.py
[2025-05-09T10:12:57.885+0000] {logging_mixin.py:188} INFO - [2025-05-09T10:12:57.885+0000] {dag.py:3036} INFO - Sync 1 DAGs
[2025-05-09T10:12:57.928+0000] {logging_mixin.py:188} INFO - [2025-05-09T10:12:57.927+0000] {dag.py:3823} INFO - Setting next_dagrun for example_weekday_branch_operator to 2025-05-08 00:00:00+00:00, run_after=2025-05-09 00:00:00+00:00
[2025-05-09T10:12:57.967+0000] {processor.py:183} INFO - Processing /home/airflow/.local/lib/python3.8/site-packages/airflow/example_dags/example_branch_day_of_week_operator.py took 0.316 seconds
[2025-05-09T10:13:28.372+0000] {processor.py:161} INFO - Started process (PID=536) to work on /home/airflow/.local/lib/python3.8/site-packages/airflow/example_dags/example_branch_day_of_week_operator.py
[2025-05-09T10:13:28.384+0000] {processor.py:830} INFO - Processing file /home/airflow/.local/lib/python3.8/site-packages/airflow/example_dags/example_branch_day_of_week_operator.py for tasks to queue
[2025-05-09T10:13:28.404+0000] {logging_mixin.py:188} INFO - [2025-05-09T10:13:28.402+0000] {dagbag.py:538} INFO - Filling up the DagBag from /home/airflow/.local/lib/python3.8/site-packages/airflow/example_dags/example_branch_day_of_week_operator.py
[2025-05-09T10:13:28.451+0000] {processor.py:840} INFO - DAG(s) 'example_weekday_branch_operator' retrieved from /home/airflow/.local/lib/python3.8/site-packages/airflow/example_dags/example_branch_day_of_week_operator.py
[2025-05-09T10:13:28.490+0000] {logging_mixin.py:188} INFO - [2025-05-09T10:13:28.490+0000] {dag.py:3036} INFO - Sync 1 DAGs
[2025-05-09T10:13:28.539+0000] {logging_mixin.py:188} INFO - [2025-05-09T10:13:28.538+0000] {dag.py:3823} INFO - Setting next_dagrun for example_weekday_branch_operator to 2025-05-08 00:00:00+00:00, run_after=2025-05-09 00:00:00+00:00
[2025-05-09T10:13:28.573+0000] {processor.py:183} INFO - Processing /home/airflow/.local/lib/python3.8/site-packages/airflow/example_dags/example_branch_day_of_week_operator.py took 0.230 seconds
[2025-05-09T10:13:58.815+0000] {processor.py:161} INFO - Started process (PID=592) to work on /home/airflow/.local/lib/python3.8/site-packages/airflow/example_dags/example_branch_day_of_week_operator.py
[2025-05-09T10:13:58.817+0000] {processor.py:830} INFO - Processing file /home/airflow/.local/lib/python3.8/site-packages/airflow/example_dags/example_branch_day_of_week_operator.py for tasks to queue
[2025-05-09T10:13:58.821+0000] {logging_mixin.py:188} INFO - [2025-05-09T10:13:58.821+0000] {dagbag.py:538} INFO - Filling up the DagBag from /home/airflow/.local/lib/python3.8/site-packages/airflow/example_dags/example_branch_day_of_week_operator.py
[2025-05-09T10:13:58.842+0000] {processor.py:840} INFO - DAG(s) 'example_weekday_branch_operator' retrieved from /home/airflow/.local/lib/python3.8/site-packages/airflow/example_dags/example_branch_day_of_week_operator.py
[2025-05-09T10:13:58.919+0000] {logging_mixin.py:188} INFO - [2025-05-09T10:13:58.918+0000] {dag.py:3036} INFO - Sync 1 DAGs
[2025-05-09T10:13:58.995+0000] {logging_mixin.py:188} INFO - [2025-05-09T10:13:58.994+0000] {dag.py:3823} INFO - Setting next_dagrun for example_weekday_branch_operator to 2025-05-08 00:00:00+00:00, run_after=2025-05-09 00:00:00+00:00
[2025-05-09T10:13:59.050+0000] {processor.py:183} INFO - Processing /home/airflow/.local/lib/python3.8/site-packages/airflow/example_dags/example_branch_day_of_week_operator.py took 0.241 seconds
