[2025-05-09T10:01:09.585+0000] {processor.py:161} INFO - Started process (PID=95) to work on /home/airflow/.local/lib/python3.8/site-packages/airflow/example_dags/example_branch_datetime_operator.py
[2025-05-09T10:01:09.619+0000] {processor.py:830} INFO - Processing file /home/airflow/.local/lib/python3.8/site-packages/airflow/example_dags/example_branch_datetime_operator.py for tasks to queue
[2025-05-09T10:01:09.672+0000] {logging_mixin.py:188} INFO - [2025-05-09T10:01:09.660+0000] {dagbag.py:538} INFO - Filling up the DagBag from /home/airflow/.local/lib/python3.8/site-packages/airflow/example_dags/example_branch_datetime_operator.py
[2025-05-09T10:01:09.722+0000] {processor.py:840} INFO - DAG(s) 'example_branch_datetime_operator_3', 'example_branch_datetime_operator', 'example_branch_datetime_operator_2' retrieved from /home/airflow/.local/lib/python3.8/site-packages/airflow/example_dags/example_branch_datetime_operator.py
[2025-05-09T10:01:09.764+0000] {logging_mixin.py:188} INFO - [2025-05-09T10:01:09.763+0000] {dag.py:3036} INFO - Sync 3 DAGs
[2025-05-09T10:01:10.060+0000] {logging_mixin.py:188} INFO - [2025-05-09T10:01:10.058+0000] {dag.py:3823} INFO - Setting next_dagrun for example_branch_datetime_operator to 2025-05-08 00:00:00+00:00, run_after=2025-05-09 00:00:00+00:00
[2025-05-09T10:01:10.133+0000] {logging_mixin.py:188} INFO - [2025-05-09T10:01:10.132+0000] {dag.py:3823} INFO - Setting next_dagrun for example_branch_datetime_operator_2 to 2025-05-08 00:00:00+00:00, run_after=2025-05-09 00:00:00+00:00
[2025-05-09T10:01:10.156+0000] {logging_mixin.py:188} INFO - [2025-05-09T10:01:10.155+0000] {dag.py:3823} INFO - Setting next_dagrun for example_branch_datetime_operator_3 to 2025-05-08 00:00:00+00:00, run_after=2025-05-09 00:00:00+00:00
[2025-05-09T10:01:10.287+0000] {processor.py:183} INFO - Processing /home/airflow/.local/lib/python3.8/site-packages/airflow/example_dags/example_branch_datetime_operator.py took 0.831 seconds
[2025-05-09T10:01:40.444+0000] {processor.py:161} INFO - Started process (PID=151) to work on /home/airflow/.local/lib/python3.8/site-packages/airflow/example_dags/example_branch_datetime_operator.py
[2025-05-09T10:01:40.450+0000] {processor.py:830} INFO - Processing file /home/airflow/.local/lib/python3.8/site-packages/airflow/example_dags/example_branch_datetime_operator.py for tasks to queue
[2025-05-09T10:01:40.456+0000] {logging_mixin.py:188} INFO - [2025-05-09T10:01:40.455+0000] {dagbag.py:538} INFO - Filling up the DagBag from /home/airflow/.local/lib/python3.8/site-packages/airflow/example_dags/example_branch_datetime_operator.py
[2025-05-09T10:01:40.492+0000] {processor.py:840} INFO - DAG(s) 'example_branch_datetime_operator_3', 'example_branch_datetime_operator', 'example_branch_datetime_operator_2' retrieved from /home/airflow/.local/lib/python3.8/site-packages/airflow/example_dags/example_branch_datetime_operator.py
[2025-05-09T10:01:40.807+0000] {logging_mixin.py:188} INFO - [2025-05-09T10:01:40.807+0000] {dag.py:3036} INFO - Sync 3 DAGs
[2025-05-09T10:01:40.844+0000] {logging_mixin.py:188} INFO - [2025-05-09T10:01:40.844+0000] {dag.py:3823} INFO - Setting next_dagrun for example_branch_datetime_operator to 2025-05-08 00:00:00+00:00, run_after=2025-05-09 00:00:00+00:00
[2025-05-09T10:01:40.852+0000] {logging_mixin.py:188} INFO - [2025-05-09T10:01:40.852+0000] {dag.py:3823} INFO - Setting next_dagrun for example_branch_datetime_operator_2 to 2025-05-08 00:00:00+00:00, run_after=2025-05-09 00:00:00+00:00
[2025-05-09T10:01:40.858+0000] {logging_mixin.py:188} INFO - [2025-05-09T10:01:40.857+0000] {dag.py:3823} INFO - Setting next_dagrun for example_branch_datetime_operator_3 to 2025-05-08 00:00:00+00:00, run_after=2025-05-09 00:00:00+00:00
[2025-05-09T10:01:40.898+0000] {processor.py:183} INFO - Processing /home/airflow/.local/lib/python3.8/site-packages/airflow/example_dags/example_branch_datetime_operator.py took 0.468 seconds
[2025-05-09T10:02:11.245+0000] {processor.py:161} INFO - Started process (PID=207) to work on /home/airflow/.local/lib/python3.8/site-packages/airflow/example_dags/example_branch_datetime_operator.py
[2025-05-09T10:02:11.372+0000] {processor.py:830} INFO - Processing file /home/airflow/.local/lib/python3.8/site-packages/airflow/example_dags/example_branch_datetime_operator.py for tasks to queue
[2025-05-09T10:02:11.384+0000] {logging_mixin.py:188} INFO - [2025-05-09T10:02:11.382+0000] {dagbag.py:538} INFO - Filling up the DagBag from /home/airflow/.local/lib/python3.8/site-packages/airflow/example_dags/example_branch_datetime_operator.py
[2025-05-09T10:02:11.440+0000] {processor.py:840} INFO - DAG(s) 'example_branch_datetime_operator', 'example_branch_datetime_operator_3', 'example_branch_datetime_operator_2' retrieved from /home/airflow/.local/lib/python3.8/site-packages/airflow/example_dags/example_branch_datetime_operator.py
[2025-05-09T10:02:11.605+0000] {logging_mixin.py:188} INFO - [2025-05-09T10:02:11.604+0000] {dag.py:3036} INFO - Sync 3 DAGs
[2025-05-09T10:02:11.751+0000] {logging_mixin.py:188} INFO - [2025-05-09T10:02:11.750+0000] {dag.py:3823} INFO - Setting next_dagrun for example_branch_datetime_operator to 2025-05-08 00:00:00+00:00, run_after=2025-05-09 00:00:00+00:00
[2025-05-09T10:02:11.788+0000] {logging_mixin.py:188} INFO - [2025-05-09T10:02:11.787+0000] {dag.py:3823} INFO - Setting next_dagrun for example_branch_datetime_operator_2 to 2025-05-08 00:00:00+00:00, run_after=2025-05-09 00:00:00+00:00
[2025-05-09T10:02:11.805+0000] {logging_mixin.py:188} INFO - [2025-05-09T10:02:11.804+0000] {dag.py:3823} INFO - Setting next_dagrun for example_branch_datetime_operator_3 to 2025-05-08 00:00:00+00:00, run_after=2025-05-09 00:00:00+00:00
[2025-05-09T10:02:11.972+0000] {processor.py:183} INFO - Processing /home/airflow/.local/lib/python3.8/site-packages/airflow/example_dags/example_branch_datetime_operator.py took 0.745 seconds
[2025-05-09T10:02:42.797+0000] {processor.py:161} INFO - Started process (PID=263) to work on /home/airflow/.local/lib/python3.8/site-packages/airflow/example_dags/example_branch_datetime_operator.py
[2025-05-09T10:02:42.803+0000] {processor.py:830} INFO - Processing file /home/airflow/.local/lib/python3.8/site-packages/airflow/example_dags/example_branch_datetime_operator.py for tasks to queue
[2025-05-09T10:02:42.813+0000] {logging_mixin.py:188} INFO - [2025-05-09T10:02:42.812+0000] {dagbag.py:538} INFO - Filling up the DagBag from /home/airflow/.local/lib/python3.8/site-packages/airflow/example_dags/example_branch_datetime_operator.py
[2025-05-09T10:02:42.877+0000] {processor.py:840} INFO - DAG(s) 'example_branch_datetime_operator', 'example_branch_datetime_operator_3', 'example_branch_datetime_operator_2' retrieved from /home/airflow/.local/lib/python3.8/site-packages/airflow/example_dags/example_branch_datetime_operator.py
[2025-05-09T10:02:43.010+0000] {logging_mixin.py:188} INFO - [2025-05-09T10:02:43.009+0000] {dag.py:3036} INFO - Sync 3 DAGs
[2025-05-09T10:02:43.121+0000] {logging_mixin.py:188} INFO - [2025-05-09T10:02:43.120+0000] {dag.py:3823} INFO - Setting next_dagrun for example_branch_datetime_operator to 2025-05-08 00:00:00+00:00, run_after=2025-05-09 00:00:00+00:00
[2025-05-09T10:02:43.143+0000] {logging_mixin.py:188} INFO - [2025-05-09T10:02:43.142+0000] {dag.py:3823} INFO - Setting next_dagrun for example_branch_datetime_operator_2 to 2025-05-08 00:00:00+00:00, run_after=2025-05-09 00:00:00+00:00
[2025-05-09T10:02:43.156+0000] {logging_mixin.py:188} INFO - [2025-05-09T10:02:43.155+0000] {dag.py:3823} INFO - Setting next_dagrun for example_branch_datetime_operator_3 to 2025-05-08 00:00:00+00:00, run_after=2025-05-09 00:00:00+00:00
[2025-05-09T10:02:43.256+0000] {processor.py:183} INFO - Processing /home/airflow/.local/lib/python3.8/site-packages/airflow/example_dags/example_branch_datetime_operator.py took 0.474 seconds
[2025-05-09T10:03:13.822+0000] {processor.py:161} INFO - Started process (PID=319) to work on /home/airflow/.local/lib/python3.8/site-packages/airflow/example_dags/example_branch_datetime_operator.py
[2025-05-09T10:03:13.824+0000] {processor.py:830} INFO - Processing file /home/airflow/.local/lib/python3.8/site-packages/airflow/example_dags/example_branch_datetime_operator.py for tasks to queue
[2025-05-09T10:03:13.830+0000] {logging_mixin.py:188} INFO - [2025-05-09T10:03:13.829+0000] {dagbag.py:538} INFO - Filling up the DagBag from /home/airflow/.local/lib/python3.8/site-packages/airflow/example_dags/example_branch_datetime_operator.py
[2025-05-09T10:03:13.880+0000] {processor.py:840} INFO - DAG(s) 'example_branch_datetime_operator_2', 'example_branch_datetime_operator', 'example_branch_datetime_operator_3' retrieved from /home/airflow/.local/lib/python3.8/site-packages/airflow/example_dags/example_branch_datetime_operator.py
[2025-05-09T10:03:14.033+0000] {logging_mixin.py:188} INFO - [2025-05-09T10:03:14.033+0000] {dag.py:3036} INFO - Sync 3 DAGs
[2025-05-09T10:03:14.160+0000] {logging_mixin.py:188} INFO - [2025-05-09T10:03:14.159+0000] {dag.py:3823} INFO - Setting next_dagrun for example_branch_datetime_operator to 2025-05-08 00:00:00+00:00, run_after=2025-05-09 00:00:00+00:00
[2025-05-09T10:03:14.178+0000] {logging_mixin.py:188} INFO - [2025-05-09T10:03:14.177+0000] {dag.py:3823} INFO - Setting next_dagrun for example_branch_datetime_operator_2 to 2025-05-08 00:00:00+00:00, run_after=2025-05-09 00:00:00+00:00
[2025-05-09T10:03:14.193+0000] {logging_mixin.py:188} INFO - [2025-05-09T10:03:14.192+0000] {dag.py:3823} INFO - Setting next_dagrun for example_branch_datetime_operator_3 to 2025-05-08 00:00:00+00:00, run_after=2025-05-09 00:00:00+00:00
[2025-05-09T10:03:14.252+0000] {processor.py:183} INFO - Processing /home/airflow/.local/lib/python3.8/site-packages/airflow/example_dags/example_branch_datetime_operator.py took 0.443 seconds
[2025-05-09T10:03:44.404+0000] {processor.py:161} INFO - Started process (PID=375) to work on /home/airflow/.local/lib/python3.8/site-packages/airflow/example_dags/example_branch_datetime_operator.py
[2025-05-09T10:03:44.409+0000] {processor.py:830} INFO - Processing file /home/airflow/.local/lib/python3.8/site-packages/airflow/example_dags/example_branch_datetime_operator.py for tasks to queue
[2025-05-09T10:03:44.418+0000] {logging_mixin.py:188} INFO - [2025-05-09T10:03:44.417+0000] {dagbag.py:538} INFO - Filling up the DagBag from /home/airflow/.local/lib/python3.8/site-packages/airflow/example_dags/example_branch_datetime_operator.py
[2025-05-09T10:03:44.465+0000] {processor.py:840} INFO - DAG(s) 'example_branch_datetime_operator_2', 'example_branch_datetime_operator', 'example_branch_datetime_operator_3' retrieved from /home/airflow/.local/lib/python3.8/site-packages/airflow/example_dags/example_branch_datetime_operator.py
[2025-05-09T10:03:44.551+0000] {logging_mixin.py:188} INFO - [2025-05-09T10:03:44.550+0000] {dag.py:3036} INFO - Sync 3 DAGs
[2025-05-09T10:03:44.595+0000] {logging_mixin.py:188} INFO - [2025-05-09T10:03:44.594+0000] {dag.py:3823} INFO - Setting next_dagrun for example_branch_datetime_operator to 2025-05-08 00:00:00+00:00, run_after=2025-05-09 00:00:00+00:00
[2025-05-09T10:03:44.610+0000] {logging_mixin.py:188} INFO - [2025-05-09T10:03:44.609+0000] {dag.py:3823} INFO - Setting next_dagrun for example_branch_datetime_operator_2 to 2025-05-08 00:00:00+00:00, run_after=2025-05-09 00:00:00+00:00
[2025-05-09T10:03:44.616+0000] {logging_mixin.py:188} INFO - [2025-05-09T10:03:44.616+0000] {dag.py:3823} INFO - Setting next_dagrun for example_branch_datetime_operator_3 to 2025-05-08 00:00:00+00:00, run_after=2025-05-09 00:00:00+00:00
[2025-05-09T10:03:44.662+0000] {processor.py:183} INFO - Processing /home/airflow/.local/lib/python3.8/site-packages/airflow/example_dags/example_branch_datetime_operator.py took 0.273 seconds
[2025-05-09T10:04:14.781+0000] {processor.py:161} INFO - Started process (PID=431) to work on /home/airflow/.local/lib/python3.8/site-packages/airflow/example_dags/example_branch_datetime_operator.py
[2025-05-09T10:04:14.784+0000] {processor.py:830} INFO - Processing file /home/airflow/.local/lib/python3.8/site-packages/airflow/example_dags/example_branch_datetime_operator.py for tasks to queue
[2025-05-09T10:04:14.789+0000] {logging_mixin.py:188} INFO - [2025-05-09T10:04:14.788+0000] {dagbag.py:538} INFO - Filling up the DagBag from /home/airflow/.local/lib/python3.8/site-packages/airflow/example_dags/example_branch_datetime_operator.py
[2025-05-09T10:04:14.814+0000] {processor.py:840} INFO - DAG(s) 'example_branch_datetime_operator_3', 'example_branch_datetime_operator_2', 'example_branch_datetime_operator' retrieved from /home/airflow/.local/lib/python3.8/site-packages/airflow/example_dags/example_branch_datetime_operator.py
[2025-05-09T10:04:14.891+0000] {logging_mixin.py:188} INFO - [2025-05-09T10:04:14.890+0000] {dag.py:3036} INFO - Sync 3 DAGs
[2025-05-09T10:04:14.956+0000] {logging_mixin.py:188} INFO - [2025-05-09T10:04:14.955+0000] {dag.py:3823} INFO - Setting next_dagrun for example_branch_datetime_operator to 2025-05-08 00:00:00+00:00, run_after=2025-05-09 00:00:00+00:00
[2025-05-09T10:04:14.970+0000] {logging_mixin.py:188} INFO - [2025-05-09T10:04:14.970+0000] {dag.py:3823} INFO - Setting next_dagrun for example_branch_datetime_operator_2 to 2025-05-08 00:00:00+00:00, run_after=2025-05-09 00:00:00+00:00
[2025-05-09T10:04:14.979+0000] {logging_mixin.py:188} INFO - [2025-05-09T10:04:14.978+0000] {dag.py:3823} INFO - Setting next_dagrun for example_branch_datetime_operator_3 to 2025-05-08 00:00:00+00:00, run_after=2025-05-09 00:00:00+00:00
[2025-05-09T10:04:15.017+0000] {processor.py:183} INFO - Processing /home/airflow/.local/lib/python3.8/site-packages/airflow/example_dags/example_branch_datetime_operator.py took 0.250 seconds
[2025-05-09T10:04:45.750+0000] {processor.py:161} INFO - Started process (PID=487) to work on /home/airflow/.local/lib/python3.8/site-packages/airflow/example_dags/example_branch_datetime_operator.py
[2025-05-09T10:04:45.763+0000] {processor.py:830} INFO - Processing file /home/airflow/.local/lib/python3.8/site-packages/airflow/example_dags/example_branch_datetime_operator.py for tasks to queue
[2025-05-09T10:04:45.767+0000] {logging_mixin.py:188} INFO - [2025-05-09T10:04:45.767+0000] {dagbag.py:538} INFO - Filling up the DagBag from /home/airflow/.local/lib/python3.8/site-packages/airflow/example_dags/example_branch_datetime_operator.py
[2025-05-09T10:04:45.788+0000] {processor.py:840} INFO - DAG(s) 'example_branch_datetime_operator_2', 'example_branch_datetime_operator_3', 'example_branch_datetime_operator' retrieved from /home/airflow/.local/lib/python3.8/site-packages/airflow/example_dags/example_branch_datetime_operator.py
[2025-05-09T10:04:45.841+0000] {logging_mixin.py:188} INFO - [2025-05-09T10:04:45.840+0000] {dag.py:3036} INFO - Sync 3 DAGs
[2025-05-09T10:04:45.887+0000] {logging_mixin.py:188} INFO - [2025-05-09T10:04:45.886+0000] {dag.py:3823} INFO - Setting next_dagrun for example_branch_datetime_operator to 2025-05-08 00:00:00+00:00, run_after=2025-05-09 00:00:00+00:00
[2025-05-09T10:04:45.899+0000] {logging_mixin.py:188} INFO - [2025-05-09T10:04:45.899+0000] {dag.py:3823} INFO - Setting next_dagrun for example_branch_datetime_operator_2 to 2025-05-08 00:00:00+00:00, run_after=2025-05-09 00:00:00+00:00
[2025-05-09T10:04:45.907+0000] {logging_mixin.py:188} INFO - [2025-05-09T10:04:45.906+0000] {dag.py:3823} INFO - Setting next_dagrun for example_branch_datetime_operator_3 to 2025-05-08 00:00:00+00:00, run_after=2025-05-09 00:00:00+00:00
[2025-05-09T10:04:45.949+0000] {processor.py:183} INFO - Processing /home/airflow/.local/lib/python3.8/site-packages/airflow/example_dags/example_branch_datetime_operator.py took 0.211 seconds
[2025-05-09T10:05:16.316+0000] {processor.py:161} INFO - Started process (PID=543) to work on /home/airflow/.local/lib/python3.8/site-packages/airflow/example_dags/example_branch_datetime_operator.py
[2025-05-09T10:05:16.334+0000] {processor.py:830} INFO - Processing file /home/airflow/.local/lib/python3.8/site-packages/airflow/example_dags/example_branch_datetime_operator.py for tasks to queue
[2025-05-09T10:05:16.342+0000] {logging_mixin.py:188} INFO - [2025-05-09T10:05:16.340+0000] {dagbag.py:538} INFO - Filling up the DagBag from /home/airflow/.local/lib/python3.8/site-packages/airflow/example_dags/example_branch_datetime_operator.py
[2025-05-09T10:05:16.429+0000] {processor.py:840} INFO - DAG(s) 'example_branch_datetime_operator_3', 'example_branch_datetime_operator', 'example_branch_datetime_operator_2' retrieved from /home/airflow/.local/lib/python3.8/site-packages/airflow/example_dags/example_branch_datetime_operator.py
[2025-05-09T10:05:16.497+0000] {logging_mixin.py:188} INFO - [2025-05-09T10:05:16.497+0000] {dag.py:3036} INFO - Sync 3 DAGs
[2025-05-09T10:05:16.543+0000] {logging_mixin.py:188} INFO - [2025-05-09T10:05:16.542+0000] {dag.py:3823} INFO - Setting next_dagrun for example_branch_datetime_operator to 2025-05-08 00:00:00+00:00, run_after=2025-05-09 00:00:00+00:00
[2025-05-09T10:05:16.552+0000] {logging_mixin.py:188} INFO - [2025-05-09T10:05:16.552+0000] {dag.py:3823} INFO - Setting next_dagrun for example_branch_datetime_operator_2 to 2025-05-08 00:00:00+00:00, run_after=2025-05-09 00:00:00+00:00
[2025-05-09T10:05:16.559+0000] {logging_mixin.py:188} INFO - [2025-05-09T10:05:16.559+0000] {dag.py:3823} INFO - Setting next_dagrun for example_branch_datetime_operator_3 to 2025-05-08 00:00:00+00:00, run_after=2025-05-09 00:00:00+00:00
[2025-05-09T10:05:16.595+0000] {processor.py:183} INFO - Processing /home/airflow/.local/lib/python3.8/site-packages/airflow/example_dags/example_branch_datetime_operator.py took 0.296 seconds
[2025-05-09T10:05:47.092+0000] {processor.py:161} INFO - Started process (PID=599) to work on /home/airflow/.local/lib/python3.8/site-packages/airflow/example_dags/example_branch_datetime_operator.py
[2025-05-09T10:05:47.098+0000] {processor.py:830} INFO - Processing file /home/airflow/.local/lib/python3.8/site-packages/airflow/example_dags/example_branch_datetime_operator.py for tasks to queue
[2025-05-09T10:05:47.108+0000] {logging_mixin.py:188} INFO - [2025-05-09T10:05:47.106+0000] {dagbag.py:538} INFO - Filling up the DagBag from /home/airflow/.local/lib/python3.8/site-packages/airflow/example_dags/example_branch_datetime_operator.py
[2025-05-09T10:05:47.178+0000] {processor.py:840} INFO - DAG(s) 'example_branch_datetime_operator', 'example_branch_datetime_operator_3', 'example_branch_datetime_operator_2' retrieved from /home/airflow/.local/lib/python3.8/site-packages/airflow/example_dags/example_branch_datetime_operator.py
[2025-05-09T10:05:47.332+0000] {logging_mixin.py:188} INFO - [2025-05-09T10:05:47.331+0000] {dag.py:3036} INFO - Sync 3 DAGs
[2025-05-09T10:05:47.499+0000] {logging_mixin.py:188} INFO - [2025-05-09T10:05:47.498+0000] {dag.py:3823} INFO - Setting next_dagrun for example_branch_datetime_operator to 2025-05-08 00:00:00+00:00, run_after=2025-05-09 00:00:00+00:00
[2025-05-09T10:05:47.515+0000] {logging_mixin.py:188} INFO - [2025-05-09T10:05:47.514+0000] {dag.py:3823} INFO - Setting next_dagrun for example_branch_datetime_operator_2 to 2025-05-08 00:00:00+00:00, run_after=2025-05-09 00:00:00+00:00
[2025-05-09T10:05:47.524+0000] {logging_mixin.py:188} INFO - [2025-05-09T10:05:47.524+0000] {dag.py:3823} INFO - Setting next_dagrun for example_branch_datetime_operator_3 to 2025-05-08 00:00:00+00:00, run_after=2025-05-09 00:00:00+00:00
[2025-05-09T10:05:47.590+0000] {processor.py:183} INFO - Processing /home/airflow/.local/lib/python3.8/site-packages/airflow/example_dags/example_branch_datetime_operator.py took 0.514 seconds
[2025-05-09T10:06:17.834+0000] {processor.py:161} INFO - Started process (PID=655) to work on /home/airflow/.local/lib/python3.8/site-packages/airflow/example_dags/example_branch_datetime_operator.py
[2025-05-09T10:06:17.837+0000] {processor.py:830} INFO - Processing file /home/airflow/.local/lib/python3.8/site-packages/airflow/example_dags/example_branch_datetime_operator.py for tasks to queue
[2025-05-09T10:06:17.843+0000] {logging_mixin.py:188} INFO - [2025-05-09T10:06:17.842+0000] {dagbag.py:538} INFO - Filling up the DagBag from /home/airflow/.local/lib/python3.8/site-packages/airflow/example_dags/example_branch_datetime_operator.py
[2025-05-09T10:06:17.869+0000] {processor.py:840} INFO - DAG(s) 'example_branch_datetime_operator_3', 'example_branch_datetime_operator_2', 'example_branch_datetime_operator' retrieved from /home/airflow/.local/lib/python3.8/site-packages/airflow/example_dags/example_branch_datetime_operator.py
[2025-05-09T10:06:17.923+0000] {logging_mixin.py:188} INFO - [2025-05-09T10:06:17.922+0000] {dag.py:3036} INFO - Sync 3 DAGs
[2025-05-09T10:06:17.969+0000] {logging_mixin.py:188} INFO - [2025-05-09T10:06:17.969+0000] {dag.py:3823} INFO - Setting next_dagrun for example_branch_datetime_operator to 2025-05-08 00:00:00+00:00, run_after=2025-05-09 00:00:00+00:00
[2025-05-09T10:06:17.985+0000] {logging_mixin.py:188} INFO - [2025-05-09T10:06:17.984+0000] {dag.py:3823} INFO - Setting next_dagrun for example_branch_datetime_operator_2 to 2025-05-08 00:00:00+00:00, run_after=2025-05-09 00:00:00+00:00
[2025-05-09T10:06:17.992+0000] {logging_mixin.py:188} INFO - [2025-05-09T10:06:17.991+0000] {dag.py:3823} INFO - Setting next_dagrun for example_branch_datetime_operator_3 to 2025-05-08 00:00:00+00:00, run_after=2025-05-09 00:00:00+00:00
[2025-05-09T10:06:18.034+0000] {processor.py:183} INFO - Processing /home/airflow/.local/lib/python3.8/site-packages/airflow/example_dags/example_branch_datetime_operator.py took 0.209 seconds
[2025-05-09T10:06:48.535+0000] {processor.py:161} INFO - Started process (PID=712) to work on /home/airflow/.local/lib/python3.8/site-packages/airflow/example_dags/example_branch_datetime_operator.py
[2025-05-09T10:06:48.536+0000] {processor.py:830} INFO - Processing file /home/airflow/.local/lib/python3.8/site-packages/airflow/example_dags/example_branch_datetime_operator.py for tasks to queue
[2025-05-09T10:06:48.539+0000] {logging_mixin.py:188} INFO - [2025-05-09T10:06:48.539+0000] {dagbag.py:538} INFO - Filling up the DagBag from /home/airflow/.local/lib/python3.8/site-packages/airflow/example_dags/example_branch_datetime_operator.py
[2025-05-09T10:06:48.560+0000] {processor.py:840} INFO - DAG(s) 'example_branch_datetime_operator', 'example_branch_datetime_operator_3', 'example_branch_datetime_operator_2' retrieved from /home/airflow/.local/lib/python3.8/site-packages/airflow/example_dags/example_branch_datetime_operator.py
[2025-05-09T10:06:48.624+0000] {logging_mixin.py:188} INFO - [2025-05-09T10:06:48.624+0000] {dag.py:3036} INFO - Sync 3 DAGs
[2025-05-09T10:06:48.691+0000] {logging_mixin.py:188} INFO - [2025-05-09T10:06:48.691+0000] {dag.py:3823} INFO - Setting next_dagrun for example_branch_datetime_operator to 2025-05-08 00:00:00+00:00, run_after=2025-05-09 00:00:00+00:00
[2025-05-09T10:06:48.714+0000] {logging_mixin.py:188} INFO - [2025-05-09T10:06:48.713+0000] {dag.py:3823} INFO - Setting next_dagrun for example_branch_datetime_operator_2 to 2025-05-08 00:00:00+00:00, run_after=2025-05-09 00:00:00+00:00
[2025-05-09T10:06:48.722+0000] {logging_mixin.py:188} INFO - [2025-05-09T10:06:48.721+0000] {dag.py:3823} INFO - Setting next_dagrun for example_branch_datetime_operator_3 to 2025-05-08 00:00:00+00:00, run_after=2025-05-09 00:00:00+00:00
[2025-05-09T10:06:48.845+0000] {processor.py:183} INFO - Processing /home/airflow/.local/lib/python3.8/site-packages/airflow/example_dags/example_branch_datetime_operator.py took 0.318 seconds
[2025-05-09T10:09:20.245+0000] {processor.py:161} INFO - Started process (PID=92) to work on /home/airflow/.local/lib/python3.8/site-packages/airflow/example_dags/example_branch_datetime_operator.py
[2025-05-09T10:09:20.247+0000] {processor.py:830} INFO - Processing file /home/airflow/.local/lib/python3.8/site-packages/airflow/example_dags/example_branch_datetime_operator.py for tasks to queue
[2025-05-09T10:09:20.251+0000] {logging_mixin.py:188} INFO - [2025-05-09T10:09:20.250+0000] {dagbag.py:538} INFO - Filling up the DagBag from /home/airflow/.local/lib/python3.8/site-packages/airflow/example_dags/example_branch_datetime_operator.py
[2025-05-09T10:09:20.304+0000] {processor.py:840} INFO - DAG(s) 'example_branch_datetime_operator_2', 'example_branch_datetime_operator', 'example_branch_datetime_operator_3' retrieved from /home/airflow/.local/lib/python3.8/site-packages/airflow/example_dags/example_branch_datetime_operator.py
[2025-05-09T10:09:21.728+0000] {logging_mixin.py:188} INFO - [2025-05-09T10:09:21.727+0000] {dag.py:3036} INFO - Sync 3 DAGs
[2025-05-09T10:09:21.826+0000] {logging_mixin.py:188} INFO - [2025-05-09T10:09:21.825+0000] {dag.py:3823} INFO - Setting next_dagrun for example_branch_datetime_operator to 2025-05-08 00:00:00+00:00, run_after=2025-05-09 00:00:00+00:00
[2025-05-09T10:09:21.845+0000] {logging_mixin.py:188} INFO - [2025-05-09T10:09:21.844+0000] {dag.py:3823} INFO - Setting next_dagrun for example_branch_datetime_operator_2 to 2025-05-08 00:00:00+00:00, run_after=2025-05-09 00:00:00+00:00
[2025-05-09T10:09:21.861+0000] {logging_mixin.py:188} INFO - [2025-05-09T10:09:21.861+0000] {dag.py:3823} INFO - Setting next_dagrun for example_branch_datetime_operator_3 to 2025-05-08 00:00:00+00:00, run_after=2025-05-09 00:00:00+00:00
[2025-05-09T10:09:21.939+0000] {processor.py:183} INFO - Processing /home/airflow/.local/lib/python3.8/site-packages/airflow/example_dags/example_branch_datetime_operator.py took 1.700 seconds
[2025-05-09T10:09:52.304+0000] {processor.py:161} INFO - Started process (PID=147) to work on /home/airflow/.local/lib/python3.8/site-packages/airflow/example_dags/example_branch_datetime_operator.py
[2025-05-09T10:09:52.307+0000] {processor.py:830} INFO - Processing file /home/airflow/.local/lib/python3.8/site-packages/airflow/example_dags/example_branch_datetime_operator.py for tasks to queue
[2025-05-09T10:09:52.312+0000] {logging_mixin.py:188} INFO - [2025-05-09T10:09:52.311+0000] {dagbag.py:538} INFO - Filling up the DagBag from /home/airflow/.local/lib/python3.8/site-packages/airflow/example_dags/example_branch_datetime_operator.py
[2025-05-09T10:09:52.344+0000] {processor.py:840} INFO - DAG(s) 'example_branch_datetime_operator', 'example_branch_datetime_operator_2', 'example_branch_datetime_operator_3' retrieved from /home/airflow/.local/lib/python3.8/site-packages/airflow/example_dags/example_branch_datetime_operator.py
[2025-05-09T10:09:52.463+0000] {logging_mixin.py:188} INFO - [2025-05-09T10:09:52.463+0000] {dag.py:3036} INFO - Sync 3 DAGs
[2025-05-09T10:09:52.612+0000] {logging_mixin.py:188} INFO - [2025-05-09T10:09:52.611+0000] {dag.py:3823} INFO - Setting next_dagrun for example_branch_datetime_operator to 2025-05-08 00:00:00+00:00, run_after=2025-05-09 00:00:00+00:00
[2025-05-09T10:09:52.646+0000] {logging_mixin.py:188} INFO - [2025-05-09T10:09:52.644+0000] {dag.py:3823} INFO - Setting next_dagrun for example_branch_datetime_operator_2 to 2025-05-08 00:00:00+00:00, run_after=2025-05-09 00:00:00+00:00
[2025-05-09T10:09:52.656+0000] {logging_mixin.py:188} INFO - [2025-05-09T10:09:52.655+0000] {dag.py:3823} INFO - Setting next_dagrun for example_branch_datetime_operator_3 to 2025-05-08 00:00:00+00:00, run_after=2025-05-09 00:00:00+00:00
[2025-05-09T10:09:52.725+0000] {processor.py:183} INFO - Processing /home/airflow/.local/lib/python3.8/site-packages/airflow/example_dags/example_branch_datetime_operator.py took 0.428 seconds
[2025-05-09T10:10:22.908+0000] {processor.py:161} INFO - Started process (PID=204) to work on /home/airflow/.local/lib/python3.8/site-packages/airflow/example_dags/example_branch_datetime_operator.py
[2025-05-09T10:10:22.910+0000] {processor.py:830} INFO - Processing file /home/airflow/.local/lib/python3.8/site-packages/airflow/example_dags/example_branch_datetime_operator.py for tasks to queue
[2025-05-09T10:10:22.914+0000] {logging_mixin.py:188} INFO - [2025-05-09T10:10:22.913+0000] {dagbag.py:538} INFO - Filling up the DagBag from /home/airflow/.local/lib/python3.8/site-packages/airflow/example_dags/example_branch_datetime_operator.py
[2025-05-09T10:10:22.942+0000] {processor.py:840} INFO - DAG(s) 'example_branch_datetime_operator_2', 'example_branch_datetime_operator', 'example_branch_datetime_operator_3' retrieved from /home/airflow/.local/lib/python3.8/site-packages/airflow/example_dags/example_branch_datetime_operator.py
[2025-05-09T10:10:23.043+0000] {logging_mixin.py:188} INFO - [2025-05-09T10:10:23.042+0000] {dag.py:3036} INFO - Sync 3 DAGs
[2025-05-09T10:10:23.114+0000] {logging_mixin.py:188} INFO - [2025-05-09T10:10:23.113+0000] {dag.py:3823} INFO - Setting next_dagrun for example_branch_datetime_operator to 2025-05-08 00:00:00+00:00, run_after=2025-05-09 00:00:00+00:00
[2025-05-09T10:10:23.128+0000] {logging_mixin.py:188} INFO - [2025-05-09T10:10:23.127+0000] {dag.py:3823} INFO - Setting next_dagrun for example_branch_datetime_operator_2 to 2025-05-08 00:00:00+00:00, run_after=2025-05-09 00:00:00+00:00
[2025-05-09T10:10:23.133+0000] {logging_mixin.py:188} INFO - [2025-05-09T10:10:23.133+0000] {dag.py:3823} INFO - Setting next_dagrun for example_branch_datetime_operator_3 to 2025-05-08 00:00:00+00:00, run_after=2025-05-09 00:00:00+00:00
[2025-05-09T10:10:23.188+0000] {processor.py:183} INFO - Processing /home/airflow/.local/lib/python3.8/site-packages/airflow/example_dags/example_branch_datetime_operator.py took 0.291 seconds
[2025-05-09T10:10:55.149+0000] {processor.py:161} INFO - Started process (PID=260) to work on /home/airflow/.local/lib/python3.8/site-packages/airflow/example_dags/example_branch_datetime_operator.py
[2025-05-09T10:10:55.181+0000] {processor.py:830} INFO - Processing file /home/airflow/.local/lib/python3.8/site-packages/airflow/example_dags/example_branch_datetime_operator.py for tasks to queue
[2025-05-09T10:10:55.202+0000] {logging_mixin.py:188} INFO - [2025-05-09T10:10:55.201+0000] {dagbag.py:538} INFO - Filling up the DagBag from /home/airflow/.local/lib/python3.8/site-packages/airflow/example_dags/example_branch_datetime_operator.py
[2025-05-09T10:10:55.315+0000] {processor.py:840} INFO - DAG(s) 'example_branch_datetime_operator_3', 'example_branch_datetime_operator', 'example_branch_datetime_operator_2' retrieved from /home/airflow/.local/lib/python3.8/site-packages/airflow/example_dags/example_branch_datetime_operator.py
[2025-05-09T10:10:55.479+0000] {logging_mixin.py:188} INFO - [2025-05-09T10:10:55.478+0000] {dag.py:3036} INFO - Sync 3 DAGs
[2025-05-09T10:10:55.561+0000] {logging_mixin.py:188} INFO - [2025-05-09T10:10:55.561+0000] {dag.py:3823} INFO - Setting next_dagrun for example_branch_datetime_operator to 2025-05-08 00:00:00+00:00, run_after=2025-05-09 00:00:00+00:00
[2025-05-09T10:10:55.601+0000] {logging_mixin.py:188} INFO - [2025-05-09T10:10:55.600+0000] {dag.py:3823} INFO - Setting next_dagrun for example_branch_datetime_operator_2 to 2025-05-08 00:00:00+00:00, run_after=2025-05-09 00:00:00+00:00
[2025-05-09T10:10:55.610+0000] {logging_mixin.py:188} INFO - [2025-05-09T10:10:55.609+0000] {dag.py:3823} INFO - Setting next_dagrun for example_branch_datetime_operator_3 to 2025-05-08 00:00:00+00:00, run_after=2025-05-09 00:00:00+00:00
[2025-05-09T10:10:55.660+0000] {processor.py:183} INFO - Processing /home/airflow/.local/lib/python3.8/site-packages/airflow/example_dags/example_branch_datetime_operator.py took 0.531 seconds
[2025-05-09T10:11:25.850+0000] {processor.py:161} INFO - Started process (PID=316) to work on /home/airflow/.local/lib/python3.8/site-packages/airflow/example_dags/example_branch_datetime_operator.py
[2025-05-09T10:11:25.857+0000] {processor.py:830} INFO - Processing file /home/airflow/.local/lib/python3.8/site-packages/airflow/example_dags/example_branch_datetime_operator.py for tasks to queue
[2025-05-09T10:11:25.861+0000] {logging_mixin.py:188} INFO - [2025-05-09T10:11:25.861+0000] {dagbag.py:538} INFO - Filling up the DagBag from /home/airflow/.local/lib/python3.8/site-packages/airflow/example_dags/example_branch_datetime_operator.py
[2025-05-09T10:11:25.882+0000] {processor.py:840} INFO - DAG(s) 'example_branch_datetime_operator_3', 'example_branch_datetime_operator', 'example_branch_datetime_operator_2' retrieved from /home/airflow/.local/lib/python3.8/site-packages/airflow/example_dags/example_branch_datetime_operator.py
[2025-05-09T10:11:25.941+0000] {logging_mixin.py:188} INFO - [2025-05-09T10:11:25.940+0000] {dag.py:3036} INFO - Sync 3 DAGs
[2025-05-09T10:11:26.004+0000] {logging_mixin.py:188} INFO - [2025-05-09T10:11:26.003+0000] {dag.py:3823} INFO - Setting next_dagrun for example_branch_datetime_operator to 2025-05-08 00:00:00+00:00, run_after=2025-05-09 00:00:00+00:00
[2025-05-09T10:11:26.019+0000] {logging_mixin.py:188} INFO - [2025-05-09T10:11:26.018+0000] {dag.py:3823} INFO - Setting next_dagrun for example_branch_datetime_operator_2 to 2025-05-08 00:00:00+00:00, run_after=2025-05-09 00:00:00+00:00
[2025-05-09T10:11:26.026+0000] {logging_mixin.py:188} INFO - [2025-05-09T10:11:26.025+0000] {dag.py:3823} INFO - Setting next_dagrun for example_branch_datetime_operator_3 to 2025-05-08 00:00:00+00:00, run_after=2025-05-09 00:00:00+00:00
[2025-05-09T10:11:26.061+0000] {processor.py:183} INFO - Processing /home/airflow/.local/lib/python3.8/site-packages/airflow/example_dags/example_branch_datetime_operator.py took 0.219 seconds
[2025-05-09T10:11:56.790+0000] {processor.py:161} INFO - Started process (PID=372) to work on /home/airflow/.local/lib/python3.8/site-packages/airflow/example_dags/example_branch_datetime_operator.py
[2025-05-09T10:11:56.792+0000] {processor.py:830} INFO - Processing file /home/airflow/.local/lib/python3.8/site-packages/airflow/example_dags/example_branch_datetime_operator.py for tasks to queue
[2025-05-09T10:11:56.795+0000] {logging_mixin.py:188} INFO - [2025-05-09T10:11:56.795+0000] {dagbag.py:538} INFO - Filling up the DagBag from /home/airflow/.local/lib/python3.8/site-packages/airflow/example_dags/example_branch_datetime_operator.py
[2025-05-09T10:11:56.814+0000] {processor.py:840} INFO - DAG(s) 'example_branch_datetime_operator', 'example_branch_datetime_operator_3', 'example_branch_datetime_operator_2' retrieved from /home/airflow/.local/lib/python3.8/site-packages/airflow/example_dags/example_branch_datetime_operator.py
[2025-05-09T10:11:56.872+0000] {logging_mixin.py:188} INFO - [2025-05-09T10:11:56.872+0000] {dag.py:3036} INFO - Sync 3 DAGs
[2025-05-09T10:11:56.920+0000] {logging_mixin.py:188} INFO - [2025-05-09T10:11:56.919+0000] {dag.py:3823} INFO - Setting next_dagrun for example_branch_datetime_operator to 2025-05-08 00:00:00+00:00, run_after=2025-05-09 00:00:00+00:00
[2025-05-09T10:11:56.930+0000] {logging_mixin.py:188} INFO - [2025-05-09T10:11:56.929+0000] {dag.py:3823} INFO - Setting next_dagrun for example_branch_datetime_operator_2 to 2025-05-08 00:00:00+00:00, run_after=2025-05-09 00:00:00+00:00
[2025-05-09T10:11:56.936+0000] {logging_mixin.py:188} INFO - [2025-05-09T10:11:56.935+0000] {dag.py:3823} INFO - Setting next_dagrun for example_branch_datetime_operator_3 to 2025-05-08 00:00:00+00:00, run_after=2025-05-09 00:00:00+00:00
[2025-05-09T10:11:56.969+0000] {processor.py:183} INFO - Processing /home/airflow/.local/lib/python3.8/site-packages/airflow/example_dags/example_branch_datetime_operator.py took 0.184 seconds
[2025-05-09T10:12:27.484+0000] {processor.py:161} INFO - Started process (PID=428) to work on /home/airflow/.local/lib/python3.8/site-packages/airflow/example_dags/example_branch_datetime_operator.py
[2025-05-09T10:12:27.486+0000] {processor.py:830} INFO - Processing file /home/airflow/.local/lib/python3.8/site-packages/airflow/example_dags/example_branch_datetime_operator.py for tasks to queue
[2025-05-09T10:12:27.490+0000] {logging_mixin.py:188} INFO - [2025-05-09T10:12:27.489+0000] {dagbag.py:538} INFO - Filling up the DagBag from /home/airflow/.local/lib/python3.8/site-packages/airflow/example_dags/example_branch_datetime_operator.py
[2025-05-09T10:12:27.511+0000] {processor.py:840} INFO - DAG(s) 'example_branch_datetime_operator_2', 'example_branch_datetime_operator', 'example_branch_datetime_operator_3' retrieved from /home/airflow/.local/lib/python3.8/site-packages/airflow/example_dags/example_branch_datetime_operator.py
[2025-05-09T10:12:27.565+0000] {logging_mixin.py:188} INFO - [2025-05-09T10:12:27.565+0000] {dag.py:3036} INFO - Sync 3 DAGs
[2025-05-09T10:12:27.613+0000] {logging_mixin.py:188} INFO - [2025-05-09T10:12:27.612+0000] {dag.py:3823} INFO - Setting next_dagrun for example_branch_datetime_operator to 2025-05-08 00:00:00+00:00, run_after=2025-05-09 00:00:00+00:00
[2025-05-09T10:12:27.627+0000] {logging_mixin.py:188} INFO - [2025-05-09T10:12:27.626+0000] {dag.py:3823} INFO - Setting next_dagrun for example_branch_datetime_operator_2 to 2025-05-08 00:00:00+00:00, run_after=2025-05-09 00:00:00+00:00
[2025-05-09T10:12:27.633+0000] {logging_mixin.py:188} INFO - [2025-05-09T10:12:27.633+0000] {dag.py:3823} INFO - Setting next_dagrun for example_branch_datetime_operator_3 to 2025-05-08 00:00:00+00:00, run_after=2025-05-09 00:00:00+00:00
[2025-05-09T10:12:27.670+0000] {processor.py:183} INFO - Processing /home/airflow/.local/lib/python3.8/site-packages/airflow/example_dags/example_branch_datetime_operator.py took 0.191 seconds
[2025-05-09T10:12:58.169+0000] {processor.py:161} INFO - Started process (PID=484) to work on /home/airflow/.local/lib/python3.8/site-packages/airflow/example_dags/example_branch_datetime_operator.py
[2025-05-09T10:12:58.172+0000] {processor.py:830} INFO - Processing file /home/airflow/.local/lib/python3.8/site-packages/airflow/example_dags/example_branch_datetime_operator.py for tasks to queue
[2025-05-09T10:12:58.175+0000] {logging_mixin.py:188} INFO - [2025-05-09T10:12:58.175+0000] {dagbag.py:538} INFO - Filling up the DagBag from /home/airflow/.local/lib/python3.8/site-packages/airflow/example_dags/example_branch_datetime_operator.py
[2025-05-09T10:12:58.197+0000] {processor.py:840} INFO - DAG(s) 'example_branch_datetime_operator_2', 'example_branch_datetime_operator', 'example_branch_datetime_operator_3' retrieved from /home/airflow/.local/lib/python3.8/site-packages/airflow/example_dags/example_branch_datetime_operator.py
[2025-05-09T10:12:58.272+0000] {logging_mixin.py:188} INFO - [2025-05-09T10:12:58.272+0000] {dag.py:3036} INFO - Sync 3 DAGs
[2025-05-09T10:12:58.328+0000] {logging_mixin.py:188} INFO - [2025-05-09T10:12:58.328+0000] {dag.py:3823} INFO - Setting next_dagrun for example_branch_datetime_operator to 2025-05-08 00:00:00+00:00, run_after=2025-05-09 00:00:00+00:00
[2025-05-09T10:12:58.339+0000] {logging_mixin.py:188} INFO - [2025-05-09T10:12:58.339+0000] {dag.py:3823} INFO - Setting next_dagrun for example_branch_datetime_operator_2 to 2025-05-08 00:00:00+00:00, run_after=2025-05-09 00:00:00+00:00
[2025-05-09T10:12:58.346+0000] {logging_mixin.py:188} INFO - [2025-05-09T10:12:58.345+0000] {dag.py:3823} INFO - Setting next_dagrun for example_branch_datetime_operator_3 to 2025-05-08 00:00:00+00:00, run_after=2025-05-09 00:00:00+00:00
[2025-05-09T10:12:58.396+0000] {processor.py:183} INFO - Processing /home/airflow/.local/lib/python3.8/site-packages/airflow/example_dags/example_branch_datetime_operator.py took 0.233 seconds
[2025-05-09T10:13:28.780+0000] {processor.py:161} INFO - Started process (PID=540) to work on /home/airflow/.local/lib/python3.8/site-packages/airflow/example_dags/example_branch_datetime_operator.py
[2025-05-09T10:13:28.783+0000] {processor.py:830} INFO - Processing file /home/airflow/.local/lib/python3.8/site-packages/airflow/example_dags/example_branch_datetime_operator.py for tasks to queue
[2025-05-09T10:13:28.786+0000] {logging_mixin.py:188} INFO - [2025-05-09T10:13:28.786+0000] {dagbag.py:538} INFO - Filling up the DagBag from /home/airflow/.local/lib/python3.8/site-packages/airflow/example_dags/example_branch_datetime_operator.py
[2025-05-09T10:13:28.806+0000] {processor.py:840} INFO - DAG(s) 'example_branch_datetime_operator', 'example_branch_datetime_operator_3', 'example_branch_datetime_operator_2' retrieved from /home/airflow/.local/lib/python3.8/site-packages/airflow/example_dags/example_branch_datetime_operator.py
[2025-05-09T10:13:28.867+0000] {logging_mixin.py:188} INFO - [2025-05-09T10:13:28.867+0000] {dag.py:3036} INFO - Sync 3 DAGs
[2025-05-09T10:13:28.933+0000] {logging_mixin.py:188} INFO - [2025-05-09T10:13:28.933+0000] {dag.py:3823} INFO - Setting next_dagrun for example_branch_datetime_operator to 2025-05-08 00:00:00+00:00, run_after=2025-05-09 00:00:00+00:00
[2025-05-09T10:13:28.952+0000] {logging_mixin.py:188} INFO - [2025-05-09T10:13:28.951+0000] {dag.py:3823} INFO - Setting next_dagrun for example_branch_datetime_operator_2 to 2025-05-08 00:00:00+00:00, run_after=2025-05-09 00:00:00+00:00
[2025-05-09T10:13:28.964+0000] {logging_mixin.py:188} INFO - [2025-05-09T10:13:28.963+0000] {dag.py:3823} INFO - Setting next_dagrun for example_branch_datetime_operator_3 to 2025-05-08 00:00:00+00:00, run_after=2025-05-09 00:00:00+00:00
[2025-05-09T10:13:29.054+0000] {processor.py:183} INFO - Processing /home/airflow/.local/lib/python3.8/site-packages/airflow/example_dags/example_branch_datetime_operator.py took 0.279 seconds
[2025-05-09T10:13:59.658+0000] {processor.py:161} INFO - Started process (PID=596) to work on /home/airflow/.local/lib/python3.8/site-packages/airflow/example_dags/example_branch_datetime_operator.py
[2025-05-09T10:13:59.663+0000] {processor.py:830} INFO - Processing file /home/airflow/.local/lib/python3.8/site-packages/airflow/example_dags/example_branch_datetime_operator.py for tasks to queue
[2025-05-09T10:13:59.672+0000] {logging_mixin.py:188} INFO - [2025-05-09T10:13:59.671+0000] {dagbag.py:538} INFO - Filling up the DagBag from /home/airflow/.local/lib/python3.8/site-packages/airflow/example_dags/example_branch_datetime_operator.py
[2025-05-09T10:13:59.740+0000] {processor.py:840} INFO - DAG(s) 'example_branch_datetime_operator', 'example_branch_datetime_operator_3', 'example_branch_datetime_operator_2' retrieved from /home/airflow/.local/lib/python3.8/site-packages/airflow/example_dags/example_branch_datetime_operator.py
[2025-05-09T10:13:59.838+0000] {logging_mixin.py:188} INFO - [2025-05-09T10:13:59.837+0000] {dag.py:3036} INFO - Sync 3 DAGs
[2025-05-09T10:13:59.894+0000] {logging_mixin.py:188} INFO - [2025-05-09T10:13:59.894+0000] {dag.py:3823} INFO - Setting next_dagrun for example_branch_datetime_operator to 2025-05-08 00:00:00+00:00, run_after=2025-05-09 00:00:00+00:00
[2025-05-09T10:13:59.903+0000] {logging_mixin.py:188} INFO - [2025-05-09T10:13:59.902+0000] {dag.py:3823} INFO - Setting next_dagrun for example_branch_datetime_operator_2 to 2025-05-08 00:00:00+00:00, run_after=2025-05-09 00:00:00+00:00
[2025-05-09T10:13:59.908+0000] {logging_mixin.py:188} INFO - [2025-05-09T10:13:59.907+0000] {dag.py:3823} INFO - Setting next_dagrun for example_branch_datetime_operator_3 to 2025-05-08 00:00:00+00:00, run_after=2025-05-09 00:00:00+00:00
[2025-05-09T10:13:59.977+0000] {processor.py:183} INFO - Processing /home/airflow/.local/lib/python3.8/site-packages/airflow/example_dags/example_branch_datetime_operator.py took 0.335 seconds
