[2025-05-09T10:01:10.415+0000] {processor.py:161} INFO - Started process (PID=98) to work on /home/airflow/.local/lib/python3.8/site-packages/airflow/example_dags/example_xcomargs.py
[2025-05-09T10:01:10.418+0000] {processor.py:830} INFO - Processing file /home/airflow/.local/lib/python3.8/site-packages/airflow/example_dags/example_xcomargs.py for tasks to queue
[2025-05-09T10:01:10.422+0000] {logging_mixin.py:188} INFO - [2025-05-09T10:01:10.421+0000] {dagbag.py:538} INFO - Filling up the DagBag from /home/airflow/.local/lib/python3.8/site-packages/airflow/example_dags/example_xcomargs.py
[2025-05-09T10:01:10.519+0000] {processor.py:840} INFO - DAG(s) 'example_xcom_args', 'example_xcom_args_with_operators' retrieved from /home/airflow/.local/lib/python3.8/site-packages/airflow/example_dags/example_xcomargs.py
[2025-05-09T10:01:10.735+0000] {logging_mixin.py:188} INFO - [2025-05-09T10:01:10.735+0000] {dag.py:3036} INFO - Sync 2 DAGs
[2025-05-09T10:01:10.958+0000] {logging_mixin.py:188} INFO - [2025-05-09T10:01:10.957+0000] {dag.py:3823} INFO - Setting next_dagrun for example_xcom_args to None, run_after=None
[2025-05-09T10:01:10.972+0000] {logging_mixin.py:188} INFO - [2025-05-09T10:01:10.971+0000] {dag.py:3823} INFO - Setting next_dagrun for example_xcom_args_with_operators to None, run_after=None
[2025-05-09T10:01:11.026+0000] {processor.py:183} INFO - Processing /home/airflow/.local/lib/python3.8/site-packages/airflow/example_dags/example_xcomargs.py took 0.617 seconds
[2025-05-09T10:01:41.652+0000] {processor.py:161} INFO - Started process (PID=154) to work on /home/airflow/.local/lib/python3.8/site-packages/airflow/example_dags/example_xcomargs.py
[2025-05-09T10:01:41.657+0000] {processor.py:830} INFO - Processing file /home/airflow/.local/lib/python3.8/site-packages/airflow/example_dags/example_xcomargs.py for tasks to queue
[2025-05-09T10:01:41.666+0000] {logging_mixin.py:188} INFO - [2025-05-09T10:01:41.664+0000] {dagbag.py:538} INFO - Filling up the DagBag from /home/airflow/.local/lib/python3.8/site-packages/airflow/example_dags/example_xcomargs.py
[2025-05-09T10:01:41.706+0000] {processor.py:840} INFO - DAG(s) 'example_xcom_args', 'example_xcom_args_with_operators' retrieved from /home/airflow/.local/lib/python3.8/site-packages/airflow/example_dags/example_xcomargs.py
[2025-05-09T10:01:42.116+0000] {logging_mixin.py:188} INFO - [2025-05-09T10:01:42.115+0000] {dag.py:3036} INFO - Sync 2 DAGs
[2025-05-09T10:01:42.134+0000] {logging_mixin.py:188} INFO - [2025-05-09T10:01:42.133+0000] {dag.py:3823} INFO - Setting next_dagrun for example_xcom_args to None, run_after=None
[2025-05-09T10:01:42.139+0000] {logging_mixin.py:188} INFO - [2025-05-09T10:01:42.139+0000] {dag.py:3823} INFO - Setting next_dagrun for example_xcom_args_with_operators to None, run_after=None
[2025-05-09T10:01:42.172+0000] {processor.py:183} INFO - Processing /home/airflow/.local/lib/python3.8/site-packages/airflow/example_dags/example_xcomargs.py took 0.540 seconds
[2025-05-09T10:02:12.369+0000] {processor.py:161} INFO - Started process (PID=210) to work on /home/airflow/.local/lib/python3.8/site-packages/airflow/example_dags/example_xcomargs.py
[2025-05-09T10:02:12.373+0000] {processor.py:830} INFO - Processing file /home/airflow/.local/lib/python3.8/site-packages/airflow/example_dags/example_xcomargs.py for tasks to queue
[2025-05-09T10:02:12.378+0000] {logging_mixin.py:188} INFO - [2025-05-09T10:02:12.377+0000] {dagbag.py:538} INFO - Filling up the DagBag from /home/airflow/.local/lib/python3.8/site-packages/airflow/example_dags/example_xcomargs.py
[2025-05-09T10:02:12.403+0000] {processor.py:840} INFO - DAG(s) 'example_xcom_args_with_operators', 'example_xcom_args' retrieved from /home/airflow/.local/lib/python3.8/site-packages/airflow/example_dags/example_xcomargs.py
[2025-05-09T10:02:12.467+0000] {logging_mixin.py:188} INFO - [2025-05-09T10:02:12.466+0000] {dag.py:3036} INFO - Sync 2 DAGs
[2025-05-09T10:02:12.502+0000] {logging_mixin.py:188} INFO - [2025-05-09T10:02:12.502+0000] {dag.py:3823} INFO - Setting next_dagrun for example_xcom_args to None, run_after=None
[2025-05-09T10:02:12.513+0000] {logging_mixin.py:188} INFO - [2025-05-09T10:02:12.512+0000] {dag.py:3823} INFO - Setting next_dagrun for example_xcom_args_with_operators to None, run_after=None
[2025-05-09T10:02:12.558+0000] {processor.py:183} INFO - Processing /home/airflow/.local/lib/python3.8/site-packages/airflow/example_dags/example_xcomargs.py took 0.201 seconds
[2025-05-09T10:02:43.705+0000] {processor.py:161} INFO - Started process (PID=266) to work on /home/airflow/.local/lib/python3.8/site-packages/airflow/example_dags/example_xcomargs.py
[2025-05-09T10:02:43.707+0000] {processor.py:830} INFO - Processing file /home/airflow/.local/lib/python3.8/site-packages/airflow/example_dags/example_xcomargs.py for tasks to queue
[2025-05-09T10:02:43.711+0000] {logging_mixin.py:188} INFO - [2025-05-09T10:02:43.710+0000] {dagbag.py:538} INFO - Filling up the DagBag from /home/airflow/.local/lib/python3.8/site-packages/airflow/example_dags/example_xcomargs.py
[2025-05-09T10:02:43.726+0000] {processor.py:840} INFO - DAG(s) 'example_xcom_args_with_operators', 'example_xcom_args' retrieved from /home/airflow/.local/lib/python3.8/site-packages/airflow/example_dags/example_xcomargs.py
[2025-05-09T10:02:43.768+0000] {logging_mixin.py:188} INFO - [2025-05-09T10:02:43.768+0000] {dag.py:3036} INFO - Sync 2 DAGs
[2025-05-09T10:02:43.793+0000] {logging_mixin.py:188} INFO - [2025-05-09T10:02:43.792+0000] {dag.py:3823} INFO - Setting next_dagrun for example_xcom_args to None, run_after=None
[2025-05-09T10:02:43.804+0000] {logging_mixin.py:188} INFO - [2025-05-09T10:02:43.803+0000] {dag.py:3823} INFO - Setting next_dagrun for example_xcom_args_with_operators to None, run_after=None
[2025-05-09T10:02:43.892+0000] {processor.py:183} INFO - Processing /home/airflow/.local/lib/python3.8/site-packages/airflow/example_dags/example_xcomargs.py took 0.192 seconds
[2025-05-09T10:03:14.314+0000] {processor.py:161} INFO - Started process (PID=322) to work on /home/airflow/.local/lib/python3.8/site-packages/airflow/example_dags/example_xcomargs.py
[2025-05-09T10:03:14.318+0000] {processor.py:830} INFO - Processing file /home/airflow/.local/lib/python3.8/site-packages/airflow/example_dags/example_xcomargs.py for tasks to queue
[2025-05-09T10:03:14.323+0000] {logging_mixin.py:188} INFO - [2025-05-09T10:03:14.322+0000] {dagbag.py:538} INFO - Filling up the DagBag from /home/airflow/.local/lib/python3.8/site-packages/airflow/example_dags/example_xcomargs.py
[2025-05-09T10:03:14.343+0000] {processor.py:840} INFO - DAG(s) 'example_xcom_args_with_operators', 'example_xcom_args' retrieved from /home/airflow/.local/lib/python3.8/site-packages/airflow/example_dags/example_xcomargs.py
[2025-05-09T10:03:14.399+0000] {logging_mixin.py:188} INFO - [2025-05-09T10:03:14.399+0000] {dag.py:3036} INFO - Sync 2 DAGs
[2025-05-09T10:03:14.436+0000] {logging_mixin.py:188} INFO - [2025-05-09T10:03:14.436+0000] {dag.py:3823} INFO - Setting next_dagrun for example_xcom_args to None, run_after=None
[2025-05-09T10:03:14.445+0000] {logging_mixin.py:188} INFO - [2025-05-09T10:03:14.445+0000] {dag.py:3823} INFO - Setting next_dagrun for example_xcom_args_with_operators to None, run_after=None
[2025-05-09T10:03:14.492+0000] {processor.py:183} INFO - Processing /home/airflow/.local/lib/python3.8/site-packages/airflow/example_dags/example_xcomargs.py took 0.185 seconds
[2025-05-09T10:03:44.884+0000] {processor.py:161} INFO - Started process (PID=378) to work on /home/airflow/.local/lib/python3.8/site-packages/airflow/example_dags/example_xcomargs.py
[2025-05-09T10:03:44.887+0000] {processor.py:830} INFO - Processing file /home/airflow/.local/lib/python3.8/site-packages/airflow/example_dags/example_xcomargs.py for tasks to queue
[2025-05-09T10:03:44.891+0000] {logging_mixin.py:188} INFO - [2025-05-09T10:03:44.890+0000] {dagbag.py:538} INFO - Filling up the DagBag from /home/airflow/.local/lib/python3.8/site-packages/airflow/example_dags/example_xcomargs.py
[2025-05-09T10:03:44.908+0000] {processor.py:840} INFO - DAG(s) 'example_xcom_args_with_operators', 'example_xcom_args' retrieved from /home/airflow/.local/lib/python3.8/site-packages/airflow/example_dags/example_xcomargs.py
[2025-05-09T10:03:44.951+0000] {logging_mixin.py:188} INFO - [2025-05-09T10:03:44.951+0000] {dag.py:3036} INFO - Sync 2 DAGs
[2025-05-09T10:03:44.971+0000] {logging_mixin.py:188} INFO - [2025-05-09T10:03:44.971+0000] {dag.py:3823} INFO - Setting next_dagrun for example_xcom_args to None, run_after=None
[2025-05-09T10:03:44.977+0000] {logging_mixin.py:188} INFO - [2025-05-09T10:03:44.977+0000] {dag.py:3823} INFO - Setting next_dagrun for example_xcom_args_with_operators to None, run_after=None
[2025-05-09T10:03:45.007+0000] {processor.py:183} INFO - Processing /home/airflow/.local/lib/python3.8/site-packages/airflow/example_dags/example_xcomargs.py took 0.131 seconds
[2025-05-09T10:04:15.250+0000] {processor.py:161} INFO - Started process (PID=434) to work on /home/airflow/.local/lib/python3.8/site-packages/airflow/example_dags/example_xcomargs.py
[2025-05-09T10:04:15.252+0000] {processor.py:830} INFO - Processing file /home/airflow/.local/lib/python3.8/site-packages/airflow/example_dags/example_xcomargs.py for tasks to queue
[2025-05-09T10:04:15.255+0000] {logging_mixin.py:188} INFO - [2025-05-09T10:04:15.255+0000] {dagbag.py:538} INFO - Filling up the DagBag from /home/airflow/.local/lib/python3.8/site-packages/airflow/example_dags/example_xcomargs.py
[2025-05-09T10:04:15.271+0000] {processor.py:840} INFO - DAG(s) 'example_xcom_args', 'example_xcom_args_with_operators' retrieved from /home/airflow/.local/lib/python3.8/site-packages/airflow/example_dags/example_xcomargs.py
[2025-05-09T10:04:15.315+0000] {logging_mixin.py:188} INFO - [2025-05-09T10:04:15.314+0000] {dag.py:3036} INFO - Sync 2 DAGs
[2025-05-09T10:04:15.338+0000] {logging_mixin.py:188} INFO - [2025-05-09T10:04:15.337+0000] {dag.py:3823} INFO - Setting next_dagrun for example_xcom_args to None, run_after=None
[2025-05-09T10:04:15.347+0000] {logging_mixin.py:188} INFO - [2025-05-09T10:04:15.346+0000] {dag.py:3823} INFO - Setting next_dagrun for example_xcom_args_with_operators to None, run_after=None
[2025-05-09T10:04:15.383+0000] {processor.py:183} INFO - Processing /home/airflow/.local/lib/python3.8/site-packages/airflow/example_dags/example_xcomargs.py took 0.139 seconds
[2025-05-09T10:04:46.161+0000] {processor.py:161} INFO - Started process (PID=490) to work on /home/airflow/.local/lib/python3.8/site-packages/airflow/example_dags/example_xcomargs.py
[2025-05-09T10:04:46.163+0000] {processor.py:830} INFO - Processing file /home/airflow/.local/lib/python3.8/site-packages/airflow/example_dags/example_xcomargs.py for tasks to queue
[2025-05-09T10:04:46.166+0000] {logging_mixin.py:188} INFO - [2025-05-09T10:04:46.166+0000] {dagbag.py:538} INFO - Filling up the DagBag from /home/airflow/.local/lib/python3.8/site-packages/airflow/example_dags/example_xcomargs.py
[2025-05-09T10:04:46.184+0000] {processor.py:840} INFO - DAG(s) 'example_xcom_args_with_operators', 'example_xcom_args' retrieved from /home/airflow/.local/lib/python3.8/site-packages/airflow/example_dags/example_xcomargs.py
[2025-05-09T10:04:46.223+0000] {logging_mixin.py:188} INFO - [2025-05-09T10:04:46.222+0000] {dag.py:3036} INFO - Sync 2 DAGs
[2025-05-09T10:04:46.244+0000] {logging_mixin.py:188} INFO - [2025-05-09T10:04:46.244+0000] {dag.py:3823} INFO - Setting next_dagrun for example_xcom_args to None, run_after=None
[2025-05-09T10:04:46.251+0000] {logging_mixin.py:188} INFO - [2025-05-09T10:04:46.250+0000] {dag.py:3823} INFO - Setting next_dagrun for example_xcom_args_with_operators to None, run_after=None
[2025-05-09T10:04:46.289+0000] {processor.py:183} INFO - Processing /home/airflow/.local/lib/python3.8/site-packages/airflow/example_dags/example_xcomargs.py took 0.137 seconds
[2025-05-09T10:05:16.867+0000] {processor.py:161} INFO - Started process (PID=546) to work on /home/airflow/.local/lib/python3.8/site-packages/airflow/example_dags/example_xcomargs.py
[2025-05-09T10:05:16.873+0000] {processor.py:830} INFO - Processing file /home/airflow/.local/lib/python3.8/site-packages/airflow/example_dags/example_xcomargs.py for tasks to queue
[2025-05-09T10:05:16.884+0000] {logging_mixin.py:188} INFO - [2025-05-09T10:05:16.882+0000] {dagbag.py:538} INFO - Filling up the DagBag from /home/airflow/.local/lib/python3.8/site-packages/airflow/example_dags/example_xcomargs.py
[2025-05-09T10:05:16.928+0000] {processor.py:840} INFO - DAG(s) 'example_xcom_args', 'example_xcom_args_with_operators' retrieved from /home/airflow/.local/lib/python3.8/site-packages/airflow/example_dags/example_xcomargs.py
[2025-05-09T10:05:17.029+0000] {logging_mixin.py:188} INFO - [2025-05-09T10:05:17.029+0000] {dag.py:3036} INFO - Sync 2 DAGs
[2025-05-09T10:05:17.090+0000] {logging_mixin.py:188} INFO - [2025-05-09T10:05:17.089+0000] {dag.py:3823} INFO - Setting next_dagrun for example_xcom_args to None, run_after=None
[2025-05-09T10:05:17.106+0000] {logging_mixin.py:188} INFO - [2025-05-09T10:05:17.106+0000] {dag.py:3823} INFO - Setting next_dagrun for example_xcom_args_with_operators to None, run_after=None
[2025-05-09T10:05:17.192+0000] {processor.py:183} INFO - Processing /home/airflow/.local/lib/python3.8/site-packages/airflow/example_dags/example_xcomargs.py took 0.347 seconds
[2025-05-09T10:05:47.933+0000] {processor.py:161} INFO - Started process (PID=602) to work on /home/airflow/.local/lib/python3.8/site-packages/airflow/example_dags/example_xcomargs.py
[2025-05-09T10:05:47.936+0000] {processor.py:830} INFO - Processing file /home/airflow/.local/lib/python3.8/site-packages/airflow/example_dags/example_xcomargs.py for tasks to queue
[2025-05-09T10:05:47.942+0000] {logging_mixin.py:188} INFO - [2025-05-09T10:05:47.942+0000] {dagbag.py:538} INFO - Filling up the DagBag from /home/airflow/.local/lib/python3.8/site-packages/airflow/example_dags/example_xcomargs.py
[2025-05-09T10:05:47.970+0000] {processor.py:840} INFO - DAG(s) 'example_xcom_args', 'example_xcom_args_with_operators' retrieved from /home/airflow/.local/lib/python3.8/site-packages/airflow/example_dags/example_xcomargs.py
[2025-05-09T10:05:48.067+0000] {logging_mixin.py:188} INFO - [2025-05-09T10:05:48.067+0000] {dag.py:3036} INFO - Sync 2 DAGs
[2025-05-09T10:05:48.134+0000] {logging_mixin.py:188} INFO - [2025-05-09T10:05:48.133+0000] {dag.py:3823} INFO - Setting next_dagrun for example_xcom_args to None, run_after=None
[2025-05-09T10:05:48.149+0000] {logging_mixin.py:188} INFO - [2025-05-09T10:05:48.148+0000] {dag.py:3823} INFO - Setting next_dagrun for example_xcom_args_with_operators to None, run_after=None
[2025-05-09T10:05:48.201+0000] {processor.py:183} INFO - Processing /home/airflow/.local/lib/python3.8/site-packages/airflow/example_dags/example_xcomargs.py took 0.279 seconds
[2025-05-09T10:06:18.323+0000] {processor.py:161} INFO - Started process (PID=658) to work on /home/airflow/.local/lib/python3.8/site-packages/airflow/example_dags/example_xcomargs.py
[2025-05-09T10:06:18.326+0000] {processor.py:830} INFO - Processing file /home/airflow/.local/lib/python3.8/site-packages/airflow/example_dags/example_xcomargs.py for tasks to queue
[2025-05-09T10:06:18.330+0000] {logging_mixin.py:188} INFO - [2025-05-09T10:06:18.330+0000] {dagbag.py:538} INFO - Filling up the DagBag from /home/airflow/.local/lib/python3.8/site-packages/airflow/example_dags/example_xcomargs.py
[2025-05-09T10:06:18.350+0000] {processor.py:840} INFO - DAG(s) 'example_xcom_args', 'example_xcom_args_with_operators' retrieved from /home/airflow/.local/lib/python3.8/site-packages/airflow/example_dags/example_xcomargs.py
[2025-05-09T10:06:18.402+0000] {logging_mixin.py:188} INFO - [2025-05-09T10:06:18.401+0000] {dag.py:3036} INFO - Sync 2 DAGs
[2025-05-09T10:06:18.432+0000] {logging_mixin.py:188} INFO - [2025-05-09T10:06:18.431+0000] {dag.py:3823} INFO - Setting next_dagrun for example_xcom_args to None, run_after=None
[2025-05-09T10:06:18.440+0000] {logging_mixin.py:188} INFO - [2025-05-09T10:06:18.440+0000] {dag.py:3823} INFO - Setting next_dagrun for example_xcom_args_with_operators to None, run_after=None
[2025-05-09T10:06:18.478+0000] {processor.py:183} INFO - Processing /home/airflow/.local/lib/python3.8/site-packages/airflow/example_dags/example_xcomargs.py took 0.162 seconds
[2025-05-09T10:06:49.301+0000] {processor.py:161} INFO - Started process (PID=715) to work on /home/airflow/.local/lib/python3.8/site-packages/airflow/example_dags/example_xcomargs.py
[2025-05-09T10:06:49.303+0000] {processor.py:830} INFO - Processing file /home/airflow/.local/lib/python3.8/site-packages/airflow/example_dags/example_xcomargs.py for tasks to queue
[2025-05-09T10:06:49.307+0000] {logging_mixin.py:188} INFO - [2025-05-09T10:06:49.306+0000] {dagbag.py:538} INFO - Filling up the DagBag from /home/airflow/.local/lib/python3.8/site-packages/airflow/example_dags/example_xcomargs.py
[2025-05-09T10:06:49.325+0000] {processor.py:840} INFO - DAG(s) 'example_xcom_args', 'example_xcom_args_with_operators' retrieved from /home/airflow/.local/lib/python3.8/site-packages/airflow/example_dags/example_xcomargs.py
[2025-05-09T10:06:49.376+0000] {logging_mixin.py:188} INFO - [2025-05-09T10:06:49.376+0000] {dag.py:3036} INFO - Sync 2 DAGs
[2025-05-09T10:06:49.403+0000] {logging_mixin.py:188} INFO - [2025-05-09T10:06:49.403+0000] {dag.py:3823} INFO - Setting next_dagrun for example_xcom_args to None, run_after=None
[2025-05-09T10:06:49.412+0000] {logging_mixin.py:188} INFO - [2025-05-09T10:06:49.411+0000] {dag.py:3823} INFO - Setting next_dagrun for example_xcom_args_with_operators to None, run_after=None
[2025-05-09T10:06:49.488+0000] {processor.py:183} INFO - Processing /home/airflow/.local/lib/python3.8/site-packages/airflow/example_dags/example_xcomargs.py took 0.194 seconds
[2025-05-09T10:09:22.458+0000] {processor.py:161} INFO - Started process (PID=95) to work on /home/airflow/.local/lib/python3.8/site-packages/airflow/example_dags/example_xcomargs.py
[2025-05-09T10:09:22.467+0000] {processor.py:830} INFO - Processing file /home/airflow/.local/lib/python3.8/site-packages/airflow/example_dags/example_xcomargs.py for tasks to queue
[2025-05-09T10:09:22.471+0000] {logging_mixin.py:188} INFO - [2025-05-09T10:09:22.470+0000] {dagbag.py:538} INFO - Filling up the DagBag from /home/airflow/.local/lib/python3.8/site-packages/airflow/example_dags/example_xcomargs.py
[2025-05-09T10:09:22.529+0000] {processor.py:840} INFO - DAG(s) 'example_xcom_args_with_operators', 'example_xcom_args' retrieved from /home/airflow/.local/lib/python3.8/site-packages/airflow/example_dags/example_xcomargs.py
[2025-05-09T10:09:22.818+0000] {logging_mixin.py:188} INFO - [2025-05-09T10:09:22.817+0000] {dag.py:3036} INFO - Sync 2 DAGs
[2025-05-09T10:09:22.869+0000] {logging_mixin.py:188} INFO - [2025-05-09T10:09:22.869+0000] {dag.py:3823} INFO - Setting next_dagrun for example_xcom_args to None, run_after=None
[2025-05-09T10:09:22.878+0000] {logging_mixin.py:188} INFO - [2025-05-09T10:09:22.878+0000] {dag.py:3823} INFO - Setting next_dagrun for example_xcom_args_with_operators to None, run_after=None
[2025-05-09T10:09:22.976+0000] {processor.py:183} INFO - Processing /home/airflow/.local/lib/python3.8/site-packages/airflow/example_dags/example_xcomargs.py took 0.525 seconds
[2025-05-09T10:09:53.105+0000] {processor.py:161} INFO - Started process (PID=150) to work on /home/airflow/.local/lib/python3.8/site-packages/airflow/example_dags/example_xcomargs.py
[2025-05-09T10:09:53.108+0000] {processor.py:830} INFO - Processing file /home/airflow/.local/lib/python3.8/site-packages/airflow/example_dags/example_xcomargs.py for tasks to queue
[2025-05-09T10:09:53.112+0000] {logging_mixin.py:188} INFO - [2025-05-09T10:09:53.112+0000] {dagbag.py:538} INFO - Filling up the DagBag from /home/airflow/.local/lib/python3.8/site-packages/airflow/example_dags/example_xcomargs.py
[2025-05-09T10:09:53.128+0000] {processor.py:840} INFO - DAG(s) 'example_xcom_args_with_operators', 'example_xcom_args' retrieved from /home/airflow/.local/lib/python3.8/site-packages/airflow/example_dags/example_xcomargs.py
[2025-05-09T10:09:53.171+0000] {logging_mixin.py:188} INFO - [2025-05-09T10:09:53.171+0000] {dag.py:3036} INFO - Sync 2 DAGs
[2025-05-09T10:09:53.195+0000] {logging_mixin.py:188} INFO - [2025-05-09T10:09:53.195+0000] {dag.py:3823} INFO - Setting next_dagrun for example_xcom_args to None, run_after=None
[2025-05-09T10:09:53.203+0000] {logging_mixin.py:188} INFO - [2025-05-09T10:09:53.203+0000] {dag.py:3823} INFO - Setting next_dagrun for example_xcom_args_with_operators to None, run_after=None
[2025-05-09T10:09:53.289+0000] {processor.py:183} INFO - Processing /home/airflow/.local/lib/python3.8/site-packages/airflow/example_dags/example_xcomargs.py took 0.190 seconds
[2025-05-09T10:10:23.526+0000] {processor.py:161} INFO - Started process (PID=207) to work on /home/airflow/.local/lib/python3.8/site-packages/airflow/example_dags/example_xcomargs.py
[2025-05-09T10:10:23.529+0000] {processor.py:830} INFO - Processing file /home/airflow/.local/lib/python3.8/site-packages/airflow/example_dags/example_xcomargs.py for tasks to queue
[2025-05-09T10:10:23.536+0000] {logging_mixin.py:188} INFO - [2025-05-09T10:10:23.534+0000] {dagbag.py:538} INFO - Filling up the DagBag from /home/airflow/.local/lib/python3.8/site-packages/airflow/example_dags/example_xcomargs.py
[2025-05-09T10:10:23.555+0000] {processor.py:840} INFO - DAG(s) 'example_xcom_args', 'example_xcom_args_with_operators' retrieved from /home/airflow/.local/lib/python3.8/site-packages/airflow/example_dags/example_xcomargs.py
[2025-05-09T10:10:23.604+0000] {logging_mixin.py:188} INFO - [2025-05-09T10:10:23.604+0000] {dag.py:3036} INFO - Sync 2 DAGs
[2025-05-09T10:10:23.628+0000] {logging_mixin.py:188} INFO - [2025-05-09T10:10:23.628+0000] {dag.py:3823} INFO - Setting next_dagrun for example_xcom_args to None, run_after=None
[2025-05-09T10:10:23.636+0000] {logging_mixin.py:188} INFO - [2025-05-09T10:10:23.635+0000] {dag.py:3823} INFO - Setting next_dagrun for example_xcom_args_with_operators to None, run_after=None
[2025-05-09T10:10:23.703+0000] {processor.py:183} INFO - Processing /home/airflow/.local/lib/python3.8/site-packages/airflow/example_dags/example_xcomargs.py took 0.187 seconds
[2025-05-09T10:10:55.816+0000] {processor.py:161} INFO - Started process (PID=263) to work on /home/airflow/.local/lib/python3.8/site-packages/airflow/example_dags/example_xcomargs.py
[2025-05-09T10:10:55.820+0000] {processor.py:830} INFO - Processing file /home/airflow/.local/lib/python3.8/site-packages/airflow/example_dags/example_xcomargs.py for tasks to queue
[2025-05-09T10:10:55.830+0000] {logging_mixin.py:188} INFO - [2025-05-09T10:10:55.826+0000] {dagbag.py:538} INFO - Filling up the DagBag from /home/airflow/.local/lib/python3.8/site-packages/airflow/example_dags/example_xcomargs.py
[2025-05-09T10:10:55.878+0000] {processor.py:840} INFO - DAG(s) 'example_xcom_args_with_operators', 'example_xcom_args' retrieved from /home/airflow/.local/lib/python3.8/site-packages/airflow/example_dags/example_xcomargs.py
[2025-05-09T10:10:56.045+0000] {logging_mixin.py:188} INFO - [2025-05-09T10:10:56.044+0000] {dag.py:3036} INFO - Sync 2 DAGs
[2025-05-09T10:10:56.152+0000] {logging_mixin.py:188} INFO - [2025-05-09T10:10:56.152+0000] {dag.py:3823} INFO - Setting next_dagrun for example_xcom_args to None, run_after=None
[2025-05-09T10:10:56.172+0000] {logging_mixin.py:188} INFO - [2025-05-09T10:10:56.172+0000] {dag.py:3823} INFO - Setting next_dagrun for example_xcom_args_with_operators to None, run_after=None
[2025-05-09T10:10:56.289+0000] {processor.py:183} INFO - Processing /home/airflow/.local/lib/python3.8/site-packages/airflow/example_dags/example_xcomargs.py took 0.486 seconds
[2025-05-09T10:11:27.153+0000] {processor.py:161} INFO - Started process (PID=319) to work on /home/airflow/.local/lib/python3.8/site-packages/airflow/example_dags/example_xcomargs.py
[2025-05-09T10:11:27.157+0000] {processor.py:830} INFO - Processing file /home/airflow/.local/lib/python3.8/site-packages/airflow/example_dags/example_xcomargs.py for tasks to queue
[2025-05-09T10:11:27.164+0000] {logging_mixin.py:188} INFO - [2025-05-09T10:11:27.163+0000] {dagbag.py:538} INFO - Filling up the DagBag from /home/airflow/.local/lib/python3.8/site-packages/airflow/example_dags/example_xcomargs.py
[2025-05-09T10:11:27.194+0000] {processor.py:840} INFO - DAG(s) 'example_xcom_args', 'example_xcom_args_with_operators' retrieved from /home/airflow/.local/lib/python3.8/site-packages/airflow/example_dags/example_xcomargs.py
[2025-05-09T10:11:27.262+0000] {logging_mixin.py:188} INFO - [2025-05-09T10:11:27.262+0000] {dag.py:3036} INFO - Sync 2 DAGs
[2025-05-09T10:11:27.289+0000] {logging_mixin.py:188} INFO - [2025-05-09T10:11:27.289+0000] {dag.py:3823} INFO - Setting next_dagrun for example_xcom_args to None, run_after=None
[2025-05-09T10:11:27.296+0000] {logging_mixin.py:188} INFO - [2025-05-09T10:11:27.295+0000] {dag.py:3823} INFO - Setting next_dagrun for example_xcom_args_with_operators to None, run_after=None
[2025-05-09T10:11:27.327+0000] {processor.py:183} INFO - Processing /home/airflow/.local/lib/python3.8/site-packages/airflow/example_dags/example_xcomargs.py took 0.187 seconds
[2025-05-09T10:11:58.144+0000] {processor.py:161} INFO - Started process (PID=375) to work on /home/airflow/.local/lib/python3.8/site-packages/airflow/example_dags/example_xcomargs.py
[2025-05-09T10:11:58.162+0000] {processor.py:830} INFO - Processing file /home/airflow/.local/lib/python3.8/site-packages/airflow/example_dags/example_xcomargs.py for tasks to queue
[2025-05-09T10:11:58.176+0000] {logging_mixin.py:188} INFO - [2025-05-09T10:11:58.171+0000] {dagbag.py:538} INFO - Filling up the DagBag from /home/airflow/.local/lib/python3.8/site-packages/airflow/example_dags/example_xcomargs.py
[2025-05-09T10:11:58.222+0000] {processor.py:840} INFO - DAG(s) 'example_xcom_args', 'example_xcom_args_with_operators' retrieved from /home/airflow/.local/lib/python3.8/site-packages/airflow/example_dags/example_xcomargs.py
[2025-05-09T10:11:58.360+0000] {logging_mixin.py:188} INFO - [2025-05-09T10:11:58.359+0000] {dag.py:3036} INFO - Sync 2 DAGs
[2025-05-09T10:11:58.431+0000] {logging_mixin.py:188} INFO - [2025-05-09T10:11:58.430+0000] {dag.py:3823} INFO - Setting next_dagrun for example_xcom_args to None, run_after=None
[2025-05-09T10:11:58.449+0000] {logging_mixin.py:188} INFO - [2025-05-09T10:11:58.448+0000] {dag.py:3823} INFO - Setting next_dagrun for example_xcom_args_with_operators to None, run_after=None
[2025-05-09T10:11:58.557+0000] {processor.py:183} INFO - Processing /home/airflow/.local/lib/python3.8/site-packages/airflow/example_dags/example_xcomargs.py took 0.434 seconds
[2025-05-09T10:12:28.772+0000] {processor.py:161} INFO - Started process (PID=431) to work on /home/airflow/.local/lib/python3.8/site-packages/airflow/example_dags/example_xcomargs.py
[2025-05-09T10:12:28.782+0000] {processor.py:830} INFO - Processing file /home/airflow/.local/lib/python3.8/site-packages/airflow/example_dags/example_xcomargs.py for tasks to queue
[2025-05-09T10:12:28.793+0000] {logging_mixin.py:188} INFO - [2025-05-09T10:12:28.792+0000] {dagbag.py:538} INFO - Filling up the DagBag from /home/airflow/.local/lib/python3.8/site-packages/airflow/example_dags/example_xcomargs.py
[2025-05-09T10:12:28.820+0000] {processor.py:840} INFO - DAG(s) 'example_xcom_args', 'example_xcom_args_with_operators' retrieved from /home/airflow/.local/lib/python3.8/site-packages/airflow/example_dags/example_xcomargs.py
[2025-05-09T10:12:28.878+0000] {logging_mixin.py:188} INFO - [2025-05-09T10:12:28.877+0000] {dag.py:3036} INFO - Sync 2 DAGs
[2025-05-09T10:12:28.914+0000] {logging_mixin.py:188} INFO - [2025-05-09T10:12:28.913+0000] {dag.py:3823} INFO - Setting next_dagrun for example_xcom_args to None, run_after=None
[2025-05-09T10:12:28.931+0000] {logging_mixin.py:188} INFO - [2025-05-09T10:12:28.929+0000] {dag.py:3823} INFO - Setting next_dagrun for example_xcom_args_with_operators to None, run_after=None
[2025-05-09T10:12:29.018+0000] {processor.py:183} INFO - Processing /home/airflow/.local/lib/python3.8/site-packages/airflow/example_dags/example_xcomargs.py took 0.263 seconds
[2025-05-09T10:12:59.332+0000] {processor.py:161} INFO - Started process (PID=487) to work on /home/airflow/.local/lib/python3.8/site-packages/airflow/example_dags/example_xcomargs.py
[2025-05-09T10:12:59.338+0000] {processor.py:830} INFO - Processing file /home/airflow/.local/lib/python3.8/site-packages/airflow/example_dags/example_xcomargs.py for tasks to queue
[2025-05-09T10:12:59.349+0000] {logging_mixin.py:188} INFO - [2025-05-09T10:12:59.346+0000] {dagbag.py:538} INFO - Filling up the DagBag from /home/airflow/.local/lib/python3.8/site-packages/airflow/example_dags/example_xcomargs.py
[2025-05-09T10:12:59.416+0000] {processor.py:840} INFO - DAG(s) 'example_xcom_args', 'example_xcom_args_with_operators' retrieved from /home/airflow/.local/lib/python3.8/site-packages/airflow/example_dags/example_xcomargs.py
[2025-05-09T10:12:59.539+0000] {logging_mixin.py:188} INFO - [2025-05-09T10:12:59.539+0000] {dag.py:3036} INFO - Sync 2 DAGs
[2025-05-09T10:12:59.573+0000] {logging_mixin.py:188} INFO - [2025-05-09T10:12:59.572+0000] {dag.py:3823} INFO - Setting next_dagrun for example_xcom_args to None, run_after=None
[2025-05-09T10:12:59.580+0000] {logging_mixin.py:188} INFO - [2025-05-09T10:12:59.579+0000] {dag.py:3823} INFO - Setting next_dagrun for example_xcom_args_with_operators to None, run_after=None
[2025-05-09T10:12:59.610+0000] {processor.py:183} INFO - Processing /home/airflow/.local/lib/python3.8/site-packages/airflow/example_dags/example_xcomargs.py took 0.295 seconds
[2025-05-09T10:13:30.237+0000] {processor.py:161} INFO - Started process (PID=549) to work on /home/airflow/.local/lib/python3.8/site-packages/airflow/example_dags/example_xcomargs.py
[2025-05-09T10:13:30.243+0000] {processor.py:830} INFO - Processing file /home/airflow/.local/lib/python3.8/site-packages/airflow/example_dags/example_xcomargs.py for tasks to queue
[2025-05-09T10:13:30.255+0000] {logging_mixin.py:188} INFO - [2025-05-09T10:13:30.253+0000] {dagbag.py:538} INFO - Filling up the DagBag from /home/airflow/.local/lib/python3.8/site-packages/airflow/example_dags/example_xcomargs.py
[2025-05-09T10:13:30.324+0000] {processor.py:840} INFO - DAG(s) 'example_xcom_args', 'example_xcom_args_with_operators' retrieved from /home/airflow/.local/lib/python3.8/site-packages/airflow/example_dags/example_xcomargs.py
[2025-05-09T10:13:30.395+0000] {logging_mixin.py:188} INFO - [2025-05-09T10:13:30.395+0000] {dag.py:3036} INFO - Sync 2 DAGs
[2025-05-09T10:13:30.424+0000] {logging_mixin.py:188} INFO - [2025-05-09T10:13:30.424+0000] {dag.py:3823} INFO - Setting next_dagrun for example_xcom_args to None, run_after=None
[2025-05-09T10:13:30.431+0000] {logging_mixin.py:188} INFO - [2025-05-09T10:13:30.431+0000] {dag.py:3823} INFO - Setting next_dagrun for example_xcom_args_with_operators to None, run_after=None
[2025-05-09T10:13:30.465+0000] {processor.py:183} INFO - Processing /home/airflow/.local/lib/python3.8/site-packages/airflow/example_dags/example_xcomargs.py took 0.246 seconds
[2025-05-09T10:14:01.147+0000] {processor.py:161} INFO - Started process (PID=605) to work on /home/airflow/.local/lib/python3.8/site-packages/airflow/example_dags/example_xcomargs.py
[2025-05-09T10:14:01.151+0000] {processor.py:830} INFO - Processing file /home/airflow/.local/lib/python3.8/site-packages/airflow/example_dags/example_xcomargs.py for tasks to queue
[2025-05-09T10:14:01.160+0000] {logging_mixin.py:188} INFO - [2025-05-09T10:14:01.159+0000] {dagbag.py:538} INFO - Filling up the DagBag from /home/airflow/.local/lib/python3.8/site-packages/airflow/example_dags/example_xcomargs.py
[2025-05-09T10:14:01.197+0000] {processor.py:840} INFO - DAG(s) 'example_xcom_args', 'example_xcom_args_with_operators' retrieved from /home/airflow/.local/lib/python3.8/site-packages/airflow/example_dags/example_xcomargs.py
[2025-05-09T10:14:01.320+0000] {logging_mixin.py:188} INFO - [2025-05-09T10:14:01.319+0000] {dag.py:3036} INFO - Sync 2 DAGs
[2025-05-09T10:14:01.398+0000] {logging_mixin.py:188} INFO - [2025-05-09T10:14:01.397+0000] {dag.py:3823} INFO - Setting next_dagrun for example_xcom_args to None, run_after=None
[2025-05-09T10:14:01.416+0000] {logging_mixin.py:188} INFO - [2025-05-09T10:14:01.415+0000] {dag.py:3823} INFO - Setting next_dagrun for example_xcom_args_with_operators to None, run_after=None
[2025-05-09T10:14:01.495+0000] {processor.py:183} INFO - Processing /home/airflow/.local/lib/python3.8/site-packages/airflow/example_dags/example_xcomargs.py took 0.363 seconds
