[2025-05-09T10:01:11.021+0000] {processor.py:161} INFO - Started process (PID=99) to work on /home/airflow/.local/lib/python3.8/site-packages/airflow/example_dags/example_params_trigger_ui.py
[2025-05-09T10:01:11.024+0000] {processor.py:830} INFO - Processing file /home/airflow/.local/lib/python3.8/site-packages/airflow/example_dags/example_params_trigger_ui.py for tasks to queue
[2025-05-09T10:01:11.032+0000] {logging_mixin.py:188} INFO - [2025-05-09T10:01:11.030+0000] {dagbag.py:538} INFO - Filling up the DagBag from /home/airflow/.local/lib/python3.8/site-packages/airflow/example_dags/example_params_trigger_ui.py
[2025-05-09T10:01:11.083+0000] {processor.py:840} INFO - DAG(s) 'example_params_trigger_ui' retrieved from /home/airflow/.local/lib/python3.8/site-packages/airflow/example_dags/example_params_trigger_ui.py
[2025-05-09T10:01:11.115+0000] {logging_mixin.py:188} INFO - [2025-05-09T10:01:11.115+0000] {dag.py:3036} INFO - Sync 1 DAGs
[2025-05-09T10:01:11.305+0000] {logging_mixin.py:188} INFO - [2025-05-09T10:01:11.305+0000] {dag.py:3823} INFO - Setting next_dagrun for example_params_trigger_ui to None, run_after=None
[2025-05-09T10:01:12.295+0000] {processor.py:183} INFO - Processing /home/airflow/.local/lib/python3.8/site-packages/airflow/example_dags/example_params_trigger_ui.py took 1.283 seconds
[2025-05-09T10:01:43.084+0000] {processor.py:161} INFO - Started process (PID=155) to work on /home/airflow/.local/lib/python3.8/site-packages/airflow/example_dags/example_params_trigger_ui.py
[2025-05-09T10:01:43.090+0000] {processor.py:830} INFO - Processing file /home/airflow/.local/lib/python3.8/site-packages/airflow/example_dags/example_params_trigger_ui.py for tasks to queue
[2025-05-09T10:01:43.098+0000] {logging_mixin.py:188} INFO - [2025-05-09T10:01:43.097+0000] {dagbag.py:538} INFO - Filling up the DagBag from /home/airflow/.local/lib/python3.8/site-packages/airflow/example_dags/example_params_trigger_ui.py
[2025-05-09T10:01:43.161+0000] {processor.py:840} INFO - DAG(s) 'example_params_trigger_ui' retrieved from /home/airflow/.local/lib/python3.8/site-packages/airflow/example_dags/example_params_trigger_ui.py
[2025-05-09T10:01:43.702+0000] {logging_mixin.py:188} INFO - [2025-05-09T10:01:43.702+0000] {dag.py:3036} INFO - Sync 1 DAGs
[2025-05-09T10:01:43.720+0000] {logging_mixin.py:188} INFO - [2025-05-09T10:01:43.720+0000] {dag.py:3823} INFO - Setting next_dagrun for example_params_trigger_ui to None, run_after=None
[2025-05-09T10:01:43.766+0000] {processor.py:183} INFO - Processing /home/airflow/.local/lib/python3.8/site-packages/airflow/example_dags/example_params_trigger_ui.py took 0.702 seconds
[2025-05-09T10:02:14.727+0000] {processor.py:161} INFO - Started process (PID=211) to work on /home/airflow/.local/lib/python3.8/site-packages/airflow/example_dags/example_params_trigger_ui.py
[2025-05-09T10:02:14.734+0000] {processor.py:830} INFO - Processing file /home/airflow/.local/lib/python3.8/site-packages/airflow/example_dags/example_params_trigger_ui.py for tasks to queue
[2025-05-09T10:02:14.744+0000] {logging_mixin.py:188} INFO - [2025-05-09T10:02:14.742+0000] {dagbag.py:538} INFO - Filling up the DagBag from /home/airflow/.local/lib/python3.8/site-packages/airflow/example_dags/example_params_trigger_ui.py
[2025-05-09T10:02:14.821+0000] {processor.py:840} INFO - DAG(s) 'example_params_trigger_ui' retrieved from /home/airflow/.local/lib/python3.8/site-packages/airflow/example_dags/example_params_trigger_ui.py
[2025-05-09T10:02:15.057+0000] {logging_mixin.py:188} INFO - [2025-05-09T10:02:15.057+0000] {dag.py:3036} INFO - Sync 1 DAGs
[2025-05-09T10:02:15.087+0000] {logging_mixin.py:188} INFO - [2025-05-09T10:02:15.087+0000] {dag.py:3823} INFO - Setting next_dagrun for example_params_trigger_ui to None, run_after=None
[2025-05-09T10:02:15.146+0000] {processor.py:183} INFO - Processing /home/airflow/.local/lib/python3.8/site-packages/airflow/example_dags/example_params_trigger_ui.py took 0.436 seconds
[2025-05-09T10:02:45.903+0000] {processor.py:161} INFO - Started process (PID=267) to work on /home/airflow/.local/lib/python3.8/site-packages/airflow/example_dags/example_params_trigger_ui.py
[2025-05-09T10:02:45.909+0000] {processor.py:830} INFO - Processing file /home/airflow/.local/lib/python3.8/site-packages/airflow/example_dags/example_params_trigger_ui.py for tasks to queue
[2025-05-09T10:02:45.918+0000] {logging_mixin.py:188} INFO - [2025-05-09T10:02:45.916+0000] {dagbag.py:538} INFO - Filling up the DagBag from /home/airflow/.local/lib/python3.8/site-packages/airflow/example_dags/example_params_trigger_ui.py
[2025-05-09T10:02:45.988+0000] {processor.py:840} INFO - DAG(s) 'example_params_trigger_ui' retrieved from /home/airflow/.local/lib/python3.8/site-packages/airflow/example_dags/example_params_trigger_ui.py
[2025-05-09T10:02:46.234+0000] {logging_mixin.py:188} INFO - [2025-05-09T10:02:46.233+0000] {dag.py:3036} INFO - Sync 1 DAGs
[2025-05-09T10:02:46.264+0000] {logging_mixin.py:188} INFO - [2025-05-09T10:02:46.264+0000] {dag.py:3823} INFO - Setting next_dagrun for example_params_trigger_ui to None, run_after=None
[2025-05-09T10:02:46.315+0000] {processor.py:183} INFO - Processing /home/airflow/.local/lib/python3.8/site-packages/airflow/example_dags/example_params_trigger_ui.py took 0.432 seconds
[2025-05-09T10:03:16.560+0000] {processor.py:161} INFO - Started process (PID=323) to work on /home/airflow/.local/lib/python3.8/site-packages/airflow/example_dags/example_params_trigger_ui.py
[2025-05-09T10:03:16.563+0000] {processor.py:830} INFO - Processing file /home/airflow/.local/lib/python3.8/site-packages/airflow/example_dags/example_params_trigger_ui.py for tasks to queue
[2025-05-09T10:03:16.574+0000] {logging_mixin.py:188} INFO - [2025-05-09T10:03:16.573+0000] {dagbag.py:538} INFO - Filling up the DagBag from /home/airflow/.local/lib/python3.8/site-packages/airflow/example_dags/example_params_trigger_ui.py
[2025-05-09T10:03:16.650+0000] {processor.py:840} INFO - DAG(s) 'example_params_trigger_ui' retrieved from /home/airflow/.local/lib/python3.8/site-packages/airflow/example_dags/example_params_trigger_ui.py
[2025-05-09T10:03:16.814+0000] {logging_mixin.py:188} INFO - [2025-05-09T10:03:16.814+0000] {dag.py:3036} INFO - Sync 1 DAGs
[2025-05-09T10:03:16.846+0000] {logging_mixin.py:188} INFO - [2025-05-09T10:03:16.846+0000] {dag.py:3823} INFO - Setting next_dagrun for example_params_trigger_ui to None, run_after=None
[2025-05-09T10:03:16.897+0000] {processor.py:183} INFO - Processing /home/airflow/.local/lib/python3.8/site-packages/airflow/example_dags/example_params_trigger_ui.py took 0.344 seconds
[2025-05-09T10:03:47.017+0000] {processor.py:161} INFO - Started process (PID=379) to work on /home/airflow/.local/lib/python3.8/site-packages/airflow/example_dags/example_params_trigger_ui.py
[2025-05-09T10:03:47.020+0000] {processor.py:830} INFO - Processing file /home/airflow/.local/lib/python3.8/site-packages/airflow/example_dags/example_params_trigger_ui.py for tasks to queue
[2025-05-09T10:03:47.025+0000] {logging_mixin.py:188} INFO - [2025-05-09T10:03:47.024+0000] {dagbag.py:538} INFO - Filling up the DagBag from /home/airflow/.local/lib/python3.8/site-packages/airflow/example_dags/example_params_trigger_ui.py
[2025-05-09T10:03:47.069+0000] {processor.py:840} INFO - DAG(s) 'example_params_trigger_ui' retrieved from /home/airflow/.local/lib/python3.8/site-packages/airflow/example_dags/example_params_trigger_ui.py
[2025-05-09T10:03:47.193+0000] {logging_mixin.py:188} INFO - [2025-05-09T10:03:47.193+0000] {dag.py:3036} INFO - Sync 1 DAGs
[2025-05-09T10:03:47.217+0000] {logging_mixin.py:188} INFO - [2025-05-09T10:03:47.217+0000] {dag.py:3823} INFO - Setting next_dagrun for example_params_trigger_ui to None, run_after=None
[2025-05-09T10:03:47.254+0000] {processor.py:183} INFO - Processing /home/airflow/.local/lib/python3.8/site-packages/airflow/example_dags/example_params_trigger_ui.py took 0.251 seconds
[2025-05-09T10:04:17.380+0000] {processor.py:161} INFO - Started process (PID=435) to work on /home/airflow/.local/lib/python3.8/site-packages/airflow/example_dags/example_params_trigger_ui.py
[2025-05-09T10:04:17.383+0000] {processor.py:830} INFO - Processing file /home/airflow/.local/lib/python3.8/site-packages/airflow/example_dags/example_params_trigger_ui.py for tasks to queue
[2025-05-09T10:04:17.387+0000] {logging_mixin.py:188} INFO - [2025-05-09T10:04:17.386+0000] {dagbag.py:538} INFO - Filling up the DagBag from /home/airflow/.local/lib/python3.8/site-packages/airflow/example_dags/example_params_trigger_ui.py
[2025-05-09T10:04:17.421+0000] {processor.py:840} INFO - DAG(s) 'example_params_trigger_ui' retrieved from /home/airflow/.local/lib/python3.8/site-packages/airflow/example_dags/example_params_trigger_ui.py
[2025-05-09T10:04:17.567+0000] {logging_mixin.py:188} INFO - [2025-05-09T10:04:17.566+0000] {dag.py:3036} INFO - Sync 1 DAGs
[2025-05-09T10:04:17.600+0000] {logging_mixin.py:188} INFO - [2025-05-09T10:04:17.599+0000] {dag.py:3823} INFO - Setting next_dagrun for example_params_trigger_ui to None, run_after=None
[2025-05-09T10:04:17.655+0000] {processor.py:183} INFO - Processing /home/airflow/.local/lib/python3.8/site-packages/airflow/example_dags/example_params_trigger_ui.py took 0.282 seconds
[2025-05-09T10:04:48.344+0000] {processor.py:161} INFO - Started process (PID=491) to work on /home/airflow/.local/lib/python3.8/site-packages/airflow/example_dags/example_params_trigger_ui.py
[2025-05-09T10:04:48.357+0000] {processor.py:830} INFO - Processing file /home/airflow/.local/lib/python3.8/site-packages/airflow/example_dags/example_params_trigger_ui.py for tasks to queue
[2025-05-09T10:04:48.362+0000] {logging_mixin.py:188} INFO - [2025-05-09T10:04:48.362+0000] {dagbag.py:538} INFO - Filling up the DagBag from /home/airflow/.local/lib/python3.8/site-packages/airflow/example_dags/example_params_trigger_ui.py
[2025-05-09T10:04:48.402+0000] {processor.py:840} INFO - DAG(s) 'example_params_trigger_ui' retrieved from /home/airflow/.local/lib/python3.8/site-packages/airflow/example_dags/example_params_trigger_ui.py
[2025-05-09T10:04:48.525+0000] {logging_mixin.py:188} INFO - [2025-05-09T10:04:48.525+0000] {dag.py:3036} INFO - Sync 1 DAGs
[2025-05-09T10:04:48.682+0000] {logging_mixin.py:188} INFO - [2025-05-09T10:04:48.682+0000] {dag.py:3823} INFO - Setting next_dagrun for example_params_trigger_ui to None, run_after=None
[2025-05-09T10:04:48.757+0000] {processor.py:183} INFO - Processing /home/airflow/.local/lib/python3.8/site-packages/airflow/example_dags/example_params_trigger_ui.py took 0.422 seconds
[2025-05-09T10:05:19.099+0000] {processor.py:161} INFO - Started process (PID=547) to work on /home/airflow/.local/lib/python3.8/site-packages/airflow/example_dags/example_params_trigger_ui.py
[2025-05-09T10:05:19.117+0000] {processor.py:830} INFO - Processing file /home/airflow/.local/lib/python3.8/site-packages/airflow/example_dags/example_params_trigger_ui.py for tasks to queue
[2025-05-09T10:05:19.128+0000] {logging_mixin.py:188} INFO - [2025-05-09T10:05:19.127+0000] {dagbag.py:538} INFO - Filling up the DagBag from /home/airflow/.local/lib/python3.8/site-packages/airflow/example_dags/example_params_trigger_ui.py
[2025-05-09T10:05:19.210+0000] {processor.py:840} INFO - DAG(s) 'example_params_trigger_ui' retrieved from /home/airflow/.local/lib/python3.8/site-packages/airflow/example_dags/example_params_trigger_ui.py
[2025-05-09T10:05:19.408+0000] {logging_mixin.py:188} INFO - [2025-05-09T10:05:19.407+0000] {dag.py:3036} INFO - Sync 1 DAGs
[2025-05-09T10:05:19.452+0000] {logging_mixin.py:188} INFO - [2025-05-09T10:05:19.451+0000] {dag.py:3823} INFO - Setting next_dagrun for example_params_trigger_ui to None, run_after=None
[2025-05-09T10:05:19.552+0000] {processor.py:183} INFO - Processing /home/airflow/.local/lib/python3.8/site-packages/airflow/example_dags/example_params_trigger_ui.py took 0.471 seconds
[2025-05-09T10:05:50.173+0000] {processor.py:161} INFO - Started process (PID=603) to work on /home/airflow/.local/lib/python3.8/site-packages/airflow/example_dags/example_params_trigger_ui.py
[2025-05-09T10:05:50.175+0000] {processor.py:830} INFO - Processing file /home/airflow/.local/lib/python3.8/site-packages/airflow/example_dags/example_params_trigger_ui.py for tasks to queue
[2025-05-09T10:05:50.178+0000] {logging_mixin.py:188} INFO - [2025-05-09T10:05:50.178+0000] {dagbag.py:538} INFO - Filling up the DagBag from /home/airflow/.local/lib/python3.8/site-packages/airflow/example_dags/example_params_trigger_ui.py
[2025-05-09T10:05:50.203+0000] {processor.py:840} INFO - DAG(s) 'example_params_trigger_ui' retrieved from /home/airflow/.local/lib/python3.8/site-packages/airflow/example_dags/example_params_trigger_ui.py
[2025-05-09T10:05:50.304+0000] {logging_mixin.py:188} INFO - [2025-05-09T10:05:50.303+0000] {dag.py:3036} INFO - Sync 1 DAGs
[2025-05-09T10:05:50.329+0000] {logging_mixin.py:188} INFO - [2025-05-09T10:05:50.329+0000] {dag.py:3823} INFO - Setting next_dagrun for example_params_trigger_ui to None, run_after=None
[2025-05-09T10:05:50.362+0000] {processor.py:183} INFO - Processing /home/airflow/.local/lib/python3.8/site-packages/airflow/example_dags/example_params_trigger_ui.py took 0.199 seconds
[2025-05-09T10:06:20.626+0000] {processor.py:161} INFO - Started process (PID=659) to work on /home/airflow/.local/lib/python3.8/site-packages/airflow/example_dags/example_params_trigger_ui.py
[2025-05-09T10:06:20.632+0000] {processor.py:830} INFO - Processing file /home/airflow/.local/lib/python3.8/site-packages/airflow/example_dags/example_params_trigger_ui.py for tasks to queue
[2025-05-09T10:06:20.652+0000] {logging_mixin.py:188} INFO - [2025-05-09T10:06:20.649+0000] {dagbag.py:538} INFO - Filling up the DagBag from /home/airflow/.local/lib/python3.8/site-packages/airflow/example_dags/example_params_trigger_ui.py
[2025-05-09T10:06:20.788+0000] {processor.py:840} INFO - DAG(s) 'example_params_trigger_ui' retrieved from /home/airflow/.local/lib/python3.8/site-packages/airflow/example_dags/example_params_trigger_ui.py
[2025-05-09T10:06:20.946+0000] {logging_mixin.py:188} INFO - [2025-05-09T10:06:20.946+0000] {dag.py:3036} INFO - Sync 1 DAGs
[2025-05-09T10:06:20.969+0000] {logging_mixin.py:188} INFO - [2025-05-09T10:06:20.968+0000] {dag.py:3823} INFO - Setting next_dagrun for example_params_trigger_ui to None, run_after=None
[2025-05-09T10:06:21.002+0000] {processor.py:183} INFO - Processing /home/airflow/.local/lib/python3.8/site-packages/airflow/example_dags/example_params_trigger_ui.py took 0.402 seconds
[2025-05-09T10:06:51.415+0000] {processor.py:161} INFO - Started process (PID=716) to work on /home/airflow/.local/lib/python3.8/site-packages/airflow/example_dags/example_params_trigger_ui.py
[2025-05-09T10:06:51.417+0000] {processor.py:830} INFO - Processing file /home/airflow/.local/lib/python3.8/site-packages/airflow/example_dags/example_params_trigger_ui.py for tasks to queue
[2025-05-09T10:06:51.427+0000] {logging_mixin.py:188} INFO - [2025-05-09T10:06:51.426+0000] {dagbag.py:538} INFO - Filling up the DagBag from /home/airflow/.local/lib/python3.8/site-packages/airflow/example_dags/example_params_trigger_ui.py
[2025-05-09T10:06:51.459+0000] {processor.py:840} INFO - DAG(s) 'example_params_trigger_ui' retrieved from /home/airflow/.local/lib/python3.8/site-packages/airflow/example_dags/example_params_trigger_ui.py
[2025-05-09T10:06:51.607+0000] {logging_mixin.py:188} INFO - [2025-05-09T10:06:51.606+0000] {dag.py:3036} INFO - Sync 1 DAGs
[2025-05-09T10:06:51.641+0000] {logging_mixin.py:188} INFO - [2025-05-09T10:06:51.640+0000] {dag.py:3823} INFO - Setting next_dagrun for example_params_trigger_ui to None, run_after=None
[2025-05-09T10:06:51.687+0000] {processor.py:183} INFO - Processing /home/airflow/.local/lib/python3.8/site-packages/airflow/example_dags/example_params_trigger_ui.py took 0.279 seconds
[2025-05-09T10:09:22.666+0000] {processor.py:161} INFO - Started process (PID=96) to work on /home/airflow/.local/lib/python3.8/site-packages/airflow/example_dags/example_params_trigger_ui.py
[2025-05-09T10:09:22.669+0000] {processor.py:830} INFO - Processing file /home/airflow/.local/lib/python3.8/site-packages/airflow/example_dags/example_params_trigger_ui.py for tasks to queue
[2025-05-09T10:09:22.673+0000] {logging_mixin.py:188} INFO - [2025-05-09T10:09:22.672+0000] {dagbag.py:538} INFO - Filling up the DagBag from /home/airflow/.local/lib/python3.8/site-packages/airflow/example_dags/example_params_trigger_ui.py
[2025-05-09T10:09:22.713+0000] {processor.py:840} INFO - DAG(s) 'example_params_trigger_ui' retrieved from /home/airflow/.local/lib/python3.8/site-packages/airflow/example_dags/example_params_trigger_ui.py
[2025-05-09T10:09:23.276+0000] {logging_mixin.py:188} INFO - [2025-05-09T10:09:23.275+0000] {dag.py:3036} INFO - Sync 1 DAGs
[2025-05-09T10:09:23.312+0000] {logging_mixin.py:188} INFO - [2025-05-09T10:09:23.312+0000] {dag.py:3823} INFO - Setting next_dagrun for example_params_trigger_ui to None, run_after=None
[2025-05-09T10:09:23.369+0000] {processor.py:183} INFO - Processing /home/airflow/.local/lib/python3.8/site-packages/airflow/example_dags/example_params_trigger_ui.py took 0.710 seconds
[2025-05-09T10:09:54.175+0000] {processor.py:161} INFO - Started process (PID=151) to work on /home/airflow/.local/lib/python3.8/site-packages/airflow/example_dags/example_params_trigger_ui.py
[2025-05-09T10:09:54.179+0000] {processor.py:830} INFO - Processing file /home/airflow/.local/lib/python3.8/site-packages/airflow/example_dags/example_params_trigger_ui.py for tasks to queue
[2025-05-09T10:09:54.188+0000] {logging_mixin.py:188} INFO - [2025-05-09T10:09:54.186+0000] {dagbag.py:538} INFO - Filling up the DagBag from /home/airflow/.local/lib/python3.8/site-packages/airflow/example_dags/example_params_trigger_ui.py
[2025-05-09T10:09:54.245+0000] {processor.py:840} INFO - DAG(s) 'example_params_trigger_ui' retrieved from /home/airflow/.local/lib/python3.8/site-packages/airflow/example_dags/example_params_trigger_ui.py
[2025-05-09T10:09:54.420+0000] {logging_mixin.py:188} INFO - [2025-05-09T10:09:54.419+0000] {dag.py:3036} INFO - Sync 1 DAGs
[2025-05-09T10:09:54.464+0000] {logging_mixin.py:188} INFO - [2025-05-09T10:09:54.464+0000] {dag.py:3823} INFO - Setting next_dagrun for example_params_trigger_ui to None, run_after=None
[2025-05-09T10:09:54.512+0000] {processor.py:183} INFO - Processing /home/airflow/.local/lib/python3.8/site-packages/airflow/example_dags/example_params_trigger_ui.py took 0.349 seconds
[2025-05-09T10:10:24.794+0000] {processor.py:161} INFO - Started process (PID=209) to work on /home/airflow/.local/lib/python3.8/site-packages/airflow/example_dags/example_params_trigger_ui.py
[2025-05-09T10:10:24.797+0000] {processor.py:830} INFO - Processing file /home/airflow/.local/lib/python3.8/site-packages/airflow/example_dags/example_params_trigger_ui.py for tasks to queue
[2025-05-09T10:10:24.803+0000] {logging_mixin.py:188} INFO - [2025-05-09T10:10:24.803+0000] {dagbag.py:538} INFO - Filling up the DagBag from /home/airflow/.local/lib/python3.8/site-packages/airflow/example_dags/example_params_trigger_ui.py
[2025-05-09T10:10:24.834+0000] {processor.py:840} INFO - DAG(s) 'example_params_trigger_ui' retrieved from /home/airflow/.local/lib/python3.8/site-packages/airflow/example_dags/example_params_trigger_ui.py
[2025-05-09T10:10:25.017+0000] {logging_mixin.py:188} INFO - [2025-05-09T10:10:25.016+0000] {dag.py:3036} INFO - Sync 1 DAGs
[2025-05-09T10:10:25.138+0000] {logging_mixin.py:188} INFO - [2025-05-09T10:10:25.137+0000] {dag.py:3823} INFO - Setting next_dagrun for example_params_trigger_ui to None, run_after=None
[2025-05-09T10:10:25.234+0000] {processor.py:183} INFO - Processing /home/airflow/.local/lib/python3.8/site-packages/airflow/example_dags/example_params_trigger_ui.py took 0.445 seconds
[2025-05-09T10:10:56.413+0000] {processor.py:161} INFO - Started process (PID=264) to work on /home/airflow/.local/lib/python3.8/site-packages/airflow/example_dags/example_params_trigger_ui.py
[2025-05-09T10:10:56.415+0000] {processor.py:830} INFO - Processing file /home/airflow/.local/lib/python3.8/site-packages/airflow/example_dags/example_params_trigger_ui.py for tasks to queue
[2025-05-09T10:10:56.420+0000] {logging_mixin.py:188} INFO - [2025-05-09T10:10:56.420+0000] {dagbag.py:538} INFO - Filling up the DagBag from /home/airflow/.local/lib/python3.8/site-packages/airflow/example_dags/example_params_trigger_ui.py
[2025-05-09T10:10:56.458+0000] {processor.py:840} INFO - DAG(s) 'example_params_trigger_ui' retrieved from /home/airflow/.local/lib/python3.8/site-packages/airflow/example_dags/example_params_trigger_ui.py
[2025-05-09T10:10:56.616+0000] {logging_mixin.py:188} INFO - [2025-05-09T10:10:56.615+0000] {dag.py:3036} INFO - Sync 1 DAGs
[2025-05-09T10:10:56.653+0000] {logging_mixin.py:188} INFO - [2025-05-09T10:10:56.652+0000] {dag.py:3823} INFO - Setting next_dagrun for example_params_trigger_ui to None, run_after=None
[2025-05-09T10:10:56.705+0000] {processor.py:183} INFO - Processing /home/airflow/.local/lib/python3.8/site-packages/airflow/example_dags/example_params_trigger_ui.py took 0.300 seconds
[2025-05-09T10:11:27.372+0000] {processor.py:161} INFO - Started process (PID=320) to work on /home/airflow/.local/lib/python3.8/site-packages/airflow/example_dags/example_params_trigger_ui.py
[2025-05-09T10:11:27.374+0000] {processor.py:830} INFO - Processing file /home/airflow/.local/lib/python3.8/site-packages/airflow/example_dags/example_params_trigger_ui.py for tasks to queue
[2025-05-09T10:11:27.378+0000] {logging_mixin.py:188} INFO - [2025-05-09T10:11:27.377+0000] {dagbag.py:538} INFO - Filling up the DagBag from /home/airflow/.local/lib/python3.8/site-packages/airflow/example_dags/example_params_trigger_ui.py
[2025-05-09T10:11:27.409+0000] {processor.py:840} INFO - DAG(s) 'example_params_trigger_ui' retrieved from /home/airflow/.local/lib/python3.8/site-packages/airflow/example_dags/example_params_trigger_ui.py
[2025-05-09T10:11:27.518+0000] {logging_mixin.py:188} INFO - [2025-05-09T10:11:27.518+0000] {dag.py:3036} INFO - Sync 1 DAGs
[2025-05-09T10:11:27.542+0000] {logging_mixin.py:188} INFO - [2025-05-09T10:11:27.541+0000] {dag.py:3823} INFO - Setting next_dagrun for example_params_trigger_ui to None, run_after=None
[2025-05-09T10:11:27.578+0000] {processor.py:183} INFO - Processing /home/airflow/.local/lib/python3.8/site-packages/airflow/example_dags/example_params_trigger_ui.py took 0.213 seconds
[2025-05-09T10:11:58.609+0000] {processor.py:161} INFO - Started process (PID=376) to work on /home/airflow/.local/lib/python3.8/site-packages/airflow/example_dags/example_params_trigger_ui.py
[2025-05-09T10:11:58.612+0000] {processor.py:830} INFO - Processing file /home/airflow/.local/lib/python3.8/site-packages/airflow/example_dags/example_params_trigger_ui.py for tasks to queue
[2025-05-09T10:11:58.617+0000] {logging_mixin.py:188} INFO - [2025-05-09T10:11:58.616+0000] {dagbag.py:538} INFO - Filling up the DagBag from /home/airflow/.local/lib/python3.8/site-packages/airflow/example_dags/example_params_trigger_ui.py
[2025-05-09T10:11:58.662+0000] {processor.py:840} INFO - DAG(s) 'example_params_trigger_ui' retrieved from /home/airflow/.local/lib/python3.8/site-packages/airflow/example_dags/example_params_trigger_ui.py
[2025-05-09T10:11:58.784+0000] {logging_mixin.py:188} INFO - [2025-05-09T10:11:58.783+0000] {dag.py:3036} INFO - Sync 1 DAGs
[2025-05-09T10:11:58.808+0000] {logging_mixin.py:188} INFO - [2025-05-09T10:11:58.808+0000] {dag.py:3823} INFO - Setting next_dagrun for example_params_trigger_ui to None, run_after=None
[2025-05-09T10:11:58.860+0000] {processor.py:183} INFO - Processing /home/airflow/.local/lib/python3.8/site-packages/airflow/example_dags/example_params_trigger_ui.py took 0.258 seconds
[2025-05-09T10:12:29.117+0000] {processor.py:161} INFO - Started process (PID=432) to work on /home/airflow/.local/lib/python3.8/site-packages/airflow/example_dags/example_params_trigger_ui.py
[2025-05-09T10:12:29.122+0000] {processor.py:830} INFO - Processing file /home/airflow/.local/lib/python3.8/site-packages/airflow/example_dags/example_params_trigger_ui.py for tasks to queue
[2025-05-09T10:12:29.131+0000] {logging_mixin.py:188} INFO - [2025-05-09T10:12:29.128+0000] {dagbag.py:538} INFO - Filling up the DagBag from /home/airflow/.local/lib/python3.8/site-packages/airflow/example_dags/example_params_trigger_ui.py
[2025-05-09T10:12:29.192+0000] {processor.py:840} INFO - DAG(s) 'example_params_trigger_ui' retrieved from /home/airflow/.local/lib/python3.8/site-packages/airflow/example_dags/example_params_trigger_ui.py
[2025-05-09T10:12:29.441+0000] {logging_mixin.py:188} INFO - [2025-05-09T10:12:29.440+0000] {dag.py:3036} INFO - Sync 1 DAGs
[2025-05-09T10:12:29.463+0000] {logging_mixin.py:188} INFO - [2025-05-09T10:12:29.463+0000] {dag.py:3823} INFO - Setting next_dagrun for example_params_trigger_ui to None, run_after=None
[2025-05-09T10:12:29.497+0000] {processor.py:183} INFO - Processing /home/airflow/.local/lib/python3.8/site-packages/airflow/example_dags/example_params_trigger_ui.py took 0.397 seconds
[2025-05-09T10:12:59.650+0000] {processor.py:161} INFO - Started process (PID=494) to work on /home/airflow/.local/lib/python3.8/site-packages/airflow/example_dags/example_params_trigger_ui.py
[2025-05-09T10:12:59.652+0000] {processor.py:830} INFO - Processing file /home/airflow/.local/lib/python3.8/site-packages/airflow/example_dags/example_params_trigger_ui.py for tasks to queue
[2025-05-09T10:12:59.655+0000] {logging_mixin.py:188} INFO - [2025-05-09T10:12:59.655+0000] {dagbag.py:538} INFO - Filling up the DagBag from /home/airflow/.local/lib/python3.8/site-packages/airflow/example_dags/example_params_trigger_ui.py
[2025-05-09T10:12:59.678+0000] {processor.py:840} INFO - DAG(s) 'example_params_trigger_ui' retrieved from /home/airflow/.local/lib/python3.8/site-packages/airflow/example_dags/example_params_trigger_ui.py
[2025-05-09T10:12:59.788+0000] {logging_mixin.py:188} INFO - [2025-05-09T10:12:59.788+0000] {dag.py:3036} INFO - Sync 1 DAGs
[2025-05-09T10:12:59.814+0000] {logging_mixin.py:188} INFO - [2025-05-09T10:12:59.813+0000] {dag.py:3823} INFO - Setting next_dagrun for example_params_trigger_ui to None, run_after=None
[2025-05-09T10:12:59.852+0000] {processor.py:183} INFO - Processing /home/airflow/.local/lib/python3.8/site-packages/airflow/example_dags/example_params_trigger_ui.py took 0.207 seconds
[2025-05-09T10:13:30.509+0000] {processor.py:161} INFO - Started process (PID=550) to work on /home/airflow/.local/lib/python3.8/site-packages/airflow/example_dags/example_params_trigger_ui.py
[2025-05-09T10:13:30.510+0000] {processor.py:830} INFO - Processing file /home/airflow/.local/lib/python3.8/site-packages/airflow/example_dags/example_params_trigger_ui.py for tasks to queue
[2025-05-09T10:13:30.514+0000] {logging_mixin.py:188} INFO - [2025-05-09T10:13:30.513+0000] {dagbag.py:538} INFO - Filling up the DagBag from /home/airflow/.local/lib/python3.8/site-packages/airflow/example_dags/example_params_trigger_ui.py
[2025-05-09T10:13:30.539+0000] {processor.py:840} INFO - DAG(s) 'example_params_trigger_ui' retrieved from /home/airflow/.local/lib/python3.8/site-packages/airflow/example_dags/example_params_trigger_ui.py
[2025-05-09T10:13:30.645+0000] {logging_mixin.py:188} INFO - [2025-05-09T10:13:30.644+0000] {dag.py:3036} INFO - Sync 1 DAGs
[2025-05-09T10:13:30.673+0000] {logging_mixin.py:188} INFO - [2025-05-09T10:13:30.673+0000] {dag.py:3823} INFO - Setting next_dagrun for example_params_trigger_ui to None, run_after=None
[2025-05-09T10:13:30.723+0000] {processor.py:183} INFO - Processing /home/airflow/.local/lib/python3.8/site-packages/airflow/example_dags/example_params_trigger_ui.py took 0.220 seconds
[2025-05-09T10:14:01.603+0000] {processor.py:161} INFO - Started process (PID=606) to work on /home/airflow/.local/lib/python3.8/site-packages/airflow/example_dags/example_params_trigger_ui.py
[2025-05-09T10:14:01.607+0000] {processor.py:830} INFO - Processing file /home/airflow/.local/lib/python3.8/site-packages/airflow/example_dags/example_params_trigger_ui.py for tasks to queue
[2025-05-09T10:14:01.614+0000] {logging_mixin.py:188} INFO - [2025-05-09T10:14:01.613+0000] {dagbag.py:538} INFO - Filling up the DagBag from /home/airflow/.local/lib/python3.8/site-packages/airflow/example_dags/example_params_trigger_ui.py
[2025-05-09T10:14:01.651+0000] {processor.py:840} INFO - DAG(s) 'example_params_trigger_ui' retrieved from /home/airflow/.local/lib/python3.8/site-packages/airflow/example_dags/example_params_trigger_ui.py
[2025-05-09T10:14:01.784+0000] {logging_mixin.py:188} INFO - [2025-05-09T10:14:01.784+0000] {dag.py:3036} INFO - Sync 1 DAGs
[2025-05-09T10:14:01.815+0000] {logging_mixin.py:188} INFO - [2025-05-09T10:14:01.815+0000] {dag.py:3823} INFO - Setting next_dagrun for example_params_trigger_ui to None, run_after=None
[2025-05-09T10:14:01.869+0000] {processor.py:183} INFO - Processing /home/airflow/.local/lib/python3.8/site-packages/airflow/example_dags/example_params_trigger_ui.py took 0.282 seconds
