[2025-05-09T10:01:01.249+0000] {processor.py:161} INFO - Started process (PID=75) to work on /home/airflow/.local/lib/python3.8/site-packages/airflow/example_dags/example_sensor_decorator.py
[2025-05-09T10:01:01.259+0000] {processor.py:830} INFO - Processing file /home/airflow/.local/lib/python3.8/site-packages/airflow/example_dags/example_sensor_decorator.py for tasks to queue
[2025-05-09T10:01:01.273+0000] {logging_mixin.py:188} INFO - [2025-05-09T10:01:01.272+0000] {dagbag.py:538} INFO - Filling up the DagBag from /home/airflow/.local/lib/python3.8/site-packages/airflow/example_dags/example_sensor_decorator.py
[2025-05-09T10:01:01.315+0000] {processor.py:840} INFO - DAG(s) 'example_sensor_decorator' retrieved from /home/airflow/.local/lib/python3.8/site-packages/airflow/example_dags/example_sensor_decorator.py
[2025-05-09T10:01:01.370+0000] {logging_mixin.py:188} INFO - [2025-05-09T10:01:01.370+0000] {dag.py:3036} INFO - Sync 1 DAGs
[2025-05-09T10:01:01.421+0000] {logging_mixin.py:188} INFO - [2025-05-09T10:01:01.421+0000] {dag.py:3823} INFO - Setting next_dagrun for example_sensor_decorator to None, run_after=None
[2025-05-09T10:01:01.467+0000] {processor.py:183} INFO - Processing /home/airflow/.local/lib/python3.8/site-packages/airflow/example_dags/example_sensor_decorator.py took 0.229 seconds
[2025-05-09T10:01:32.795+0000] {processor.py:161} INFO - Started process (PID=131) to work on /home/airflow/.local/lib/python3.8/site-packages/airflow/example_dags/example_sensor_decorator.py
[2025-05-09T10:01:32.804+0000] {processor.py:830} INFO - Processing file /home/airflow/.local/lib/python3.8/site-packages/airflow/example_dags/example_sensor_decorator.py for tasks to queue
[2025-05-09T10:01:32.814+0000] {logging_mixin.py:188} INFO - [2025-05-09T10:01:32.811+0000] {dagbag.py:538} INFO - Filling up the DagBag from /home/airflow/.local/lib/python3.8/site-packages/airflow/example_dags/example_sensor_decorator.py
[2025-05-09T10:01:32.848+0000] {processor.py:840} INFO - DAG(s) 'example_sensor_decorator' retrieved from /home/airflow/.local/lib/python3.8/site-packages/airflow/example_dags/example_sensor_decorator.py
[2025-05-09T10:01:33.249+0000] {logging_mixin.py:188} INFO - [2025-05-09T10:01:33.248+0000] {dag.py:3036} INFO - Sync 1 DAGs
[2025-05-09T10:01:33.314+0000] {logging_mixin.py:188} INFO - [2025-05-09T10:01:33.313+0000] {dag.py:3823} INFO - Setting next_dagrun for example_sensor_decorator to None, run_after=None
[2025-05-09T10:01:33.443+0000] {processor.py:183} INFO - Processing /home/airflow/.local/lib/python3.8/site-packages/airflow/example_dags/example_sensor_decorator.py took 0.669 seconds
[2025-05-09T10:02:03.868+0000] {processor.py:161} INFO - Started process (PID=187) to work on /home/airflow/.local/lib/python3.8/site-packages/airflow/example_dags/example_sensor_decorator.py
[2025-05-09T10:02:03.874+0000] {processor.py:830} INFO - Processing file /home/airflow/.local/lib/python3.8/site-packages/airflow/example_dags/example_sensor_decorator.py for tasks to queue
[2025-05-09T10:02:03.885+0000] {logging_mixin.py:188} INFO - [2025-05-09T10:02:03.880+0000] {dagbag.py:538} INFO - Filling up the DagBag from /home/airflow/.local/lib/python3.8/site-packages/airflow/example_dags/example_sensor_decorator.py
[2025-05-09T10:02:03.913+0000] {processor.py:840} INFO - DAG(s) 'example_sensor_decorator' retrieved from /home/airflow/.local/lib/python3.8/site-packages/airflow/example_dags/example_sensor_decorator.py
[2025-05-09T10:02:03.997+0000] {logging_mixin.py:188} INFO - [2025-05-09T10:02:03.996+0000] {dag.py:3036} INFO - Sync 1 DAGs
[2025-05-09T10:02:04.058+0000] {logging_mixin.py:188} INFO - [2025-05-09T10:02:04.058+0000] {dag.py:3823} INFO - Setting next_dagrun for example_sensor_decorator to None, run_after=None
[2025-05-09T10:02:04.147+0000] {processor.py:183} INFO - Processing /home/airflow/.local/lib/python3.8/site-packages/airflow/example_dags/example_sensor_decorator.py took 0.295 seconds
[2025-05-09T10:02:34.448+0000] {processor.py:161} INFO - Started process (PID=243) to work on /home/airflow/.local/lib/python3.8/site-packages/airflow/example_dags/example_sensor_decorator.py
[2025-05-09T10:02:34.451+0000] {processor.py:830} INFO - Processing file /home/airflow/.local/lib/python3.8/site-packages/airflow/example_dags/example_sensor_decorator.py for tasks to queue
[2025-05-09T10:02:34.456+0000] {logging_mixin.py:188} INFO - [2025-05-09T10:02:34.455+0000] {dagbag.py:538} INFO - Filling up the DagBag from /home/airflow/.local/lib/python3.8/site-packages/airflow/example_dags/example_sensor_decorator.py
[2025-05-09T10:02:34.471+0000] {processor.py:840} INFO - DAG(s) 'example_sensor_decorator' retrieved from /home/airflow/.local/lib/python3.8/site-packages/airflow/example_dags/example_sensor_decorator.py
[2025-05-09T10:02:34.531+0000] {logging_mixin.py:188} INFO - [2025-05-09T10:02:34.530+0000] {dag.py:3036} INFO - Sync 1 DAGs
[2025-05-09T10:02:34.586+0000] {logging_mixin.py:188} INFO - [2025-05-09T10:02:34.585+0000] {dag.py:3823} INFO - Setting next_dagrun for example_sensor_decorator to None, run_after=None
[2025-05-09T10:02:34.627+0000] {processor.py:183} INFO - Processing /home/airflow/.local/lib/python3.8/site-packages/airflow/example_dags/example_sensor_decorator.py took 0.188 seconds
[2025-05-09T10:03:05.445+0000] {processor.py:161} INFO - Started process (PID=299) to work on /home/airflow/.local/lib/python3.8/site-packages/airflow/example_dags/example_sensor_decorator.py
[2025-05-09T10:03:05.448+0000] {processor.py:830} INFO - Processing file /home/airflow/.local/lib/python3.8/site-packages/airflow/example_dags/example_sensor_decorator.py for tasks to queue
[2025-05-09T10:03:05.454+0000] {logging_mixin.py:188} INFO - [2025-05-09T10:03:05.453+0000] {dagbag.py:538} INFO - Filling up the DagBag from /home/airflow/.local/lib/python3.8/site-packages/airflow/example_dags/example_sensor_decorator.py
[2025-05-09T10:03:05.471+0000] {processor.py:840} INFO - DAG(s) 'example_sensor_decorator' retrieved from /home/airflow/.local/lib/python3.8/site-packages/airflow/example_dags/example_sensor_decorator.py
[2025-05-09T10:03:05.521+0000] {logging_mixin.py:188} INFO - [2025-05-09T10:03:05.520+0000] {dag.py:3036} INFO - Sync 1 DAGs
[2025-05-09T10:03:05.556+0000] {logging_mixin.py:188} INFO - [2025-05-09T10:03:05.555+0000] {dag.py:3823} INFO - Setting next_dagrun for example_sensor_decorator to None, run_after=None
[2025-05-09T10:03:05.611+0000] {processor.py:183} INFO - Processing /home/airflow/.local/lib/python3.8/site-packages/airflow/example_dags/example_sensor_decorator.py took 0.174 seconds
[2025-05-09T10:03:36.229+0000] {processor.py:161} INFO - Started process (PID=355) to work on /home/airflow/.local/lib/python3.8/site-packages/airflow/example_dags/example_sensor_decorator.py
[2025-05-09T10:03:36.234+0000] {processor.py:830} INFO - Processing file /home/airflow/.local/lib/python3.8/site-packages/airflow/example_dags/example_sensor_decorator.py for tasks to queue
[2025-05-09T10:03:36.242+0000] {logging_mixin.py:188} INFO - [2025-05-09T10:03:36.241+0000] {dagbag.py:538} INFO - Filling up the DagBag from /home/airflow/.local/lib/python3.8/site-packages/airflow/example_dags/example_sensor_decorator.py
[2025-05-09T10:03:36.271+0000] {processor.py:840} INFO - DAG(s) 'example_sensor_decorator' retrieved from /home/airflow/.local/lib/python3.8/site-packages/airflow/example_dags/example_sensor_decorator.py
[2025-05-09T10:03:36.362+0000] {logging_mixin.py:188} INFO - [2025-05-09T10:03:36.361+0000] {dag.py:3036} INFO - Sync 1 DAGs
[2025-05-09T10:03:36.391+0000] {logging_mixin.py:188} INFO - [2025-05-09T10:03:36.390+0000] {dag.py:3823} INFO - Setting next_dagrun for example_sensor_decorator to None, run_after=None
[2025-05-09T10:03:36.425+0000] {processor.py:183} INFO - Processing /home/airflow/.local/lib/python3.8/site-packages/airflow/example_dags/example_sensor_decorator.py took 0.215 seconds
[2025-05-09T10:04:06.748+0000] {processor.py:161} INFO - Started process (PID=409) to work on /home/airflow/.local/lib/python3.8/site-packages/airflow/example_dags/example_sensor_decorator.py
[2025-05-09T10:04:06.751+0000] {processor.py:830} INFO - Processing file /home/airflow/.local/lib/python3.8/site-packages/airflow/example_dags/example_sensor_decorator.py for tasks to queue
[2025-05-09T10:04:06.756+0000] {logging_mixin.py:188} INFO - [2025-05-09T10:04:06.756+0000] {dagbag.py:538} INFO - Filling up the DagBag from /home/airflow/.local/lib/python3.8/site-packages/airflow/example_dags/example_sensor_decorator.py
[2025-05-09T10:04:06.774+0000] {processor.py:840} INFO - DAG(s) 'example_sensor_decorator' retrieved from /home/airflow/.local/lib/python3.8/site-packages/airflow/example_dags/example_sensor_decorator.py
[2025-05-09T10:04:06.833+0000] {logging_mixin.py:188} INFO - [2025-05-09T10:04:06.833+0000] {dag.py:3036} INFO - Sync 1 DAGs
[2025-05-09T10:04:06.873+0000] {logging_mixin.py:188} INFO - [2025-05-09T10:04:06.872+0000] {dag.py:3823} INFO - Setting next_dagrun for example_sensor_decorator to None, run_after=None
[2025-05-09T10:04:06.914+0000] {processor.py:183} INFO - Processing /home/airflow/.local/lib/python3.8/site-packages/airflow/example_dags/example_sensor_decorator.py took 0.175 seconds
[2025-05-09T10:04:37.351+0000] {processor.py:161} INFO - Started process (PID=465) to work on /home/airflow/.local/lib/python3.8/site-packages/airflow/example_dags/example_sensor_decorator.py
[2025-05-09T10:04:37.354+0000] {processor.py:830} INFO - Processing file /home/airflow/.local/lib/python3.8/site-packages/airflow/example_dags/example_sensor_decorator.py for tasks to queue
[2025-05-09T10:04:37.358+0000] {logging_mixin.py:188} INFO - [2025-05-09T10:04:37.357+0000] {dagbag.py:538} INFO - Filling up the DagBag from /home/airflow/.local/lib/python3.8/site-packages/airflow/example_dags/example_sensor_decorator.py
[2025-05-09T10:04:37.368+0000] {processor.py:840} INFO - DAG(s) 'example_sensor_decorator' retrieved from /home/airflow/.local/lib/python3.8/site-packages/airflow/example_dags/example_sensor_decorator.py
[2025-05-09T10:04:37.402+0000] {logging_mixin.py:188} INFO - [2025-05-09T10:04:37.402+0000] {dag.py:3036} INFO - Sync 1 DAGs
[2025-05-09T10:04:37.424+0000] {logging_mixin.py:188} INFO - [2025-05-09T10:04:37.424+0000] {dag.py:3823} INFO - Setting next_dagrun for example_sensor_decorator to None, run_after=None
[2025-05-09T10:04:37.458+0000] {processor.py:183} INFO - Processing /home/airflow/.local/lib/python3.8/site-packages/airflow/example_dags/example_sensor_decorator.py took 0.114 seconds
[2025-05-09T10:05:08.180+0000] {processor.py:161} INFO - Started process (PID=521) to work on /home/airflow/.local/lib/python3.8/site-packages/airflow/example_dags/example_sensor_decorator.py
[2025-05-09T10:05:08.185+0000] {processor.py:830} INFO - Processing file /home/airflow/.local/lib/python3.8/site-packages/airflow/example_dags/example_sensor_decorator.py for tasks to queue
[2025-05-09T10:05:08.193+0000] {logging_mixin.py:188} INFO - [2025-05-09T10:05:08.192+0000] {dagbag.py:538} INFO - Filling up the DagBag from /home/airflow/.local/lib/python3.8/site-packages/airflow/example_dags/example_sensor_decorator.py
[2025-05-09T10:05:08.224+0000] {processor.py:840} INFO - DAG(s) 'example_sensor_decorator' retrieved from /home/airflow/.local/lib/python3.8/site-packages/airflow/example_dags/example_sensor_decorator.py
[2025-05-09T10:05:08.315+0000] {logging_mixin.py:188} INFO - [2025-05-09T10:05:08.315+0000] {dag.py:3036} INFO - Sync 1 DAGs
[2025-05-09T10:05:08.376+0000] {logging_mixin.py:188} INFO - [2025-05-09T10:05:08.376+0000] {dag.py:3823} INFO - Setting next_dagrun for example_sensor_decorator to None, run_after=None
[2025-05-09T10:05:08.481+0000] {processor.py:183} INFO - Processing /home/airflow/.local/lib/python3.8/site-packages/airflow/example_dags/example_sensor_decorator.py took 0.318 seconds
[2025-05-09T10:05:38.830+0000] {processor.py:161} INFO - Started process (PID=577) to work on /home/airflow/.local/lib/python3.8/site-packages/airflow/example_dags/example_sensor_decorator.py
[2025-05-09T10:05:38.831+0000] {processor.py:830} INFO - Processing file /home/airflow/.local/lib/python3.8/site-packages/airflow/example_dags/example_sensor_decorator.py for tasks to queue
[2025-05-09T10:05:38.835+0000] {logging_mixin.py:188} INFO - [2025-05-09T10:05:38.834+0000] {dagbag.py:538} INFO - Filling up the DagBag from /home/airflow/.local/lib/python3.8/site-packages/airflow/example_dags/example_sensor_decorator.py
[2025-05-09T10:05:38.847+0000] {processor.py:840} INFO - DAG(s) 'example_sensor_decorator' retrieved from /home/airflow/.local/lib/python3.8/site-packages/airflow/example_dags/example_sensor_decorator.py
[2025-05-09T10:05:38.882+0000] {logging_mixin.py:188} INFO - [2025-05-09T10:05:38.882+0000] {dag.py:3036} INFO - Sync 1 DAGs
[2025-05-09T10:05:38.908+0000] {logging_mixin.py:188} INFO - [2025-05-09T10:05:38.908+0000] {dag.py:3823} INFO - Setting next_dagrun for example_sensor_decorator to None, run_after=None
[2025-05-09T10:05:38.949+0000] {processor.py:183} INFO - Processing /home/airflow/.local/lib/python3.8/site-packages/airflow/example_dags/example_sensor_decorator.py took 0.125 seconds
[2025-05-09T10:06:09.085+0000] {processor.py:161} INFO - Started process (PID=632) to work on /home/airflow/.local/lib/python3.8/site-packages/airflow/example_dags/example_sensor_decorator.py
[2025-05-09T10:06:09.088+0000] {processor.py:830} INFO - Processing file /home/airflow/.local/lib/python3.8/site-packages/airflow/example_dags/example_sensor_decorator.py for tasks to queue
[2025-05-09T10:06:09.093+0000] {logging_mixin.py:188} INFO - [2025-05-09T10:06:09.092+0000] {dagbag.py:538} INFO - Filling up the DagBag from /home/airflow/.local/lib/python3.8/site-packages/airflow/example_dags/example_sensor_decorator.py
[2025-05-09T10:06:09.111+0000] {processor.py:840} INFO - DAG(s) 'example_sensor_decorator' retrieved from /home/airflow/.local/lib/python3.8/site-packages/airflow/example_dags/example_sensor_decorator.py
[2025-05-09T10:06:09.204+0000] {logging_mixin.py:188} INFO - [2025-05-09T10:06:09.204+0000] {dag.py:3036} INFO - Sync 1 DAGs
[2025-05-09T10:06:09.261+0000] {logging_mixin.py:188} INFO - [2025-05-09T10:06:09.260+0000] {dag.py:3823} INFO - Setting next_dagrun for example_sensor_decorator to None, run_after=None
[2025-05-09T10:06:09.362+0000] {processor.py:183} INFO - Processing /home/airflow/.local/lib/python3.8/site-packages/airflow/example_dags/example_sensor_decorator.py took 0.285 seconds
[2025-05-09T10:06:40.345+0000] {processor.py:161} INFO - Started process (PID=689) to work on /home/airflow/.local/lib/python3.8/site-packages/airflow/example_dags/example_sensor_decorator.py
[2025-05-09T10:06:40.347+0000] {processor.py:830} INFO - Processing file /home/airflow/.local/lib/python3.8/site-packages/airflow/example_dags/example_sensor_decorator.py for tasks to queue
[2025-05-09T10:06:40.352+0000] {logging_mixin.py:188} INFO - [2025-05-09T10:06:40.351+0000] {dagbag.py:538} INFO - Filling up the DagBag from /home/airflow/.local/lib/python3.8/site-packages/airflow/example_dags/example_sensor_decorator.py
[2025-05-09T10:06:40.364+0000] {processor.py:840} INFO - DAG(s) 'example_sensor_decorator' retrieved from /home/airflow/.local/lib/python3.8/site-packages/airflow/example_dags/example_sensor_decorator.py
[2025-05-09T10:06:40.401+0000] {logging_mixin.py:188} INFO - [2025-05-09T10:06:40.400+0000] {dag.py:3036} INFO - Sync 1 DAGs
[2025-05-09T10:06:40.441+0000] {logging_mixin.py:188} INFO - [2025-05-09T10:06:40.441+0000] {dag.py:3823} INFO - Setting next_dagrun for example_sensor_decorator to None, run_after=None
[2025-05-09T10:06:40.531+0000] {processor.py:183} INFO - Processing /home/airflow/.local/lib/python3.8/site-packages/airflow/example_dags/example_sensor_decorator.py took 0.195 seconds
[2025-05-09T10:09:03.341+0000] {processor.py:161} INFO - Started process (PID=72) to work on /home/airflow/.local/lib/python3.8/site-packages/airflow/example_dags/example_sensor_decorator.py
[2025-05-09T10:09:03.344+0000] {processor.py:830} INFO - Processing file /home/airflow/.local/lib/python3.8/site-packages/airflow/example_dags/example_sensor_decorator.py for tasks to queue
[2025-05-09T10:09:03.351+0000] {logging_mixin.py:188} INFO - [2025-05-09T10:09:03.349+0000] {dagbag.py:538} INFO - Filling up the DagBag from /home/airflow/.local/lib/python3.8/site-packages/airflow/example_dags/example_sensor_decorator.py
[2025-05-09T10:09:03.364+0000] {processor.py:840} INFO - DAG(s) 'example_sensor_decorator' retrieved from /home/airflow/.local/lib/python3.8/site-packages/airflow/example_dags/example_sensor_decorator.py
[2025-05-09T10:09:03.759+0000] {logging_mixin.py:188} INFO - [2025-05-09T10:09:03.758+0000] {dag.py:3036} INFO - Sync 1 DAGs
[2025-05-09T10:09:04.006+0000] {logging_mixin.py:188} INFO - [2025-05-09T10:09:04.005+0000] {dag.py:3823} INFO - Setting next_dagrun for example_sensor_decorator to None, run_after=None
[2025-05-09T10:09:04.123+0000] {processor.py:183} INFO - Processing /home/airflow/.local/lib/python3.8/site-packages/airflow/example_dags/example_sensor_decorator.py took 0.802 seconds
[2025-05-09T10:09:34.434+0000] {processor.py:161} INFO - Started process (PID=127) to work on /home/airflow/.local/lib/python3.8/site-packages/airflow/example_dags/example_sensor_decorator.py
[2025-05-09T10:09:34.437+0000] {processor.py:830} INFO - Processing file /home/airflow/.local/lib/python3.8/site-packages/airflow/example_dags/example_sensor_decorator.py for tasks to queue
[2025-05-09T10:09:34.442+0000] {logging_mixin.py:188} INFO - [2025-05-09T10:09:34.441+0000] {dagbag.py:538} INFO - Filling up the DagBag from /home/airflow/.local/lib/python3.8/site-packages/airflow/example_dags/example_sensor_decorator.py
[2025-05-09T10:09:34.467+0000] {processor.py:840} INFO - DAG(s) 'example_sensor_decorator' retrieved from /home/airflow/.local/lib/python3.8/site-packages/airflow/example_dags/example_sensor_decorator.py
[2025-05-09T10:09:34.535+0000] {logging_mixin.py:188} INFO - [2025-05-09T10:09:34.534+0000] {dag.py:3036} INFO - Sync 1 DAGs
[2025-05-09T10:09:34.576+0000] {logging_mixin.py:188} INFO - [2025-05-09T10:09:34.576+0000] {dag.py:3823} INFO - Setting next_dagrun for example_sensor_decorator to None, run_after=None
[2025-05-09T10:09:34.622+0000] {processor.py:183} INFO - Processing /home/airflow/.local/lib/python3.8/site-packages/airflow/example_dags/example_sensor_decorator.py took 0.198 seconds
[2025-05-09T10:10:05.539+0000] {processor.py:161} INFO - Started process (PID=182) to work on /home/airflow/.local/lib/python3.8/site-packages/airflow/example_dags/example_sensor_decorator.py
[2025-05-09T10:10:05.545+0000] {processor.py:830} INFO - Processing file /home/airflow/.local/lib/python3.8/site-packages/airflow/example_dags/example_sensor_decorator.py for tasks to queue
[2025-05-09T10:10:05.552+0000] {logging_mixin.py:188} INFO - [2025-05-09T10:10:05.550+0000] {dagbag.py:538} INFO - Filling up the DagBag from /home/airflow/.local/lib/python3.8/site-packages/airflow/example_dags/example_sensor_decorator.py
[2025-05-09T10:10:05.575+0000] {processor.py:840} INFO - DAG(s) 'example_sensor_decorator' retrieved from /home/airflow/.local/lib/python3.8/site-packages/airflow/example_dags/example_sensor_decorator.py
[2025-05-09T10:10:05.641+0000] {logging_mixin.py:188} INFO - [2025-05-09T10:10:05.640+0000] {dag.py:3036} INFO - Sync 1 DAGs
[2025-05-09T10:10:05.692+0000] {logging_mixin.py:188} INFO - [2025-05-09T10:10:05.691+0000] {dag.py:3823} INFO - Setting next_dagrun for example_sensor_decorator to None, run_after=None
[2025-05-09T10:10:05.745+0000] {processor.py:183} INFO - Processing /home/airflow/.local/lib/python3.8/site-packages/airflow/example_dags/example_sensor_decorator.py took 0.219 seconds
[2025-05-09T10:10:36.020+0000] {processor.py:161} INFO - Started process (PID=238) to work on /home/airflow/.local/lib/python3.8/site-packages/airflow/example_dags/example_sensor_decorator.py
[2025-05-09T10:10:36.022+0000] {processor.py:830} INFO - Processing file /home/airflow/.local/lib/python3.8/site-packages/airflow/example_dags/example_sensor_decorator.py for tasks to queue
[2025-05-09T10:10:36.025+0000] {logging_mixin.py:188} INFO - [2025-05-09T10:10:36.024+0000] {dagbag.py:538} INFO - Filling up the DagBag from /home/airflow/.local/lib/python3.8/site-packages/airflow/example_dags/example_sensor_decorator.py
[2025-05-09T10:10:36.035+0000] {processor.py:840} INFO - DAG(s) 'example_sensor_decorator' retrieved from /home/airflow/.local/lib/python3.8/site-packages/airflow/example_dags/example_sensor_decorator.py
[2025-05-09T10:10:36.068+0000] {logging_mixin.py:188} INFO - [2025-05-09T10:10:36.068+0000] {dag.py:3036} INFO - Sync 1 DAGs
[2025-05-09T10:10:36.095+0000] {logging_mixin.py:188} INFO - [2025-05-09T10:10:36.094+0000] {dag.py:3823} INFO - Setting next_dagrun for example_sensor_decorator to None, run_after=None
[2025-05-09T10:10:36.132+0000] {processor.py:183} INFO - Processing /home/airflow/.local/lib/python3.8/site-packages/airflow/example_dags/example_sensor_decorator.py took 0.118 seconds
[2025-05-09T10:11:06.862+0000] {processor.py:161} INFO - Started process (PID=294) to work on /home/airflow/.local/lib/python3.8/site-packages/airflow/example_dags/example_sensor_decorator.py
[2025-05-09T10:11:06.865+0000] {processor.py:830} INFO - Processing file /home/airflow/.local/lib/python3.8/site-packages/airflow/example_dags/example_sensor_decorator.py for tasks to queue
[2025-05-09T10:11:06.869+0000] {logging_mixin.py:188} INFO - [2025-05-09T10:11:06.869+0000] {dagbag.py:538} INFO - Filling up the DagBag from /home/airflow/.local/lib/python3.8/site-packages/airflow/example_dags/example_sensor_decorator.py
[2025-05-09T10:11:06.886+0000] {processor.py:840} INFO - DAG(s) 'example_sensor_decorator' retrieved from /home/airflow/.local/lib/python3.8/site-packages/airflow/example_dags/example_sensor_decorator.py
[2025-05-09T10:11:06.935+0000] {logging_mixin.py:188} INFO - [2025-05-09T10:11:06.934+0000] {dag.py:3036} INFO - Sync 1 DAGs
[2025-05-09T10:11:06.964+0000] {logging_mixin.py:188} INFO - [2025-05-09T10:11:06.963+0000] {dag.py:3823} INFO - Setting next_dagrun for example_sensor_decorator to None, run_after=None
[2025-05-09T10:11:07.012+0000] {processor.py:183} INFO - Processing /home/airflow/.local/lib/python3.8/site-packages/airflow/example_dags/example_sensor_decorator.py took 0.156 seconds
[2025-05-09T10:11:38.137+0000] {processor.py:161} INFO - Started process (PID=350) to work on /home/airflow/.local/lib/python3.8/site-packages/airflow/example_dags/example_sensor_decorator.py
[2025-05-09T10:11:38.145+0000] {processor.py:830} INFO - Processing file /home/airflow/.local/lib/python3.8/site-packages/airflow/example_dags/example_sensor_decorator.py for tasks to queue
[2025-05-09T10:11:38.149+0000] {logging_mixin.py:188} INFO - [2025-05-09T10:11:38.148+0000] {dagbag.py:538} INFO - Filling up the DagBag from /home/airflow/.local/lib/python3.8/site-packages/airflow/example_dags/example_sensor_decorator.py
[2025-05-09T10:11:38.170+0000] {processor.py:840} INFO - DAG(s) 'example_sensor_decorator' retrieved from /home/airflow/.local/lib/python3.8/site-packages/airflow/example_dags/example_sensor_decorator.py
[2025-05-09T10:11:38.210+0000] {logging_mixin.py:188} INFO - [2025-05-09T10:11:38.210+0000] {dag.py:3036} INFO - Sync 1 DAGs
[2025-05-09T10:11:38.239+0000] {logging_mixin.py:188} INFO - [2025-05-09T10:11:38.238+0000] {dag.py:3823} INFO - Setting next_dagrun for example_sensor_decorator to None, run_after=None
[2025-05-09T10:11:38.291+0000] {processor.py:183} INFO - Processing /home/airflow/.local/lib/python3.8/site-packages/airflow/example_dags/example_sensor_decorator.py took 0.163 seconds
[2025-05-09T10:12:09.413+0000] {processor.py:161} INFO - Started process (PID=406) to work on /home/airflow/.local/lib/python3.8/site-packages/airflow/example_dags/example_sensor_decorator.py
[2025-05-09T10:12:09.418+0000] {processor.py:830} INFO - Processing file /home/airflow/.local/lib/python3.8/site-packages/airflow/example_dags/example_sensor_decorator.py for tasks to queue
[2025-05-09T10:12:09.427+0000] {logging_mixin.py:188} INFO - [2025-05-09T10:12:09.425+0000] {dagbag.py:538} INFO - Filling up the DagBag from /home/airflow/.local/lib/python3.8/site-packages/airflow/example_dags/example_sensor_decorator.py
[2025-05-09T10:12:09.457+0000] {processor.py:840} INFO - DAG(s) 'example_sensor_decorator' retrieved from /home/airflow/.local/lib/python3.8/site-packages/airflow/example_dags/example_sensor_decorator.py
[2025-05-09T10:12:09.548+0000] {logging_mixin.py:188} INFO - [2025-05-09T10:12:09.547+0000] {dag.py:3036} INFO - Sync 1 DAGs
[2025-05-09T10:12:09.623+0000] {logging_mixin.py:188} INFO - [2025-05-09T10:12:09.622+0000] {dag.py:3823} INFO - Setting next_dagrun for example_sensor_decorator to None, run_after=None
[2025-05-09T10:12:09.724+0000] {processor.py:183} INFO - Processing /home/airflow/.local/lib/python3.8/site-packages/airflow/example_dags/example_sensor_decorator.py took 0.326 seconds
[2025-05-09T10:12:39.791+0000] {processor.py:161} INFO - Started process (PID=462) to work on /home/airflow/.local/lib/python3.8/site-packages/airflow/example_dags/example_sensor_decorator.py
[2025-05-09T10:12:39.793+0000] {processor.py:830} INFO - Processing file /home/airflow/.local/lib/python3.8/site-packages/airflow/example_dags/example_sensor_decorator.py for tasks to queue
[2025-05-09T10:12:39.798+0000] {logging_mixin.py:188} INFO - [2025-05-09T10:12:39.797+0000] {dagbag.py:538} INFO - Filling up the DagBag from /home/airflow/.local/lib/python3.8/site-packages/airflow/example_dags/example_sensor_decorator.py
[2025-05-09T10:12:39.808+0000] {processor.py:840} INFO - DAG(s) 'example_sensor_decorator' retrieved from /home/airflow/.local/lib/python3.8/site-packages/airflow/example_dags/example_sensor_decorator.py
[2025-05-09T10:12:39.840+0000] {logging_mixin.py:188} INFO - [2025-05-09T10:12:39.840+0000] {dag.py:3036} INFO - Sync 1 DAGs
[2025-05-09T10:12:39.869+0000] {logging_mixin.py:188} INFO - [2025-05-09T10:12:39.869+0000] {dag.py:3823} INFO - Setting next_dagrun for example_sensor_decorator to None, run_after=None
[2025-05-09T10:12:39.909+0000] {processor.py:183} INFO - Processing /home/airflow/.local/lib/python3.8/site-packages/airflow/example_dags/example_sensor_decorator.py took 0.124 seconds
[2025-05-09T10:13:10.807+0000] {processor.py:161} INFO - Started process (PID=518) to work on /home/airflow/.local/lib/python3.8/site-packages/airflow/example_dags/example_sensor_decorator.py
[2025-05-09T10:13:10.809+0000] {processor.py:830} INFO - Processing file /home/airflow/.local/lib/python3.8/site-packages/airflow/example_dags/example_sensor_decorator.py for tasks to queue
[2025-05-09T10:13:10.812+0000] {logging_mixin.py:188} INFO - [2025-05-09T10:13:10.811+0000] {dagbag.py:538} INFO - Filling up the DagBag from /home/airflow/.local/lib/python3.8/site-packages/airflow/example_dags/example_sensor_decorator.py
[2025-05-09T10:13:10.822+0000] {processor.py:840} INFO - DAG(s) 'example_sensor_decorator' retrieved from /home/airflow/.local/lib/python3.8/site-packages/airflow/example_dags/example_sensor_decorator.py
[2025-05-09T10:13:10.857+0000] {logging_mixin.py:188} INFO - [2025-05-09T10:13:10.856+0000] {dag.py:3036} INFO - Sync 1 DAGs
[2025-05-09T10:13:10.881+0000] {logging_mixin.py:188} INFO - [2025-05-09T10:13:10.880+0000] {dag.py:3823} INFO - Setting next_dagrun for example_sensor_decorator to None, run_after=None
[2025-05-09T10:13:10.921+0000] {processor.py:183} INFO - Processing /home/airflow/.local/lib/python3.8/site-packages/airflow/example_dags/example_sensor_decorator.py took 0.120 seconds
[2025-05-09T10:13:41.641+0000] {processor.py:161} INFO - Started process (PID=574) to work on /home/airflow/.local/lib/python3.8/site-packages/airflow/example_dags/example_sensor_decorator.py
[2025-05-09T10:13:41.643+0000] {processor.py:830} INFO - Processing file /home/airflow/.local/lib/python3.8/site-packages/airflow/example_dags/example_sensor_decorator.py for tasks to queue
[2025-05-09T10:13:41.646+0000] {logging_mixin.py:188} INFO - [2025-05-09T10:13:41.646+0000] {dagbag.py:538} INFO - Filling up the DagBag from /home/airflow/.local/lib/python3.8/site-packages/airflow/example_dags/example_sensor_decorator.py
[2025-05-09T10:13:41.660+0000] {processor.py:840} INFO - DAG(s) 'example_sensor_decorator' retrieved from /home/airflow/.local/lib/python3.8/site-packages/airflow/example_dags/example_sensor_decorator.py
[2025-05-09T10:13:41.698+0000] {logging_mixin.py:188} INFO - [2025-05-09T10:13:41.698+0000] {dag.py:3036} INFO - Sync 1 DAGs
[2025-05-09T10:13:41.727+0000] {logging_mixin.py:188} INFO - [2025-05-09T10:13:41.727+0000] {dag.py:3823} INFO - Setting next_dagrun for example_sensor_decorator to None, run_after=None
[2025-05-09T10:13:41.786+0000] {processor.py:183} INFO - Processing /home/airflow/.local/lib/python3.8/site-packages/airflow/example_dags/example_sensor_decorator.py took 0.151 seconds
[2025-05-09T10:14:12.566+0000] {processor.py:161} INFO - Started process (PID=630) to work on /home/airflow/.local/lib/python3.8/site-packages/airflow/example_dags/example_sensor_decorator.py
[2025-05-09T10:14:12.569+0000] {processor.py:830} INFO - Processing file /home/airflow/.local/lib/python3.8/site-packages/airflow/example_dags/example_sensor_decorator.py for tasks to queue
[2025-05-09T10:14:12.576+0000] {logging_mixin.py:188} INFO - [2025-05-09T10:14:12.575+0000] {dagbag.py:538} INFO - Filling up the DagBag from /home/airflow/.local/lib/python3.8/site-packages/airflow/example_dags/example_sensor_decorator.py
[2025-05-09T10:14:12.594+0000] {processor.py:840} INFO - DAG(s) 'example_sensor_decorator' retrieved from /home/airflow/.local/lib/python3.8/site-packages/airflow/example_dags/example_sensor_decorator.py
[2025-05-09T10:14:12.647+0000] {logging_mixin.py:188} INFO - [2025-05-09T10:14:12.646+0000] {dag.py:3036} INFO - Sync 1 DAGs
[2025-05-09T10:14:12.686+0000] {logging_mixin.py:188} INFO - [2025-05-09T10:14:12.686+0000] {dag.py:3823} INFO - Setting next_dagrun for example_sensor_decorator to None, run_after=None
[2025-05-09T10:14:12.766+0000] {processor.py:183} INFO - Processing /home/airflow/.local/lib/python3.8/site-packages/airflow/example_dags/example_sensor_decorator.py took 0.209 seconds
