[2025-05-09T10:00:57.225+0000] {processor.py:161} INFO - Started process (PID=71) to work on /home/airflow/.local/lib/python3.8/site-packages/airflow/example_dags/example_params_ui_tutorial.py
[2025-05-09T10:00:57.235+0000] {processor.py:830} INFO - Processing file /home/airflow/.local/lib/python3.8/site-packages/airflow/example_dags/example_params_ui_tutorial.py for tasks to queue
[2025-05-09T10:00:57.271+0000] {logging_mixin.py:188} INFO - [2025-05-09T10:00:57.269+0000] {dagbag.py:538} INFO - Filling up the DagBag from /home/airflow/.local/lib/python3.8/site-packages/airflow/example_dags/example_params_ui_tutorial.py
[2025-05-09T10:00:57.401+0000] {processor.py:840} INFO - DAG(s) 'example_params_ui_tutorial' retrieved from /home/airflow/.local/lib/python3.8/site-packages/airflow/example_dags/example_params_ui_tutorial.py
[2025-05-09T10:00:58.640+0000] {logging_mixin.py:188} INFO - [2025-05-09T10:00:58.639+0000] {dag.py:3036} INFO - Sync 1 DAGs
[2025-05-09T10:00:58.734+0000] {logging_mixin.py:188} INFO - [2025-05-09T10:00:58.734+0000] {dag.py:3823} INFO - Setting next_dagrun for example_params_ui_tutorial to None, run_after=None
[2025-05-09T10:01:00.335+0000] {logging_mixin.py:188} INFO - [2025-05-09T10:01:00.334+0000] {dag.py:3036} INFO - Sync 1 DAGs
[2025-05-09T10:01:00.405+0000] {logging_mixin.py:188} INFO - [2025-05-09T10:01:00.404+0000] {dag.py:3823} INFO - Setting next_dagrun for example_params_ui_tutorial to None, run_after=None
[2025-05-09T10:01:00.460+0000] {processor.py:183} INFO - Processing /home/airflow/.local/lib/python3.8/site-packages/airflow/example_dags/example_params_ui_tutorial.py took 3.302 seconds
[2025-05-09T10:01:30.772+0000] {processor.py:161} INFO - Started process (PID=127) to work on /home/airflow/.local/lib/python3.8/site-packages/airflow/example_dags/example_params_ui_tutorial.py
[2025-05-09T10:01:30.775+0000] {processor.py:830} INFO - Processing file /home/airflow/.local/lib/python3.8/site-packages/airflow/example_dags/example_params_ui_tutorial.py for tasks to queue
[2025-05-09T10:01:30.782+0000] {logging_mixin.py:188} INFO - [2025-05-09T10:01:30.781+0000] {dagbag.py:538} INFO - Filling up the DagBag from /home/airflow/.local/lib/python3.8/site-packages/airflow/example_dags/example_params_ui_tutorial.py
[2025-05-09T10:01:30.806+0000] {processor.py:840} INFO - DAG(s) 'example_params_ui_tutorial' retrieved from /home/airflow/.local/lib/python3.8/site-packages/airflow/example_dags/example_params_ui_tutorial.py
[2025-05-09T10:01:31.236+0000] {logging_mixin.py:188} INFO - [2025-05-09T10:01:31.236+0000] {dag.py:3036} INFO - Sync 1 DAGs
[2025-05-09T10:01:31.810+0000] {logging_mixin.py:188} INFO - [2025-05-09T10:01:31.807+0000] {dag.py:3823} INFO - Setting next_dagrun for example_params_ui_tutorial to None, run_after=None
[2025-05-09T10:01:31.973+0000] {processor.py:183} INFO - Processing /home/airflow/.local/lib/python3.8/site-packages/airflow/example_dags/example_params_ui_tutorial.py took 1.209 seconds
[2025-05-09T10:02:02.250+0000] {processor.py:161} INFO - Started process (PID=184) to work on /home/airflow/.local/lib/python3.8/site-packages/airflow/example_dags/example_params_ui_tutorial.py
[2025-05-09T10:02:02.259+0000] {processor.py:830} INFO - Processing file /home/airflow/.local/lib/python3.8/site-packages/airflow/example_dags/example_params_ui_tutorial.py for tasks to queue
[2025-05-09T10:02:02.266+0000] {logging_mixin.py:188} INFO - [2025-05-09T10:02:02.265+0000] {dagbag.py:538} INFO - Filling up the DagBag from /home/airflow/.local/lib/python3.8/site-packages/airflow/example_dags/example_params_ui_tutorial.py
[2025-05-09T10:02:02.309+0000] {processor.py:840} INFO - DAG(s) 'example_params_ui_tutorial' retrieved from /home/airflow/.local/lib/python3.8/site-packages/airflow/example_dags/example_params_ui_tutorial.py
[2025-05-09T10:02:02.565+0000] {logging_mixin.py:188} INFO - [2025-05-09T10:02:02.565+0000] {dag.py:3036} INFO - Sync 1 DAGs
[2025-05-09T10:02:02.589+0000] {logging_mixin.py:188} INFO - [2025-05-09T10:02:02.589+0000] {dag.py:3823} INFO - Setting next_dagrun for example_params_ui_tutorial to None, run_after=None
[2025-05-09T10:02:02.688+0000] {processor.py:183} INFO - Processing /home/airflow/.local/lib/python3.8/site-packages/airflow/example_dags/example_params_ui_tutorial.py took 0.448 seconds
[2025-05-09T10:02:33.150+0000] {processor.py:161} INFO - Started process (PID=240) to work on /home/airflow/.local/lib/python3.8/site-packages/airflow/example_dags/example_params_ui_tutorial.py
[2025-05-09T10:02:33.152+0000] {processor.py:830} INFO - Processing file /home/airflow/.local/lib/python3.8/site-packages/airflow/example_dags/example_params_ui_tutorial.py for tasks to queue
[2025-05-09T10:02:33.155+0000] {logging_mixin.py:188} INFO - [2025-05-09T10:02:33.154+0000] {dagbag.py:538} INFO - Filling up the DagBag from /home/airflow/.local/lib/python3.8/site-packages/airflow/example_dags/example_params_ui_tutorial.py
[2025-05-09T10:02:33.174+0000] {processor.py:840} INFO - DAG(s) 'example_params_ui_tutorial' retrieved from /home/airflow/.local/lib/python3.8/site-packages/airflow/example_dags/example_params_ui_tutorial.py
[2025-05-09T10:02:33.291+0000] {logging_mixin.py:188} INFO - [2025-05-09T10:02:33.291+0000] {dag.py:3036} INFO - Sync 1 DAGs
[2025-05-09T10:02:33.313+0000] {logging_mixin.py:188} INFO - [2025-05-09T10:02:33.312+0000] {dag.py:3823} INFO - Setting next_dagrun for example_params_ui_tutorial to None, run_after=None
[2025-05-09T10:02:33.351+0000] {processor.py:183} INFO - Processing /home/airflow/.local/lib/python3.8/site-packages/airflow/example_dags/example_params_ui_tutorial.py took 0.206 seconds
[2025-05-09T10:03:04.124+0000] {processor.py:161} INFO - Started process (PID=296) to work on /home/airflow/.local/lib/python3.8/site-packages/airflow/example_dags/example_params_ui_tutorial.py
[2025-05-09T10:03:04.127+0000] {processor.py:830} INFO - Processing file /home/airflow/.local/lib/python3.8/site-packages/airflow/example_dags/example_params_ui_tutorial.py for tasks to queue
[2025-05-09T10:03:04.132+0000] {logging_mixin.py:188} INFO - [2025-05-09T10:03:04.131+0000] {dagbag.py:538} INFO - Filling up the DagBag from /home/airflow/.local/lib/python3.8/site-packages/airflow/example_dags/example_params_ui_tutorial.py
[2025-05-09T10:03:04.158+0000] {processor.py:840} INFO - DAG(s) 'example_params_ui_tutorial' retrieved from /home/airflow/.local/lib/python3.8/site-packages/airflow/example_dags/example_params_ui_tutorial.py
[2025-05-09T10:03:04.297+0000] {logging_mixin.py:188} INFO - [2025-05-09T10:03:04.296+0000] {dag.py:3036} INFO - Sync 1 DAGs
[2025-05-09T10:03:04.328+0000] {logging_mixin.py:188} INFO - [2025-05-09T10:03:04.328+0000] {dag.py:3823} INFO - Setting next_dagrun for example_params_ui_tutorial to None, run_after=None
[2025-05-09T10:03:04.363+0000] {processor.py:183} INFO - Processing /home/airflow/.local/lib/python3.8/site-packages/airflow/example_dags/example_params_ui_tutorial.py took 0.245 seconds
[2025-05-09T10:03:34.880+0000] {processor.py:161} INFO - Started process (PID=350) to work on /home/airflow/.local/lib/python3.8/site-packages/airflow/example_dags/example_params_ui_tutorial.py
[2025-05-09T10:03:34.885+0000] {processor.py:830} INFO - Processing file /home/airflow/.local/lib/python3.8/site-packages/airflow/example_dags/example_params_ui_tutorial.py for tasks to queue
[2025-05-09T10:03:34.893+0000] {logging_mixin.py:188} INFO - [2025-05-09T10:03:34.892+0000] {dagbag.py:538} INFO - Filling up the DagBag from /home/airflow/.local/lib/python3.8/site-packages/airflow/example_dags/example_params_ui_tutorial.py
[2025-05-09T10:03:34.941+0000] {processor.py:840} INFO - DAG(s) 'example_params_ui_tutorial' retrieved from /home/airflow/.local/lib/python3.8/site-packages/airflow/example_dags/example_params_ui_tutorial.py
[2025-05-09T10:03:35.064+0000] {logging_mixin.py:188} INFO - [2025-05-09T10:03:35.064+0000] {dag.py:3036} INFO - Sync 1 DAGs
[2025-05-09T10:03:35.106+0000] {logging_mixin.py:188} INFO - [2025-05-09T10:03:35.105+0000] {dag.py:3823} INFO - Setting next_dagrun for example_params_ui_tutorial to None, run_after=None
[2025-05-09T10:03:35.142+0000] {processor.py:183} INFO - Processing /home/airflow/.local/lib/python3.8/site-packages/airflow/example_dags/example_params_ui_tutorial.py took 0.279 seconds
[2025-05-09T10:04:05.378+0000] {processor.py:161} INFO - Started process (PID=406) to work on /home/airflow/.local/lib/python3.8/site-packages/airflow/example_dags/example_params_ui_tutorial.py
[2025-05-09T10:04:05.383+0000] {processor.py:830} INFO - Processing file /home/airflow/.local/lib/python3.8/site-packages/airflow/example_dags/example_params_ui_tutorial.py for tasks to queue
[2025-05-09T10:04:05.393+0000] {logging_mixin.py:188} INFO - [2025-05-09T10:04:05.392+0000] {dagbag.py:538} INFO - Filling up the DagBag from /home/airflow/.local/lib/python3.8/site-packages/airflow/example_dags/example_params_ui_tutorial.py
[2025-05-09T10:04:05.454+0000] {processor.py:840} INFO - DAG(s) 'example_params_ui_tutorial' retrieved from /home/airflow/.local/lib/python3.8/site-packages/airflow/example_dags/example_params_ui_tutorial.py
[2025-05-09T10:04:05.708+0000] {logging_mixin.py:188} INFO - [2025-05-09T10:04:05.708+0000] {dag.py:3036} INFO - Sync 1 DAGs
[2025-05-09T10:04:05.733+0000] {logging_mixin.py:188} INFO - [2025-05-09T10:04:05.733+0000] {dag.py:3823} INFO - Setting next_dagrun for example_params_ui_tutorial to None, run_after=None
[2025-05-09T10:04:05.786+0000] {processor.py:183} INFO - Processing /home/airflow/.local/lib/python3.8/site-packages/airflow/example_dags/example_params_ui_tutorial.py took 0.427 seconds
[2025-05-09T10:04:36.114+0000] {processor.py:161} INFO - Started process (PID=462) to work on /home/airflow/.local/lib/python3.8/site-packages/airflow/example_dags/example_params_ui_tutorial.py
[2025-05-09T10:04:36.121+0000] {processor.py:830} INFO - Processing file /home/airflow/.local/lib/python3.8/site-packages/airflow/example_dags/example_params_ui_tutorial.py for tasks to queue
[2025-05-09T10:04:36.131+0000] {logging_mixin.py:188} INFO - [2025-05-09T10:04:36.129+0000] {dagbag.py:538} INFO - Filling up the DagBag from /home/airflow/.local/lib/python3.8/site-packages/airflow/example_dags/example_params_ui_tutorial.py
[2025-05-09T10:04:36.180+0000] {processor.py:840} INFO - DAG(s) 'example_params_ui_tutorial' retrieved from /home/airflow/.local/lib/python3.8/site-packages/airflow/example_dags/example_params_ui_tutorial.py
[2025-05-09T10:04:36.307+0000] {logging_mixin.py:188} INFO - [2025-05-09T10:04:36.307+0000] {dag.py:3036} INFO - Sync 1 DAGs
[2025-05-09T10:04:36.329+0000] {logging_mixin.py:188} INFO - [2025-05-09T10:04:36.328+0000] {dag.py:3823} INFO - Setting next_dagrun for example_params_ui_tutorial to None, run_after=None
[2025-05-09T10:04:36.363+0000] {processor.py:183} INFO - Processing /home/airflow/.local/lib/python3.8/site-packages/airflow/example_dags/example_params_ui_tutorial.py took 0.282 seconds
[2025-05-09T10:05:06.875+0000] {processor.py:161} INFO - Started process (PID=518) to work on /home/airflow/.local/lib/python3.8/site-packages/airflow/example_dags/example_params_ui_tutorial.py
[2025-05-09T10:05:06.878+0000] {processor.py:830} INFO - Processing file /home/airflow/.local/lib/python3.8/site-packages/airflow/example_dags/example_params_ui_tutorial.py for tasks to queue
[2025-05-09T10:05:06.883+0000] {logging_mixin.py:188} INFO - [2025-05-09T10:05:06.882+0000] {dagbag.py:538} INFO - Filling up the DagBag from /home/airflow/.local/lib/python3.8/site-packages/airflow/example_dags/example_params_ui_tutorial.py
[2025-05-09T10:05:06.915+0000] {processor.py:840} INFO - DAG(s) 'example_params_ui_tutorial' retrieved from /home/airflow/.local/lib/python3.8/site-packages/airflow/example_dags/example_params_ui_tutorial.py
[2025-05-09T10:05:07.067+0000] {logging_mixin.py:188} INFO - [2025-05-09T10:05:07.067+0000] {dag.py:3036} INFO - Sync 1 DAGs
[2025-05-09T10:05:07.090+0000] {logging_mixin.py:188} INFO - [2025-05-09T10:05:07.089+0000] {dag.py:3823} INFO - Setting next_dagrun for example_params_ui_tutorial to None, run_after=None
[2025-05-09T10:05:07.124+0000] {processor.py:183} INFO - Processing /home/airflow/.local/lib/python3.8/site-packages/airflow/example_dags/example_params_ui_tutorial.py took 0.255 seconds
[2025-05-09T10:05:37.424+0000] {processor.py:161} INFO - Started process (PID=575) to work on /home/airflow/.local/lib/python3.8/site-packages/airflow/example_dags/example_params_ui_tutorial.py
[2025-05-09T10:05:37.426+0000] {processor.py:830} INFO - Processing file /home/airflow/.local/lib/python3.8/site-packages/airflow/example_dags/example_params_ui_tutorial.py for tasks to queue
[2025-05-09T10:05:37.430+0000] {logging_mixin.py:188} INFO - [2025-05-09T10:05:37.429+0000] {dagbag.py:538} INFO - Filling up the DagBag from /home/airflow/.local/lib/python3.8/site-packages/airflow/example_dags/example_params_ui_tutorial.py
[2025-05-09T10:05:37.462+0000] {processor.py:840} INFO - DAG(s) 'example_params_ui_tutorial' retrieved from /home/airflow/.local/lib/python3.8/site-packages/airflow/example_dags/example_params_ui_tutorial.py
[2025-05-09T10:05:37.649+0000] {logging_mixin.py:188} INFO - [2025-05-09T10:05:37.646+0000] {dag.py:3036} INFO - Sync 1 DAGs
[2025-05-09T10:05:37.684+0000] {logging_mixin.py:188} INFO - [2025-05-09T10:05:37.684+0000] {dag.py:3823} INFO - Setting next_dagrun for example_params_ui_tutorial to None, run_after=None
[2025-05-09T10:05:37.738+0000] {processor.py:183} INFO - Processing /home/airflow/.local/lib/python3.8/site-packages/airflow/example_dags/example_params_ui_tutorial.py took 0.322 seconds
[2025-05-09T10:06:08.546+0000] {processor.py:161} INFO - Started process (PID=631) to work on /home/airflow/.local/lib/python3.8/site-packages/airflow/example_dags/example_params_ui_tutorial.py
[2025-05-09T10:06:08.551+0000] {processor.py:830} INFO - Processing file /home/airflow/.local/lib/python3.8/site-packages/airflow/example_dags/example_params_ui_tutorial.py for tasks to queue
[2025-05-09T10:06:08.559+0000] {logging_mixin.py:188} INFO - [2025-05-09T10:06:08.558+0000] {dagbag.py:538} INFO - Filling up the DagBag from /home/airflow/.local/lib/python3.8/site-packages/airflow/example_dags/example_params_ui_tutorial.py
[2025-05-09T10:06:08.621+0000] {processor.py:840} INFO - DAG(s) 'example_params_ui_tutorial' retrieved from /home/airflow/.local/lib/python3.8/site-packages/airflow/example_dags/example_params_ui_tutorial.py
[2025-05-09T10:06:08.917+0000] {logging_mixin.py:188} INFO - [2025-05-09T10:06:08.916+0000] {dag.py:3036} INFO - Sync 1 DAGs
[2025-05-09T10:06:08.951+0000] {logging_mixin.py:188} INFO - [2025-05-09T10:06:08.951+0000] {dag.py:3823} INFO - Setting next_dagrun for example_params_ui_tutorial to None, run_after=None
[2025-05-09T10:06:09.004+0000] {processor.py:183} INFO - Processing /home/airflow/.local/lib/python3.8/site-packages/airflow/example_dags/example_params_ui_tutorial.py took 0.475 seconds
[2025-05-09T10:06:39.968+0000] {processor.py:161} INFO - Started process (PID=687) to work on /home/airflow/.local/lib/python3.8/site-packages/airflow/example_dags/example_params_ui_tutorial.py
[2025-05-09T10:06:39.974+0000] {processor.py:830} INFO - Processing file /home/airflow/.local/lib/python3.8/site-packages/airflow/example_dags/example_params_ui_tutorial.py for tasks to queue
[2025-05-09T10:06:39.984+0000] {logging_mixin.py:188} INFO - [2025-05-09T10:06:39.983+0000] {dagbag.py:538} INFO - Filling up the DagBag from /home/airflow/.local/lib/python3.8/site-packages/airflow/example_dags/example_params_ui_tutorial.py
[2025-05-09T10:06:40.059+0000] {processor.py:840} INFO - DAG(s) 'example_params_ui_tutorial' retrieved from /home/airflow/.local/lib/python3.8/site-packages/airflow/example_dags/example_params_ui_tutorial.py
[2025-05-09T10:06:40.267+0000] {logging_mixin.py:188} INFO - [2025-05-09T10:06:40.267+0000] {dag.py:3036} INFO - Sync 1 DAGs
[2025-05-09T10:06:40.291+0000] {logging_mixin.py:188} INFO - [2025-05-09T10:06:40.291+0000] {dag.py:3823} INFO - Setting next_dagrun for example_params_ui_tutorial to None, run_after=None
[2025-05-09T10:06:40.330+0000] {processor.py:183} INFO - Processing /home/airflow/.local/lib/python3.8/site-packages/airflow/example_dags/example_params_ui_tutorial.py took 0.381 seconds
[2025-05-09T10:09:00.381+0000] {processor.py:161} INFO - Started process (PID=68) to work on /home/airflow/.local/lib/python3.8/site-packages/airflow/example_dags/example_params_ui_tutorial.py
[2025-05-09T10:09:00.411+0000] {processor.py:830} INFO - Processing file /home/airflow/.local/lib/python3.8/site-packages/airflow/example_dags/example_params_ui_tutorial.py for tasks to queue
[2025-05-09T10:09:00.463+0000] {logging_mixin.py:188} INFO - [2025-05-09T10:09:00.454+0000] {dagbag.py:538} INFO - Filling up the DagBag from /home/airflow/.local/lib/python3.8/site-packages/airflow/example_dags/example_params_ui_tutorial.py
[2025-05-09T10:09:00.737+0000] {processor.py:840} INFO - DAG(s) 'example_params_ui_tutorial' retrieved from /home/airflow/.local/lib/python3.8/site-packages/airflow/example_dags/example_params_ui_tutorial.py
[2025-05-09T10:09:01.825+0000] {logging_mixin.py:188} INFO - [2025-05-09T10:09:01.824+0000] {dag.py:3036} INFO - Sync 1 DAGs
[2025-05-09T10:09:01.899+0000] {logging_mixin.py:188} INFO - [2025-05-09T10:09:01.899+0000] {dag.py:3823} INFO - Setting next_dagrun for example_params_ui_tutorial to None, run_after=None
[2025-05-09T10:09:01.954+0000] {processor.py:183} INFO - Processing /home/airflow/.local/lib/python3.8/site-packages/airflow/example_dags/example_params_ui_tutorial.py took 1.664 seconds
[2025-05-09T10:09:32.786+0000] {processor.py:161} INFO - Started process (PID=123) to work on /home/airflow/.local/lib/python3.8/site-packages/airflow/example_dags/example_params_ui_tutorial.py
[2025-05-09T10:09:32.788+0000] {processor.py:830} INFO - Processing file /home/airflow/.local/lib/python3.8/site-packages/airflow/example_dags/example_params_ui_tutorial.py for tasks to queue
[2025-05-09T10:09:32.792+0000] {logging_mixin.py:188} INFO - [2025-05-09T10:09:32.791+0000] {dagbag.py:538} INFO - Filling up the DagBag from /home/airflow/.local/lib/python3.8/site-packages/airflow/example_dags/example_params_ui_tutorial.py
[2025-05-09T10:09:32.817+0000] {processor.py:840} INFO - DAG(s) 'example_params_ui_tutorial' retrieved from /home/airflow/.local/lib/python3.8/site-packages/airflow/example_dags/example_params_ui_tutorial.py
[2025-05-09T10:09:32.999+0000] {logging_mixin.py:188} INFO - [2025-05-09T10:09:32.999+0000] {dag.py:3036} INFO - Sync 1 DAGs
[2025-05-09T10:09:33.036+0000] {logging_mixin.py:188} INFO - [2025-05-09T10:09:33.035+0000] {dag.py:3823} INFO - Setting next_dagrun for example_params_ui_tutorial to None, run_after=None
[2025-05-09T10:09:33.086+0000] {processor.py:183} INFO - Processing /home/airflow/.local/lib/python3.8/site-packages/airflow/example_dags/example_params_ui_tutorial.py took 0.308 seconds
[2025-05-09T10:10:03.687+0000] {processor.py:161} INFO - Started process (PID=178) to work on /home/airflow/.local/lib/python3.8/site-packages/airflow/example_dags/example_params_ui_tutorial.py
[2025-05-09T10:10:03.776+0000] {processor.py:830} INFO - Processing file /home/airflow/.local/lib/python3.8/site-packages/airflow/example_dags/example_params_ui_tutorial.py for tasks to queue
[2025-05-09T10:10:03.781+0000] {logging_mixin.py:188} INFO - [2025-05-09T10:10:03.781+0000] {dagbag.py:538} INFO - Filling up the DagBag from /home/airflow/.local/lib/python3.8/site-packages/airflow/example_dags/example_params_ui_tutorial.py
[2025-05-09T10:10:03.809+0000] {processor.py:840} INFO - DAG(s) 'example_params_ui_tutorial' retrieved from /home/airflow/.local/lib/python3.8/site-packages/airflow/example_dags/example_params_ui_tutorial.py
[2025-05-09T10:10:04.369+0000] {logging_mixin.py:188} INFO - [2025-05-09T10:10:04.368+0000] {dag.py:3036} INFO - Sync 1 DAGs
[2025-05-09T10:10:04.477+0000] {logging_mixin.py:188} INFO - [2025-05-09T10:10:04.477+0000] {dag.py:3823} INFO - Setting next_dagrun for example_params_ui_tutorial to None, run_after=None
[2025-05-09T10:10:04.664+0000] {processor.py:183} INFO - Processing /home/airflow/.local/lib/python3.8/site-packages/airflow/example_dags/example_params_ui_tutorial.py took 0.987 seconds
[2025-05-09T10:10:35.399+0000] {processor.py:161} INFO - Started process (PID=234) to work on /home/airflow/.local/lib/python3.8/site-packages/airflow/example_dags/example_params_ui_tutorial.py
[2025-05-09T10:10:35.404+0000] {processor.py:830} INFO - Processing file /home/airflow/.local/lib/python3.8/site-packages/airflow/example_dags/example_params_ui_tutorial.py for tasks to queue
[2025-05-09T10:10:35.414+0000] {logging_mixin.py:188} INFO - [2025-05-09T10:10:35.413+0000] {dagbag.py:538} INFO - Filling up the DagBag from /home/airflow/.local/lib/python3.8/site-packages/airflow/example_dags/example_params_ui_tutorial.py
[2025-05-09T10:10:35.486+0000] {processor.py:840} INFO - DAG(s) 'example_params_ui_tutorial' retrieved from /home/airflow/.local/lib/python3.8/site-packages/airflow/example_dags/example_params_ui_tutorial.py
[2025-05-09T10:10:35.625+0000] {logging_mixin.py:188} INFO - [2025-05-09T10:10:35.625+0000] {dag.py:3036} INFO - Sync 1 DAGs
[2025-05-09T10:10:35.655+0000] {logging_mixin.py:188} INFO - [2025-05-09T10:10:35.654+0000] {dag.py:3823} INFO - Setting next_dagrun for example_params_ui_tutorial to None, run_after=None
[2025-05-09T10:10:35.693+0000] {processor.py:183} INFO - Processing /home/airflow/.local/lib/python3.8/site-packages/airflow/example_dags/example_params_ui_tutorial.py took 0.311 seconds
[2025-05-09T10:11:06.220+0000] {processor.py:161} INFO - Started process (PID=290) to work on /home/airflow/.local/lib/python3.8/site-packages/airflow/example_dags/example_params_ui_tutorial.py
[2025-05-09T10:11:06.223+0000] {processor.py:830} INFO - Processing file /home/airflow/.local/lib/python3.8/site-packages/airflow/example_dags/example_params_ui_tutorial.py for tasks to queue
[2025-05-09T10:11:06.228+0000] {logging_mixin.py:188} INFO - [2025-05-09T10:11:06.227+0000] {dagbag.py:538} INFO - Filling up the DagBag from /home/airflow/.local/lib/python3.8/site-packages/airflow/example_dags/example_params_ui_tutorial.py
[2025-05-09T10:11:06.253+0000] {processor.py:840} INFO - DAG(s) 'example_params_ui_tutorial' retrieved from /home/airflow/.local/lib/python3.8/site-packages/airflow/example_dags/example_params_ui_tutorial.py
[2025-05-09T10:11:06.439+0000] {logging_mixin.py:188} INFO - [2025-05-09T10:11:06.439+0000] {dag.py:3036} INFO - Sync 1 DAGs
[2025-05-09T10:11:06.479+0000] {logging_mixin.py:188} INFO - [2025-05-09T10:11:06.478+0000] {dag.py:3823} INFO - Setting next_dagrun for example_params_ui_tutorial to None, run_after=None
[2025-05-09T10:11:06.524+0000] {processor.py:183} INFO - Processing /home/airflow/.local/lib/python3.8/site-packages/airflow/example_dags/example_params_ui_tutorial.py took 0.314 seconds
[2025-05-09T10:11:37.208+0000] {processor.py:161} INFO - Started process (PID=346) to work on /home/airflow/.local/lib/python3.8/site-packages/airflow/example_dags/example_params_ui_tutorial.py
[2025-05-09T10:11:37.261+0000] {processor.py:830} INFO - Processing file /home/airflow/.local/lib/python3.8/site-packages/airflow/example_dags/example_params_ui_tutorial.py for tasks to queue
[2025-05-09T10:11:37.267+0000] {logging_mixin.py:188} INFO - [2025-05-09T10:11:37.267+0000] {dagbag.py:538} INFO - Filling up the DagBag from /home/airflow/.local/lib/python3.8/site-packages/airflow/example_dags/example_params_ui_tutorial.py
[2025-05-09T10:11:37.299+0000] {processor.py:840} INFO - DAG(s) 'example_params_ui_tutorial' retrieved from /home/airflow/.local/lib/python3.8/site-packages/airflow/example_dags/example_params_ui_tutorial.py
[2025-05-09T10:11:37.580+0000] {logging_mixin.py:188} INFO - [2025-05-09T10:11:37.580+0000] {dag.py:3036} INFO - Sync 1 DAGs
[2025-05-09T10:11:37.600+0000] {logging_mixin.py:188} INFO - [2025-05-09T10:11:37.600+0000] {dag.py:3823} INFO - Setting next_dagrun for example_params_ui_tutorial to None, run_after=None
[2025-05-09T10:11:37.739+0000] {processor.py:183} INFO - Processing /home/airflow/.local/lib/python3.8/site-packages/airflow/example_dags/example_params_ui_tutorial.py took 0.538 seconds
[2025-05-09T10:12:08.465+0000] {processor.py:161} INFO - Started process (PID=402) to work on /home/airflow/.local/lib/python3.8/site-packages/airflow/example_dags/example_params_ui_tutorial.py
[2025-05-09T10:12:08.469+0000] {processor.py:830} INFO - Processing file /home/airflow/.local/lib/python3.8/site-packages/airflow/example_dags/example_params_ui_tutorial.py for tasks to queue
[2025-05-09T10:12:08.478+0000] {logging_mixin.py:188} INFO - [2025-05-09T10:12:08.477+0000] {dagbag.py:538} INFO - Filling up the DagBag from /home/airflow/.local/lib/python3.8/site-packages/airflow/example_dags/example_params_ui_tutorial.py
[2025-05-09T10:12:08.530+0000] {processor.py:840} INFO - DAG(s) 'example_params_ui_tutorial' retrieved from /home/airflow/.local/lib/python3.8/site-packages/airflow/example_dags/example_params_ui_tutorial.py
[2025-05-09T10:12:08.693+0000] {logging_mixin.py:188} INFO - [2025-05-09T10:12:08.693+0000] {dag.py:3036} INFO - Sync 1 DAGs
[2025-05-09T10:12:08.728+0000] {logging_mixin.py:188} INFO - [2025-05-09T10:12:08.728+0000] {dag.py:3823} INFO - Setting next_dagrun for example_params_ui_tutorial to None, run_after=None
[2025-05-09T10:12:08.777+0000] {processor.py:183} INFO - Processing /home/airflow/.local/lib/python3.8/site-packages/airflow/example_dags/example_params_ui_tutorial.py took 0.324 seconds
[2025-05-09T10:12:39.230+0000] {processor.py:161} INFO - Started process (PID=458) to work on /home/airflow/.local/lib/python3.8/site-packages/airflow/example_dags/example_params_ui_tutorial.py
[2025-05-09T10:12:39.232+0000] {processor.py:830} INFO - Processing file /home/airflow/.local/lib/python3.8/site-packages/airflow/example_dags/example_params_ui_tutorial.py for tasks to queue
[2025-05-09T10:12:39.238+0000] {logging_mixin.py:188} INFO - [2025-05-09T10:12:39.237+0000] {dagbag.py:538} INFO - Filling up the DagBag from /home/airflow/.local/lib/python3.8/site-packages/airflow/example_dags/example_params_ui_tutorial.py
[2025-05-09T10:12:39.276+0000] {processor.py:840} INFO - DAG(s) 'example_params_ui_tutorial' retrieved from /home/airflow/.local/lib/python3.8/site-packages/airflow/example_dags/example_params_ui_tutorial.py
[2025-05-09T10:12:39.453+0000] {logging_mixin.py:188} INFO - [2025-05-09T10:12:39.452+0000] {dag.py:3036} INFO - Sync 1 DAGs
[2025-05-09T10:12:39.479+0000] {logging_mixin.py:188} INFO - [2025-05-09T10:12:39.478+0000] {dag.py:3823} INFO - Setting next_dagrun for example_params_ui_tutorial to None, run_after=None
[2025-05-09T10:12:39.512+0000] {processor.py:183} INFO - Processing /home/airflow/.local/lib/python3.8/site-packages/airflow/example_dags/example_params_ui_tutorial.py took 0.289 seconds
[2025-05-09T10:13:09.985+0000] {processor.py:161} INFO - Started process (PID=514) to work on /home/airflow/.local/lib/python3.8/site-packages/airflow/example_dags/example_params_ui_tutorial.py
[2025-05-09T10:13:09.990+0000] {processor.py:830} INFO - Processing file /home/airflow/.local/lib/python3.8/site-packages/airflow/example_dags/example_params_ui_tutorial.py for tasks to queue
[2025-05-09T10:13:10.002+0000] {logging_mixin.py:188} INFO - [2025-05-09T10:13:10.000+0000] {dagbag.py:538} INFO - Filling up the DagBag from /home/airflow/.local/lib/python3.8/site-packages/airflow/example_dags/example_params_ui_tutorial.py
[2025-05-09T10:13:10.086+0000] {processor.py:840} INFO - DAG(s) 'example_params_ui_tutorial' retrieved from /home/airflow/.local/lib/python3.8/site-packages/airflow/example_dags/example_params_ui_tutorial.py
[2025-05-09T10:13:10.445+0000] {logging_mixin.py:188} INFO - [2025-05-09T10:13:10.444+0000] {dag.py:3036} INFO - Sync 1 DAGs
[2025-05-09T10:13:10.482+0000] {logging_mixin.py:188} INFO - [2025-05-09T10:13:10.482+0000] {dag.py:3823} INFO - Setting next_dagrun for example_params_ui_tutorial to None, run_after=None
[2025-05-09T10:13:10.519+0000] {processor.py:183} INFO - Processing /home/airflow/.local/lib/python3.8/site-packages/airflow/example_dags/example_params_ui_tutorial.py took 0.550 seconds
[2025-05-09T10:13:41.002+0000] {processor.py:161} INFO - Started process (PID=570) to work on /home/airflow/.local/lib/python3.8/site-packages/airflow/example_dags/example_params_ui_tutorial.py
[2025-05-09T10:13:41.009+0000] {processor.py:830} INFO - Processing file /home/airflow/.local/lib/python3.8/site-packages/airflow/example_dags/example_params_ui_tutorial.py for tasks to queue
[2025-05-09T10:13:41.022+0000] {logging_mixin.py:188} INFO - [2025-05-09T10:13:41.020+0000] {dagbag.py:538} INFO - Filling up the DagBag from /home/airflow/.local/lib/python3.8/site-packages/airflow/example_dags/example_params_ui_tutorial.py
[2025-05-09T10:13:41.101+0000] {processor.py:840} INFO - DAG(s) 'example_params_ui_tutorial' retrieved from /home/airflow/.local/lib/python3.8/site-packages/airflow/example_dags/example_params_ui_tutorial.py
[2025-05-09T10:13:41.293+0000] {logging_mixin.py:188} INFO - [2025-05-09T10:13:41.293+0000] {dag.py:3036} INFO - Sync 1 DAGs
[2025-05-09T10:13:41.318+0000] {logging_mixin.py:188} INFO - [2025-05-09T10:13:41.318+0000] {dag.py:3823} INFO - Setting next_dagrun for example_params_ui_tutorial to None, run_after=None
[2025-05-09T10:13:41.353+0000] {processor.py:183} INFO - Processing /home/airflow/.local/lib/python3.8/site-packages/airflow/example_dags/example_params_ui_tutorial.py took 0.374 seconds
[2025-05-09T10:14:11.650+0000] {processor.py:161} INFO - Started process (PID=626) to work on /home/airflow/.local/lib/python3.8/site-packages/airflow/example_dags/example_params_ui_tutorial.py
[2025-05-09T10:14:11.656+0000] {processor.py:830} INFO - Processing file /home/airflow/.local/lib/python3.8/site-packages/airflow/example_dags/example_params_ui_tutorial.py for tasks to queue
[2025-05-09T10:14:11.668+0000] {logging_mixin.py:188} INFO - [2025-05-09T10:14:11.666+0000] {dagbag.py:538} INFO - Filling up the DagBag from /home/airflow/.local/lib/python3.8/site-packages/airflow/example_dags/example_params_ui_tutorial.py
[2025-05-09T10:14:11.741+0000] {processor.py:840} INFO - DAG(s) 'example_params_ui_tutorial' retrieved from /home/airflow/.local/lib/python3.8/site-packages/airflow/example_dags/example_params_ui_tutorial.py
[2025-05-09T10:14:12.063+0000] {logging_mixin.py:188} INFO - [2025-05-09T10:14:12.062+0000] {dag.py:3036} INFO - Sync 1 DAGs
[2025-05-09T10:14:12.101+0000] {logging_mixin.py:188} INFO - [2025-05-09T10:14:12.100+0000] {dag.py:3823} INFO - Setting next_dagrun for example_params_ui_tutorial to None, run_after=None
[2025-05-09T10:14:12.153+0000] {processor.py:183} INFO - Processing /home/airflow/.local/lib/python3.8/site-packages/airflow/example_dags/example_params_ui_tutorial.py took 0.516 seconds
