[2025-05-09T10:01:21.634+0000] {processor.py:161} INFO - Started process (PID=116) to work on /home/airflow/.local/lib/python3.8/site-packages/airflow/example_dags/example_bash_operator.py
[2025-05-09T10:01:21.640+0000] {processor.py:830} INFO - Processing file /home/airflow/.local/lib/python3.8/site-packages/airflow/example_dags/example_bash_operator.py for tasks to queue
[2025-05-09T10:01:21.644+0000] {logging_mixin.py:188} INFO - [2025-05-09T10:01:21.644+0000] {dagbag.py:538} INFO - Filling up the DagBag from /home/airflow/.local/lib/python3.8/site-packages/airflow/example_dags/example_bash_operator.py
[2025-05-09T10:01:21.781+0000] {processor.py:840} INFO - DAG(s) 'example_bash_operator' retrieved from /home/airflow/.local/lib/python3.8/site-packages/airflow/example_dags/example_bash_operator.py
[2025-05-09T10:01:21.880+0000] {logging_mixin.py:188} INFO - [2025-05-09T10:01:21.879+0000] {dag.py:3036} INFO - Sync 1 DAGs
[2025-05-09T10:01:22.192+0000] {logging_mixin.py:188} INFO - [2025-05-09T10:01:22.192+0000] {dag.py:3823} INFO - Setting next_dagrun for example_bash_operator to 2025-05-08 00:00:00+00:00, run_after=2025-05-09 00:00:00+00:00
[2025-05-09T10:01:22.931+0000] {processor.py:183} INFO - Processing /home/airflow/.local/lib/python3.8/site-packages/airflow/example_dags/example_bash_operator.py took 1.424 seconds
[2025-05-09T10:01:54.065+0000] {processor.py:161} INFO - Started process (PID=166) to work on /home/airflow/.local/lib/python3.8/site-packages/airflow/example_dags/example_bash_operator.py
[2025-05-09T10:01:54.069+0000] {processor.py:830} INFO - Processing file /home/airflow/.local/lib/python3.8/site-packages/airflow/example_dags/example_bash_operator.py for tasks to queue
[2025-05-09T10:01:54.073+0000] {logging_mixin.py:188} INFO - [2025-05-09T10:01:54.072+0000] {dagbag.py:538} INFO - Filling up the DagBag from /home/airflow/.local/lib/python3.8/site-packages/airflow/example_dags/example_bash_operator.py
[2025-05-09T10:01:54.109+0000] {processor.py:840} INFO - DAG(s) 'example_bash_operator' retrieved from /home/airflow/.local/lib/python3.8/site-packages/airflow/example_dags/example_bash_operator.py
[2025-05-09T10:01:54.335+0000] {logging_mixin.py:188} INFO - [2025-05-09T10:01:54.335+0000] {dag.py:3036} INFO - Sync 1 DAGs
[2025-05-09T10:01:54.374+0000] {logging_mixin.py:188} INFO - [2025-05-09T10:01:54.373+0000] {dag.py:3823} INFO - Setting next_dagrun for example_bash_operator to 2025-05-08 00:00:00+00:00, run_after=2025-05-09 00:00:00+00:00
[2025-05-09T10:01:54.515+0000] {processor.py:183} INFO - Processing /home/airflow/.local/lib/python3.8/site-packages/airflow/example_dags/example_bash_operator.py took 0.468 seconds
[2025-05-09T10:02:24.930+0000] {processor.py:161} INFO - Started process (PID=222) to work on /home/airflow/.local/lib/python3.8/site-packages/airflow/example_dags/example_bash_operator.py
[2025-05-09T10:02:24.936+0000] {processor.py:830} INFO - Processing file /home/airflow/.local/lib/python3.8/site-packages/airflow/example_dags/example_bash_operator.py for tasks to queue
[2025-05-09T10:02:24.948+0000] {logging_mixin.py:188} INFO - [2025-05-09T10:02:24.946+0000] {dagbag.py:538} INFO - Filling up the DagBag from /home/airflow/.local/lib/python3.8/site-packages/airflow/example_dags/example_bash_operator.py
[2025-05-09T10:02:25.013+0000] {processor.py:840} INFO - DAG(s) 'example_bash_operator' retrieved from /home/airflow/.local/lib/python3.8/site-packages/airflow/example_dags/example_bash_operator.py
[2025-05-09T10:02:25.080+0000] {logging_mixin.py:188} INFO - [2025-05-09T10:02:25.080+0000] {dag.py:3036} INFO - Sync 1 DAGs
[2025-05-09T10:02:25.128+0000] {logging_mixin.py:188} INFO - [2025-05-09T10:02:25.127+0000] {dag.py:3823} INFO - Setting next_dagrun for example_bash_operator to 2025-05-08 00:00:00+00:00, run_after=2025-05-09 00:00:00+00:00
[2025-05-09T10:02:25.164+0000] {processor.py:183} INFO - Processing /home/airflow/.local/lib/python3.8/site-packages/airflow/example_dags/example_bash_operator.py took 0.258 seconds
[2025-05-09T10:02:55.505+0000] {processor.py:161} INFO - Started process (PID=278) to work on /home/airflow/.local/lib/python3.8/site-packages/airflow/example_dags/example_bash_operator.py
[2025-05-09T10:02:55.510+0000] {processor.py:830} INFO - Processing file /home/airflow/.local/lib/python3.8/site-packages/airflow/example_dags/example_bash_operator.py for tasks to queue
[2025-05-09T10:02:55.520+0000] {logging_mixin.py:188} INFO - [2025-05-09T10:02:55.519+0000] {dagbag.py:538} INFO - Filling up the DagBag from /home/airflow/.local/lib/python3.8/site-packages/airflow/example_dags/example_bash_operator.py
[2025-05-09T10:02:55.582+0000] {processor.py:840} INFO - DAG(s) 'example_bash_operator' retrieved from /home/airflow/.local/lib/python3.8/site-packages/airflow/example_dags/example_bash_operator.py
[2025-05-09T10:02:55.725+0000] {logging_mixin.py:188} INFO - [2025-05-09T10:02:55.724+0000] {dag.py:3036} INFO - Sync 1 DAGs
[2025-05-09T10:02:55.842+0000] {logging_mixin.py:188} INFO - [2025-05-09T10:02:55.841+0000] {dag.py:3823} INFO - Setting next_dagrun for example_bash_operator to 2025-05-08 00:00:00+00:00, run_after=2025-05-09 00:00:00+00:00
[2025-05-09T10:02:55.941+0000] {processor.py:183} INFO - Processing /home/airflow/.local/lib/python3.8/site-packages/airflow/example_dags/example_bash_operator.py took 0.449 seconds
[2025-05-09T10:03:26.899+0000] {processor.py:161} INFO - Started process (PID=340) to work on /home/airflow/.local/lib/python3.8/site-packages/airflow/example_dags/example_bash_operator.py
[2025-05-09T10:03:26.910+0000] {processor.py:830} INFO - Processing file /home/airflow/.local/lib/python3.8/site-packages/airflow/example_dags/example_bash_operator.py for tasks to queue
[2025-05-09T10:03:26.915+0000] {logging_mixin.py:188} INFO - [2025-05-09T10:03:26.914+0000] {dagbag.py:538} INFO - Filling up the DagBag from /home/airflow/.local/lib/python3.8/site-packages/airflow/example_dags/example_bash_operator.py
[2025-05-09T10:03:26.951+0000] {processor.py:840} INFO - DAG(s) 'example_bash_operator' retrieved from /home/airflow/.local/lib/python3.8/site-packages/airflow/example_dags/example_bash_operator.py
[2025-05-09T10:03:27.014+0000] {logging_mixin.py:188} INFO - [2025-05-09T10:03:27.014+0000] {dag.py:3036} INFO - Sync 1 DAGs
[2025-05-09T10:03:27.059+0000] {logging_mixin.py:188} INFO - [2025-05-09T10:03:27.059+0000] {dag.py:3823} INFO - Setting next_dagrun for example_bash_operator to 2025-05-08 00:00:00+00:00, run_after=2025-05-09 00:00:00+00:00
[2025-05-09T10:03:27.098+0000] {processor.py:183} INFO - Processing /home/airflow/.local/lib/python3.8/site-packages/airflow/example_dags/example_bash_operator.py took 0.205 seconds
[2025-05-09T10:03:57.808+0000] {processor.py:161} INFO - Started process (PID=396) to work on /home/airflow/.local/lib/python3.8/site-packages/airflow/example_dags/example_bash_operator.py
[2025-05-09T10:03:57.819+0000] {processor.py:830} INFO - Processing file /home/airflow/.local/lib/python3.8/site-packages/airflow/example_dags/example_bash_operator.py for tasks to queue
[2025-05-09T10:03:57.828+0000] {logging_mixin.py:188} INFO - [2025-05-09T10:03:57.827+0000] {dagbag.py:538} INFO - Filling up the DagBag from /home/airflow/.local/lib/python3.8/site-packages/airflow/example_dags/example_bash_operator.py
[2025-05-09T10:03:57.908+0000] {processor.py:840} INFO - DAG(s) 'example_bash_operator' retrieved from /home/airflow/.local/lib/python3.8/site-packages/airflow/example_dags/example_bash_operator.py
[2025-05-09T10:03:58.061+0000] {logging_mixin.py:188} INFO - [2025-05-09T10:03:58.060+0000] {dag.py:3036} INFO - Sync 1 DAGs
[2025-05-09T10:03:58.131+0000] {logging_mixin.py:188} INFO - [2025-05-09T10:03:58.131+0000] {dag.py:3823} INFO - Setting next_dagrun for example_bash_operator to 2025-05-08 00:00:00+00:00, run_after=2025-05-09 00:00:00+00:00
[2025-05-09T10:03:58.166+0000] {processor.py:183} INFO - Processing /home/airflow/.local/lib/python3.8/site-packages/airflow/example_dags/example_bash_operator.py took 0.374 seconds
[2025-05-09T10:04:28.726+0000] {processor.py:161} INFO - Started process (PID=452) to work on /home/airflow/.local/lib/python3.8/site-packages/airflow/example_dags/example_bash_operator.py
[2025-05-09T10:04:28.728+0000] {processor.py:830} INFO - Processing file /home/airflow/.local/lib/python3.8/site-packages/airflow/example_dags/example_bash_operator.py for tasks to queue
[2025-05-09T10:04:28.732+0000] {logging_mixin.py:188} INFO - [2025-05-09T10:04:28.731+0000] {dagbag.py:538} INFO - Filling up the DagBag from /home/airflow/.local/lib/python3.8/site-packages/airflow/example_dags/example_bash_operator.py
[2025-05-09T10:04:28.774+0000] {processor.py:840} INFO - DAG(s) 'example_bash_operator' retrieved from /home/airflow/.local/lib/python3.8/site-packages/airflow/example_dags/example_bash_operator.py
[2025-05-09T10:04:28.852+0000] {logging_mixin.py:188} INFO - [2025-05-09T10:04:28.851+0000] {dag.py:3036} INFO - Sync 1 DAGs
[2025-05-09T10:04:28.910+0000] {logging_mixin.py:188} INFO - [2025-05-09T10:04:28.909+0000] {dag.py:3823} INFO - Setting next_dagrun for example_bash_operator to 2025-05-08 00:00:00+00:00, run_after=2025-05-09 00:00:00+00:00
[2025-05-09T10:04:28.985+0000] {processor.py:183} INFO - Processing /home/airflow/.local/lib/python3.8/site-packages/airflow/example_dags/example_bash_operator.py took 0.269 seconds
[2025-05-09T10:04:59.173+0000] {processor.py:161} INFO - Started process (PID=508) to work on /home/airflow/.local/lib/python3.8/site-packages/airflow/example_dags/example_bash_operator.py
[2025-05-09T10:04:59.176+0000] {processor.py:830} INFO - Processing file /home/airflow/.local/lib/python3.8/site-packages/airflow/example_dags/example_bash_operator.py for tasks to queue
[2025-05-09T10:04:59.181+0000] {logging_mixin.py:188} INFO - [2025-05-09T10:04:59.181+0000] {dagbag.py:538} INFO - Filling up the DagBag from /home/airflow/.local/lib/python3.8/site-packages/airflow/example_dags/example_bash_operator.py
[2025-05-09T10:04:59.225+0000] {processor.py:840} INFO - DAG(s) 'example_bash_operator' retrieved from /home/airflow/.local/lib/python3.8/site-packages/airflow/example_dags/example_bash_operator.py
[2025-05-09T10:04:59.316+0000] {logging_mixin.py:188} INFO - [2025-05-09T10:04:59.316+0000] {dag.py:3036} INFO - Sync 1 DAGs
[2025-05-09T10:04:59.378+0000] {logging_mixin.py:188} INFO - [2025-05-09T10:04:59.377+0000] {dag.py:3823} INFO - Setting next_dagrun for example_bash_operator to 2025-05-08 00:00:00+00:00, run_after=2025-05-09 00:00:00+00:00
[2025-05-09T10:04:59.416+0000] {processor.py:183} INFO - Processing /home/airflow/.local/lib/python3.8/site-packages/airflow/example_dags/example_bash_operator.py took 0.253 seconds
[2025-05-09T10:05:30.130+0000] {processor.py:161} INFO - Started process (PID=564) to work on /home/airflow/.local/lib/python3.8/site-packages/airflow/example_dags/example_bash_operator.py
[2025-05-09T10:05:30.133+0000] {processor.py:830} INFO - Processing file /home/airflow/.local/lib/python3.8/site-packages/airflow/example_dags/example_bash_operator.py for tasks to queue
[2025-05-09T10:05:30.138+0000] {logging_mixin.py:188} INFO - [2025-05-09T10:05:30.137+0000] {dagbag.py:538} INFO - Filling up the DagBag from /home/airflow/.local/lib/python3.8/site-packages/airflow/example_dags/example_bash_operator.py
[2025-05-09T10:05:30.175+0000] {processor.py:840} INFO - DAG(s) 'example_bash_operator' retrieved from /home/airflow/.local/lib/python3.8/site-packages/airflow/example_dags/example_bash_operator.py
[2025-05-09T10:05:30.281+0000] {logging_mixin.py:188} INFO - [2025-05-09T10:05:30.281+0000] {dag.py:3036} INFO - Sync 1 DAGs
[2025-05-09T10:05:30.352+0000] {logging_mixin.py:188} INFO - [2025-05-09T10:05:30.352+0000] {dag.py:3823} INFO - Setting next_dagrun for example_bash_operator to 2025-05-08 00:00:00+00:00, run_after=2025-05-09 00:00:00+00:00
[2025-05-09T10:05:30.408+0000] {processor.py:183} INFO - Processing /home/airflow/.local/lib/python3.8/site-packages/airflow/example_dags/example_bash_operator.py took 0.285 seconds
[2025-05-09T10:06:01.118+0000] {processor.py:161} INFO - Started process (PID=620) to work on /home/airflow/.local/lib/python3.8/site-packages/airflow/example_dags/example_bash_operator.py
[2025-05-09T10:06:01.123+0000] {processor.py:830} INFO - Processing file /home/airflow/.local/lib/python3.8/site-packages/airflow/example_dags/example_bash_operator.py for tasks to queue
[2025-05-09T10:06:01.132+0000] {logging_mixin.py:188} INFO - [2025-05-09T10:06:01.131+0000] {dagbag.py:538} INFO - Filling up the DagBag from /home/airflow/.local/lib/python3.8/site-packages/airflow/example_dags/example_bash_operator.py
[2025-05-09T10:06:01.174+0000] {processor.py:840} INFO - DAG(s) 'example_bash_operator' retrieved from /home/airflow/.local/lib/python3.8/site-packages/airflow/example_dags/example_bash_operator.py
[2025-05-09T10:06:01.236+0000] {logging_mixin.py:188} INFO - [2025-05-09T10:06:01.235+0000] {dag.py:3036} INFO - Sync 1 DAGs
[2025-05-09T10:06:01.281+0000] {logging_mixin.py:188} INFO - [2025-05-09T10:06:01.281+0000] {dag.py:3823} INFO - Setting next_dagrun for example_bash_operator to 2025-05-08 00:00:00+00:00, run_after=2025-05-09 00:00:00+00:00
[2025-05-09T10:06:01.312+0000] {processor.py:183} INFO - Processing /home/airflow/.local/lib/python3.8/site-packages/airflow/example_dags/example_bash_operator.py took 0.211 seconds
[2025-05-09T10:06:31.944+0000] {processor.py:161} INFO - Started process (PID=676) to work on /home/airflow/.local/lib/python3.8/site-packages/airflow/example_dags/example_bash_operator.py
[2025-05-09T10:06:31.949+0000] {processor.py:830} INFO - Processing file /home/airflow/.local/lib/python3.8/site-packages/airflow/example_dags/example_bash_operator.py for tasks to queue
[2025-05-09T10:06:31.959+0000] {logging_mixin.py:188} INFO - [2025-05-09T10:06:31.957+0000] {dagbag.py:538} INFO - Filling up the DagBag from /home/airflow/.local/lib/python3.8/site-packages/airflow/example_dags/example_bash_operator.py
[2025-05-09T10:06:32.023+0000] {processor.py:840} INFO - DAG(s) 'example_bash_operator' retrieved from /home/airflow/.local/lib/python3.8/site-packages/airflow/example_dags/example_bash_operator.py
[2025-05-09T10:06:32.163+0000] {logging_mixin.py:188} INFO - [2025-05-09T10:06:32.162+0000] {dag.py:3036} INFO - Sync 1 DAGs
[2025-05-09T10:06:32.271+0000] {logging_mixin.py:188} INFO - [2025-05-09T10:06:32.270+0000] {dag.py:3823} INFO - Setting next_dagrun for example_bash_operator to 2025-05-08 00:00:00+00:00, run_after=2025-05-09 00:00:00+00:00
[2025-05-09T10:06:32.357+0000] {processor.py:183} INFO - Processing /home/airflow/.local/lib/python3.8/site-packages/airflow/example_dags/example_bash_operator.py took 0.432 seconds
[2025-05-09T10:09:27.044+0000] {processor.py:161} INFO - Started process (PID=107) to work on /home/airflow/.local/lib/python3.8/site-packages/airflow/example_dags/example_bash_operator.py
[2025-05-09T10:09:27.046+0000] {processor.py:830} INFO - Processing file /home/airflow/.local/lib/python3.8/site-packages/airflow/example_dags/example_bash_operator.py for tasks to queue
[2025-05-09T10:09:27.054+0000] {logging_mixin.py:188} INFO - [2025-05-09T10:09:27.054+0000] {dagbag.py:538} INFO - Filling up the DagBag from /home/airflow/.local/lib/python3.8/site-packages/airflow/example_dags/example_bash_operator.py
[2025-05-09T10:09:27.102+0000] {processor.py:840} INFO - DAG(s) 'example_bash_operator' retrieved from /home/airflow/.local/lib/python3.8/site-packages/airflow/example_dags/example_bash_operator.py
[2025-05-09T10:09:27.654+0000] {logging_mixin.py:188} INFO - [2025-05-09T10:09:27.653+0000] {dag.py:3036} INFO - Sync 1 DAGs
[2025-05-09T10:09:27.818+0000] {logging_mixin.py:188} INFO - [2025-05-09T10:09:27.818+0000] {dag.py:3823} INFO - Setting next_dagrun for example_bash_operator to 2025-05-08 00:00:00+00:00, run_after=2025-05-09 00:00:00+00:00
[2025-05-09T10:09:27.861+0000] {processor.py:183} INFO - Processing /home/airflow/.local/lib/python3.8/site-packages/airflow/example_dags/example_bash_operator.py took 0.838 seconds
[2025-05-09T10:09:58.402+0000] {processor.py:161} INFO - Started process (PID=162) to work on /home/airflow/.local/lib/python3.8/site-packages/airflow/example_dags/example_bash_operator.py
[2025-05-09T10:09:58.406+0000] {processor.py:830} INFO - Processing file /home/airflow/.local/lib/python3.8/site-packages/airflow/example_dags/example_bash_operator.py for tasks to queue
[2025-05-09T10:09:58.411+0000] {logging_mixin.py:188} INFO - [2025-05-09T10:09:58.410+0000] {dagbag.py:538} INFO - Filling up the DagBag from /home/airflow/.local/lib/python3.8/site-packages/airflow/example_dags/example_bash_operator.py
[2025-05-09T10:09:58.446+0000] {processor.py:840} INFO - DAG(s) 'example_bash_operator' retrieved from /home/airflow/.local/lib/python3.8/site-packages/airflow/example_dags/example_bash_operator.py
[2025-05-09T10:09:58.534+0000] {logging_mixin.py:188} INFO - [2025-05-09T10:09:58.533+0000] {dag.py:3036} INFO - Sync 1 DAGs
[2025-05-09T10:09:58.603+0000] {logging_mixin.py:188} INFO - [2025-05-09T10:09:58.603+0000] {dag.py:3823} INFO - Setting next_dagrun for example_bash_operator to 2025-05-08 00:00:00+00:00, run_after=2025-05-09 00:00:00+00:00
[2025-05-09T10:09:58.646+0000] {processor.py:183} INFO - Processing /home/airflow/.local/lib/python3.8/site-packages/airflow/example_dags/example_bash_operator.py took 0.256 seconds
[2025-05-09T10:10:29.341+0000] {processor.py:161} INFO - Started process (PID=225) to work on /home/airflow/.local/lib/python3.8/site-packages/airflow/example_dags/example_bash_operator.py
[2025-05-09T10:10:29.345+0000] {processor.py:830} INFO - Processing file /home/airflow/.local/lib/python3.8/site-packages/airflow/example_dags/example_bash_operator.py for tasks to queue
[2025-05-09T10:10:29.352+0000] {logging_mixin.py:188} INFO - [2025-05-09T10:10:29.351+0000] {dagbag.py:538} INFO - Filling up the DagBag from /home/airflow/.local/lib/python3.8/site-packages/airflow/example_dags/example_bash_operator.py
[2025-05-09T10:10:29.385+0000] {processor.py:840} INFO - DAG(s) 'example_bash_operator' retrieved from /home/airflow/.local/lib/python3.8/site-packages/airflow/example_dags/example_bash_operator.py
[2025-05-09T10:10:29.441+0000] {logging_mixin.py:188} INFO - [2025-05-09T10:10:29.441+0000] {dag.py:3036} INFO - Sync 1 DAGs
[2025-05-09T10:10:29.486+0000] {logging_mixin.py:188} INFO - [2025-05-09T10:10:29.485+0000] {dag.py:3823} INFO - Setting next_dagrun for example_bash_operator to 2025-05-08 00:00:00+00:00, run_after=2025-05-09 00:00:00+00:00
[2025-05-09T10:10:29.524+0000] {processor.py:183} INFO - Processing /home/airflow/.local/lib/python3.8/site-packages/airflow/example_dags/example_bash_operator.py took 0.205 seconds
[2025-05-09T10:10:59.862+0000] {processor.py:161} INFO - Started process (PID=281) to work on /home/airflow/.local/lib/python3.8/site-packages/airflow/example_dags/example_bash_operator.py
[2025-05-09T10:10:59.864+0000] {processor.py:830} INFO - Processing file /home/airflow/.local/lib/python3.8/site-packages/airflow/example_dags/example_bash_operator.py for tasks to queue
[2025-05-09T10:10:59.870+0000] {logging_mixin.py:188} INFO - [2025-05-09T10:10:59.869+0000] {dagbag.py:538} INFO - Filling up the DagBag from /home/airflow/.local/lib/python3.8/site-packages/airflow/example_dags/example_bash_operator.py
[2025-05-09T10:10:59.942+0000] {processor.py:840} INFO - DAG(s) 'example_bash_operator' retrieved from /home/airflow/.local/lib/python3.8/site-packages/airflow/example_dags/example_bash_operator.py
[2025-05-09T10:11:00.087+0000] {logging_mixin.py:188} INFO - [2025-05-09T10:11:00.086+0000] {dag.py:3036} INFO - Sync 1 DAGs
[2025-05-09T10:11:00.196+0000] {logging_mixin.py:188} INFO - [2025-05-09T10:11:00.195+0000] {dag.py:3823} INFO - Setting next_dagrun for example_bash_operator to 2025-05-08 00:00:00+00:00, run_after=2025-05-09 00:00:00+00:00
[2025-05-09T10:11:00.277+0000] {processor.py:183} INFO - Processing /home/airflow/.local/lib/python3.8/site-packages/airflow/example_dags/example_bash_operator.py took 0.433 seconds
[2025-05-09T10:11:31.167+0000] {processor.py:161} INFO - Started process (PID=337) to work on /home/airflow/.local/lib/python3.8/site-packages/airflow/example_dags/example_bash_operator.py
[2025-05-09T10:11:31.172+0000] {processor.py:830} INFO - Processing file /home/airflow/.local/lib/python3.8/site-packages/airflow/example_dags/example_bash_operator.py for tasks to queue
[2025-05-09T10:11:31.175+0000] {logging_mixin.py:188} INFO - [2025-05-09T10:11:31.175+0000] {dagbag.py:538} INFO - Filling up the DagBag from /home/airflow/.local/lib/python3.8/site-packages/airflow/example_dags/example_bash_operator.py
[2025-05-09T10:11:31.201+0000] {processor.py:840} INFO - DAG(s) 'example_bash_operator' retrieved from /home/airflow/.local/lib/python3.8/site-packages/airflow/example_dags/example_bash_operator.py
[2025-05-09T10:11:31.259+0000] {logging_mixin.py:188} INFO - [2025-05-09T10:11:31.258+0000] {dag.py:3036} INFO - Sync 1 DAGs
[2025-05-09T10:11:31.302+0000] {logging_mixin.py:188} INFO - [2025-05-09T10:11:31.302+0000] {dag.py:3823} INFO - Setting next_dagrun for example_bash_operator to 2025-05-08 00:00:00+00:00, run_after=2025-05-09 00:00:00+00:00
[2025-05-09T10:11:31.340+0000] {processor.py:183} INFO - Processing /home/airflow/.local/lib/python3.8/site-packages/airflow/example_dags/example_bash_operator.py took 0.181 seconds
[2025-05-09T10:12:01.562+0000] {processor.py:161} INFO - Started process (PID=393) to work on /home/airflow/.local/lib/python3.8/site-packages/airflow/example_dags/example_bash_operator.py
[2025-05-09T10:12:01.564+0000] {processor.py:830} INFO - Processing file /home/airflow/.local/lib/python3.8/site-packages/airflow/example_dags/example_bash_operator.py for tasks to queue
[2025-05-09T10:12:01.568+0000] {logging_mixin.py:188} INFO - [2025-05-09T10:12:01.568+0000] {dagbag.py:538} INFO - Filling up the DagBag from /home/airflow/.local/lib/python3.8/site-packages/airflow/example_dags/example_bash_operator.py
[2025-05-09T10:12:01.592+0000] {processor.py:840} INFO - DAG(s) 'example_bash_operator' retrieved from /home/airflow/.local/lib/python3.8/site-packages/airflow/example_dags/example_bash_operator.py
[2025-05-09T10:12:01.651+0000] {logging_mixin.py:188} INFO - [2025-05-09T10:12:01.651+0000] {dag.py:3036} INFO - Sync 1 DAGs
[2025-05-09T10:12:01.693+0000] {logging_mixin.py:188} INFO - [2025-05-09T10:12:01.692+0000] {dag.py:3823} INFO - Setting next_dagrun for example_bash_operator to 2025-05-08 00:00:00+00:00, run_after=2025-05-09 00:00:00+00:00
[2025-05-09T10:12:01.737+0000] {processor.py:183} INFO - Processing /home/airflow/.local/lib/python3.8/site-packages/airflow/example_dags/example_bash_operator.py took 0.182 seconds
[2025-05-09T10:12:31.968+0000] {processor.py:161} INFO - Started process (PID=449) to work on /home/airflow/.local/lib/python3.8/site-packages/airflow/example_dags/example_bash_operator.py
[2025-05-09T10:12:31.973+0000] {processor.py:830} INFO - Processing file /home/airflow/.local/lib/python3.8/site-packages/airflow/example_dags/example_bash_operator.py for tasks to queue
[2025-05-09T10:12:31.981+0000] {logging_mixin.py:188} INFO - [2025-05-09T10:12:31.980+0000] {dagbag.py:538} INFO - Filling up the DagBag from /home/airflow/.local/lib/python3.8/site-packages/airflow/example_dags/example_bash_operator.py
[2025-05-09T10:12:32.039+0000] {processor.py:840} INFO - DAG(s) 'example_bash_operator' retrieved from /home/airflow/.local/lib/python3.8/site-packages/airflow/example_dags/example_bash_operator.py
[2025-05-09T10:12:32.180+0000] {logging_mixin.py:188} INFO - [2025-05-09T10:12:32.179+0000] {dag.py:3036} INFO - Sync 1 DAGs
[2025-05-09T10:12:32.298+0000] {logging_mixin.py:188} INFO - [2025-05-09T10:12:32.297+0000] {dag.py:3823} INFO - Setting next_dagrun for example_bash_operator to 2025-05-08 00:00:00+00:00, run_after=2025-05-09 00:00:00+00:00
[2025-05-09T10:12:32.404+0000] {processor.py:183} INFO - Processing /home/airflow/.local/lib/python3.8/site-packages/airflow/example_dags/example_bash_operator.py took 0.452 seconds
[2025-05-09T10:13:02.714+0000] {processor.py:161} INFO - Started process (PID=505) to work on /home/airflow/.local/lib/python3.8/site-packages/airflow/example_dags/example_bash_operator.py
[2025-05-09T10:13:02.717+0000] {processor.py:830} INFO - Processing file /home/airflow/.local/lib/python3.8/site-packages/airflow/example_dags/example_bash_operator.py for tasks to queue
[2025-05-09T10:13:02.721+0000] {logging_mixin.py:188} INFO - [2025-05-09T10:13:02.720+0000] {dagbag.py:538} INFO - Filling up the DagBag from /home/airflow/.local/lib/python3.8/site-packages/airflow/example_dags/example_bash_operator.py
[2025-05-09T10:13:02.756+0000] {processor.py:840} INFO - DAG(s) 'example_bash_operator' retrieved from /home/airflow/.local/lib/python3.8/site-packages/airflow/example_dags/example_bash_operator.py
[2025-05-09T10:13:02.827+0000] {logging_mixin.py:188} INFO - [2025-05-09T10:13:02.827+0000] {dag.py:3036} INFO - Sync 1 DAGs
[2025-05-09T10:13:02.873+0000] {logging_mixin.py:188} INFO - [2025-05-09T10:13:02.873+0000] {dag.py:3823} INFO - Setting next_dagrun for example_bash_operator to 2025-05-08 00:00:00+00:00, run_after=2025-05-09 00:00:00+00:00
[2025-05-09T10:13:02.922+0000] {processor.py:183} INFO - Processing /home/airflow/.local/lib/python3.8/site-packages/airflow/example_dags/example_bash_operator.py took 0.216 seconds
[2025-05-09T10:13:33.449+0000] {processor.py:161} INFO - Started process (PID=561) to work on /home/airflow/.local/lib/python3.8/site-packages/airflow/example_dags/example_bash_operator.py
[2025-05-09T10:13:33.456+0000] {processor.py:830} INFO - Processing file /home/airflow/.local/lib/python3.8/site-packages/airflow/example_dags/example_bash_operator.py for tasks to queue
[2025-05-09T10:13:33.467+0000] {logging_mixin.py:188} INFO - [2025-05-09T10:13:33.465+0000] {dagbag.py:538} INFO - Filling up the DagBag from /home/airflow/.local/lib/python3.8/site-packages/airflow/example_dags/example_bash_operator.py
[2025-05-09T10:13:33.529+0000] {processor.py:840} INFO - DAG(s) 'example_bash_operator' retrieved from /home/airflow/.local/lib/python3.8/site-packages/airflow/example_dags/example_bash_operator.py
[2025-05-09T10:13:33.677+0000] {logging_mixin.py:188} INFO - [2025-05-09T10:13:33.676+0000] {dag.py:3036} INFO - Sync 1 DAGs
[2025-05-09T10:13:33.803+0000] {logging_mixin.py:188} INFO - [2025-05-09T10:13:33.802+0000] {dag.py:3823} INFO - Setting next_dagrun for example_bash_operator to 2025-05-08 00:00:00+00:00, run_after=2025-05-09 00:00:00+00:00
[2025-05-09T10:13:33.888+0000] {processor.py:183} INFO - Processing /home/airflow/.local/lib/python3.8/site-packages/airflow/example_dags/example_bash_operator.py took 0.458 seconds
[2025-05-09T10:14:04.506+0000] {processor.py:161} INFO - Started process (PID=617) to work on /home/airflow/.local/lib/python3.8/site-packages/airflow/example_dags/example_bash_operator.py
[2025-05-09T10:14:04.508+0000] {processor.py:830} INFO - Processing file /home/airflow/.local/lib/python3.8/site-packages/airflow/example_dags/example_bash_operator.py for tasks to queue
[2025-05-09T10:14:04.512+0000] {logging_mixin.py:188} INFO - [2025-05-09T10:14:04.511+0000] {dagbag.py:538} INFO - Filling up the DagBag from /home/airflow/.local/lib/python3.8/site-packages/airflow/example_dags/example_bash_operator.py
[2025-05-09T10:14:04.533+0000] {processor.py:840} INFO - DAG(s) 'example_bash_operator' retrieved from /home/airflow/.local/lib/python3.8/site-packages/airflow/example_dags/example_bash_operator.py
[2025-05-09T10:14:04.601+0000] {logging_mixin.py:188} INFO - [2025-05-09T10:14:04.600+0000] {dag.py:3036} INFO - Sync 1 DAGs
[2025-05-09T10:14:04.678+0000] {logging_mixin.py:188} INFO - [2025-05-09T10:14:04.678+0000] {dag.py:3823} INFO - Setting next_dagrun for example_bash_operator to 2025-05-08 00:00:00+00:00, run_after=2025-05-09 00:00:00+00:00
[2025-05-09T10:14:04.748+0000] {processor.py:183} INFO - Processing /home/airflow/.local/lib/python3.8/site-packages/airflow/example_dags/example_bash_operator.py took 0.250 seconds
