[2025-05-09T10:01:02.004+0000] {processor.py:161} INFO - Started process (PID=80) to work on /home/airflow/.local/lib/python3.8/site-packages/airflow/example_dags/example_datasets.py
[2025-05-09T10:01:02.022+0000] {processor.py:830} INFO - Processing file /home/airflow/.local/lib/python3.8/site-packages/airflow/example_dags/example_datasets.py for tasks to queue
[2025-05-09T10:01:02.027+0000] {logging_mixin.py:188} INFO - [2025-05-09T10:01:02.026+0000] {dagbag.py:538} INFO - Filling up the DagBag from /home/airflow/.local/lib/python3.8/site-packages/airflow/example_dags/example_datasets.py
[2025-05-09T10:01:02.058+0000] {processor.py:840} INFO - DAG(s) 'dataset_consumes_1_and_2', 'dataset_produces_2', 'dataset_consumes_unknown_never_scheduled', 'dataset_produces_1', 'dataset_consumes_1', 'dataset_consumes_1_never_scheduled' retrieved from /home/airflow/.local/lib/python3.8/site-packages/airflow/example_dags/example_datasets.py
[2025-05-09T10:01:02.128+0000] {logging_mixin.py:188} INFO - [2025-05-09T10:01:02.128+0000] {dag.py:3036} INFO - Sync 6 DAGs
[2025-05-09T10:01:02.279+0000] {logging_mixin.py:188} INFO - [2025-05-09T10:01:02.279+0000] {dag.py:3823} INFO - Setting next_dagrun for dataset_consumes_1 to None, run_after=None
[2025-05-09T10:01:02.293+0000] {logging_mixin.py:188} INFO - [2025-05-09T10:01:02.292+0000] {dag.py:3823} INFO - Setting next_dagrun for dataset_consumes_1_and_2 to None, run_after=None
[2025-05-09T10:01:02.297+0000] {logging_mixin.py:188} INFO - [2025-05-09T10:01:02.296+0000] {dag.py:3823} INFO - Setting next_dagrun for dataset_consumes_1_never_scheduled to None, run_after=None
[2025-05-09T10:01:02.300+0000] {logging_mixin.py:188} INFO - [2025-05-09T10:01:02.300+0000] {dag.py:3823} INFO - Setting next_dagrun for dataset_consumes_unknown_never_scheduled to None, run_after=None
[2025-05-09T10:01:02.312+0000] {logging_mixin.py:188} INFO - [2025-05-09T10:01:02.311+0000] {dag.py:3823} INFO - Setting next_dagrun for dataset_produces_1 to 2025-05-08 00:00:00+00:00, run_after=2025-05-09 00:00:00+00:00
[2025-05-09T10:01:02.316+0000] {logging_mixin.py:188} INFO - [2025-05-09T10:01:02.316+0000] {dag.py:3823} INFO - Setting next_dagrun for dataset_produces_2 to None, run_after=None
[2025-05-09T10:01:02.434+0000] {processor.py:183} INFO - Processing /home/airflow/.local/lib/python3.8/site-packages/airflow/example_dags/example_datasets.py took 0.457 seconds
[2025-05-09T10:01:34.101+0000] {processor.py:161} INFO - Started process (PID=136) to work on /home/airflow/.local/lib/python3.8/site-packages/airflow/example_dags/example_datasets.py
[2025-05-09T10:01:34.107+0000] {processor.py:830} INFO - Processing file /home/airflow/.local/lib/python3.8/site-packages/airflow/example_dags/example_datasets.py for tasks to queue
[2025-05-09T10:01:34.112+0000] {logging_mixin.py:188} INFO - [2025-05-09T10:01:34.111+0000] {dagbag.py:538} INFO - Filling up the DagBag from /home/airflow/.local/lib/python3.8/site-packages/airflow/example_dags/example_datasets.py
[2025-05-09T10:01:34.137+0000] {processor.py:840} INFO - DAG(s) 'dataset_produces_2', 'dataset_consumes_unknown_never_scheduled', 'dataset_consumes_1_never_scheduled', 'dataset_consumes_1_and_2', 'dataset_consumes_1', 'dataset_produces_1' retrieved from /home/airflow/.local/lib/python3.8/site-packages/airflow/example_dags/example_datasets.py
[2025-05-09T10:01:34.612+0000] {logging_mixin.py:188} INFO - [2025-05-09T10:01:34.612+0000] {dag.py:3036} INFO - Sync 6 DAGs
[2025-05-09T10:01:34.688+0000] {logging_mixin.py:188} INFO - [2025-05-09T10:01:34.687+0000] {dag.py:3823} INFO - Setting next_dagrun for dataset_consumes_1 to None, run_after=None
[2025-05-09T10:01:34.699+0000] {logging_mixin.py:188} INFO - [2025-05-09T10:01:34.698+0000] {dag.py:3823} INFO - Setting next_dagrun for dataset_consumes_1_and_2 to None, run_after=None
[2025-05-09T10:01:34.709+0000] {logging_mixin.py:188} INFO - [2025-05-09T10:01:34.708+0000] {dag.py:3823} INFO - Setting next_dagrun for dataset_consumes_1_never_scheduled to None, run_after=None
[2025-05-09T10:01:34.717+0000] {logging_mixin.py:188} INFO - [2025-05-09T10:01:34.717+0000] {dag.py:3823} INFO - Setting next_dagrun for dataset_consumes_unknown_never_scheduled to None, run_after=None
[2025-05-09T10:01:34.727+0000] {logging_mixin.py:188} INFO - [2025-05-09T10:01:34.727+0000] {dag.py:3823} INFO - Setting next_dagrun for dataset_produces_1 to 2025-05-08 00:00:00+00:00, run_after=2025-05-09 00:00:00+00:00
[2025-05-09T10:01:34.732+0000] {logging_mixin.py:188} INFO - [2025-05-09T10:01:34.731+0000] {dag.py:3823} INFO - Setting next_dagrun for dataset_produces_2 to None, run_after=None
[2025-05-09T10:01:34.846+0000] {processor.py:183} INFO - Processing /home/airflow/.local/lib/python3.8/site-packages/airflow/example_dags/example_datasets.py took 0.753 seconds
[2025-05-09T10:02:05.076+0000] {processor.py:161} INFO - Started process (PID=192) to work on /home/airflow/.local/lib/python3.8/site-packages/airflow/example_dags/example_datasets.py
[2025-05-09T10:02:05.313+0000] {processor.py:830} INFO - Processing file /home/airflow/.local/lib/python3.8/site-packages/airflow/example_dags/example_datasets.py for tasks to queue
[2025-05-09T10:02:05.323+0000] {logging_mixin.py:188} INFO - [2025-05-09T10:02:05.322+0000] {dagbag.py:538} INFO - Filling up the DagBag from /home/airflow/.local/lib/python3.8/site-packages/airflow/example_dags/example_datasets.py
[2025-05-09T10:02:05.438+0000] {processor.py:840} INFO - DAG(s) 'dataset_produces_2', 'dataset_consumes_1_never_scheduled', 'dataset_produces_1', 'dataset_consumes_1_and_2', 'dataset_consumes_unknown_never_scheduled', 'dataset_consumes_1' retrieved from /home/airflow/.local/lib/python3.8/site-packages/airflow/example_dags/example_datasets.py
[2025-05-09T10:02:05.612+0000] {logging_mixin.py:188} INFO - [2025-05-09T10:02:05.611+0000] {dag.py:3036} INFO - Sync 6 DAGs
[2025-05-09T10:02:05.725+0000] {logging_mixin.py:188} INFO - [2025-05-09T10:02:05.725+0000] {dag.py:3823} INFO - Setting next_dagrun for dataset_consumes_1 to None, run_after=None
[2025-05-09T10:02:05.744+0000] {logging_mixin.py:188} INFO - [2025-05-09T10:02:05.743+0000] {dag.py:3823} INFO - Setting next_dagrun for dataset_consumes_1_and_2 to None, run_after=None
[2025-05-09T10:02:05.750+0000] {logging_mixin.py:188} INFO - [2025-05-09T10:02:05.749+0000] {dag.py:3823} INFO - Setting next_dagrun for dataset_consumes_1_never_scheduled to None, run_after=None
[2025-05-09T10:02:05.757+0000] {logging_mixin.py:188} INFO - [2025-05-09T10:02:05.756+0000] {dag.py:3823} INFO - Setting next_dagrun for dataset_consumes_unknown_never_scheduled to None, run_after=None
[2025-05-09T10:02:05.783+0000] {logging_mixin.py:188} INFO - [2025-05-09T10:02:05.781+0000] {dag.py:3823} INFO - Setting next_dagrun for dataset_produces_1 to 2025-05-08 00:00:00+00:00, run_after=2025-05-09 00:00:00+00:00
[2025-05-09T10:02:05.794+0000] {logging_mixin.py:188} INFO - [2025-05-09T10:02:05.793+0000] {dag.py:3823} INFO - Setting next_dagrun for dataset_produces_2 to None, run_after=None
[2025-05-09T10:02:05.953+0000] {processor.py:183} INFO - Processing /home/airflow/.local/lib/python3.8/site-packages/airflow/example_dags/example_datasets.py took 0.898 seconds
[2025-05-09T10:02:36.105+0000] {processor.py:161} INFO - Started process (PID=248) to work on /home/airflow/.local/lib/python3.8/site-packages/airflow/example_dags/example_datasets.py
[2025-05-09T10:02:36.108+0000] {processor.py:830} INFO - Processing file /home/airflow/.local/lib/python3.8/site-packages/airflow/example_dags/example_datasets.py for tasks to queue
[2025-05-09T10:02:36.114+0000] {logging_mixin.py:188} INFO - [2025-05-09T10:02:36.113+0000] {dagbag.py:538} INFO - Filling up the DagBag from /home/airflow/.local/lib/python3.8/site-packages/airflow/example_dags/example_datasets.py
[2025-05-09T10:02:36.139+0000] {processor.py:840} INFO - DAG(s) 'dataset_consumes_1', 'dataset_consumes_1_never_scheduled', 'dataset_produces_2', 'dataset_consumes_unknown_never_scheduled', 'dataset_produces_1', 'dataset_consumes_1_and_2' retrieved from /home/airflow/.local/lib/python3.8/site-packages/airflow/example_dags/example_datasets.py
[2025-05-09T10:02:36.236+0000] {logging_mixin.py:188} INFO - [2025-05-09T10:02:36.235+0000] {dag.py:3036} INFO - Sync 6 DAGs
[2025-05-09T10:02:36.302+0000] {logging_mixin.py:188} INFO - [2025-05-09T10:02:36.302+0000] {dag.py:3823} INFO - Setting next_dagrun for dataset_consumes_1 to None, run_after=None
[2025-05-09T10:02:36.313+0000] {logging_mixin.py:188} INFO - [2025-05-09T10:02:36.313+0000] {dag.py:3823} INFO - Setting next_dagrun for dataset_consumes_1_and_2 to None, run_after=None
[2025-05-09T10:02:36.318+0000] {logging_mixin.py:188} INFO - [2025-05-09T10:02:36.318+0000] {dag.py:3823} INFO - Setting next_dagrun for dataset_consumes_1_never_scheduled to None, run_after=None
[2025-05-09T10:02:36.322+0000] {logging_mixin.py:188} INFO - [2025-05-09T10:02:36.321+0000] {dag.py:3823} INFO - Setting next_dagrun for dataset_consumes_unknown_never_scheduled to None, run_after=None
[2025-05-09T10:02:36.331+0000] {logging_mixin.py:188} INFO - [2025-05-09T10:02:36.330+0000] {dag.py:3823} INFO - Setting next_dagrun for dataset_produces_1 to 2025-05-08 00:00:00+00:00, run_after=2025-05-09 00:00:00+00:00
[2025-05-09T10:02:36.334+0000] {logging_mixin.py:188} INFO - [2025-05-09T10:02:36.334+0000] {dag.py:3823} INFO - Setting next_dagrun for dataset_produces_2 to None, run_after=None
[2025-05-09T10:02:36.400+0000] {processor.py:183} INFO - Processing /home/airflow/.local/lib/python3.8/site-packages/airflow/example_dags/example_datasets.py took 0.305 seconds
[2025-05-09T10:03:07.504+0000] {processor.py:161} INFO - Started process (PID=304) to work on /home/airflow/.local/lib/python3.8/site-packages/airflow/example_dags/example_datasets.py
[2025-05-09T10:03:07.516+0000] {processor.py:830} INFO - Processing file /home/airflow/.local/lib/python3.8/site-packages/airflow/example_dags/example_datasets.py for tasks to queue
[2025-05-09T10:03:07.520+0000] {logging_mixin.py:188} INFO - [2025-05-09T10:03:07.520+0000] {dagbag.py:538} INFO - Filling up the DagBag from /home/airflow/.local/lib/python3.8/site-packages/airflow/example_dags/example_datasets.py
[2025-05-09T10:03:07.589+0000] {processor.py:840} INFO - DAG(s) 'dataset_produces_2', 'dataset_consumes_1_and_2', 'dataset_consumes_1', 'dataset_consumes_unknown_never_scheduled', 'dataset_produces_1', 'dataset_consumes_1_never_scheduled' retrieved from /home/airflow/.local/lib/python3.8/site-packages/airflow/example_dags/example_datasets.py
[2025-05-09T10:03:07.732+0000] {logging_mixin.py:188} INFO - [2025-05-09T10:03:07.732+0000] {dag.py:3036} INFO - Sync 6 DAGs
[2025-05-09T10:03:07.796+0000] {logging_mixin.py:188} INFO - [2025-05-09T10:03:07.796+0000] {dag.py:3823} INFO - Setting next_dagrun for dataset_consumes_1 to None, run_after=None
[2025-05-09T10:03:07.806+0000] {logging_mixin.py:188} INFO - [2025-05-09T10:03:07.805+0000] {dag.py:3823} INFO - Setting next_dagrun for dataset_consumes_1_and_2 to None, run_after=None
[2025-05-09T10:03:07.813+0000] {logging_mixin.py:188} INFO - [2025-05-09T10:03:07.811+0000] {dag.py:3823} INFO - Setting next_dagrun for dataset_consumes_1_never_scheduled to None, run_after=None
[2025-05-09T10:03:07.818+0000] {logging_mixin.py:188} INFO - [2025-05-09T10:03:07.817+0000] {dag.py:3823} INFO - Setting next_dagrun for dataset_consumes_unknown_never_scheduled to None, run_after=None
[2025-05-09T10:03:07.831+0000] {logging_mixin.py:188} INFO - [2025-05-09T10:03:07.830+0000] {dag.py:3823} INFO - Setting next_dagrun for dataset_produces_1 to 2025-05-08 00:00:00+00:00, run_after=2025-05-09 00:00:00+00:00
[2025-05-09T10:03:07.835+0000] {logging_mixin.py:188} INFO - [2025-05-09T10:03:07.834+0000] {dag.py:3823} INFO - Setting next_dagrun for dataset_produces_2 to None, run_after=None
[2025-05-09T10:03:07.920+0000] {processor.py:183} INFO - Processing /home/airflow/.local/lib/python3.8/site-packages/airflow/example_dags/example_datasets.py took 0.436 seconds
[2025-05-09T10:03:38.222+0000] {processor.py:161} INFO - Started process (PID=361) to work on /home/airflow/.local/lib/python3.8/site-packages/airflow/example_dags/example_datasets.py
[2025-05-09T10:03:38.237+0000] {processor.py:830} INFO - Processing file /home/airflow/.local/lib/python3.8/site-packages/airflow/example_dags/example_datasets.py for tasks to queue
[2025-05-09T10:03:38.242+0000] {logging_mixin.py:188} INFO - [2025-05-09T10:03:38.242+0000] {dagbag.py:538} INFO - Filling up the DagBag from /home/airflow/.local/lib/python3.8/site-packages/airflow/example_dags/example_datasets.py
[2025-05-09T10:03:38.270+0000] {processor.py:840} INFO - DAG(s) 'dataset_consumes_unknown_never_scheduled', 'dataset_produces_2', 'dataset_produces_1', 'dataset_consumes_1_and_2', 'dataset_consumes_1_never_scheduled', 'dataset_consumes_1' retrieved from /home/airflow/.local/lib/python3.8/site-packages/airflow/example_dags/example_datasets.py
[2025-05-09T10:03:38.372+0000] {logging_mixin.py:188} INFO - [2025-05-09T10:03:38.371+0000] {dag.py:3036} INFO - Sync 6 DAGs
[2025-05-09T10:03:38.451+0000] {logging_mixin.py:188} INFO - [2025-05-09T10:03:38.451+0000] {dag.py:3823} INFO - Setting next_dagrun for dataset_consumes_1 to None, run_after=None
[2025-05-09T10:03:38.466+0000] {logging_mixin.py:188} INFO - [2025-05-09T10:03:38.466+0000] {dag.py:3823} INFO - Setting next_dagrun for dataset_consumes_1_and_2 to None, run_after=None
[2025-05-09T10:03:38.471+0000] {logging_mixin.py:188} INFO - [2025-05-09T10:03:38.471+0000] {dag.py:3823} INFO - Setting next_dagrun for dataset_consumes_1_never_scheduled to None, run_after=None
[2025-05-09T10:03:38.477+0000] {logging_mixin.py:188} INFO - [2025-05-09T10:03:38.476+0000] {dag.py:3823} INFO - Setting next_dagrun for dataset_consumes_unknown_never_scheduled to None, run_after=None
[2025-05-09T10:03:38.491+0000] {logging_mixin.py:188} INFO - [2025-05-09T10:03:38.490+0000] {dag.py:3823} INFO - Setting next_dagrun for dataset_produces_1 to 2025-05-08 00:00:00+00:00, run_after=2025-05-09 00:00:00+00:00
[2025-05-09T10:03:38.497+0000] {logging_mixin.py:188} INFO - [2025-05-09T10:03:38.496+0000] {dag.py:3823} INFO - Setting next_dagrun for dataset_produces_2 to None, run_after=None
[2025-05-09T10:03:38.622+0000] {processor.py:183} INFO - Processing /home/airflow/.local/lib/python3.8/site-packages/airflow/example_dags/example_datasets.py took 0.407 seconds
[2025-05-09T10:04:08.902+0000] {processor.py:161} INFO - Started process (PID=418) to work on /home/airflow/.local/lib/python3.8/site-packages/airflow/example_dags/example_datasets.py
[2025-05-09T10:04:08.904+0000] {processor.py:830} INFO - Processing file /home/airflow/.local/lib/python3.8/site-packages/airflow/example_dags/example_datasets.py for tasks to queue
[2025-05-09T10:04:08.908+0000] {logging_mixin.py:188} INFO - [2025-05-09T10:04:08.907+0000] {dagbag.py:538} INFO - Filling up the DagBag from /home/airflow/.local/lib/python3.8/site-packages/airflow/example_dags/example_datasets.py
[2025-05-09T10:04:08.932+0000] {processor.py:840} INFO - DAG(s) 'dataset_consumes_unknown_never_scheduled', 'dataset_consumes_1_and_2', 'dataset_produces_2', 'dataset_consumes_1_never_scheduled', 'dataset_produces_1', 'dataset_consumes_1' retrieved from /home/airflow/.local/lib/python3.8/site-packages/airflow/example_dags/example_datasets.py
[2025-05-09T10:04:08.998+0000] {logging_mixin.py:188} INFO - [2025-05-09T10:04:08.998+0000] {dag.py:3036} INFO - Sync 6 DAGs
[2025-05-09T10:04:09.040+0000] {logging_mixin.py:188} INFO - [2025-05-09T10:04:09.040+0000] {dag.py:3823} INFO - Setting next_dagrun for dataset_consumes_1 to None, run_after=None
[2025-05-09T10:04:09.047+0000] {logging_mixin.py:188} INFO - [2025-05-09T10:04:09.047+0000] {dag.py:3823} INFO - Setting next_dagrun for dataset_consumes_1_and_2 to None, run_after=None
[2025-05-09T10:04:09.050+0000] {logging_mixin.py:188} INFO - [2025-05-09T10:04:09.049+0000] {dag.py:3823} INFO - Setting next_dagrun for dataset_consumes_1_never_scheduled to None, run_after=None
[2025-05-09T10:04:09.053+0000] {logging_mixin.py:188} INFO - [2025-05-09T10:04:09.052+0000] {dag.py:3823} INFO - Setting next_dagrun for dataset_consumes_unknown_never_scheduled to None, run_after=None
[2025-05-09T10:04:09.059+0000] {logging_mixin.py:188} INFO - [2025-05-09T10:04:09.058+0000] {dag.py:3823} INFO - Setting next_dagrun for dataset_produces_1 to 2025-05-08 00:00:00+00:00, run_after=2025-05-09 00:00:00+00:00
[2025-05-09T10:04:09.062+0000] {logging_mixin.py:188} INFO - [2025-05-09T10:04:09.062+0000] {dag.py:3823} INFO - Setting next_dagrun for dataset_produces_2 to None, run_after=None
[2025-05-09T10:04:09.138+0000] {processor.py:183} INFO - Processing /home/airflow/.local/lib/python3.8/site-packages/airflow/example_dags/example_datasets.py took 0.241 seconds
[2025-05-09T10:04:39.324+0000] {processor.py:161} INFO - Started process (PID=474) to work on /home/airflow/.local/lib/python3.8/site-packages/airflow/example_dags/example_datasets.py
[2025-05-09T10:04:39.327+0000] {processor.py:830} INFO - Processing file /home/airflow/.local/lib/python3.8/site-packages/airflow/example_dags/example_datasets.py for tasks to queue
[2025-05-09T10:04:39.330+0000] {logging_mixin.py:188} INFO - [2025-05-09T10:04:39.330+0000] {dagbag.py:538} INFO - Filling up the DagBag from /home/airflow/.local/lib/python3.8/site-packages/airflow/example_dags/example_datasets.py
[2025-05-09T10:04:39.350+0000] {processor.py:840} INFO - DAG(s) 'dataset_consumes_1_and_2', 'dataset_produces_2', 'dataset_produces_1', 'dataset_consumes_1_never_scheduled', 'dataset_consumes_1', 'dataset_consumes_unknown_never_scheduled' retrieved from /home/airflow/.local/lib/python3.8/site-packages/airflow/example_dags/example_datasets.py
[2025-05-09T10:04:39.465+0000] {logging_mixin.py:188} INFO - [2025-05-09T10:04:39.465+0000] {dag.py:3036} INFO - Sync 6 DAGs
[2025-05-09T10:04:39.523+0000] {logging_mixin.py:188} INFO - [2025-05-09T10:04:39.523+0000] {dag.py:3823} INFO - Setting next_dagrun for dataset_consumes_1 to None, run_after=None
[2025-05-09T10:04:39.531+0000] {logging_mixin.py:188} INFO - [2025-05-09T10:04:39.531+0000] {dag.py:3823} INFO - Setting next_dagrun for dataset_consumes_1_and_2 to None, run_after=None
[2025-05-09T10:04:39.534+0000] {logging_mixin.py:188} INFO - [2025-05-09T10:04:39.534+0000] {dag.py:3823} INFO - Setting next_dagrun for dataset_consumes_1_never_scheduled to None, run_after=None
[2025-05-09T10:04:39.538+0000] {logging_mixin.py:188} INFO - [2025-05-09T10:04:39.537+0000] {dag.py:3823} INFO - Setting next_dagrun for dataset_consumes_unknown_never_scheduled to None, run_after=None
[2025-05-09T10:04:39.544+0000] {logging_mixin.py:188} INFO - [2025-05-09T10:04:39.544+0000] {dag.py:3823} INFO - Setting next_dagrun for dataset_produces_1 to 2025-05-08 00:00:00+00:00, run_after=2025-05-09 00:00:00+00:00
[2025-05-09T10:04:39.547+0000] {logging_mixin.py:188} INFO - [2025-05-09T10:04:39.547+0000] {dag.py:3823} INFO - Setting next_dagrun for dataset_produces_2 to None, run_after=None
[2025-05-09T10:04:39.607+0000] {processor.py:183} INFO - Processing /home/airflow/.local/lib/python3.8/site-packages/airflow/example_dags/example_datasets.py took 0.291 seconds
[2025-05-09T10:05:10.640+0000] {processor.py:161} INFO - Started process (PID=528) to work on /home/airflow/.local/lib/python3.8/site-packages/airflow/example_dags/example_datasets.py
[2025-05-09T10:05:10.643+0000] {processor.py:830} INFO - Processing file /home/airflow/.local/lib/python3.8/site-packages/airflow/example_dags/example_datasets.py for tasks to queue
[2025-05-09T10:05:10.649+0000] {logging_mixin.py:188} INFO - [2025-05-09T10:05:10.648+0000] {dagbag.py:538} INFO - Filling up the DagBag from /home/airflow/.local/lib/python3.8/site-packages/airflow/example_dags/example_datasets.py
[2025-05-09T10:05:10.677+0000] {processor.py:840} INFO - DAG(s) 'dataset_consumes_1_and_2', 'dataset_produces_1', 'dataset_produces_2', 'dataset_consumes_unknown_never_scheduled', 'dataset_consumes_1', 'dataset_consumes_1_never_scheduled' retrieved from /home/airflow/.local/lib/python3.8/site-packages/airflow/example_dags/example_datasets.py
[2025-05-09T10:05:10.758+0000] {logging_mixin.py:188} INFO - [2025-05-09T10:05:10.758+0000] {dag.py:3036} INFO - Sync 6 DAGs
[2025-05-09T10:05:10.810+0000] {logging_mixin.py:188} INFO - [2025-05-09T10:05:10.809+0000] {dag.py:3823} INFO - Setting next_dagrun for dataset_consumes_1 to None, run_after=None
[2025-05-09T10:05:10.818+0000] {logging_mixin.py:188} INFO - [2025-05-09T10:05:10.818+0000] {dag.py:3823} INFO - Setting next_dagrun for dataset_consumes_1_and_2 to None, run_after=None
[2025-05-09T10:05:10.821+0000] {logging_mixin.py:188} INFO - [2025-05-09T10:05:10.821+0000] {dag.py:3823} INFO - Setting next_dagrun for dataset_consumes_1_never_scheduled to None, run_after=None
[2025-05-09T10:05:10.824+0000] {logging_mixin.py:188} INFO - [2025-05-09T10:05:10.824+0000] {dag.py:3823} INFO - Setting next_dagrun for dataset_consumes_unknown_never_scheduled to None, run_after=None
[2025-05-09T10:05:10.831+0000] {logging_mixin.py:188} INFO - [2025-05-09T10:05:10.831+0000] {dag.py:3823} INFO - Setting next_dagrun for dataset_produces_1 to 2025-05-08 00:00:00+00:00, run_after=2025-05-09 00:00:00+00:00
[2025-05-09T10:05:10.835+0000] {logging_mixin.py:188} INFO - [2025-05-09T10:05:10.835+0000] {dag.py:3823} INFO - Setting next_dagrun for dataset_produces_2 to None, run_after=None
[2025-05-09T10:05:10.900+0000] {processor.py:183} INFO - Processing /home/airflow/.local/lib/python3.8/site-packages/airflow/example_dags/example_datasets.py took 0.267 seconds
[2025-05-09T10:05:41.013+0000] {processor.py:161} INFO - Started process (PID=584) to work on /home/airflow/.local/lib/python3.8/site-packages/airflow/example_dags/example_datasets.py
[2025-05-09T10:05:41.015+0000] {processor.py:830} INFO - Processing file /home/airflow/.local/lib/python3.8/site-packages/airflow/example_dags/example_datasets.py for tasks to queue
[2025-05-09T10:05:41.021+0000] {logging_mixin.py:188} INFO - [2025-05-09T10:05:41.020+0000] {dagbag.py:538} INFO - Filling up the DagBag from /home/airflow/.local/lib/python3.8/site-packages/airflow/example_dags/example_datasets.py
[2025-05-09T10:05:41.049+0000] {processor.py:840} INFO - DAG(s) 'dataset_consumes_1_never_scheduled', 'dataset_produces_2', 'dataset_produces_1', 'dataset_consumes_1_and_2', 'dataset_consumes_1', 'dataset_consumes_unknown_never_scheduled' retrieved from /home/airflow/.local/lib/python3.8/site-packages/airflow/example_dags/example_datasets.py
[2025-05-09T10:05:41.157+0000] {logging_mixin.py:188} INFO - [2025-05-09T10:05:41.157+0000] {dag.py:3036} INFO - Sync 6 DAGs
[2025-05-09T10:05:41.217+0000] {logging_mixin.py:188} INFO - [2025-05-09T10:05:41.216+0000] {dag.py:3823} INFO - Setting next_dagrun for dataset_consumes_1 to None, run_after=None
[2025-05-09T10:05:41.224+0000] {logging_mixin.py:188} INFO - [2025-05-09T10:05:41.224+0000] {dag.py:3823} INFO - Setting next_dagrun for dataset_consumes_1_and_2 to None, run_after=None
[2025-05-09T10:05:41.228+0000] {logging_mixin.py:188} INFO - [2025-05-09T10:05:41.228+0000] {dag.py:3823} INFO - Setting next_dagrun for dataset_consumes_1_never_scheduled to None, run_after=None
[2025-05-09T10:05:41.232+0000] {logging_mixin.py:188} INFO - [2025-05-09T10:05:41.232+0000] {dag.py:3823} INFO - Setting next_dagrun for dataset_consumes_unknown_never_scheduled to None, run_after=None
[2025-05-09T10:05:41.239+0000] {logging_mixin.py:188} INFO - [2025-05-09T10:05:41.238+0000] {dag.py:3823} INFO - Setting next_dagrun for dataset_produces_1 to 2025-05-08 00:00:00+00:00, run_after=2025-05-09 00:00:00+00:00
[2025-05-09T10:05:41.241+0000] {logging_mixin.py:188} INFO - [2025-05-09T10:05:41.241+0000] {dag.py:3823} INFO - Setting next_dagrun for dataset_produces_2 to None, run_after=None
[2025-05-09T10:05:41.304+0000] {processor.py:183} INFO - Processing /home/airflow/.local/lib/python3.8/site-packages/airflow/example_dags/example_datasets.py took 0.300 seconds
[2025-05-09T10:06:11.612+0000] {processor.py:161} INFO - Started process (PID=639) to work on /home/airflow/.local/lib/python3.8/site-packages/airflow/example_dags/example_datasets.py
[2025-05-09T10:06:11.615+0000] {processor.py:830} INFO - Processing file /home/airflow/.local/lib/python3.8/site-packages/airflow/example_dags/example_datasets.py for tasks to queue
[2025-05-09T10:06:11.619+0000] {logging_mixin.py:188} INFO - [2025-05-09T10:06:11.618+0000] {dagbag.py:538} INFO - Filling up the DagBag from /home/airflow/.local/lib/python3.8/site-packages/airflow/example_dags/example_datasets.py
[2025-05-09T10:06:11.640+0000] {processor.py:840} INFO - DAG(s) 'dataset_consumes_1_and_2', 'dataset_consumes_1_never_scheduled', 'dataset_produces_1', 'dataset_consumes_1', 'dataset_produces_2', 'dataset_consumes_unknown_never_scheduled' retrieved from /home/airflow/.local/lib/python3.8/site-packages/airflow/example_dags/example_datasets.py
[2025-05-09T10:06:11.720+0000] {logging_mixin.py:188} INFO - [2025-05-09T10:06:11.719+0000] {dag.py:3036} INFO - Sync 6 DAGs
[2025-05-09T10:06:11.791+0000] {logging_mixin.py:188} INFO - [2025-05-09T10:06:11.791+0000] {dag.py:3823} INFO - Setting next_dagrun for dataset_consumes_1 to None, run_after=None
[2025-05-09T10:06:11.806+0000] {logging_mixin.py:188} INFO - [2025-05-09T10:06:11.805+0000] {dag.py:3823} INFO - Setting next_dagrun for dataset_consumes_1_and_2 to None, run_after=None
[2025-05-09T10:06:11.811+0000] {logging_mixin.py:188} INFO - [2025-05-09T10:06:11.810+0000] {dag.py:3823} INFO - Setting next_dagrun for dataset_consumes_1_never_scheduled to None, run_after=None
[2025-05-09T10:06:11.814+0000] {logging_mixin.py:188} INFO - [2025-05-09T10:06:11.814+0000] {dag.py:3823} INFO - Setting next_dagrun for dataset_consumes_unknown_never_scheduled to None, run_after=None
[2025-05-09T10:06:11.821+0000] {logging_mixin.py:188} INFO - [2025-05-09T10:06:11.821+0000] {dag.py:3823} INFO - Setting next_dagrun for dataset_produces_1 to 2025-05-08 00:00:00+00:00, run_after=2025-05-09 00:00:00+00:00
[2025-05-09T10:06:11.825+0000] {logging_mixin.py:188} INFO - [2025-05-09T10:06:11.824+0000] {dag.py:3823} INFO - Setting next_dagrun for dataset_produces_2 to None, run_after=None
[2025-05-09T10:06:11.904+0000] {processor.py:183} INFO - Processing /home/airflow/.local/lib/python3.8/site-packages/airflow/example_dags/example_datasets.py took 0.301 seconds
[2025-05-09T10:06:42.918+0000] {processor.py:161} INFO - Started process (PID=696) to work on /home/airflow/.local/lib/python3.8/site-packages/airflow/example_dags/example_datasets.py
[2025-05-09T10:06:42.924+0000] {processor.py:830} INFO - Processing file /home/airflow/.local/lib/python3.8/site-packages/airflow/example_dags/example_datasets.py for tasks to queue
[2025-05-09T10:06:42.935+0000] {logging_mixin.py:188} INFO - [2025-05-09T10:06:42.933+0000] {dagbag.py:538} INFO - Filling up the DagBag from /home/airflow/.local/lib/python3.8/site-packages/airflow/example_dags/example_datasets.py
[2025-05-09T10:06:42.981+0000] {processor.py:840} INFO - DAG(s) 'dataset_consumes_1_never_scheduled', 'dataset_produces_1', 'dataset_consumes_1_and_2', 'dataset_consumes_1', 'dataset_produces_2', 'dataset_consumes_unknown_never_scheduled' retrieved from /home/airflow/.local/lib/python3.8/site-packages/airflow/example_dags/example_datasets.py
[2025-05-09T10:06:43.186+0000] {logging_mixin.py:188} INFO - [2025-05-09T10:06:43.185+0000] {dag.py:3036} INFO - Sync 6 DAGs
[2025-05-09T10:06:43.316+0000] {logging_mixin.py:188} INFO - [2025-05-09T10:06:43.315+0000] {dag.py:3823} INFO - Setting next_dagrun for dataset_consumes_1 to None, run_after=None
[2025-05-09T10:06:43.330+0000] {logging_mixin.py:188} INFO - [2025-05-09T10:06:43.329+0000] {dag.py:3823} INFO - Setting next_dagrun for dataset_consumes_1_and_2 to None, run_after=None
[2025-05-09T10:06:43.333+0000] {logging_mixin.py:188} INFO - [2025-05-09T10:06:43.333+0000] {dag.py:3823} INFO - Setting next_dagrun for dataset_consumes_1_never_scheduled to None, run_after=None
[2025-05-09T10:06:43.337+0000] {logging_mixin.py:188} INFO - [2025-05-09T10:06:43.336+0000] {dag.py:3823} INFO - Setting next_dagrun for dataset_consumes_unknown_never_scheduled to None, run_after=None
[2025-05-09T10:06:43.343+0000] {logging_mixin.py:188} INFO - [2025-05-09T10:06:43.342+0000] {dag.py:3823} INFO - Setting next_dagrun for dataset_produces_1 to 2025-05-08 00:00:00+00:00, run_after=2025-05-09 00:00:00+00:00
[2025-05-09T10:06:43.346+0000] {logging_mixin.py:188} INFO - [2025-05-09T10:06:43.346+0000] {dag.py:3823} INFO - Setting next_dagrun for dataset_produces_2 to None, run_after=None
[2025-05-09T10:06:43.413+0000] {processor.py:183} INFO - Processing /home/airflow/.local/lib/python3.8/site-packages/airflow/example_dags/example_datasets.py took 0.515 seconds
[2025-05-09T10:09:08.819+0000] {processor.py:161} INFO - Started process (PID=77) to work on /home/airflow/.local/lib/python3.8/site-packages/airflow/example_dags/example_datasets.py
[2025-05-09T10:09:08.824+0000] {processor.py:830} INFO - Processing file /home/airflow/.local/lib/python3.8/site-packages/airflow/example_dags/example_datasets.py for tasks to queue
[2025-05-09T10:09:08.831+0000] {logging_mixin.py:188} INFO - [2025-05-09T10:09:08.830+0000] {dagbag.py:538} INFO - Filling up the DagBag from /home/airflow/.local/lib/python3.8/site-packages/airflow/example_dags/example_datasets.py
[2025-05-09T10:09:08.964+0000] {processor.py:840} INFO - DAG(s) 'dataset_produces_2', 'dataset_consumes_unknown_never_scheduled', 'dataset_consumes_1', 'dataset_consumes_1_and_2', 'dataset_produces_1', 'dataset_consumes_1_never_scheduled' retrieved from /home/airflow/.local/lib/python3.8/site-packages/airflow/example_dags/example_datasets.py
[2025-05-09T10:09:09.815+0000] {logging_mixin.py:188} INFO - [2025-05-09T10:09:09.814+0000] {dag.py:3036} INFO - Sync 6 DAGs
[2025-05-09T10:09:09.948+0000] {logging_mixin.py:188} INFO - [2025-05-09T10:09:09.948+0000] {dag.py:3823} INFO - Setting next_dagrun for dataset_consumes_1 to None, run_after=None
[2025-05-09T10:09:09.960+0000] {logging_mixin.py:188} INFO - [2025-05-09T10:09:09.959+0000] {dag.py:3823} INFO - Setting next_dagrun for dataset_consumes_1_and_2 to None, run_after=None
[2025-05-09T10:09:09.963+0000] {logging_mixin.py:188} INFO - [2025-05-09T10:09:09.963+0000] {dag.py:3823} INFO - Setting next_dagrun for dataset_consumes_1_never_scheduled to None, run_after=None
[2025-05-09T10:09:09.966+0000] {logging_mixin.py:188} INFO - [2025-05-09T10:09:09.966+0000] {dag.py:3823} INFO - Setting next_dagrun for dataset_consumes_unknown_never_scheduled to None, run_after=None
[2025-05-09T10:09:09.976+0000] {logging_mixin.py:188} INFO - [2025-05-09T10:09:09.975+0000] {dag.py:3823} INFO - Setting next_dagrun for dataset_produces_1 to 2025-05-08 00:00:00+00:00, run_after=2025-05-09 00:00:00+00:00
[2025-05-09T10:09:09.978+0000] {logging_mixin.py:188} INFO - [2025-05-09T10:09:09.978+0000] {dag.py:3823} INFO - Setting next_dagrun for dataset_produces_2 to None, run_after=None
[2025-05-09T10:09:10.084+0000] {processor.py:183} INFO - Processing /home/airflow/.local/lib/python3.8/site-packages/airflow/example_dags/example_datasets.py took 1.278 seconds
[2025-05-09T10:09:40.959+0000] {processor.py:161} INFO - Started process (PID=132) to work on /home/airflow/.local/lib/python3.8/site-packages/airflow/example_dags/example_datasets.py
[2025-05-09T10:09:40.962+0000] {processor.py:830} INFO - Processing file /home/airflow/.local/lib/python3.8/site-packages/airflow/example_dags/example_datasets.py for tasks to queue
[2025-05-09T10:09:40.974+0000] {logging_mixin.py:188} INFO - [2025-05-09T10:09:40.971+0000] {dagbag.py:538} INFO - Filling up the DagBag from /home/airflow/.local/lib/python3.8/site-packages/airflow/example_dags/example_datasets.py
[2025-05-09T10:09:40.997+0000] {processor.py:840} INFO - DAG(s) 'dataset_consumes_1', 'dataset_produces_2', 'dataset_consumes_1_never_scheduled', 'dataset_produces_1', 'dataset_consumes_1_and_2', 'dataset_consumes_unknown_never_scheduled' retrieved from /home/airflow/.local/lib/python3.8/site-packages/airflow/example_dags/example_datasets.py
[2025-05-09T10:09:41.083+0000] {logging_mixin.py:188} INFO - [2025-05-09T10:09:41.083+0000] {dag.py:3036} INFO - Sync 6 DAGs
[2025-05-09T10:09:41.132+0000] {logging_mixin.py:188} INFO - [2025-05-09T10:09:41.131+0000] {dag.py:3823} INFO - Setting next_dagrun for dataset_consumes_1 to None, run_after=None
[2025-05-09T10:09:41.138+0000] {logging_mixin.py:188} INFO - [2025-05-09T10:09:41.137+0000] {dag.py:3823} INFO - Setting next_dagrun for dataset_consumes_1_and_2 to None, run_after=None
[2025-05-09T10:09:41.140+0000] {logging_mixin.py:188} INFO - [2025-05-09T10:09:41.140+0000] {dag.py:3823} INFO - Setting next_dagrun for dataset_consumes_1_never_scheduled to None, run_after=None
[2025-05-09T10:09:41.143+0000] {logging_mixin.py:188} INFO - [2025-05-09T10:09:41.142+0000] {dag.py:3823} INFO - Setting next_dagrun for dataset_consumes_unknown_never_scheduled to None, run_after=None
[2025-05-09T10:09:41.149+0000] {logging_mixin.py:188} INFO - [2025-05-09T10:09:41.148+0000] {dag.py:3823} INFO - Setting next_dagrun for dataset_produces_1 to 2025-05-08 00:00:00+00:00, run_after=2025-05-09 00:00:00+00:00
[2025-05-09T10:09:41.151+0000] {logging_mixin.py:188} INFO - [2025-05-09T10:09:41.151+0000] {dag.py:3823} INFO - Setting next_dagrun for dataset_produces_2 to None, run_after=None
[2025-05-09T10:09:41.227+0000] {processor.py:183} INFO - Processing /home/airflow/.local/lib/python3.8/site-packages/airflow/example_dags/example_datasets.py took 0.280 seconds
[2025-05-09T10:10:12.256+0000] {processor.py:161} INFO - Started process (PID=189) to work on /home/airflow/.local/lib/python3.8/site-packages/airflow/example_dags/example_datasets.py
[2025-05-09T10:10:12.258+0000] {processor.py:830} INFO - Processing file /home/airflow/.local/lib/python3.8/site-packages/airflow/example_dags/example_datasets.py for tasks to queue
[2025-05-09T10:10:12.262+0000] {logging_mixin.py:188} INFO - [2025-05-09T10:10:12.261+0000] {dagbag.py:538} INFO - Filling up the DagBag from /home/airflow/.local/lib/python3.8/site-packages/airflow/example_dags/example_datasets.py
[2025-05-09T10:10:12.287+0000] {processor.py:840} INFO - DAG(s) 'dataset_consumes_1_never_scheduled', 'dataset_consumes_1_and_2', 'dataset_consumes_unknown_never_scheduled', 'dataset_produces_2', 'dataset_consumes_1', 'dataset_produces_1' retrieved from /home/airflow/.local/lib/python3.8/site-packages/airflow/example_dags/example_datasets.py
[2025-05-09T10:10:12.418+0000] {logging_mixin.py:188} INFO - [2025-05-09T10:10:12.417+0000] {dag.py:3036} INFO - Sync 6 DAGs
[2025-05-09T10:10:12.475+0000] {logging_mixin.py:188} INFO - [2025-05-09T10:10:12.475+0000] {dag.py:3823} INFO - Setting next_dagrun for dataset_consumes_1 to None, run_after=None
[2025-05-09T10:10:12.484+0000] {logging_mixin.py:188} INFO - [2025-05-09T10:10:12.483+0000] {dag.py:3823} INFO - Setting next_dagrun for dataset_consumes_1_and_2 to None, run_after=None
[2025-05-09T10:10:12.487+0000] {logging_mixin.py:188} INFO - [2025-05-09T10:10:12.487+0000] {dag.py:3823} INFO - Setting next_dagrun for dataset_consumes_1_never_scheduled to None, run_after=None
[2025-05-09T10:10:12.491+0000] {logging_mixin.py:188} INFO - [2025-05-09T10:10:12.490+0000] {dag.py:3823} INFO - Setting next_dagrun for dataset_consumes_unknown_never_scheduled to None, run_after=None
[2025-05-09T10:10:12.497+0000] {logging_mixin.py:188} INFO - [2025-05-09T10:10:12.497+0000] {dag.py:3823} INFO - Setting next_dagrun for dataset_produces_1 to 2025-05-08 00:00:00+00:00, run_after=2025-05-09 00:00:00+00:00
[2025-05-09T10:10:12.503+0000] {logging_mixin.py:188} INFO - [2025-05-09T10:10:12.503+0000] {dag.py:3823} INFO - Setting next_dagrun for dataset_produces_2 to None, run_after=None
[2025-05-09T10:10:12.576+0000] {processor.py:183} INFO - Processing /home/airflow/.local/lib/python3.8/site-packages/airflow/example_dags/example_datasets.py took 0.329 seconds
[2025-05-09T10:10:43.383+0000] {processor.py:161} INFO - Started process (PID=245) to work on /home/airflow/.local/lib/python3.8/site-packages/airflow/example_dags/example_datasets.py
[2025-05-09T10:10:43.386+0000] {processor.py:830} INFO - Processing file /home/airflow/.local/lib/python3.8/site-packages/airflow/example_dags/example_datasets.py for tasks to queue
[2025-05-09T10:10:43.389+0000] {logging_mixin.py:188} INFO - [2025-05-09T10:10:43.389+0000] {dagbag.py:538} INFO - Filling up the DagBag from /home/airflow/.local/lib/python3.8/site-packages/airflow/example_dags/example_datasets.py
[2025-05-09T10:10:43.419+0000] {processor.py:840} INFO - DAG(s) 'dataset_consumes_unknown_never_scheduled', 'dataset_consumes_1_and_2', 'dataset_consumes_1_never_scheduled', 'dataset_produces_2', 'dataset_produces_1', 'dataset_consumes_1' retrieved from /home/airflow/.local/lib/python3.8/site-packages/airflow/example_dags/example_datasets.py
[2025-05-09T10:10:43.554+0000] {logging_mixin.py:188} INFO - [2025-05-09T10:10:43.553+0000] {dag.py:3036} INFO - Sync 6 DAGs
[2025-05-09T10:10:43.666+0000] {logging_mixin.py:188} INFO - [2025-05-09T10:10:43.665+0000] {dag.py:3823} INFO - Setting next_dagrun for dataset_consumes_1 to None, run_after=None
[2025-05-09T10:10:43.678+0000] {logging_mixin.py:188} INFO - [2025-05-09T10:10:43.678+0000] {dag.py:3823} INFO - Setting next_dagrun for dataset_consumes_1_and_2 to None, run_after=None
[2025-05-09T10:10:43.682+0000] {logging_mixin.py:188} INFO - [2025-05-09T10:10:43.681+0000] {dag.py:3823} INFO - Setting next_dagrun for dataset_consumes_1_never_scheduled to None, run_after=None
[2025-05-09T10:10:43.685+0000] {logging_mixin.py:188} INFO - [2025-05-09T10:10:43.684+0000] {dag.py:3823} INFO - Setting next_dagrun for dataset_consumes_unknown_never_scheduled to None, run_after=None
[2025-05-09T10:10:43.697+0000] {logging_mixin.py:188} INFO - [2025-05-09T10:10:43.696+0000] {dag.py:3823} INFO - Setting next_dagrun for dataset_produces_1 to 2025-05-08 00:00:00+00:00, run_after=2025-05-09 00:00:00+00:00
[2025-05-09T10:10:43.701+0000] {logging_mixin.py:188} INFO - [2025-05-09T10:10:43.700+0000] {dag.py:3823} INFO - Setting next_dagrun for dataset_produces_2 to None, run_after=None
[2025-05-09T10:10:44.988+0000] {processor.py:183} INFO - Processing /home/airflow/.local/lib/python3.8/site-packages/airflow/example_dags/example_datasets.py took 1.612 seconds
[2025-05-09T10:11:15.657+0000] {processor.py:161} INFO - Started process (PID=299) to work on /home/airflow/.local/lib/python3.8/site-packages/airflow/example_dags/example_datasets.py
[2025-05-09T10:11:15.662+0000] {processor.py:830} INFO - Processing file /home/airflow/.local/lib/python3.8/site-packages/airflow/example_dags/example_datasets.py for tasks to queue
[2025-05-09T10:11:15.667+0000] {logging_mixin.py:188} INFO - [2025-05-09T10:11:15.666+0000] {dagbag.py:538} INFO - Filling up the DagBag from /home/airflow/.local/lib/python3.8/site-packages/airflow/example_dags/example_datasets.py
[2025-05-09T10:11:15.693+0000] {processor.py:840} INFO - DAG(s) 'dataset_consumes_1', 'dataset_consumes_1_and_2', 'dataset_consumes_unknown_never_scheduled', 'dataset_consumes_1_never_scheduled', 'dataset_produces_1', 'dataset_produces_2' retrieved from /home/airflow/.local/lib/python3.8/site-packages/airflow/example_dags/example_datasets.py
[2025-05-09T10:11:15.810+0000] {logging_mixin.py:188} INFO - [2025-05-09T10:11:15.809+0000] {dag.py:3036} INFO - Sync 6 DAGs
[2025-05-09T10:11:15.867+0000] {logging_mixin.py:188} INFO - [2025-05-09T10:11:15.867+0000] {dag.py:3823} INFO - Setting next_dagrun for dataset_consumes_1 to None, run_after=None
[2025-05-09T10:11:15.882+0000] {logging_mixin.py:188} INFO - [2025-05-09T10:11:15.881+0000] {dag.py:3823} INFO - Setting next_dagrun for dataset_consumes_1_and_2 to None, run_after=None
[2025-05-09T10:11:15.887+0000] {logging_mixin.py:188} INFO - [2025-05-09T10:11:15.886+0000] {dag.py:3823} INFO - Setting next_dagrun for dataset_consumes_1_never_scheduled to None, run_after=None
[2025-05-09T10:11:15.891+0000] {logging_mixin.py:188} INFO - [2025-05-09T10:11:15.891+0000] {dag.py:3823} INFO - Setting next_dagrun for dataset_consumes_unknown_never_scheduled to None, run_after=None
[2025-05-09T10:11:15.904+0000] {logging_mixin.py:188} INFO - [2025-05-09T10:11:15.903+0000] {dag.py:3823} INFO - Setting next_dagrun for dataset_produces_1 to 2025-05-08 00:00:00+00:00, run_after=2025-05-09 00:00:00+00:00
[2025-05-09T10:11:15.908+0000] {logging_mixin.py:188} INFO - [2025-05-09T10:11:15.907+0000] {dag.py:3823} INFO - Setting next_dagrun for dataset_produces_2 to None, run_after=None
[2025-05-09T10:11:15.983+0000] {processor.py:183} INFO - Processing /home/airflow/.local/lib/python3.8/site-packages/airflow/example_dags/example_datasets.py took 0.341 seconds
[2025-05-09T10:11:46.635+0000] {processor.py:161} INFO - Started process (PID=355) to work on /home/airflow/.local/lib/python3.8/site-packages/airflow/example_dags/example_datasets.py
[2025-05-09T10:11:46.644+0000] {processor.py:830} INFO - Processing file /home/airflow/.local/lib/python3.8/site-packages/airflow/example_dags/example_datasets.py for tasks to queue
[2025-05-09T10:11:46.667+0000] {logging_mixin.py:188} INFO - [2025-05-09T10:11:46.664+0000] {dagbag.py:538} INFO - Filling up the DagBag from /home/airflow/.local/lib/python3.8/site-packages/airflow/example_dags/example_datasets.py
[2025-05-09T10:11:46.721+0000] {processor.py:840} INFO - DAG(s) 'dataset_consumes_1_and_2', 'dataset_produces_1', 'dataset_produces_2', 'dataset_consumes_1_never_scheduled', 'dataset_consumes_unknown_never_scheduled', 'dataset_consumes_1' retrieved from /home/airflow/.local/lib/python3.8/site-packages/airflow/example_dags/example_datasets.py
[2025-05-09T10:11:46.846+0000] {logging_mixin.py:188} INFO - [2025-05-09T10:11:46.846+0000] {dag.py:3036} INFO - Sync 6 DAGs
[2025-05-09T10:11:46.885+0000] {logging_mixin.py:188} INFO - [2025-05-09T10:11:46.885+0000] {dag.py:3823} INFO - Setting next_dagrun for dataset_consumes_1 to None, run_after=None
[2025-05-09T10:11:46.891+0000] {logging_mixin.py:188} INFO - [2025-05-09T10:11:46.891+0000] {dag.py:3823} INFO - Setting next_dagrun for dataset_consumes_1_and_2 to None, run_after=None
[2025-05-09T10:11:46.893+0000] {logging_mixin.py:188} INFO - [2025-05-09T10:11:46.893+0000] {dag.py:3823} INFO - Setting next_dagrun for dataset_consumes_1_never_scheduled to None, run_after=None
[2025-05-09T10:11:46.896+0000] {logging_mixin.py:188} INFO - [2025-05-09T10:11:46.896+0000] {dag.py:3823} INFO - Setting next_dagrun for dataset_consumes_unknown_never_scheduled to None, run_after=None
[2025-05-09T10:11:46.902+0000] {logging_mixin.py:188} INFO - [2025-05-09T10:11:46.902+0000] {dag.py:3823} INFO - Setting next_dagrun for dataset_produces_1 to 2025-05-08 00:00:00+00:00, run_after=2025-05-09 00:00:00+00:00
[2025-05-09T10:11:46.906+0000] {logging_mixin.py:188} INFO - [2025-05-09T10:11:46.905+0000] {dag.py:3823} INFO - Setting next_dagrun for dataset_produces_2 to None, run_after=None
[2025-05-09T10:11:46.965+0000] {processor.py:183} INFO - Processing /home/airflow/.local/lib/python3.8/site-packages/airflow/example_dags/example_datasets.py took 0.368 seconds
[2025-05-09T10:12:17.296+0000] {processor.py:161} INFO - Started process (PID=411) to work on /home/airflow/.local/lib/python3.8/site-packages/airflow/example_dags/example_datasets.py
[2025-05-09T10:12:17.301+0000] {processor.py:830} INFO - Processing file /home/airflow/.local/lib/python3.8/site-packages/airflow/example_dags/example_datasets.py for tasks to queue
[2025-05-09T10:12:17.309+0000] {logging_mixin.py:188} INFO - [2025-05-09T10:12:17.308+0000] {dagbag.py:538} INFO - Filling up the DagBag from /home/airflow/.local/lib/python3.8/site-packages/airflow/example_dags/example_datasets.py
[2025-05-09T10:12:17.379+0000] {processor.py:840} INFO - DAG(s) 'dataset_produces_1', 'dataset_consumes_1_and_2', 'dataset_consumes_1', 'dataset_consumes_1_never_scheduled', 'dataset_consumes_unknown_never_scheduled', 'dataset_produces_2' retrieved from /home/airflow/.local/lib/python3.8/site-packages/airflow/example_dags/example_datasets.py
[2025-05-09T10:12:17.558+0000] {logging_mixin.py:188} INFO - [2025-05-09T10:12:17.556+0000] {dag.py:3036} INFO - Sync 6 DAGs
[2025-05-09T10:12:17.705+0000] {logging_mixin.py:188} INFO - [2025-05-09T10:12:17.705+0000] {dag.py:3823} INFO - Setting next_dagrun for dataset_consumes_1 to None, run_after=None
[2025-05-09T10:12:17.717+0000] {logging_mixin.py:188} INFO - [2025-05-09T10:12:17.716+0000] {dag.py:3823} INFO - Setting next_dagrun for dataset_consumes_1_and_2 to None, run_after=None
[2025-05-09T10:12:17.722+0000] {logging_mixin.py:188} INFO - [2025-05-09T10:12:17.722+0000] {dag.py:3823} INFO - Setting next_dagrun for dataset_consumes_1_never_scheduled to None, run_after=None
[2025-05-09T10:12:17.727+0000] {logging_mixin.py:188} INFO - [2025-05-09T10:12:17.726+0000] {dag.py:3823} INFO - Setting next_dagrun for dataset_consumes_unknown_never_scheduled to None, run_after=None
[2025-05-09T10:12:17.737+0000] {logging_mixin.py:188} INFO - [2025-05-09T10:12:17.737+0000] {dag.py:3823} INFO - Setting next_dagrun for dataset_produces_1 to 2025-05-08 00:00:00+00:00, run_after=2025-05-09 00:00:00+00:00
[2025-05-09T10:12:17.741+0000] {logging_mixin.py:188} INFO - [2025-05-09T10:12:17.740+0000] {dag.py:3823} INFO - Setting next_dagrun for dataset_produces_2 to None, run_after=None
[2025-05-09T10:12:17.824+0000] {processor.py:183} INFO - Processing /home/airflow/.local/lib/python3.8/site-packages/airflow/example_dags/example_datasets.py took 0.547 seconds
[2025-05-09T10:12:48.515+0000] {processor.py:161} INFO - Started process (PID=467) to work on /home/airflow/.local/lib/python3.8/site-packages/airflow/example_dags/example_datasets.py
[2025-05-09T10:12:48.517+0000] {processor.py:830} INFO - Processing file /home/airflow/.local/lib/python3.8/site-packages/airflow/example_dags/example_datasets.py for tasks to queue
[2025-05-09T10:12:48.520+0000] {logging_mixin.py:188} INFO - [2025-05-09T10:12:48.520+0000] {dagbag.py:538} INFO - Filling up the DagBag from /home/airflow/.local/lib/python3.8/site-packages/airflow/example_dags/example_datasets.py
[2025-05-09T10:12:48.536+0000] {processor.py:840} INFO - DAG(s) 'dataset_produces_2', 'dataset_consumes_1', 'dataset_produces_1', 'dataset_consumes_unknown_never_scheduled', 'dataset_consumes_1_and_2', 'dataset_consumes_1_never_scheduled' retrieved from /home/airflow/.local/lib/python3.8/site-packages/airflow/example_dags/example_datasets.py
[2025-05-09T10:12:48.603+0000] {logging_mixin.py:188} INFO - [2025-05-09T10:12:48.603+0000] {dag.py:3036} INFO - Sync 6 DAGs
[2025-05-09T10:12:48.646+0000] {logging_mixin.py:188} INFO - [2025-05-09T10:12:48.646+0000] {dag.py:3823} INFO - Setting next_dagrun for dataset_consumes_1 to None, run_after=None
[2025-05-09T10:12:48.654+0000] {logging_mixin.py:188} INFO - [2025-05-09T10:12:48.654+0000] {dag.py:3823} INFO - Setting next_dagrun for dataset_consumes_1_and_2 to None, run_after=None
[2025-05-09T10:12:48.656+0000] {logging_mixin.py:188} INFO - [2025-05-09T10:12:48.656+0000] {dag.py:3823} INFO - Setting next_dagrun for dataset_consumes_1_never_scheduled to None, run_after=None
[2025-05-09T10:12:48.660+0000] {logging_mixin.py:188} INFO - [2025-05-09T10:12:48.659+0000] {dag.py:3823} INFO - Setting next_dagrun for dataset_consumes_unknown_never_scheduled to None, run_after=None
[2025-05-09T10:12:48.667+0000] {logging_mixin.py:188} INFO - [2025-05-09T10:12:48.666+0000] {dag.py:3823} INFO - Setting next_dagrun for dataset_produces_1 to 2025-05-08 00:00:00+00:00, run_after=2025-05-09 00:00:00+00:00
[2025-05-09T10:12:48.670+0000] {logging_mixin.py:188} INFO - [2025-05-09T10:12:48.669+0000] {dag.py:3823} INFO - Setting next_dagrun for dataset_produces_2 to None, run_after=None
[2025-05-09T10:12:48.752+0000] {processor.py:183} INFO - Processing /home/airflow/.local/lib/python3.8/site-packages/airflow/example_dags/example_datasets.py took 0.242 seconds
[2025-05-09T10:13:19.426+0000] {processor.py:161} INFO - Started process (PID=523) to work on /home/airflow/.local/lib/python3.8/site-packages/airflow/example_dags/example_datasets.py
[2025-05-09T10:13:19.431+0000] {processor.py:830} INFO - Processing file /home/airflow/.local/lib/python3.8/site-packages/airflow/example_dags/example_datasets.py for tasks to queue
[2025-05-09T10:13:19.443+0000] {logging_mixin.py:188} INFO - [2025-05-09T10:13:19.442+0000] {dagbag.py:538} INFO - Filling up the DagBag from /home/airflow/.local/lib/python3.8/site-packages/airflow/example_dags/example_datasets.py
[2025-05-09T10:13:19.515+0000] {processor.py:840} INFO - DAG(s) 'dataset_consumes_1', 'dataset_produces_2', 'dataset_consumes_1_and_2', 'dataset_produces_1', 'dataset_consumes_1_never_scheduled', 'dataset_consumes_unknown_never_scheduled' retrieved from /home/airflow/.local/lib/python3.8/site-packages/airflow/example_dags/example_datasets.py
[2025-05-09T10:13:19.644+0000] {logging_mixin.py:188} INFO - [2025-05-09T10:13:19.643+0000] {dag.py:3036} INFO - Sync 6 DAGs
[2025-05-09T10:13:19.703+0000] {logging_mixin.py:188} INFO - [2025-05-09T10:13:19.702+0000] {dag.py:3823} INFO - Setting next_dagrun for dataset_consumes_1 to None, run_after=None
[2025-05-09T10:13:19.711+0000] {logging_mixin.py:188} INFO - [2025-05-09T10:13:19.711+0000] {dag.py:3823} INFO - Setting next_dagrun for dataset_consumes_1_and_2 to None, run_after=None
[2025-05-09T10:13:19.715+0000] {logging_mixin.py:188} INFO - [2025-05-09T10:13:19.714+0000] {dag.py:3823} INFO - Setting next_dagrun for dataset_consumes_1_never_scheduled to None, run_after=None
[2025-05-09T10:13:19.719+0000] {logging_mixin.py:188} INFO - [2025-05-09T10:13:19.718+0000] {dag.py:3823} INFO - Setting next_dagrun for dataset_consumes_unknown_never_scheduled to None, run_after=None
[2025-05-09T10:13:19.728+0000] {logging_mixin.py:188} INFO - [2025-05-09T10:13:19.727+0000] {dag.py:3823} INFO - Setting next_dagrun for dataset_produces_1 to 2025-05-08 00:00:00+00:00, run_after=2025-05-09 00:00:00+00:00
[2025-05-09T10:13:19.731+0000] {logging_mixin.py:188} INFO - [2025-05-09T10:13:19.731+0000] {dag.py:3823} INFO - Setting next_dagrun for dataset_produces_2 to None, run_after=None
[2025-05-09T10:13:19.798+0000] {processor.py:183} INFO - Processing /home/airflow/.local/lib/python3.8/site-packages/airflow/example_dags/example_datasets.py took 0.396 seconds
[2025-05-09T10:13:50.123+0000] {processor.py:161} INFO - Started process (PID=579) to work on /home/airflow/.local/lib/python3.8/site-packages/airflow/example_dags/example_datasets.py
[2025-05-09T10:13:50.125+0000] {processor.py:830} INFO - Processing file /home/airflow/.local/lib/python3.8/site-packages/airflow/example_dags/example_datasets.py for tasks to queue
[2025-05-09T10:13:50.129+0000] {logging_mixin.py:188} INFO - [2025-05-09T10:13:50.128+0000] {dagbag.py:538} INFO - Filling up the DagBag from /home/airflow/.local/lib/python3.8/site-packages/airflow/example_dags/example_datasets.py
[2025-05-09T10:13:50.147+0000] {processor.py:840} INFO - DAG(s) 'dataset_consumes_1', 'dataset_consumes_1_never_scheduled', 'dataset_produces_1', 'dataset_consumes_unknown_never_scheduled', 'dataset_produces_2', 'dataset_consumes_1_and_2' retrieved from /home/airflow/.local/lib/python3.8/site-packages/airflow/example_dags/example_datasets.py
[2025-05-09T10:13:50.232+0000] {logging_mixin.py:188} INFO - [2025-05-09T10:13:50.231+0000] {dag.py:3036} INFO - Sync 6 DAGs
[2025-05-09T10:13:50.302+0000] {logging_mixin.py:188} INFO - [2025-05-09T10:13:50.301+0000] {dag.py:3823} INFO - Setting next_dagrun for dataset_consumes_1 to None, run_after=None
[2025-05-09T10:13:50.311+0000] {logging_mixin.py:188} INFO - [2025-05-09T10:13:50.310+0000] {dag.py:3823} INFO - Setting next_dagrun for dataset_consumes_1_and_2 to None, run_after=None
[2025-05-09T10:13:50.314+0000] {logging_mixin.py:188} INFO - [2025-05-09T10:13:50.313+0000] {dag.py:3823} INFO - Setting next_dagrun for dataset_consumes_1_never_scheduled to None, run_after=None
[2025-05-09T10:13:50.317+0000] {logging_mixin.py:188} INFO - [2025-05-09T10:13:50.317+0000] {dag.py:3823} INFO - Setting next_dagrun for dataset_consumes_unknown_never_scheduled to None, run_after=None
[2025-05-09T10:13:50.325+0000] {logging_mixin.py:188} INFO - [2025-05-09T10:13:50.325+0000] {dag.py:3823} INFO - Setting next_dagrun for dataset_produces_1 to 2025-05-08 00:00:00+00:00, run_after=2025-05-09 00:00:00+00:00
[2025-05-09T10:13:50.328+0000] {logging_mixin.py:188} INFO - [2025-05-09T10:13:50.328+0000] {dag.py:3823} INFO - Setting next_dagrun for dataset_produces_2 to None, run_after=None
[2025-05-09T10:13:50.422+0000] {processor.py:183} INFO - Processing /home/airflow/.local/lib/python3.8/site-packages/airflow/example_dags/example_datasets.py took 0.306 seconds
