[2025-05-09T10:01:05.145+0000] {processor.py:161} INFO - Started process (PID=88) to work on /home/airflow/.local/lib/python3.8/site-packages/airflow/example_dags/example_task_group.py
[2025-05-09T10:01:05.173+0000] {processor.py:830} INFO - Processing file /home/airflow/.local/lib/python3.8/site-packages/airflow/example_dags/example_task_group.py for tasks to queue
[2025-05-09T10:01:05.222+0000] {logging_mixin.py:188} INFO - [2025-05-09T10:01:05.220+0000] {dagbag.py:538} INFO - Filling up the DagBag from /home/airflow/.local/lib/python3.8/site-packages/airflow/example_dags/example_task_group.py
[2025-05-09T10:01:05.267+0000] {processor.py:840} INFO - DAG(s) 'example_task_group' retrieved from /home/airflow/.local/lib/python3.8/site-packages/airflow/example_dags/example_task_group.py
[2025-05-09T10:01:05.335+0000] {logging_mixin.py:188} INFO - [2025-05-09T10:01:05.335+0000] {dag.py:3036} INFO - Sync 1 DAGs
[2025-05-09T10:01:05.675+0000] {logging_mixin.py:188} INFO - [2025-05-09T10:01:05.674+0000] {dag.py:3823} INFO - Setting next_dagrun for example_task_group to 2025-05-08 00:00:00+00:00, run_after=2025-05-09 00:00:00+00:00
[2025-05-09T10:01:05.797+0000] {processor.py:183} INFO - Processing /home/airflow/.local/lib/python3.8/site-packages/airflow/example_dags/example_task_group.py took 0.798 seconds
[2025-05-09T10:01:36.400+0000] {processor.py:161} INFO - Started process (PID=144) to work on /home/airflow/.local/lib/python3.8/site-packages/airflow/example_dags/example_task_group.py
[2025-05-09T10:01:36.403+0000] {processor.py:830} INFO - Processing file /home/airflow/.local/lib/python3.8/site-packages/airflow/example_dags/example_task_group.py for tasks to queue
[2025-05-09T10:01:36.407+0000] {logging_mixin.py:188} INFO - [2025-05-09T10:01:36.407+0000] {dagbag.py:538} INFO - Filling up the DagBag from /home/airflow/.local/lib/python3.8/site-packages/airflow/example_dags/example_task_group.py
[2025-05-09T10:01:36.425+0000] {processor.py:840} INFO - DAG(s) 'example_task_group' retrieved from /home/airflow/.local/lib/python3.8/site-packages/airflow/example_dags/example_task_group.py
[2025-05-09T10:01:36.642+0000] {logging_mixin.py:188} INFO - [2025-05-09T10:01:36.641+0000] {dag.py:3036} INFO - Sync 1 DAGs
[2025-05-09T10:01:36.653+0000] {logging_mixin.py:188} INFO - [2025-05-09T10:01:36.653+0000] {dag.py:3823} INFO - Setting next_dagrun for example_task_group to 2025-05-08 00:00:00+00:00, run_after=2025-05-09 00:00:00+00:00
[2025-05-09T10:01:36.701+0000] {processor.py:183} INFO - Processing /home/airflow/.local/lib/python3.8/site-packages/airflow/example_dags/example_task_group.py took 0.348 seconds
[2025-05-09T10:02:07.596+0000] {processor.py:161} INFO - Started process (PID=200) to work on /home/airflow/.local/lib/python3.8/site-packages/airflow/example_dags/example_task_group.py
[2025-05-09T10:02:07.599+0000] {processor.py:830} INFO - Processing file /home/airflow/.local/lib/python3.8/site-packages/airflow/example_dags/example_task_group.py for tasks to queue
[2025-05-09T10:02:07.606+0000] {logging_mixin.py:188} INFO - [2025-05-09T10:02:07.605+0000] {dagbag.py:538} INFO - Filling up the DagBag from /home/airflow/.local/lib/python3.8/site-packages/airflow/example_dags/example_task_group.py
[2025-05-09T10:02:07.630+0000] {processor.py:840} INFO - DAG(s) 'example_task_group' retrieved from /home/airflow/.local/lib/python3.8/site-packages/airflow/example_dags/example_task_group.py
[2025-05-09T10:02:07.696+0000] {logging_mixin.py:188} INFO - [2025-05-09T10:02:07.695+0000] {dag.py:3036} INFO - Sync 1 DAGs
[2025-05-09T10:02:07.751+0000] {logging_mixin.py:188} INFO - [2025-05-09T10:02:07.751+0000] {dag.py:3823} INFO - Setting next_dagrun for example_task_group to 2025-05-08 00:00:00+00:00, run_after=2025-05-09 00:00:00+00:00
[2025-05-09T10:02:07.853+0000] {processor.py:183} INFO - Processing /home/airflow/.local/lib/python3.8/site-packages/airflow/example_dags/example_task_group.py took 0.265 seconds
[2025-05-09T10:02:37.979+0000] {processor.py:161} INFO - Started process (PID=255) to work on /home/airflow/.local/lib/python3.8/site-packages/airflow/example_dags/example_task_group.py
[2025-05-09T10:02:37.982+0000] {processor.py:830} INFO - Processing file /home/airflow/.local/lib/python3.8/site-packages/airflow/example_dags/example_task_group.py for tasks to queue
[2025-05-09T10:02:37.988+0000] {logging_mixin.py:188} INFO - [2025-05-09T10:02:37.987+0000] {dagbag.py:538} INFO - Filling up the DagBag from /home/airflow/.local/lib/python3.8/site-packages/airflow/example_dags/example_task_group.py
[2025-05-09T10:02:38.005+0000] {processor.py:840} INFO - DAG(s) 'example_task_group' retrieved from /home/airflow/.local/lib/python3.8/site-packages/airflow/example_dags/example_task_group.py
[2025-05-09T10:02:38.055+0000] {logging_mixin.py:188} INFO - [2025-05-09T10:02:38.054+0000] {dag.py:3036} INFO - Sync 1 DAGs
[2025-05-09T10:02:38.122+0000] {logging_mixin.py:188} INFO - [2025-05-09T10:02:38.121+0000] {dag.py:3823} INFO - Setting next_dagrun for example_task_group to 2025-05-08 00:00:00+00:00, run_after=2025-05-09 00:00:00+00:00
[2025-05-09T10:02:38.172+0000] {processor.py:183} INFO - Processing /home/airflow/.local/lib/python3.8/site-packages/airflow/example_dags/example_task_group.py took 0.200 seconds
[2025-05-09T10:03:08.605+0000] {processor.py:161} INFO - Started process (PID=312) to work on /home/airflow/.local/lib/python3.8/site-packages/airflow/example_dags/example_task_group.py
[2025-05-09T10:03:08.607+0000] {processor.py:830} INFO - Processing file /home/airflow/.local/lib/python3.8/site-packages/airflow/example_dags/example_task_group.py for tasks to queue
[2025-05-09T10:03:08.613+0000] {logging_mixin.py:188} INFO - [2025-05-09T10:03:08.612+0000] {dagbag.py:538} INFO - Filling up the DagBag from /home/airflow/.local/lib/python3.8/site-packages/airflow/example_dags/example_task_group.py
[2025-05-09T10:03:08.626+0000] {processor.py:840} INFO - DAG(s) 'example_task_group' retrieved from /home/airflow/.local/lib/python3.8/site-packages/airflow/example_dags/example_task_group.py
[2025-05-09T10:03:08.669+0000] {logging_mixin.py:188} INFO - [2025-05-09T10:03:08.668+0000] {dag.py:3036} INFO - Sync 1 DAGs
[2025-05-09T10:03:08.718+0000] {logging_mixin.py:188} INFO - [2025-05-09T10:03:08.718+0000] {dag.py:3823} INFO - Setting next_dagrun for example_task_group to 2025-05-08 00:00:00+00:00, run_after=2025-05-09 00:00:00+00:00
[2025-05-09T10:03:08.767+0000] {processor.py:183} INFO - Processing /home/airflow/.local/lib/python3.8/site-packages/airflow/example_dags/example_task_group.py took 0.177 seconds
[2025-05-09T10:03:39.461+0000] {processor.py:161} INFO - Started process (PID=368) to work on /home/airflow/.local/lib/python3.8/site-packages/airflow/example_dags/example_task_group.py
[2025-05-09T10:03:39.467+0000] {processor.py:830} INFO - Processing file /home/airflow/.local/lib/python3.8/site-packages/airflow/example_dags/example_task_group.py for tasks to queue
[2025-05-09T10:03:39.480+0000] {logging_mixin.py:188} INFO - [2025-05-09T10:03:39.479+0000] {dagbag.py:538} INFO - Filling up the DagBag from /home/airflow/.local/lib/python3.8/site-packages/airflow/example_dags/example_task_group.py
[2025-05-09T10:03:39.511+0000] {processor.py:840} INFO - DAG(s) 'example_task_group' retrieved from /home/airflow/.local/lib/python3.8/site-packages/airflow/example_dags/example_task_group.py
[2025-05-09T10:03:39.619+0000] {logging_mixin.py:188} INFO - [2025-05-09T10:03:39.618+0000] {dag.py:3036} INFO - Sync 1 DAGs
[2025-05-09T10:03:39.742+0000] {logging_mixin.py:188} INFO - [2025-05-09T10:03:39.741+0000] {dag.py:3823} INFO - Setting next_dagrun for example_task_group to 2025-05-08 00:00:00+00:00, run_after=2025-05-09 00:00:00+00:00
[2025-05-09T10:03:39.838+0000] {processor.py:183} INFO - Processing /home/airflow/.local/lib/python3.8/site-packages/airflow/example_dags/example_task_group.py took 0.392 seconds
[2025-05-09T10:04:10.063+0000] {processor.py:161} INFO - Started process (PID=424) to work on /home/airflow/.local/lib/python3.8/site-packages/airflow/example_dags/example_task_group.py
[2025-05-09T10:04:10.066+0000] {processor.py:830} INFO - Processing file /home/airflow/.local/lib/python3.8/site-packages/airflow/example_dags/example_task_group.py for tasks to queue
[2025-05-09T10:04:10.073+0000] {logging_mixin.py:188} INFO - [2025-05-09T10:04:10.072+0000] {dagbag.py:538} INFO - Filling up the DagBag from /home/airflow/.local/lib/python3.8/site-packages/airflow/example_dags/example_task_group.py
[2025-05-09T10:04:10.090+0000] {processor.py:840} INFO - DAG(s) 'example_task_group' retrieved from /home/airflow/.local/lib/python3.8/site-packages/airflow/example_dags/example_task_group.py
[2025-05-09T10:04:10.129+0000] {logging_mixin.py:188} INFO - [2025-05-09T10:04:10.129+0000] {dag.py:3036} INFO - Sync 1 DAGs
[2025-05-09T10:04:10.172+0000] {logging_mixin.py:188} INFO - [2025-05-09T10:04:10.171+0000] {dag.py:3823} INFO - Setting next_dagrun for example_task_group to 2025-05-08 00:00:00+00:00, run_after=2025-05-09 00:00:00+00:00
[2025-05-09T10:04:10.222+0000] {processor.py:183} INFO - Processing /home/airflow/.local/lib/python3.8/site-packages/airflow/example_dags/example_task_group.py took 0.167 seconds
[2025-05-09T10:04:40.653+0000] {processor.py:161} INFO - Started process (PID=480) to work on /home/airflow/.local/lib/python3.8/site-packages/airflow/example_dags/example_task_group.py
[2025-05-09T10:04:40.664+0000] {processor.py:830} INFO - Processing file /home/airflow/.local/lib/python3.8/site-packages/airflow/example_dags/example_task_group.py for tasks to queue
[2025-05-09T10:04:40.671+0000] {logging_mixin.py:188} INFO - [2025-05-09T10:04:40.670+0000] {dagbag.py:538} INFO - Filling up the DagBag from /home/airflow/.local/lib/python3.8/site-packages/airflow/example_dags/example_task_group.py
[2025-05-09T10:04:40.702+0000] {processor.py:840} INFO - DAG(s) 'example_task_group' retrieved from /home/airflow/.local/lib/python3.8/site-packages/airflow/example_dags/example_task_group.py
[2025-05-09T10:04:40.826+0000] {logging_mixin.py:188} INFO - [2025-05-09T10:04:40.825+0000] {dag.py:3036} INFO - Sync 1 DAGs
[2025-05-09T10:04:40.964+0000] {logging_mixin.py:188} INFO - [2025-05-09T10:04:40.963+0000] {dag.py:3823} INFO - Setting next_dagrun for example_task_group to 2025-05-08 00:00:00+00:00, run_after=2025-05-09 00:00:00+00:00
[2025-05-09T10:04:41.087+0000] {processor.py:183} INFO - Processing /home/airflow/.local/lib/python3.8/site-packages/airflow/example_dags/example_task_group.py took 0.444 seconds
[2025-05-09T10:05:11.675+0000] {processor.py:161} INFO - Started process (PID=536) to work on /home/airflow/.local/lib/python3.8/site-packages/airflow/example_dags/example_task_group.py
[2025-05-09T10:05:11.677+0000] {processor.py:830} INFO - Processing file /home/airflow/.local/lib/python3.8/site-packages/airflow/example_dags/example_task_group.py for tasks to queue
[2025-05-09T10:05:11.682+0000] {logging_mixin.py:188} INFO - [2025-05-09T10:05:11.681+0000] {dagbag.py:538} INFO - Filling up the DagBag from /home/airflow/.local/lib/python3.8/site-packages/airflow/example_dags/example_task_group.py
[2025-05-09T10:05:11.699+0000] {processor.py:840} INFO - DAG(s) 'example_task_group' retrieved from /home/airflow/.local/lib/python3.8/site-packages/airflow/example_dags/example_task_group.py
[2025-05-09T10:05:11.810+0000] {logging_mixin.py:188} INFO - [2025-05-09T10:05:11.809+0000] {dag.py:3036} INFO - Sync 1 DAGs
[2025-05-09T10:05:11.882+0000] {logging_mixin.py:188} INFO - [2025-05-09T10:05:11.882+0000] {dag.py:3823} INFO - Setting next_dagrun for example_task_group to 2025-05-08 00:00:00+00:00, run_after=2025-05-09 00:00:00+00:00
[2025-05-09T10:05:11.928+0000] {processor.py:183} INFO - Processing /home/airflow/.local/lib/python3.8/site-packages/airflow/example_dags/example_task_group.py took 0.260 seconds
[2025-05-09T10:05:42.075+0000] {processor.py:161} INFO - Started process (PID=590) to work on /home/airflow/.local/lib/python3.8/site-packages/airflow/example_dags/example_task_group.py
[2025-05-09T10:05:42.077+0000] {processor.py:830} INFO - Processing file /home/airflow/.local/lib/python3.8/site-packages/airflow/example_dags/example_task_group.py for tasks to queue
[2025-05-09T10:05:42.081+0000] {logging_mixin.py:188} INFO - [2025-05-09T10:05:42.081+0000] {dagbag.py:538} INFO - Filling up the DagBag from /home/airflow/.local/lib/python3.8/site-packages/airflow/example_dags/example_task_group.py
[2025-05-09T10:05:42.094+0000] {processor.py:840} INFO - DAG(s) 'example_task_group' retrieved from /home/airflow/.local/lib/python3.8/site-packages/airflow/example_dags/example_task_group.py
[2025-05-09T10:05:42.140+0000] {logging_mixin.py:188} INFO - [2025-05-09T10:05:42.140+0000] {dag.py:3036} INFO - Sync 1 DAGs
[2025-05-09T10:05:42.185+0000] {logging_mixin.py:188} INFO - [2025-05-09T10:05:42.184+0000] {dag.py:3823} INFO - Setting next_dagrun for example_task_group to 2025-05-08 00:00:00+00:00, run_after=2025-05-09 00:00:00+00:00
[2025-05-09T10:05:42.220+0000] {processor.py:183} INFO - Processing /home/airflow/.local/lib/python3.8/site-packages/airflow/example_dags/example_task_group.py took 0.152 seconds
[2025-05-09T10:06:12.454+0000] {processor.py:161} INFO - Started process (PID=646) to work on /home/airflow/.local/lib/python3.8/site-packages/airflow/example_dags/example_task_group.py
[2025-05-09T10:06:12.456+0000] {processor.py:830} INFO - Processing file /home/airflow/.local/lib/python3.8/site-packages/airflow/example_dags/example_task_group.py for tasks to queue
[2025-05-09T10:06:12.460+0000] {logging_mixin.py:188} INFO - [2025-05-09T10:06:12.460+0000] {dagbag.py:538} INFO - Filling up the DagBag from /home/airflow/.local/lib/python3.8/site-packages/airflow/example_dags/example_task_group.py
[2025-05-09T10:06:12.477+0000] {processor.py:840} INFO - DAG(s) 'example_task_group' retrieved from /home/airflow/.local/lib/python3.8/site-packages/airflow/example_dags/example_task_group.py
[2025-05-09T10:06:12.522+0000] {logging_mixin.py:188} INFO - [2025-05-09T10:06:12.521+0000] {dag.py:3036} INFO - Sync 1 DAGs
[2025-05-09T10:06:12.568+0000] {logging_mixin.py:188} INFO - [2025-05-09T10:06:12.567+0000] {dag.py:3823} INFO - Setting next_dagrun for example_task_group to 2025-05-08 00:00:00+00:00, run_after=2025-05-09 00:00:00+00:00
[2025-05-09T10:06:12.603+0000] {processor.py:183} INFO - Processing /home/airflow/.local/lib/python3.8/site-packages/airflow/example_dags/example_task_group.py took 0.155 seconds
[2025-05-09T10:06:43.895+0000] {processor.py:161} INFO - Started process (PID=702) to work on /home/airflow/.local/lib/python3.8/site-packages/airflow/example_dags/example_task_group.py
[2025-05-09T10:06:43.897+0000] {processor.py:830} INFO - Processing file /home/airflow/.local/lib/python3.8/site-packages/airflow/example_dags/example_task_group.py for tasks to queue
[2025-05-09T10:06:43.903+0000] {logging_mixin.py:188} INFO - [2025-05-09T10:06:43.902+0000] {dagbag.py:538} INFO - Filling up the DagBag from /home/airflow/.local/lib/python3.8/site-packages/airflow/example_dags/example_task_group.py
[2025-05-09T10:06:43.923+0000] {processor.py:840} INFO - DAG(s) 'example_task_group' retrieved from /home/airflow/.local/lib/python3.8/site-packages/airflow/example_dags/example_task_group.py
[2025-05-09T10:06:43.990+0000] {logging_mixin.py:188} INFO - [2025-05-09T10:06:43.989+0000] {dag.py:3036} INFO - Sync 1 DAGs
[2025-05-09T10:06:44.064+0000] {logging_mixin.py:188} INFO - [2025-05-09T10:06:44.064+0000] {dag.py:3823} INFO - Setting next_dagrun for example_task_group to 2025-05-08 00:00:00+00:00, run_after=2025-05-09 00:00:00+00:00
[2025-05-09T10:06:44.103+0000] {processor.py:183} INFO - Processing /home/airflow/.local/lib/python3.8/site-packages/airflow/example_dags/example_task_group.py took 0.217 seconds
[2025-05-09T10:09:15.037+0000] {processor.py:161} INFO - Started process (PID=85) to work on /home/airflow/.local/lib/python3.8/site-packages/airflow/example_dags/example_task_group.py
[2025-05-09T10:09:15.055+0000] {processor.py:830} INFO - Processing file /home/airflow/.local/lib/python3.8/site-packages/airflow/example_dags/example_task_group.py for tasks to queue
[2025-05-09T10:09:15.090+0000] {logging_mixin.py:188} INFO - [2025-05-09T10:09:15.085+0000] {dagbag.py:538} INFO - Filling up the DagBag from /home/airflow/.local/lib/python3.8/site-packages/airflow/example_dags/example_task_group.py
[2025-05-09T10:09:15.193+0000] {processor.py:840} INFO - DAG(s) 'example_task_group' retrieved from /home/airflow/.local/lib/python3.8/site-packages/airflow/example_dags/example_task_group.py
[2025-05-09T10:09:16.041+0000] {logging_mixin.py:188} INFO - [2025-05-09T10:09:16.040+0000] {dag.py:3036} INFO - Sync 1 DAGs
[2025-05-09T10:09:16.195+0000] {logging_mixin.py:188} INFO - [2025-05-09T10:09:16.195+0000] {dag.py:3823} INFO - Setting next_dagrun for example_task_group to 2025-05-08 00:00:00+00:00, run_after=2025-05-09 00:00:00+00:00
[2025-05-09T10:09:16.325+0000] {processor.py:183} INFO - Processing /home/airflow/.local/lib/python3.8/site-packages/airflow/example_dags/example_task_group.py took 1.370 seconds
[2025-05-09T10:09:46.953+0000] {processor.py:161} INFO - Started process (PID=140) to work on /home/airflow/.local/lib/python3.8/site-packages/airflow/example_dags/example_task_group.py
[2025-05-09T10:09:47.005+0000] {processor.py:830} INFO - Processing file /home/airflow/.local/lib/python3.8/site-packages/airflow/example_dags/example_task_group.py for tasks to queue
[2025-05-09T10:09:47.015+0000] {logging_mixin.py:188} INFO - [2025-05-09T10:09:47.014+0000] {dagbag.py:538} INFO - Filling up the DagBag from /home/airflow/.local/lib/python3.8/site-packages/airflow/example_dags/example_task_group.py
[2025-05-09T10:09:47.101+0000] {processor.py:840} INFO - DAG(s) 'example_task_group' retrieved from /home/airflow/.local/lib/python3.8/site-packages/airflow/example_dags/example_task_group.py
[2025-05-09T10:09:47.230+0000] {logging_mixin.py:188} INFO - [2025-05-09T10:09:47.227+0000] {dag.py:3036} INFO - Sync 1 DAGs
[2025-05-09T10:09:47.371+0000] {logging_mixin.py:188} INFO - [2025-05-09T10:09:47.370+0000] {dag.py:3823} INFO - Setting next_dagrun for example_task_group to 2025-05-08 00:00:00+00:00, run_after=2025-05-09 00:00:00+00:00
[2025-05-09T10:09:47.578+0000] {processor.py:183} INFO - Processing /home/airflow/.local/lib/python3.8/site-packages/airflow/example_dags/example_task_group.py took 0.643 seconds
[2025-05-09T10:10:17.734+0000] {processor.py:161} INFO - Started process (PID=197) to work on /home/airflow/.local/lib/python3.8/site-packages/airflow/example_dags/example_task_group.py
[2025-05-09T10:10:17.739+0000] {processor.py:830} INFO - Processing file /home/airflow/.local/lib/python3.8/site-packages/airflow/example_dags/example_task_group.py for tasks to queue
[2025-05-09T10:10:17.747+0000] {logging_mixin.py:188} INFO - [2025-05-09T10:10:17.746+0000] {dagbag.py:538} INFO - Filling up the DagBag from /home/airflow/.local/lib/python3.8/site-packages/airflow/example_dags/example_task_group.py
[2025-05-09T10:10:17.772+0000] {processor.py:840} INFO - DAG(s) 'example_task_group' retrieved from /home/airflow/.local/lib/python3.8/site-packages/airflow/example_dags/example_task_group.py
[2025-05-09T10:10:17.841+0000] {logging_mixin.py:188} INFO - [2025-05-09T10:10:17.841+0000] {dag.py:3036} INFO - Sync 1 DAGs
[2025-05-09T10:10:17.901+0000] {logging_mixin.py:188} INFO - [2025-05-09T10:10:17.901+0000] {dag.py:3823} INFO - Setting next_dagrun for example_task_group to 2025-05-08 00:00:00+00:00, run_after=2025-05-09 00:00:00+00:00
[2025-05-09T10:10:17.941+0000] {processor.py:183} INFO - Processing /home/airflow/.local/lib/python3.8/site-packages/airflow/example_dags/example_task_group.py took 0.218 seconds
[2025-05-09T10:10:48.448+0000] {processor.py:161} INFO - Started process (PID=253) to work on /home/airflow/.local/lib/python3.8/site-packages/airflow/example_dags/example_task_group.py
[2025-05-09T10:10:48.456+0000] {processor.py:830} INFO - Processing file /home/airflow/.local/lib/python3.8/site-packages/airflow/example_dags/example_task_group.py for tasks to queue
[2025-05-09T10:10:48.470+0000] {logging_mixin.py:188} INFO - [2025-05-09T10:10:48.469+0000] {dagbag.py:538} INFO - Filling up the DagBag from /home/airflow/.local/lib/python3.8/site-packages/airflow/example_dags/example_task_group.py
[2025-05-09T10:10:48.527+0000] {processor.py:840} INFO - DAG(s) 'example_task_group' retrieved from /home/airflow/.local/lib/python3.8/site-packages/airflow/example_dags/example_task_group.py
[2025-05-09T10:10:52.309+0000] {logging_mixin.py:188} INFO - [2025-05-09T10:10:52.260+0000] {dag.py:3036} INFO - Sync 1 DAGs
[2025-05-09T10:10:53.048+0000] {logging_mixin.py:188} INFO - [2025-05-09T10:10:53.047+0000] {dag.py:3823} INFO - Setting next_dagrun for example_task_group to 2025-05-08 00:00:00+00:00, run_after=2025-05-09 00:00:00+00:00
[2025-05-09T10:10:53.507+0000] {processor.py:183} INFO - Processing /home/airflow/.local/lib/python3.8/site-packages/airflow/example_dags/example_task_group.py took 5.109 seconds
[2025-05-09T10:11:23.924+0000] {processor.py:161} INFO - Started process (PID=309) to work on /home/airflow/.local/lib/python3.8/site-packages/airflow/example_dags/example_task_group.py
[2025-05-09T10:11:23.927+0000] {processor.py:830} INFO - Processing file /home/airflow/.local/lib/python3.8/site-packages/airflow/example_dags/example_task_group.py for tasks to queue
[2025-05-09T10:11:23.933+0000] {logging_mixin.py:188} INFO - [2025-05-09T10:11:23.932+0000] {dagbag.py:538} INFO - Filling up the DagBag from /home/airflow/.local/lib/python3.8/site-packages/airflow/example_dags/example_task_group.py
[2025-05-09T10:11:23.953+0000] {processor.py:840} INFO - DAG(s) 'example_task_group' retrieved from /home/airflow/.local/lib/python3.8/site-packages/airflow/example_dags/example_task_group.py
[2025-05-09T10:11:24.025+0000] {logging_mixin.py:188} INFO - [2025-05-09T10:11:24.024+0000] {dag.py:3036} INFO - Sync 1 DAGs
[2025-05-09T10:11:24.087+0000] {logging_mixin.py:188} INFO - [2025-05-09T10:11:24.087+0000] {dag.py:3823} INFO - Setting next_dagrun for example_task_group to 2025-05-08 00:00:00+00:00, run_after=2025-05-09 00:00:00+00:00
[2025-05-09T10:11:24.161+0000] {processor.py:183} INFO - Processing /home/airflow/.local/lib/python3.8/site-packages/airflow/example_dags/example_task_group.py took 0.247 seconds
[2025-05-09T10:11:54.271+0000] {processor.py:161} INFO - Started process (PID=366) to work on /home/airflow/.local/lib/python3.8/site-packages/airflow/example_dags/example_task_group.py
[2025-05-09T10:11:54.273+0000] {processor.py:830} INFO - Processing file /home/airflow/.local/lib/python3.8/site-packages/airflow/example_dags/example_task_group.py for tasks to queue
[2025-05-09T10:11:54.277+0000] {logging_mixin.py:188} INFO - [2025-05-09T10:11:54.276+0000] {dagbag.py:538} INFO - Filling up the DagBag from /home/airflow/.local/lib/python3.8/site-packages/airflow/example_dags/example_task_group.py
[2025-05-09T10:11:54.291+0000] {processor.py:840} INFO - DAG(s) 'example_task_group' retrieved from /home/airflow/.local/lib/python3.8/site-packages/airflow/example_dags/example_task_group.py
[2025-05-09T10:11:54.335+0000] {logging_mixin.py:188} INFO - [2025-05-09T10:11:54.335+0000] {dag.py:3036} INFO - Sync 1 DAGs
[2025-05-09T10:11:54.386+0000] {logging_mixin.py:188} INFO - [2025-05-09T10:11:54.386+0000] {dag.py:3823} INFO - Setting next_dagrun for example_task_group to 2025-05-08 00:00:00+00:00, run_after=2025-05-09 00:00:00+00:00
[2025-05-09T10:11:54.459+0000] {processor.py:183} INFO - Processing /home/airflow/.local/lib/python3.8/site-packages/airflow/example_dags/example_task_group.py took 0.196 seconds
[2025-05-09T10:12:24.847+0000] {processor.py:161} INFO - Started process (PID=421) to work on /home/airflow/.local/lib/python3.8/site-packages/airflow/example_dags/example_task_group.py
[2025-05-09T10:12:24.850+0000] {processor.py:830} INFO - Processing file /home/airflow/.local/lib/python3.8/site-packages/airflow/example_dags/example_task_group.py for tasks to queue
[2025-05-09T10:12:24.855+0000] {logging_mixin.py:188} INFO - [2025-05-09T10:12:24.854+0000] {dagbag.py:538} INFO - Filling up the DagBag from /home/airflow/.local/lib/python3.8/site-packages/airflow/example_dags/example_task_group.py
[2025-05-09T10:12:24.883+0000] {processor.py:840} INFO - DAG(s) 'example_task_group' retrieved from /home/airflow/.local/lib/python3.8/site-packages/airflow/example_dags/example_task_group.py
[2025-05-09T10:12:24.961+0000] {logging_mixin.py:188} INFO - [2025-05-09T10:12:24.961+0000] {dag.py:3036} INFO - Sync 1 DAGs
[2025-05-09T10:12:25.037+0000] {logging_mixin.py:188} INFO - [2025-05-09T10:12:25.037+0000] {dag.py:3823} INFO - Setting next_dagrun for example_task_group to 2025-05-08 00:00:00+00:00, run_after=2025-05-09 00:00:00+00:00
[2025-05-09T10:12:25.078+0000] {processor.py:183} INFO - Processing /home/airflow/.local/lib/python3.8/site-packages/airflow/example_dags/example_task_group.py took 0.243 seconds
[2025-05-09T10:12:55.319+0000] {processor.py:161} INFO - Started process (PID=477) to work on /home/airflow/.local/lib/python3.8/site-packages/airflow/example_dags/example_task_group.py
[2025-05-09T10:12:55.322+0000] {processor.py:830} INFO - Processing file /home/airflow/.local/lib/python3.8/site-packages/airflow/example_dags/example_task_group.py for tasks to queue
[2025-05-09T10:12:55.329+0000] {logging_mixin.py:188} INFO - [2025-05-09T10:12:55.328+0000] {dagbag.py:538} INFO - Filling up the DagBag from /home/airflow/.local/lib/python3.8/site-packages/airflow/example_dags/example_task_group.py
[2025-05-09T10:12:55.354+0000] {processor.py:840} INFO - DAG(s) 'example_task_group' retrieved from /home/airflow/.local/lib/python3.8/site-packages/airflow/example_dags/example_task_group.py
[2025-05-09T10:12:55.398+0000] {logging_mixin.py:188} INFO - [2025-05-09T10:12:55.398+0000] {dag.py:3036} INFO - Sync 1 DAGs
[2025-05-09T10:12:55.436+0000] {logging_mixin.py:188} INFO - [2025-05-09T10:12:55.436+0000] {dag.py:3823} INFO - Setting next_dagrun for example_task_group to 2025-05-08 00:00:00+00:00, run_after=2025-05-09 00:00:00+00:00
[2025-05-09T10:12:55.470+0000] {processor.py:183} INFO - Processing /home/airflow/.local/lib/python3.8/site-packages/airflow/example_dags/example_task_group.py took 0.162 seconds
[2025-05-09T10:13:25.591+0000] {processor.py:161} INFO - Started process (PID=533) to work on /home/airflow/.local/lib/python3.8/site-packages/airflow/example_dags/example_task_group.py
[2025-05-09T10:13:25.596+0000] {processor.py:830} INFO - Processing file /home/airflow/.local/lib/python3.8/site-packages/airflow/example_dags/example_task_group.py for tasks to queue
[2025-05-09T10:13:25.610+0000] {logging_mixin.py:188} INFO - [2025-05-09T10:13:25.608+0000] {dagbag.py:538} INFO - Filling up the DagBag from /home/airflow/.local/lib/python3.8/site-packages/airflow/example_dags/example_task_group.py
[2025-05-09T10:13:25.645+0000] {processor.py:840} INFO - DAG(s) 'example_task_group' retrieved from /home/airflow/.local/lib/python3.8/site-packages/airflow/example_dags/example_task_group.py
[2025-05-09T10:13:25.701+0000] {logging_mixin.py:188} INFO - [2025-05-09T10:13:25.701+0000] {dag.py:3036} INFO - Sync 1 DAGs
[2025-05-09T10:13:25.747+0000] {logging_mixin.py:188} INFO - [2025-05-09T10:13:25.747+0000] {dag.py:3823} INFO - Setting next_dagrun for example_task_group to 2025-05-08 00:00:00+00:00, run_after=2025-05-09 00:00:00+00:00
[2025-05-09T10:13:25.783+0000] {processor.py:183} INFO - Processing /home/airflow/.local/lib/python3.8/site-packages/airflow/example_dags/example_task_group.py took 0.212 seconds
[2025-05-09T10:13:56.230+0000] {processor.py:161} INFO - Started process (PID=589) to work on /home/airflow/.local/lib/python3.8/site-packages/airflow/example_dags/example_task_group.py
[2025-05-09T10:13:56.232+0000] {processor.py:830} INFO - Processing file /home/airflow/.local/lib/python3.8/site-packages/airflow/example_dags/example_task_group.py for tasks to queue
[2025-05-09T10:13:56.238+0000] {logging_mixin.py:188} INFO - [2025-05-09T10:13:56.237+0000] {dagbag.py:538} INFO - Filling up the DagBag from /home/airflow/.local/lib/python3.8/site-packages/airflow/example_dags/example_task_group.py
[2025-05-09T10:13:56.256+0000] {processor.py:840} INFO - DAG(s) 'example_task_group' retrieved from /home/airflow/.local/lib/python3.8/site-packages/airflow/example_dags/example_task_group.py
[2025-05-09T10:13:56.322+0000] {logging_mixin.py:188} INFO - [2025-05-09T10:13:56.322+0000] {dag.py:3036} INFO - Sync 1 DAGs
[2025-05-09T10:13:56.385+0000] {logging_mixin.py:188} INFO - [2025-05-09T10:13:56.385+0000] {dag.py:3823} INFO - Setting next_dagrun for example_task_group to 2025-05-08 00:00:00+00:00, run_after=2025-05-09 00:00:00+00:00
[2025-05-09T10:13:56.443+0000] {processor.py:183} INFO - Processing /home/airflow/.local/lib/python3.8/site-packages/airflow/example_dags/example_task_group.py took 0.222 seconds
