[2025-05-09T10:01:07.701+0000] {processor.py:161} INFO - Started process (PID=93) to work on /home/airflow/.local/lib/python3.8/site-packages/airflow/example_dags/example_latest_only.py
[2025-05-09T10:01:07.754+0000] {processor.py:830} INFO - Processing file /home/airflow/.local/lib/python3.8/site-packages/airflow/example_dags/example_latest_only.py for tasks to queue
[2025-05-09T10:01:07.905+0000] {logging_mixin.py:188} INFO - [2025-05-09T10:01:07.902+0000] {dagbag.py:538} INFO - Filling up the DagBag from /home/airflow/.local/lib/python3.8/site-packages/airflow/example_dags/example_latest_only.py
[2025-05-09T10:01:08.077+0000] {processor.py:840} INFO - DAG(s) 'latest_only' retrieved from /home/airflow/.local/lib/python3.8/site-packages/airflow/example_dags/example_latest_only.py
[2025-05-09T10:01:08.506+0000] {logging_mixin.py:188} INFO - [2025-05-09T10:01:08.500+0000] {dag.py:3036} INFO - Sync 1 DAGs
[2025-05-09T10:01:09.080+0000] {logging_mixin.py:188} INFO - [2025-05-09T10:01:09.077+0000] {dag.py:3823} INFO - Setting next_dagrun for latest_only to 2025-05-09 04:00:00+00:00, run_after=2025-05-09 08:00:00+00:00
[2025-05-09T10:01:09.313+0000] {processor.py:183} INFO - Processing /home/airflow/.local/lib/python3.8/site-packages/airflow/example_dags/example_latest_only.py took 1.788 seconds
[2025-05-09T10:01:39.702+0000] {processor.py:161} INFO - Started process (PID=149) to work on /home/airflow/.local/lib/python3.8/site-packages/airflow/example_dags/example_latest_only.py
[2025-05-09T10:01:39.708+0000] {processor.py:830} INFO - Processing file /home/airflow/.local/lib/python3.8/site-packages/airflow/example_dags/example_latest_only.py for tasks to queue
[2025-05-09T10:01:39.717+0000] {logging_mixin.py:188} INFO - [2025-05-09T10:01:39.715+0000] {dagbag.py:538} INFO - Filling up the DagBag from /home/airflow/.local/lib/python3.8/site-packages/airflow/example_dags/example_latest_only.py
[2025-05-09T10:01:39.737+0000] {processor.py:840} INFO - DAG(s) 'latest_only' retrieved from /home/airflow/.local/lib/python3.8/site-packages/airflow/example_dags/example_latest_only.py
[2025-05-09T10:01:40.167+0000] {logging_mixin.py:188} INFO - [2025-05-09T10:01:40.166+0000] {dag.py:3036} INFO - Sync 1 DAGs
[2025-05-09T10:01:40.269+0000] {logging_mixin.py:188} INFO - [2025-05-09T10:01:40.268+0000] {dag.py:3823} INFO - Setting next_dagrun for latest_only to 2025-05-09 04:00:00+00:00, run_after=2025-05-09 08:00:00+00:00
[2025-05-09T10:01:40.356+0000] {processor.py:183} INFO - Processing /home/airflow/.local/lib/python3.8/site-packages/airflow/example_dags/example_latest_only.py took 0.670 seconds
[2025-05-09T10:02:10.553+0000] {processor.py:161} INFO - Started process (PID=205) to work on /home/airflow/.local/lib/python3.8/site-packages/airflow/example_dags/example_latest_only.py
[2025-05-09T10:02:10.664+0000] {processor.py:830} INFO - Processing file /home/airflow/.local/lib/python3.8/site-packages/airflow/example_dags/example_latest_only.py for tasks to queue
[2025-05-09T10:02:10.674+0000] {logging_mixin.py:188} INFO - [2025-05-09T10:02:10.672+0000] {dagbag.py:538} INFO - Filling up the DagBag from /home/airflow/.local/lib/python3.8/site-packages/airflow/example_dags/example_latest_only.py
[2025-05-09T10:02:10.700+0000] {processor.py:840} INFO - DAG(s) 'latest_only' retrieved from /home/airflow/.local/lib/python3.8/site-packages/airflow/example_dags/example_latest_only.py
[2025-05-09T10:02:10.798+0000] {logging_mixin.py:188} INFO - [2025-05-09T10:02:10.797+0000] {dag.py:3036} INFO - Sync 1 DAGs
[2025-05-09T10:02:10.912+0000] {logging_mixin.py:188} INFO - [2025-05-09T10:02:10.911+0000] {dag.py:3823} INFO - Setting next_dagrun for latest_only to 2025-05-09 04:00:00+00:00, run_after=2025-05-09 08:00:00+00:00
[2025-05-09T10:02:11.097+0000] {processor.py:183} INFO - Processing /home/airflow/.local/lib/python3.8/site-packages/airflow/example_dags/example_latest_only.py took 0.563 seconds
[2025-05-09T10:02:41.333+0000] {processor.py:161} INFO - Started process (PID=261) to work on /home/airflow/.local/lib/python3.8/site-packages/airflow/example_dags/example_latest_only.py
[2025-05-09T10:02:41.338+0000] {processor.py:830} INFO - Processing file /home/airflow/.local/lib/python3.8/site-packages/airflow/example_dags/example_latest_only.py for tasks to queue
[2025-05-09T10:02:41.348+0000] {logging_mixin.py:188} INFO - [2025-05-09T10:02:41.347+0000] {dagbag.py:538} INFO - Filling up the DagBag from /home/airflow/.local/lib/python3.8/site-packages/airflow/example_dags/example_latest_only.py
[2025-05-09T10:02:41.375+0000] {processor.py:840} INFO - DAG(s) 'latest_only' retrieved from /home/airflow/.local/lib/python3.8/site-packages/airflow/example_dags/example_latest_only.py
[2025-05-09T10:02:41.466+0000] {logging_mixin.py:188} INFO - [2025-05-09T10:02:41.466+0000] {dag.py:3036} INFO - Sync 1 DAGs
[2025-05-09T10:02:41.570+0000] {logging_mixin.py:188} INFO - [2025-05-09T10:02:41.569+0000] {dag.py:3823} INFO - Setting next_dagrun for latest_only to 2025-05-09 04:00:00+00:00, run_after=2025-05-09 08:00:00+00:00
[2025-05-09T10:02:41.670+0000] {processor.py:183} INFO - Processing /home/airflow/.local/lib/python3.8/site-packages/airflow/example_dags/example_latest_only.py took 0.353 seconds
[2025-05-09T10:03:11.888+0000] {processor.py:161} INFO - Started process (PID=317) to work on /home/airflow/.local/lib/python3.8/site-packages/airflow/example_dags/example_latest_only.py
[2025-05-09T10:03:11.891+0000] {processor.py:830} INFO - Processing file /home/airflow/.local/lib/python3.8/site-packages/airflow/example_dags/example_latest_only.py for tasks to queue
[2025-05-09T10:03:11.908+0000] {logging_mixin.py:188} INFO - [2025-05-09T10:03:11.907+0000] {dagbag.py:538} INFO - Filling up the DagBag from /home/airflow/.local/lib/python3.8/site-packages/airflow/example_dags/example_latest_only.py
[2025-05-09T10:03:11.939+0000] {processor.py:840} INFO - DAG(s) 'latest_only' retrieved from /home/airflow/.local/lib/python3.8/site-packages/airflow/example_dags/example_latest_only.py
[2025-05-09T10:03:12.015+0000] {logging_mixin.py:188} INFO - [2025-05-09T10:03:12.014+0000] {dag.py:3036} INFO - Sync 1 DAGs
[2025-05-09T10:03:12.103+0000] {logging_mixin.py:188} INFO - [2025-05-09T10:03:12.103+0000] {dag.py:3823} INFO - Setting next_dagrun for latest_only to 2025-05-09 04:00:00+00:00, run_after=2025-05-09 08:00:00+00:00
[2025-05-09T10:03:12.182+0000] {processor.py:183} INFO - Processing /home/airflow/.local/lib/python3.8/site-packages/airflow/example_dags/example_latest_only.py took 0.311 seconds
[2025-05-09T10:03:42.303+0000] {processor.py:161} INFO - Started process (PID=373) to work on /home/airflow/.local/lib/python3.8/site-packages/airflow/example_dags/example_latest_only.py
[2025-05-09T10:03:42.306+0000] {processor.py:830} INFO - Processing file /home/airflow/.local/lib/python3.8/site-packages/airflow/example_dags/example_latest_only.py for tasks to queue
[2025-05-09T10:03:42.312+0000] {logging_mixin.py:188} INFO - [2025-05-09T10:03:42.311+0000] {dagbag.py:538} INFO - Filling up the DagBag from /home/airflow/.local/lib/python3.8/site-packages/airflow/example_dags/example_latest_only.py
[2025-05-09T10:03:42.326+0000] {processor.py:840} INFO - DAG(s) 'latest_only' retrieved from /home/airflow/.local/lib/python3.8/site-packages/airflow/example_dags/example_latest_only.py
[2025-05-09T10:03:42.387+0000] {logging_mixin.py:188} INFO - [2025-05-09T10:03:42.387+0000] {dag.py:3036} INFO - Sync 1 DAGs
[2025-05-09T10:03:42.467+0000] {logging_mixin.py:188} INFO - [2025-05-09T10:03:42.466+0000] {dag.py:3823} INFO - Setting next_dagrun for latest_only to 2025-05-09 04:00:00+00:00, run_after=2025-05-09 08:00:00+00:00
[2025-05-09T10:03:42.530+0000] {processor.py:183} INFO - Processing /home/airflow/.local/lib/python3.8/site-packages/airflow/example_dags/example_latest_only.py took 0.237 seconds
[2025-05-09T10:04:12.684+0000] {processor.py:161} INFO - Started process (PID=429) to work on /home/airflow/.local/lib/python3.8/site-packages/airflow/example_dags/example_latest_only.py
[2025-05-09T10:04:12.686+0000] {processor.py:830} INFO - Processing file /home/airflow/.local/lib/python3.8/site-packages/airflow/example_dags/example_latest_only.py for tasks to queue
[2025-05-09T10:04:12.690+0000] {logging_mixin.py:188} INFO - [2025-05-09T10:04:12.689+0000] {dagbag.py:538} INFO - Filling up the DagBag from /home/airflow/.local/lib/python3.8/site-packages/airflow/example_dags/example_latest_only.py
[2025-05-09T10:04:12.697+0000] {processor.py:840} INFO - DAG(s) 'latest_only' retrieved from /home/airflow/.local/lib/python3.8/site-packages/airflow/example_dags/example_latest_only.py
[2025-05-09T10:04:12.734+0000] {logging_mixin.py:188} INFO - [2025-05-09T10:04:12.733+0000] {dag.py:3036} INFO - Sync 1 DAGs
[2025-05-09T10:04:12.811+0000] {logging_mixin.py:188} INFO - [2025-05-09T10:04:12.810+0000] {dag.py:3823} INFO - Setting next_dagrun for latest_only to 2025-05-09 04:00:00+00:00, run_after=2025-05-09 08:00:00+00:00
[2025-05-09T10:04:12.885+0000] {processor.py:183} INFO - Processing /home/airflow/.local/lib/python3.8/site-packages/airflow/example_dags/example_latest_only.py took 0.205 seconds
[2025-05-09T10:04:43.582+0000] {processor.py:161} INFO - Started process (PID=485) to work on /home/airflow/.local/lib/python3.8/site-packages/airflow/example_dags/example_latest_only.py
[2025-05-09T10:04:43.586+0000] {processor.py:830} INFO - Processing file /home/airflow/.local/lib/python3.8/site-packages/airflow/example_dags/example_latest_only.py for tasks to queue
[2025-05-09T10:04:43.591+0000] {logging_mixin.py:188} INFO - [2025-05-09T10:04:43.590+0000] {dagbag.py:538} INFO - Filling up the DagBag from /home/airflow/.local/lib/python3.8/site-packages/airflow/example_dags/example_latest_only.py
[2025-05-09T10:04:43.602+0000] {processor.py:840} INFO - DAG(s) 'latest_only' retrieved from /home/airflow/.local/lib/python3.8/site-packages/airflow/example_dags/example_latest_only.py
[2025-05-09T10:04:43.667+0000] {logging_mixin.py:188} INFO - [2025-05-09T10:04:43.666+0000] {dag.py:3036} INFO - Sync 1 DAGs
[2025-05-09T10:04:43.764+0000] {logging_mixin.py:188} INFO - [2025-05-09T10:04:43.764+0000] {dag.py:3823} INFO - Setting next_dagrun for latest_only to 2025-05-09 04:00:00+00:00, run_after=2025-05-09 08:00:00+00:00
[2025-05-09T10:04:43.841+0000] {processor.py:183} INFO - Processing /home/airflow/.local/lib/python3.8/site-packages/airflow/example_dags/example_latest_only.py took 0.267 seconds
[2025-05-09T10:05:14.182+0000] {processor.py:161} INFO - Started process (PID=541) to work on /home/airflow/.local/lib/python3.8/site-packages/airflow/example_dags/example_latest_only.py
[2025-05-09T10:05:14.185+0000] {processor.py:830} INFO - Processing file /home/airflow/.local/lib/python3.8/site-packages/airflow/example_dags/example_latest_only.py for tasks to queue
[2025-05-09T10:05:14.190+0000] {logging_mixin.py:188} INFO - [2025-05-09T10:05:14.189+0000] {dagbag.py:538} INFO - Filling up the DagBag from /home/airflow/.local/lib/python3.8/site-packages/airflow/example_dags/example_latest_only.py
[2025-05-09T10:05:14.203+0000] {processor.py:840} INFO - DAG(s) 'latest_only' retrieved from /home/airflow/.local/lib/python3.8/site-packages/airflow/example_dags/example_latest_only.py
[2025-05-09T10:05:14.245+0000] {logging_mixin.py:188} INFO - [2025-05-09T10:05:14.244+0000] {dag.py:3036} INFO - Sync 1 DAGs
[2025-05-09T10:05:14.301+0000] {logging_mixin.py:188} INFO - [2025-05-09T10:05:14.301+0000] {dag.py:3823} INFO - Setting next_dagrun for latest_only to 2025-05-09 04:00:00+00:00, run_after=2025-05-09 08:00:00+00:00
[2025-05-09T10:05:14.338+0000] {processor.py:183} INFO - Processing /home/airflow/.local/lib/python3.8/site-packages/airflow/example_dags/example_latest_only.py took 0.164 seconds
[2025-05-09T10:05:44.923+0000] {processor.py:161} INFO - Started process (PID=597) to work on /home/airflow/.local/lib/python3.8/site-packages/airflow/example_dags/example_latest_only.py
[2025-05-09T10:05:44.928+0000] {processor.py:830} INFO - Processing file /home/airflow/.local/lib/python3.8/site-packages/airflow/example_dags/example_latest_only.py for tasks to queue
[2025-05-09T10:05:44.939+0000] {logging_mixin.py:188} INFO - [2025-05-09T10:05:44.937+0000] {dagbag.py:538} INFO - Filling up the DagBag from /home/airflow/.local/lib/python3.8/site-packages/airflow/example_dags/example_latest_only.py
[2025-05-09T10:05:44.975+0000] {processor.py:840} INFO - DAG(s) 'latest_only' retrieved from /home/airflow/.local/lib/python3.8/site-packages/airflow/example_dags/example_latest_only.py
[2025-05-09T10:05:45.050+0000] {logging_mixin.py:188} INFO - [2025-05-09T10:05:45.049+0000] {dag.py:3036} INFO - Sync 1 DAGs
[2025-05-09T10:05:45.107+0000] {logging_mixin.py:188} INFO - [2025-05-09T10:05:45.107+0000] {dag.py:3823} INFO - Setting next_dagrun for latest_only to 2025-05-09 04:00:00+00:00, run_after=2025-05-09 08:00:00+00:00
[2025-05-09T10:05:45.150+0000] {processor.py:183} INFO - Processing /home/airflow/.local/lib/python3.8/site-packages/airflow/example_dags/example_latest_only.py took 0.246 seconds
[2025-05-09T10:06:15.765+0000] {processor.py:161} INFO - Started process (PID=653) to work on /home/airflow/.local/lib/python3.8/site-packages/airflow/example_dags/example_latest_only.py
[2025-05-09T10:06:15.767+0000] {processor.py:830} INFO - Processing file /home/airflow/.local/lib/python3.8/site-packages/airflow/example_dags/example_latest_only.py for tasks to queue
[2025-05-09T10:06:15.771+0000] {logging_mixin.py:188} INFO - [2025-05-09T10:06:15.771+0000] {dagbag.py:538} INFO - Filling up the DagBag from /home/airflow/.local/lib/python3.8/site-packages/airflow/example_dags/example_latest_only.py
[2025-05-09T10:06:15.783+0000] {processor.py:840} INFO - DAG(s) 'latest_only' retrieved from /home/airflow/.local/lib/python3.8/site-packages/airflow/example_dags/example_latest_only.py
[2025-05-09T10:06:15.982+0000] {logging_mixin.py:188} INFO - [2025-05-09T10:06:15.981+0000] {dag.py:3036} INFO - Sync 1 DAGs
[2025-05-09T10:06:16.071+0000] {logging_mixin.py:188} INFO - [2025-05-09T10:06:16.070+0000] {dag.py:3823} INFO - Setting next_dagrun for latest_only to 2025-05-09 04:00:00+00:00, run_after=2025-05-09 08:00:00+00:00
[2025-05-09T10:06:16.734+0000] {processor.py:183} INFO - Processing /home/airflow/.local/lib/python3.8/site-packages/airflow/example_dags/example_latest_only.py took 0.976 seconds
[2025-05-09T10:06:46.918+0000] {processor.py:161} INFO - Started process (PID=708) to work on /home/airflow/.local/lib/python3.8/site-packages/airflow/example_dags/example_latest_only.py
[2025-05-09T10:06:46.920+0000] {processor.py:830} INFO - Processing file /home/airflow/.local/lib/python3.8/site-packages/airflow/example_dags/example_latest_only.py for tasks to queue
[2025-05-09T10:06:46.924+0000] {logging_mixin.py:188} INFO - [2025-05-09T10:06:46.924+0000] {dagbag.py:538} INFO - Filling up the DagBag from /home/airflow/.local/lib/python3.8/site-packages/airflow/example_dags/example_latest_only.py
[2025-05-09T10:06:46.935+0000] {processor.py:840} INFO - DAG(s) 'latest_only' retrieved from /home/airflow/.local/lib/python3.8/site-packages/airflow/example_dags/example_latest_only.py
[2025-05-09T10:06:46.978+0000] {logging_mixin.py:188} INFO - [2025-05-09T10:06:46.977+0000] {dag.py:3036} INFO - Sync 1 DAGs
[2025-05-09T10:06:47.022+0000] {logging_mixin.py:188} INFO - [2025-05-09T10:06:47.021+0000] {dag.py:3823} INFO - Setting next_dagrun for latest_only to 2025-05-09 04:00:00+00:00, run_after=2025-05-09 08:00:00+00:00
[2025-05-09T10:06:47.063+0000] {processor.py:183} INFO - Processing /home/airflow/.local/lib/python3.8/site-packages/airflow/example_dags/example_latest_only.py took 0.154 seconds
[2025-05-09T10:09:18.905+0000] {processor.py:161} INFO - Started process (PID=90) to work on /home/airflow/.local/lib/python3.8/site-packages/airflow/example_dags/example_latest_only.py
[2025-05-09T10:09:18.935+0000] {processor.py:830} INFO - Processing file /home/airflow/.local/lib/python3.8/site-packages/airflow/example_dags/example_latest_only.py for tasks to queue
[2025-05-09T10:09:18.955+0000] {logging_mixin.py:188} INFO - [2025-05-09T10:09:18.954+0000] {dagbag.py:538} INFO - Filling up the DagBag from /home/airflow/.local/lib/python3.8/site-packages/airflow/example_dags/example_latest_only.py
[2025-05-09T10:09:19.007+0000] {processor.py:840} INFO - DAG(s) 'latest_only' retrieved from /home/airflow/.local/lib/python3.8/site-packages/airflow/example_dags/example_latest_only.py
[2025-05-09T10:09:19.999+0000] {logging_mixin.py:188} INFO - [2025-05-09T10:09:19.998+0000] {dag.py:3036} INFO - Sync 1 DAGs
[2025-05-09T10:09:20.085+0000] {logging_mixin.py:188} INFO - [2025-05-09T10:09:20.084+0000] {dag.py:3823} INFO - Setting next_dagrun for latest_only to 2025-05-09 04:00:00+00:00, run_after=2025-05-09 08:00:00+00:00
[2025-05-09T10:09:20.178+0000] {processor.py:183} INFO - Processing /home/airflow/.local/lib/python3.8/site-packages/airflow/example_dags/example_latest_only.py took 1.299 seconds
[2025-05-09T10:09:50.269+0000] {processor.py:161} INFO - Started process (PID=145) to work on /home/airflow/.local/lib/python3.8/site-packages/airflow/example_dags/example_latest_only.py
[2025-05-09T10:09:50.273+0000] {processor.py:830} INFO - Processing file /home/airflow/.local/lib/python3.8/site-packages/airflow/example_dags/example_latest_only.py for tasks to queue
[2025-05-09T10:09:50.280+0000] {logging_mixin.py:188} INFO - [2025-05-09T10:09:50.279+0000] {dagbag.py:538} INFO - Filling up the DagBag from /home/airflow/.local/lib/python3.8/site-packages/airflow/example_dags/example_latest_only.py
[2025-05-09T10:09:50.295+0000] {processor.py:840} INFO - DAG(s) 'latest_only' retrieved from /home/airflow/.local/lib/python3.8/site-packages/airflow/example_dags/example_latest_only.py
[2025-05-09T10:09:50.355+0000] {logging_mixin.py:188} INFO - [2025-05-09T10:09:50.354+0000] {dag.py:3036} INFO - Sync 1 DAGs
[2025-05-09T10:09:50.427+0000] {logging_mixin.py:188} INFO - [2025-05-09T10:09:50.426+0000] {dag.py:3823} INFO - Setting next_dagrun for latest_only to 2025-05-09 04:00:00+00:00, run_after=2025-05-09 08:00:00+00:00
[2025-05-09T10:09:50.483+0000] {processor.py:183} INFO - Processing /home/airflow/.local/lib/python3.8/site-packages/airflow/example_dags/example_latest_only.py took 0.223 seconds
[2025-05-09T10:10:20.697+0000] {processor.py:161} INFO - Started process (PID=202) to work on /home/airflow/.local/lib/python3.8/site-packages/airflow/example_dags/example_latest_only.py
[2025-05-09T10:10:20.699+0000] {processor.py:830} INFO - Processing file /home/airflow/.local/lib/python3.8/site-packages/airflow/example_dags/example_latest_only.py for tasks to queue
[2025-05-09T10:10:20.703+0000] {logging_mixin.py:188} INFO - [2025-05-09T10:10:20.702+0000] {dagbag.py:538} INFO - Filling up the DagBag from /home/airflow/.local/lib/python3.8/site-packages/airflow/example_dags/example_latest_only.py
[2025-05-09T10:10:20.712+0000] {processor.py:840} INFO - DAG(s) 'latest_only' retrieved from /home/airflow/.local/lib/python3.8/site-packages/airflow/example_dags/example_latest_only.py
[2025-05-09T10:10:20.749+0000] {logging_mixin.py:188} INFO - [2025-05-09T10:10:20.748+0000] {dag.py:3036} INFO - Sync 1 DAGs
[2025-05-09T10:10:20.793+0000] {logging_mixin.py:188} INFO - [2025-05-09T10:10:20.792+0000] {dag.py:3823} INFO - Setting next_dagrun for latest_only to 2025-05-09 04:00:00+00:00, run_after=2025-05-09 08:00:00+00:00
[2025-05-09T10:10:20.826+0000] {processor.py:183} INFO - Processing /home/airflow/.local/lib/python3.8/site-packages/airflow/example_dags/example_latest_only.py took 0.134 seconds
[2025-05-09T10:10:54.421+0000] {processor.py:161} INFO - Started process (PID=258) to work on /home/airflow/.local/lib/python3.8/site-packages/airflow/example_dags/example_latest_only.py
[2025-05-09T10:10:54.424+0000] {processor.py:830} INFO - Processing file /home/airflow/.local/lib/python3.8/site-packages/airflow/example_dags/example_latest_only.py for tasks to queue
[2025-05-09T10:10:54.434+0000] {logging_mixin.py:188} INFO - [2025-05-09T10:10:54.429+0000] {dagbag.py:538} INFO - Filling up the DagBag from /home/airflow/.local/lib/python3.8/site-packages/airflow/example_dags/example_latest_only.py
[2025-05-09T10:10:54.461+0000] {processor.py:840} INFO - DAG(s) 'latest_only' retrieved from /home/airflow/.local/lib/python3.8/site-packages/airflow/example_dags/example_latest_only.py
[2025-05-09T10:10:54.586+0000] {logging_mixin.py:188} INFO - [2025-05-09T10:10:54.586+0000] {dag.py:3036} INFO - Sync 1 DAGs
[2025-05-09T10:10:54.733+0000] {logging_mixin.py:188} INFO - [2025-05-09T10:10:54.732+0000] {dag.py:3823} INFO - Setting next_dagrun for latest_only to 2025-05-09 04:00:00+00:00, run_after=2025-05-09 08:00:00+00:00
[2025-05-09T10:10:54.852+0000] {processor.py:183} INFO - Processing /home/airflow/.local/lib/python3.8/site-packages/airflow/example_dags/example_latest_only.py took 0.437 seconds
[2025-05-09T10:11:25.523+0000] {processor.py:161} INFO - Started process (PID=314) to work on /home/airflow/.local/lib/python3.8/site-packages/airflow/example_dags/example_latest_only.py
[2025-05-09T10:11:25.525+0000] {processor.py:830} INFO - Processing file /home/airflow/.local/lib/python3.8/site-packages/airflow/example_dags/example_latest_only.py for tasks to queue
[2025-05-09T10:11:25.529+0000] {logging_mixin.py:188} INFO - [2025-05-09T10:11:25.529+0000] {dagbag.py:538} INFO - Filling up the DagBag from /home/airflow/.local/lib/python3.8/site-packages/airflow/example_dags/example_latest_only.py
[2025-05-09T10:11:25.542+0000] {processor.py:840} INFO - DAG(s) 'latest_only' retrieved from /home/airflow/.local/lib/python3.8/site-packages/airflow/example_dags/example_latest_only.py
[2025-05-09T10:11:25.694+0000] {logging_mixin.py:188} INFO - [2025-05-09T10:11:25.693+0000] {dag.py:3036} INFO - Sync 1 DAGs
[2025-05-09T10:11:25.745+0000] {logging_mixin.py:188} INFO - [2025-05-09T10:11:25.744+0000] {dag.py:3823} INFO - Setting next_dagrun for latest_only to 2025-05-09 04:00:00+00:00, run_after=2025-05-09 08:00:00+00:00
[2025-05-09T10:11:25.787+0000] {processor.py:183} INFO - Processing /home/airflow/.local/lib/python3.8/site-packages/airflow/example_dags/example_latest_only.py took 0.271 seconds
[2025-05-09T10:11:56.605+0000] {processor.py:161} INFO - Started process (PID=370) to work on /home/airflow/.local/lib/python3.8/site-packages/airflow/example_dags/example_latest_only.py
[2025-05-09T10:11:56.608+0000] {processor.py:830} INFO - Processing file /home/airflow/.local/lib/python3.8/site-packages/airflow/example_dags/example_latest_only.py for tasks to queue
[2025-05-09T10:11:56.612+0000] {logging_mixin.py:188} INFO - [2025-05-09T10:11:56.611+0000] {dagbag.py:538} INFO - Filling up the DagBag from /home/airflow/.local/lib/python3.8/site-packages/airflow/example_dags/example_latest_only.py
[2025-05-09T10:11:56.623+0000] {processor.py:840} INFO - DAG(s) 'latest_only' retrieved from /home/airflow/.local/lib/python3.8/site-packages/airflow/example_dags/example_latest_only.py
[2025-05-09T10:11:56.658+0000] {logging_mixin.py:188} INFO - [2025-05-09T10:11:56.658+0000] {dag.py:3036} INFO - Sync 1 DAGs
[2025-05-09T10:11:56.714+0000] {logging_mixin.py:188} INFO - [2025-05-09T10:11:56.714+0000] {dag.py:3823} INFO - Setting next_dagrun for latest_only to 2025-05-09 04:00:00+00:00, run_after=2025-05-09 08:00:00+00:00
[2025-05-09T10:11:56.753+0000] {processor.py:183} INFO - Processing /home/airflow/.local/lib/python3.8/site-packages/airflow/example_dags/example_latest_only.py took 0.157 seconds
[2025-05-09T10:12:27.154+0000] {processor.py:161} INFO - Started process (PID=426) to work on /home/airflow/.local/lib/python3.8/site-packages/airflow/example_dags/example_latest_only.py
[2025-05-09T10:12:27.159+0000] {processor.py:830} INFO - Processing file /home/airflow/.local/lib/python3.8/site-packages/airflow/example_dags/example_latest_only.py for tasks to queue
[2025-05-09T10:12:27.167+0000] {logging_mixin.py:188} INFO - [2025-05-09T10:12:27.166+0000] {dagbag.py:538} INFO - Filling up the DagBag from /home/airflow/.local/lib/python3.8/site-packages/airflow/example_dags/example_latest_only.py
[2025-05-09T10:12:27.191+0000] {processor.py:840} INFO - DAG(s) 'latest_only' retrieved from /home/airflow/.local/lib/python3.8/site-packages/airflow/example_dags/example_latest_only.py
[2025-05-09T10:12:27.292+0000] {logging_mixin.py:188} INFO - [2025-05-09T10:12:27.291+0000] {dag.py:3036} INFO - Sync 1 DAGs
[2025-05-09T10:12:27.390+0000] {logging_mixin.py:188} INFO - [2025-05-09T10:12:27.389+0000] {dag.py:3823} INFO - Setting next_dagrun for latest_only to 2025-05-09 04:00:00+00:00, run_after=2025-05-09 08:00:00+00:00
[2025-05-09T10:12:27.429+0000] {processor.py:183} INFO - Processing /home/airflow/.local/lib/python3.8/site-packages/airflow/example_dags/example_latest_only.py took 0.291 seconds
[2025-05-09T10:12:57.991+0000] {processor.py:161} INFO - Started process (PID=482) to work on /home/airflow/.local/lib/python3.8/site-packages/airflow/example_dags/example_latest_only.py
[2025-05-09T10:12:57.993+0000] {processor.py:830} INFO - Processing file /home/airflow/.local/lib/python3.8/site-packages/airflow/example_dags/example_latest_only.py for tasks to queue
[2025-05-09T10:12:57.996+0000] {logging_mixin.py:188} INFO - [2025-05-09T10:12:57.996+0000] {dagbag.py:538} INFO - Filling up the DagBag from /home/airflow/.local/lib/python3.8/site-packages/airflow/example_dags/example_latest_only.py
[2025-05-09T10:12:58.006+0000] {processor.py:840} INFO - DAG(s) 'latest_only' retrieved from /home/airflow/.local/lib/python3.8/site-packages/airflow/example_dags/example_latest_only.py
[2025-05-09T10:12:58.041+0000] {logging_mixin.py:188} INFO - [2025-05-09T10:12:58.041+0000] {dag.py:3036} INFO - Sync 1 DAGs
[2025-05-09T10:12:58.082+0000] {logging_mixin.py:188} INFO - [2025-05-09T10:12:58.082+0000] {dag.py:3823} INFO - Setting next_dagrun for latest_only to 2025-05-09 04:00:00+00:00, run_after=2025-05-09 08:00:00+00:00
[2025-05-09T10:12:58.118+0000] {processor.py:183} INFO - Processing /home/airflow/.local/lib/python3.8/site-packages/airflow/example_dags/example_latest_only.py took 0.132 seconds
[2025-05-09T10:13:28.594+0000] {processor.py:161} INFO - Started process (PID=538) to work on /home/airflow/.local/lib/python3.8/site-packages/airflow/example_dags/example_latest_only.py
[2025-05-09T10:13:28.596+0000] {processor.py:830} INFO - Processing file /home/airflow/.local/lib/python3.8/site-packages/airflow/example_dags/example_latest_only.py for tasks to queue
[2025-05-09T10:13:28.600+0000] {logging_mixin.py:188} INFO - [2025-05-09T10:13:28.599+0000] {dagbag.py:538} INFO - Filling up the DagBag from /home/airflow/.local/lib/python3.8/site-packages/airflow/example_dags/example_latest_only.py
[2025-05-09T10:13:28.608+0000] {processor.py:840} INFO - DAG(s) 'latest_only' retrieved from /home/airflow/.local/lib/python3.8/site-packages/airflow/example_dags/example_latest_only.py
[2025-05-09T10:13:28.645+0000] {logging_mixin.py:188} INFO - [2025-05-09T10:13:28.644+0000] {dag.py:3036} INFO - Sync 1 DAGs
[2025-05-09T10:13:28.686+0000] {logging_mixin.py:188} INFO - [2025-05-09T10:13:28.685+0000] {dag.py:3823} INFO - Setting next_dagrun for latest_only to 2025-05-09 04:00:00+00:00, run_after=2025-05-09 08:00:00+00:00
[2025-05-09T10:13:28.731+0000] {processor.py:183} INFO - Processing /home/airflow/.local/lib/python3.8/site-packages/airflow/example_dags/example_latest_only.py took 0.141 seconds
[2025-05-09T10:13:59.265+0000] {processor.py:161} INFO - Started process (PID=594) to work on /home/airflow/.local/lib/python3.8/site-packages/airflow/example_dags/example_latest_only.py
[2025-05-09T10:13:59.269+0000] {processor.py:830} INFO - Processing file /home/airflow/.local/lib/python3.8/site-packages/airflow/example_dags/example_latest_only.py for tasks to queue
[2025-05-09T10:13:59.279+0000] {logging_mixin.py:188} INFO - [2025-05-09T10:13:59.276+0000] {dagbag.py:538} INFO - Filling up the DagBag from /home/airflow/.local/lib/python3.8/site-packages/airflow/example_dags/example_latest_only.py
[2025-05-09T10:13:59.298+0000] {processor.py:840} INFO - DAG(s) 'latest_only' retrieved from /home/airflow/.local/lib/python3.8/site-packages/airflow/example_dags/example_latest_only.py
[2025-05-09T10:13:59.358+0000] {logging_mixin.py:188} INFO - [2025-05-09T10:13:59.358+0000] {dag.py:3036} INFO - Sync 1 DAGs
[2025-05-09T10:13:59.432+0000] {logging_mixin.py:188} INFO - [2025-05-09T10:13:59.432+0000] {dag.py:3823} INFO - Setting next_dagrun for latest_only to 2025-05-09 04:00:00+00:00, run_after=2025-05-09 08:00:00+00:00
[2025-05-09T10:13:59.495+0000] {processor.py:183} INFO - Processing /home/airflow/.local/lib/python3.8/site-packages/airflow/example_dags/example_latest_only.py took 0.270 seconds
