[2025-05-09T10:01:10.367+0000] {processor.py:161} INFO - Started process (PID=97) to work on /home/airflow/.local/lib/python3.8/site-packages/airflow/example_dags/example_task_group_decorator.py
[2025-05-09T10:01:10.370+0000] {processor.py:830} INFO - Processing file /home/airflow/.local/lib/python3.8/site-packages/airflow/example_dags/example_task_group_decorator.py for tasks to queue
[2025-05-09T10:01:10.374+0000] {logging_mixin.py:188} INFO - [2025-05-09T10:01:10.373+0000] {dagbag.py:538} INFO - Filling up the DagBag from /home/airflow/.local/lib/python3.8/site-packages/airflow/example_dags/example_task_group_decorator.py
[2025-05-09T10:01:10.465+0000] {processor.py:840} INFO - DAG(s) 'example_task_group_decorator' retrieved from /home/airflow/.local/lib/python3.8/site-packages/airflow/example_dags/example_task_group_decorator.py
[2025-05-09T10:01:10.535+0000] {logging_mixin.py:188} INFO - [2025-05-09T10:01:10.534+0000] {dag.py:3036} INFO - Sync 1 DAGs
[2025-05-09T10:01:10.840+0000] {logging_mixin.py:188} INFO - [2025-05-09T10:01:10.839+0000] {dag.py:3823} INFO - Setting next_dagrun for example_task_group_decorator to 2025-05-08 00:00:00+00:00, run_after=2025-05-09 00:00:00+00:00
[2025-05-09T10:01:10.958+0000] {processor.py:183} INFO - Processing /home/airflow/.local/lib/python3.8/site-packages/airflow/example_dags/example_task_group_decorator.py took 0.596 seconds
[2025-05-09T10:01:41.557+0000] {processor.py:161} INFO - Started process (PID=153) to work on /home/airflow/.local/lib/python3.8/site-packages/airflow/example_dags/example_task_group_decorator.py
[2025-05-09T10:01:41.606+0000] {processor.py:830} INFO - Processing file /home/airflow/.local/lib/python3.8/site-packages/airflow/example_dags/example_task_group_decorator.py for tasks to queue
[2025-05-09T10:01:41.618+0000] {logging_mixin.py:188} INFO - [2025-05-09T10:01:41.616+0000] {dagbag.py:538} INFO - Filling up the DagBag from /home/airflow/.local/lib/python3.8/site-packages/airflow/example_dags/example_task_group_decorator.py
[2025-05-09T10:01:41.708+0000] {processor.py:840} INFO - DAG(s) 'example_task_group_decorator' retrieved from /home/airflow/.local/lib/python3.8/site-packages/airflow/example_dags/example_task_group_decorator.py
[2025-05-09T10:01:42.100+0000] {logging_mixin.py:188} INFO - [2025-05-09T10:01:42.100+0000] {dag.py:3036} INFO - Sync 1 DAGs
[2025-05-09T10:01:42.132+0000] {logging_mixin.py:188} INFO - [2025-05-09T10:01:42.132+0000] {dag.py:3823} INFO - Setting next_dagrun for example_task_group_decorator to 2025-05-08 00:00:00+00:00, run_after=2025-05-09 00:00:00+00:00
[2025-05-09T10:01:42.167+0000] {processor.py:183} INFO - Processing /home/airflow/.local/lib/python3.8/site-packages/airflow/example_dags/example_task_group_decorator.py took 0.631 seconds
[2025-05-09T10:02:12.367+0000] {processor.py:161} INFO - Started process (PID=209) to work on /home/airflow/.local/lib/python3.8/site-packages/airflow/example_dags/example_task_group_decorator.py
[2025-05-09T10:02:12.371+0000] {processor.py:830} INFO - Processing file /home/airflow/.local/lib/python3.8/site-packages/airflow/example_dags/example_task_group_decorator.py for tasks to queue
[2025-05-09T10:02:12.375+0000] {logging_mixin.py:188} INFO - [2025-05-09T10:02:12.375+0000] {dagbag.py:538} INFO - Filling up the DagBag from /home/airflow/.local/lib/python3.8/site-packages/airflow/example_dags/example_task_group_decorator.py
[2025-05-09T10:02:12.421+0000] {processor.py:840} INFO - DAG(s) 'example_task_group_decorator' retrieved from /home/airflow/.local/lib/python3.8/site-packages/airflow/example_dags/example_task_group_decorator.py
[2025-05-09T10:02:12.488+0000] {logging_mixin.py:188} INFO - [2025-05-09T10:02:12.488+0000] {dag.py:3036} INFO - Sync 1 DAGs
[2025-05-09T10:02:12.548+0000] {logging_mixin.py:188} INFO - [2025-05-09T10:02:12.547+0000] {dag.py:3823} INFO - Setting next_dagrun for example_task_group_decorator to 2025-05-08 00:00:00+00:00, run_after=2025-05-09 00:00:00+00:00
[2025-05-09T10:02:12.600+0000] {processor.py:183} INFO - Processing /home/airflow/.local/lib/python3.8/site-packages/airflow/example_dags/example_task_group_decorator.py took 0.245 seconds
[2025-05-09T10:02:43.365+0000] {processor.py:161} INFO - Started process (PID=265) to work on /home/airflow/.local/lib/python3.8/site-packages/airflow/example_dags/example_task_group_decorator.py
[2025-05-09T10:02:43.370+0000] {processor.py:830} INFO - Processing file /home/airflow/.local/lib/python3.8/site-packages/airflow/example_dags/example_task_group_decorator.py for tasks to queue
[2025-05-09T10:02:43.378+0000] {logging_mixin.py:188} INFO - [2025-05-09T10:02:43.377+0000] {dagbag.py:538} INFO - Filling up the DagBag from /home/airflow/.local/lib/python3.8/site-packages/airflow/example_dags/example_task_group_decorator.py
[2025-05-09T10:02:43.464+0000] {processor.py:840} INFO - DAG(s) 'example_task_group_decorator' retrieved from /home/airflow/.local/lib/python3.8/site-packages/airflow/example_dags/example_task_group_decorator.py
[2025-05-09T10:02:43.607+0000] {logging_mixin.py:188} INFO - [2025-05-09T10:02:43.603+0000] {dag.py:3036} INFO - Sync 1 DAGs
[2025-05-09T10:02:43.697+0000] {logging_mixin.py:188} INFO - [2025-05-09T10:02:43.697+0000] {dag.py:3823} INFO - Setting next_dagrun for example_task_group_decorator to 2025-05-08 00:00:00+00:00, run_after=2025-05-09 00:00:00+00:00
[2025-05-09T10:02:43.731+0000] {processor.py:183} INFO - Processing /home/airflow/.local/lib/python3.8/site-packages/airflow/example_dags/example_task_group_decorator.py took 0.381 seconds
[2025-05-09T10:03:14.244+0000] {processor.py:161} INFO - Started process (PID=321) to work on /home/airflow/.local/lib/python3.8/site-packages/airflow/example_dags/example_task_group_decorator.py
[2025-05-09T10:03:14.247+0000] {processor.py:830} INFO - Processing file /home/airflow/.local/lib/python3.8/site-packages/airflow/example_dags/example_task_group_decorator.py for tasks to queue
[2025-05-09T10:03:14.252+0000] {logging_mixin.py:188} INFO - [2025-05-09T10:03:14.251+0000] {dagbag.py:538} INFO - Filling up the DagBag from /home/airflow/.local/lib/python3.8/site-packages/airflow/example_dags/example_task_group_decorator.py
[2025-05-09T10:03:14.295+0000] {processor.py:840} INFO - DAG(s) 'example_task_group_decorator' retrieved from /home/airflow/.local/lib/python3.8/site-packages/airflow/example_dags/example_task_group_decorator.py
[2025-05-09T10:03:14.352+0000] {logging_mixin.py:188} INFO - [2025-05-09T10:03:14.352+0000] {dag.py:3036} INFO - Sync 1 DAGs
[2025-05-09T10:03:14.413+0000] {logging_mixin.py:188} INFO - [2025-05-09T10:03:14.412+0000] {dag.py:3823} INFO - Setting next_dagrun for example_task_group_decorator to 2025-05-08 00:00:00+00:00, run_after=2025-05-09 00:00:00+00:00
[2025-05-09T10:03:14.460+0000] {processor.py:183} INFO - Processing /home/airflow/.local/lib/python3.8/site-packages/airflow/example_dags/example_task_group_decorator.py took 0.224 seconds
[2025-05-09T10:03:44.733+0000] {processor.py:161} INFO - Started process (PID=377) to work on /home/airflow/.local/lib/python3.8/site-packages/airflow/example_dags/example_task_group_decorator.py
[2025-05-09T10:03:44.736+0000] {processor.py:830} INFO - Processing file /home/airflow/.local/lib/python3.8/site-packages/airflow/example_dags/example_task_group_decorator.py for tasks to queue
[2025-05-09T10:03:44.740+0000] {logging_mixin.py:188} INFO - [2025-05-09T10:03:44.740+0000] {dagbag.py:538} INFO - Filling up the DagBag from /home/airflow/.local/lib/python3.8/site-packages/airflow/example_dags/example_task_group_decorator.py
[2025-05-09T10:03:44.768+0000] {processor.py:840} INFO - DAG(s) 'example_task_group_decorator' retrieved from /home/airflow/.local/lib/python3.8/site-packages/airflow/example_dags/example_task_group_decorator.py
[2025-05-09T10:03:44.818+0000] {logging_mixin.py:188} INFO - [2025-05-09T10:03:44.818+0000] {dag.py:3036} INFO - Sync 1 DAGs
[2025-05-09T10:03:44.879+0000] {logging_mixin.py:188} INFO - [2025-05-09T10:03:44.878+0000] {dag.py:3823} INFO - Setting next_dagrun for example_task_group_decorator to 2025-05-08 00:00:00+00:00, run_after=2025-05-09 00:00:00+00:00
[2025-05-09T10:03:44.916+0000] {processor.py:183} INFO - Processing /home/airflow/.local/lib/python3.8/site-packages/airflow/example_dags/example_task_group_decorator.py took 0.199 seconds
[2025-05-09T10:04:15.071+0000] {processor.py:161} INFO - Started process (PID=433) to work on /home/airflow/.local/lib/python3.8/site-packages/airflow/example_dags/example_task_group_decorator.py
[2025-05-09T10:04:15.074+0000] {processor.py:830} INFO - Processing file /home/airflow/.local/lib/python3.8/site-packages/airflow/example_dags/example_task_group_decorator.py for tasks to queue
[2025-05-09T10:04:15.078+0000] {logging_mixin.py:188} INFO - [2025-05-09T10:04:15.077+0000] {dagbag.py:538} INFO - Filling up the DagBag from /home/airflow/.local/lib/python3.8/site-packages/airflow/example_dags/example_task_group_decorator.py
[2025-05-09T10:04:15.115+0000] {processor.py:840} INFO - DAG(s) 'example_task_group_decorator' retrieved from /home/airflow/.local/lib/python3.8/site-packages/airflow/example_dags/example_task_group_decorator.py
[2025-05-09T10:04:15.168+0000] {logging_mixin.py:188} INFO - [2025-05-09T10:04:15.167+0000] {dag.py:3036} INFO - Sync 1 DAGs
[2025-05-09T10:04:15.232+0000] {logging_mixin.py:188} INFO - [2025-05-09T10:04:15.232+0000] {dag.py:3823} INFO - Setting next_dagrun for example_task_group_decorator to 2025-05-08 00:00:00+00:00, run_after=2025-05-09 00:00:00+00:00
[2025-05-09T10:04:15.266+0000] {processor.py:183} INFO - Processing /home/airflow/.local/lib/python3.8/site-packages/airflow/example_dags/example_task_group_decorator.py took 0.201 seconds
[2025-05-09T10:04:46.011+0000] {processor.py:161} INFO - Started process (PID=489) to work on /home/airflow/.local/lib/python3.8/site-packages/airflow/example_dags/example_task_group_decorator.py
[2025-05-09T10:04:46.013+0000] {processor.py:830} INFO - Processing file /home/airflow/.local/lib/python3.8/site-packages/airflow/example_dags/example_task_group_decorator.py for tasks to queue
[2025-05-09T10:04:46.016+0000] {logging_mixin.py:188} INFO - [2025-05-09T10:04:46.016+0000] {dagbag.py:538} INFO - Filling up the DagBag from /home/airflow/.local/lib/python3.8/site-packages/airflow/example_dags/example_task_group_decorator.py
[2025-05-09T10:04:46.044+0000] {processor.py:840} INFO - DAG(s) 'example_task_group_decorator' retrieved from /home/airflow/.local/lib/python3.8/site-packages/airflow/example_dags/example_task_group_decorator.py
[2025-05-09T10:04:46.087+0000] {logging_mixin.py:188} INFO - [2025-05-09T10:04:46.086+0000] {dag.py:3036} INFO - Sync 1 DAGs
[2025-05-09T10:04:46.126+0000] {logging_mixin.py:188} INFO - [2025-05-09T10:04:46.126+0000] {dag.py:3823} INFO - Setting next_dagrun for example_task_group_decorator to 2025-05-08 00:00:00+00:00, run_after=2025-05-09 00:00:00+00:00
[2025-05-09T10:04:46.161+0000] {processor.py:183} INFO - Processing /home/airflow/.local/lib/python3.8/site-packages/airflow/example_dags/example_task_group_decorator.py took 0.157 seconds
[2025-05-09T10:05:16.635+0000] {processor.py:161} INFO - Started process (PID=545) to work on /home/airflow/.local/lib/python3.8/site-packages/airflow/example_dags/example_task_group_decorator.py
[2025-05-09T10:05:16.637+0000] {processor.py:830} INFO - Processing file /home/airflow/.local/lib/python3.8/site-packages/airflow/example_dags/example_task_group_decorator.py for tasks to queue
[2025-05-09T10:05:16.640+0000] {logging_mixin.py:188} INFO - [2025-05-09T10:05:16.639+0000] {dagbag.py:538} INFO - Filling up the DagBag from /home/airflow/.local/lib/python3.8/site-packages/airflow/example_dags/example_task_group_decorator.py
[2025-05-09T10:05:16.664+0000] {processor.py:840} INFO - DAG(s) 'example_task_group_decorator' retrieved from /home/airflow/.local/lib/python3.8/site-packages/airflow/example_dags/example_task_group_decorator.py
[2025-05-09T10:05:16.708+0000] {logging_mixin.py:188} INFO - [2025-05-09T10:05:16.708+0000] {dag.py:3036} INFO - Sync 1 DAGs
[2025-05-09T10:05:16.793+0000] {logging_mixin.py:188} INFO - [2025-05-09T10:05:16.791+0000] {dag.py:3823} INFO - Setting next_dagrun for example_task_group_decorator to 2025-05-08 00:00:00+00:00, run_after=2025-05-09 00:00:00+00:00
[2025-05-09T10:05:16.899+0000] {processor.py:183} INFO - Processing /home/airflow/.local/lib/python3.8/site-packages/airflow/example_dags/example_task_group_decorator.py took 0.270 seconds
[2025-05-09T10:05:47.676+0000] {processor.py:161} INFO - Started process (PID=601) to work on /home/airflow/.local/lib/python3.8/site-packages/airflow/example_dags/example_task_group_decorator.py
[2025-05-09T10:05:47.681+0000] {processor.py:830} INFO - Processing file /home/airflow/.local/lib/python3.8/site-packages/airflow/example_dags/example_task_group_decorator.py for tasks to queue
[2025-05-09T10:05:47.687+0000] {logging_mixin.py:188} INFO - [2025-05-09T10:05:47.686+0000] {dagbag.py:538} INFO - Filling up the DagBag from /home/airflow/.local/lib/python3.8/site-packages/airflow/example_dags/example_task_group_decorator.py
[2025-05-09T10:05:47.744+0000] {processor.py:840} INFO - DAG(s) 'example_task_group_decorator' retrieved from /home/airflow/.local/lib/python3.8/site-packages/airflow/example_dags/example_task_group_decorator.py
[2025-05-09T10:05:47.834+0000] {logging_mixin.py:188} INFO - [2025-05-09T10:05:47.834+0000] {dag.py:3036} INFO - Sync 1 DAGs
[2025-05-09T10:05:47.926+0000] {logging_mixin.py:188} INFO - [2025-05-09T10:05:47.925+0000] {dag.py:3823} INFO - Setting next_dagrun for example_task_group_decorator to 2025-05-08 00:00:00+00:00, run_after=2025-05-09 00:00:00+00:00
[2025-05-09T10:05:47.991+0000] {processor.py:183} INFO - Processing /home/airflow/.local/lib/python3.8/site-packages/airflow/example_dags/example_task_group_decorator.py took 0.326 seconds
[2025-05-09T10:06:18.084+0000] {processor.py:161} INFO - Started process (PID=657) to work on /home/airflow/.local/lib/python3.8/site-packages/airflow/example_dags/example_task_group_decorator.py
[2025-05-09T10:06:18.086+0000] {processor.py:830} INFO - Processing file /home/airflow/.local/lib/python3.8/site-packages/airflow/example_dags/example_task_group_decorator.py for tasks to queue
[2025-05-09T10:06:18.091+0000] {logging_mixin.py:188} INFO - [2025-05-09T10:06:18.090+0000] {dagbag.py:538} INFO - Filling up the DagBag from /home/airflow/.local/lib/python3.8/site-packages/airflow/example_dags/example_task_group_decorator.py
[2025-05-09T10:06:18.118+0000] {processor.py:840} INFO - DAG(s) 'example_task_group_decorator' retrieved from /home/airflow/.local/lib/python3.8/site-packages/airflow/example_dags/example_task_group_decorator.py
[2025-05-09T10:06:18.172+0000] {logging_mixin.py:188} INFO - [2025-05-09T10:06:18.171+0000] {dag.py:3036} INFO - Sync 1 DAGs
[2025-05-09T10:06:18.222+0000] {logging_mixin.py:188} INFO - [2025-05-09T10:06:18.222+0000] {dag.py:3823} INFO - Setting next_dagrun for example_task_group_decorator to 2025-05-08 00:00:00+00:00, run_after=2025-05-09 00:00:00+00:00
[2025-05-09T10:06:18.258+0000] {processor.py:183} INFO - Processing /home/airflow/.local/lib/python3.8/site-packages/airflow/example_dags/example_task_group_decorator.py took 0.181 seconds
[2025-05-09T10:06:49.117+0000] {processor.py:161} INFO - Started process (PID=714) to work on /home/airflow/.local/lib/python3.8/site-packages/airflow/example_dags/example_task_group_decorator.py
[2025-05-09T10:06:49.119+0000] {processor.py:830} INFO - Processing file /home/airflow/.local/lib/python3.8/site-packages/airflow/example_dags/example_task_group_decorator.py for tasks to queue
[2025-05-09T10:06:49.122+0000] {logging_mixin.py:188} INFO - [2025-05-09T10:06:49.122+0000] {dagbag.py:538} INFO - Filling up the DagBag from /home/airflow/.local/lib/python3.8/site-packages/airflow/example_dags/example_task_group_decorator.py
[2025-05-09T10:06:49.157+0000] {processor.py:840} INFO - DAG(s) 'example_task_group_decorator' retrieved from /home/airflow/.local/lib/python3.8/site-packages/airflow/example_dags/example_task_group_decorator.py
[2025-05-09T10:06:49.223+0000] {logging_mixin.py:188} INFO - [2025-05-09T10:06:49.223+0000] {dag.py:3036} INFO - Sync 1 DAGs
[2025-05-09T10:06:49.293+0000] {logging_mixin.py:188} INFO - [2025-05-09T10:06:49.292+0000] {dag.py:3823} INFO - Setting next_dagrun for example_task_group_decorator to 2025-05-08 00:00:00+00:00, run_after=2025-05-09 00:00:00+00:00
[2025-05-09T10:06:49.331+0000] {processor.py:183} INFO - Processing /home/airflow/.local/lib/python3.8/site-packages/airflow/example_dags/example_task_group_decorator.py took 0.219 seconds
[2025-05-09T10:09:22.024+0000] {processor.py:161} INFO - Started process (PID=94) to work on /home/airflow/.local/lib/python3.8/site-packages/airflow/example_dags/example_task_group_decorator.py
[2025-05-09T10:09:22.027+0000] {processor.py:830} INFO - Processing file /home/airflow/.local/lib/python3.8/site-packages/airflow/example_dags/example_task_group_decorator.py for tasks to queue
[2025-05-09T10:09:22.032+0000] {logging_mixin.py:188} INFO - [2025-05-09T10:09:22.031+0000] {dagbag.py:538} INFO - Filling up the DagBag from /home/airflow/.local/lib/python3.8/site-packages/airflow/example_dags/example_task_group_decorator.py
[2025-05-09T10:09:22.097+0000] {processor.py:840} INFO - DAG(s) 'example_task_group_decorator' retrieved from /home/airflow/.local/lib/python3.8/site-packages/airflow/example_dags/example_task_group_decorator.py
[2025-05-09T10:09:22.499+0000] {logging_mixin.py:188} INFO - [2025-05-09T10:09:22.499+0000] {dag.py:3036} INFO - Sync 1 DAGs
[2025-05-09T10:09:22.567+0000] {logging_mixin.py:188} INFO - [2025-05-09T10:09:22.566+0000] {dag.py:3823} INFO - Setting next_dagrun for example_task_group_decorator to 2025-05-08 00:00:00+00:00, run_after=2025-05-09 00:00:00+00:00
[2025-05-09T10:09:22.620+0000] {processor.py:183} INFO - Processing /home/airflow/.local/lib/python3.8/site-packages/airflow/example_dags/example_task_group_decorator.py took 0.605 seconds
[2025-05-09T10:09:52.787+0000] {processor.py:161} INFO - Started process (PID=149) to work on /home/airflow/.local/lib/python3.8/site-packages/airflow/example_dags/example_task_group_decorator.py
[2025-05-09T10:09:52.794+0000] {processor.py:830} INFO - Processing file /home/airflow/.local/lib/python3.8/site-packages/airflow/example_dags/example_task_group_decorator.py for tasks to queue
[2025-05-09T10:09:52.799+0000] {logging_mixin.py:188} INFO - [2025-05-09T10:09:52.798+0000] {dagbag.py:538} INFO - Filling up the DagBag from /home/airflow/.local/lib/python3.8/site-packages/airflow/example_dags/example_task_group_decorator.py
[2025-05-09T10:09:52.851+0000] {processor.py:840} INFO - DAG(s) 'example_task_group_decorator' retrieved from /home/airflow/.local/lib/python3.8/site-packages/airflow/example_dags/example_task_group_decorator.py
[2025-05-09T10:09:52.922+0000] {logging_mixin.py:188} INFO - [2025-05-09T10:09:52.922+0000] {dag.py:3036} INFO - Sync 1 DAGs
[2025-05-09T10:09:52.987+0000] {logging_mixin.py:188} INFO - [2025-05-09T10:09:52.986+0000] {dag.py:3823} INFO - Setting next_dagrun for example_task_group_decorator to 2025-05-08 00:00:00+00:00, run_after=2025-05-09 00:00:00+00:00
[2025-05-09T10:09:53.046+0000] {processor.py:183} INFO - Processing /home/airflow/.local/lib/python3.8/site-packages/airflow/example_dags/example_task_group_decorator.py took 0.266 seconds
[2025-05-09T10:10:23.258+0000] {processor.py:161} INFO - Started process (PID=206) to work on /home/airflow/.local/lib/python3.8/site-packages/airflow/example_dags/example_task_group_decorator.py
[2025-05-09T10:10:23.264+0000] {processor.py:830} INFO - Processing file /home/airflow/.local/lib/python3.8/site-packages/airflow/example_dags/example_task_group_decorator.py for tasks to queue
[2025-05-09T10:10:23.270+0000] {logging_mixin.py:188} INFO - [2025-05-09T10:10:23.270+0000] {dagbag.py:538} INFO - Filling up the DagBag from /home/airflow/.local/lib/python3.8/site-packages/airflow/example_dags/example_task_group_decorator.py
[2025-05-09T10:10:23.312+0000] {processor.py:840} INFO - DAG(s) 'example_task_group_decorator' retrieved from /home/airflow/.local/lib/python3.8/site-packages/airflow/example_dags/example_task_group_decorator.py
[2025-05-09T10:10:23.382+0000] {logging_mixin.py:188} INFO - [2025-05-09T10:10:23.381+0000] {dag.py:3036} INFO - Sync 1 DAGs
[2025-05-09T10:10:23.425+0000] {logging_mixin.py:188} INFO - [2025-05-09T10:10:23.425+0000] {dag.py:3823} INFO - Setting next_dagrun for example_task_group_decorator to 2025-05-08 00:00:00+00:00, run_after=2025-05-09 00:00:00+00:00
[2025-05-09T10:10:23.462+0000] {processor.py:183} INFO - Processing /home/airflow/.local/lib/python3.8/site-packages/airflow/example_dags/example_task_group_decorator.py took 0.212 seconds
[2025-05-09T10:10:55.763+0000] {processor.py:161} INFO - Started process (PID=262) to work on /home/airflow/.local/lib/python3.8/site-packages/airflow/example_dags/example_task_group_decorator.py
[2025-05-09T10:10:55.766+0000] {processor.py:830} INFO - Processing file /home/airflow/.local/lib/python3.8/site-packages/airflow/example_dags/example_task_group_decorator.py for tasks to queue
[2025-05-09T10:10:55.771+0000] {logging_mixin.py:188} INFO - [2025-05-09T10:10:55.770+0000] {dagbag.py:538} INFO - Filling up the DagBag from /home/airflow/.local/lib/python3.8/site-packages/airflow/example_dags/example_task_group_decorator.py
[2025-05-09T10:10:55.842+0000] {processor.py:840} INFO - DAG(s) 'example_task_group_decorator' retrieved from /home/airflow/.local/lib/python3.8/site-packages/airflow/example_dags/example_task_group_decorator.py
[2025-05-09T10:10:56.003+0000] {logging_mixin.py:188} INFO - [2025-05-09T10:10:56.002+0000] {dag.py:3036} INFO - Sync 1 DAGs
[2025-05-09T10:10:56.121+0000] {logging_mixin.py:188} INFO - [2025-05-09T10:10:56.120+0000] {dag.py:3823} INFO - Setting next_dagrun for example_task_group_decorator to 2025-05-08 00:00:00+00:00, run_after=2025-05-09 00:00:00+00:00
[2025-05-09T10:10:56.304+0000] {processor.py:183} INFO - Processing /home/airflow/.local/lib/python3.8/site-packages/airflow/example_dags/example_task_group_decorator.py took 0.559 seconds
[2025-05-09T10:11:27.151+0000] {processor.py:161} INFO - Started process (PID=318) to work on /home/airflow/.local/lib/python3.8/site-packages/airflow/example_dags/example_task_group_decorator.py
[2025-05-09T10:11:27.154+0000] {processor.py:830} INFO - Processing file /home/airflow/.local/lib/python3.8/site-packages/airflow/example_dags/example_task_group_decorator.py for tasks to queue
[2025-05-09T10:11:27.161+0000] {logging_mixin.py:188} INFO - [2025-05-09T10:11:27.160+0000] {dagbag.py:538} INFO - Filling up the DagBag from /home/airflow/.local/lib/python3.8/site-packages/airflow/example_dags/example_task_group_decorator.py
[2025-05-09T10:11:27.218+0000] {processor.py:840} INFO - DAG(s) 'example_task_group_decorator' retrieved from /home/airflow/.local/lib/python3.8/site-packages/airflow/example_dags/example_task_group_decorator.py
[2025-05-09T10:11:27.273+0000] {logging_mixin.py:188} INFO - [2025-05-09T10:11:27.272+0000] {dag.py:3036} INFO - Sync 1 DAGs
[2025-05-09T10:11:27.316+0000] {logging_mixin.py:188} INFO - [2025-05-09T10:11:27.315+0000] {dag.py:3823} INFO - Setting next_dagrun for example_task_group_decorator to 2025-05-08 00:00:00+00:00, run_after=2025-05-09 00:00:00+00:00
[2025-05-09T10:11:27.366+0000] {processor.py:183} INFO - Processing /home/airflow/.local/lib/python3.8/site-packages/airflow/example_dags/example_task_group_decorator.py took 0.226 seconds
[2025-05-09T10:11:58.143+0000] {processor.py:161} INFO - Started process (PID=374) to work on /home/airflow/.local/lib/python3.8/site-packages/airflow/example_dags/example_task_group_decorator.py
[2025-05-09T10:11:58.162+0000] {processor.py:830} INFO - Processing file /home/airflow/.local/lib/python3.8/site-packages/airflow/example_dags/example_task_group_decorator.py for tasks to queue
[2025-05-09T10:11:58.174+0000] {logging_mixin.py:188} INFO - [2025-05-09T10:11:58.170+0000] {dagbag.py:538} INFO - Filling up the DagBag from /home/airflow/.local/lib/python3.8/site-packages/airflow/example_dags/example_task_group_decorator.py
[2025-05-09T10:11:58.266+0000] {processor.py:840} INFO - DAG(s) 'example_task_group_decorator' retrieved from /home/airflow/.local/lib/python3.8/site-packages/airflow/example_dags/example_task_group_decorator.py
[2025-05-09T10:11:58.399+0000] {logging_mixin.py:188} INFO - [2025-05-09T10:11:58.398+0000] {dag.py:3036} INFO - Sync 1 DAGs
[2025-05-09T10:11:58.553+0000] {logging_mixin.py:188} INFO - [2025-05-09T10:11:58.552+0000] {dag.py:3823} INFO - Setting next_dagrun for example_task_group_decorator to 2025-05-08 00:00:00+00:00, run_after=2025-05-09 00:00:00+00:00
[2025-05-09T10:11:58.600+0000] {processor.py:183} INFO - Processing /home/airflow/.local/lib/python3.8/site-packages/airflow/example_dags/example_task_group_decorator.py took 0.476 seconds
[2025-05-09T10:12:28.767+0000] {processor.py:161} INFO - Started process (PID=430) to work on /home/airflow/.local/lib/python3.8/site-packages/airflow/example_dags/example_task_group_decorator.py
[2025-05-09T10:12:28.781+0000] {processor.py:830} INFO - Processing file /home/airflow/.local/lib/python3.8/site-packages/airflow/example_dags/example_task_group_decorator.py for tasks to queue
[2025-05-09T10:12:28.794+0000] {logging_mixin.py:188} INFO - [2025-05-09T10:12:28.793+0000] {dagbag.py:538} INFO - Filling up the DagBag from /home/airflow/.local/lib/python3.8/site-packages/airflow/example_dags/example_task_group_decorator.py
[2025-05-09T10:12:28.840+0000] {processor.py:840} INFO - DAG(s) 'example_task_group_decorator' retrieved from /home/airflow/.local/lib/python3.8/site-packages/airflow/example_dags/example_task_group_decorator.py
[2025-05-09T10:12:28.898+0000] {logging_mixin.py:188} INFO - [2025-05-09T10:12:28.898+0000] {dag.py:3036} INFO - Sync 1 DAGs
[2025-05-09T10:12:28.994+0000] {logging_mixin.py:188} INFO - [2025-05-09T10:12:28.993+0000] {dag.py:3823} INFO - Setting next_dagrun for example_task_group_decorator to 2025-05-08 00:00:00+00:00, run_after=2025-05-09 00:00:00+00:00
[2025-05-09T10:12:29.082+0000] {processor.py:183} INFO - Processing /home/airflow/.local/lib/python3.8/site-packages/airflow/example_dags/example_task_group_decorator.py took 0.328 seconds
[2025-05-09T10:12:59.331+0000] {processor.py:161} INFO - Started process (PID=486) to work on /home/airflow/.local/lib/python3.8/site-packages/airflow/example_dags/example_task_group_decorator.py
[2025-05-09T10:12:59.336+0000] {processor.py:830} INFO - Processing file /home/airflow/.local/lib/python3.8/site-packages/airflow/example_dags/example_task_group_decorator.py for tasks to queue
[2025-05-09T10:12:59.346+0000] {logging_mixin.py:188} INFO - [2025-05-09T10:12:59.344+0000] {dagbag.py:538} INFO - Filling up the DagBag from /home/airflow/.local/lib/python3.8/site-packages/airflow/example_dags/example_task_group_decorator.py
[2025-05-09T10:12:59.498+0000] {processor.py:840} INFO - DAG(s) 'example_task_group_decorator' retrieved from /home/airflow/.local/lib/python3.8/site-packages/airflow/example_dags/example_task_group_decorator.py
[2025-05-09T10:12:59.570+0000] {logging_mixin.py:188} INFO - [2025-05-09T10:12:59.569+0000] {dag.py:3036} INFO - Sync 1 DAGs
[2025-05-09T10:12:59.613+0000] {logging_mixin.py:188} INFO - [2025-05-09T10:12:59.613+0000] {dag.py:3823} INFO - Setting next_dagrun for example_task_group_decorator to 2025-05-08 00:00:00+00:00, run_after=2025-05-09 00:00:00+00:00
[2025-05-09T10:12:59.646+0000] {processor.py:183} INFO - Processing /home/airflow/.local/lib/python3.8/site-packages/airflow/example_dags/example_task_group_decorator.py took 0.331 seconds
[2025-05-09T10:13:30.237+0000] {processor.py:161} INFO - Started process (PID=548) to work on /home/airflow/.local/lib/python3.8/site-packages/airflow/example_dags/example_task_group_decorator.py
[2025-05-09T10:13:30.244+0000] {processor.py:830} INFO - Processing file /home/airflow/.local/lib/python3.8/site-packages/airflow/example_dags/example_task_group_decorator.py for tasks to queue
[2025-05-09T10:13:30.256+0000] {logging_mixin.py:188} INFO - [2025-05-09T10:13:30.253+0000] {dagbag.py:538} INFO - Filling up the DagBag from /home/airflow/.local/lib/python3.8/site-packages/airflow/example_dags/example_task_group_decorator.py
[2025-05-09T10:13:30.354+0000] {processor.py:840} INFO - DAG(s) 'example_task_group_decorator' retrieved from /home/airflow/.local/lib/python3.8/site-packages/airflow/example_dags/example_task_group_decorator.py
[2025-05-09T10:13:30.418+0000] {logging_mixin.py:188} INFO - [2025-05-09T10:13:30.417+0000] {dag.py:3036} INFO - Sync 1 DAGs
[2025-05-09T10:13:30.461+0000] {logging_mixin.py:188} INFO - [2025-05-09T10:13:30.461+0000] {dag.py:3823} INFO - Setting next_dagrun for example_task_group_decorator to 2025-05-08 00:00:00+00:00, run_after=2025-05-09 00:00:00+00:00
[2025-05-09T10:13:30.496+0000] {processor.py:183} INFO - Processing /home/airflow/.local/lib/python3.8/site-packages/airflow/example_dags/example_task_group_decorator.py took 0.281 seconds
[2025-05-09T10:14:01.141+0000] {processor.py:161} INFO - Started process (PID=604) to work on /home/airflow/.local/lib/python3.8/site-packages/airflow/example_dags/example_task_group_decorator.py
[2025-05-09T10:14:01.146+0000] {processor.py:830} INFO - Processing file /home/airflow/.local/lib/python3.8/site-packages/airflow/example_dags/example_task_group_decorator.py for tasks to queue
[2025-05-09T10:14:01.154+0000] {logging_mixin.py:188} INFO - [2025-05-09T10:14:01.153+0000] {dagbag.py:538} INFO - Filling up the DagBag from /home/airflow/.local/lib/python3.8/site-packages/airflow/example_dags/example_task_group_decorator.py
[2025-05-09T10:14:01.233+0000] {processor.py:840} INFO - DAG(s) 'example_task_group_decorator' retrieved from /home/airflow/.local/lib/python3.8/site-packages/airflow/example_dags/example_task_group_decorator.py
[2025-05-09T10:14:01.371+0000] {logging_mixin.py:188} INFO - [2025-05-09T10:14:01.370+0000] {dag.py:3036} INFO - Sync 1 DAGs
[2025-05-09T10:14:01.481+0000] {logging_mixin.py:188} INFO - [2025-05-09T10:14:01.480+0000] {dag.py:3823} INFO - Setting next_dagrun for example_task_group_decorator to 2025-05-08 00:00:00+00:00, run_after=2025-05-09 00:00:00+00:00
[2025-05-09T10:14:01.574+0000] {processor.py:183} INFO - Processing /home/airflow/.local/lib/python3.8/site-packages/airflow/example_dags/example_task_group_decorator.py took 0.446 seconds
